29-12-2015 10:12:30.970,Si79500BA6,12/29/2015 10:12:30,0,6,165.0000,1.0000,191.0000,15.0000
29-12-2015 10:12:30.971,Si79500BA6,12/29/2015 10:12:30,1,6,160.0000,15.0000,196.0000,1.0000
29-12-2015 10:12:30.971,Si79500BA6,12/29/2015 10:12:30,2,6,131.0000,200.0000,301.0000,200.0000
29-12-2015 10:12:41.827,Si79500BA6,12/29/2015 10:12:41,0,5,165.0000,16.0000,196.0000,16.0000
29-12-2015 10:12:41.827,Si79500BA6,12/29/2015 10:12:41,1,5,131.0000,200.0000,301.0000,200.0000
29-12-2015 10:12:41.828,Si79500BA6,12/29/2015 10:12:41,2,5,3.0000,100.0000,500000.0000,1.0000
29-12-2015 10:12:59.205,Si79500BA6,12/29/2015 10:12:59,0,6,165.0000,1.0000,196.0000,16.0000
29-12-2015 10:12:59.206,Si79500BA6,12/29/2015 10:12:59,1,6,160.0000,15.0000,301.0000,200.0000
29-12-2015 10:12:59.206,Si79500BA6,12/29/2015 10:12:59,2,6,131.0000,200.0000,500000.0000,1.0000
29-12-2015 10:13:00.745,Si79500BA6,12/29/2015 10:13:00,0,6,165.0000,1.0000,191.0000,15.0000
29-12-2015 10:13:00.745,Si79500BA6,12/29/2015 10:13:00,1,6,160.0000,15.0000,196.0000,1.0000
29-12-2015 10:13:00.746,Si79500BA6,12/29/2015 10:13:00,2,6,131.0000,200.0000,301.0000,200.0000
29-12-2015 10:20:07.077,Si79500BA6,12/29/2015 10:20:07,0,6,165.0000,1.0000,191.0000,15.0000
29-12-2015 10:20:07.077,Si79500BA6,12/29/2015 10:20:07,1,6,155.0000,15.0000,196.0000,1.0000
29-12-2015 10:20:07.078,Si79500BA6,12/29/2015 10:20:07,2,6,131.0000,200.0000,301.0000,200.0000
29-12-2015 10:20:23.299,Si79500BA6,12/29/2015 10:20:23,0,6,165.0000,1.0000,191.0000,15.0000
29-12-2015 10:20:23.300,Si79500BA6,12/29/2015 10:20:23,1,6,160.0000,15.0000,196.0000,1.0000
29-12-2015 10:20:23.300,Si79500BA6,12/29/2015 10:20:23,2,6,131.0000,200.0000,301.0000,200.0000
29-12-2015 10:26:35.599,Si79500BA6,12/29/2015 10:26:35,0,6,165.0000,1.0000,191.0000,15.0000
29-12-2015 10:26:35.599,Si79500BA6,12/29/2015 10:26:35,1,6,155.0000,15.0000,196.0000,1.0000
29-12-2015 10:26:35.599,Si79500BA6,12/29/2015 10:26:35,2,6,131.0000,200.0000,301.0000,200.0000
29-12-2015 10:26:58.967,Si79500BA6,12/29/2015 10:26:58,0,6,165.0000,1.0000,186.0000,15.0000
29-12-2015 10:26:58.967,Si79500BA6,12/29/2015 10:26:58,1,6,155.0000,15.0000,196.0000,1.0000
29-12-2015 10:26:58.967,Si79500BA6,12/29/2015 10:26:58,2,6,131.0000,200.0000,301.0000,200.0000
29-12-2015 10:29:53.066,Si79500BA6,12/29/2015 10:29:53,0,6,165.0000,1.0000,191.0000,15.0000
29-12-2015 10:29:53.067,Si79500BA6,12/29/2015 10:29:53,1,6,155.0000,15.0000,196.0000,1.0000
29-12-2015 10:29:53.067,Si79500BA6,12/29/2015 10:29:53,2,6,131.0000,200.0000,301.0000,200.0000
29-12-2015 10:30:11.226,Si79500BA6,12/29/2015 10:30:11,0,6,165.0000,1.0000,191.0000,15.0000
29-12-2015 10:30:11.227,Si79500BA6,12/29/2015 10:30:11,1,6,160.0000,15.0000,196.0000,1.0000
29-12-2015 10:30:11.227,Si79500BA6,12/29/2015 10:30:11,2,6,131.0000,200.0000,301.0000,200.0000
29-12-2015 10:35:07.412,Si79500BA6,12/29/2015 10:35:07,0,6,165.0000,1.0000,191.0000,15.0000
29-12-2015 10:35:07.412,Si79500BA6,12/29/2015 10:35:07,1,6,155.0000,15.0000,196.0000,1.0000
29-12-2015 10:35:07.413,Si79500BA6,12/29/2015 10:35:07,2,6,131.0000,200.0000,301.0000,200.0000
29-12-2015 10:35:08.440,Si79500BA6,12/29/2015 10:35:08,0,6,165.0000,1.0000,186.0000,15.0000
29-12-2015 10:35:08.440,Si79500BA6,12/29/2015 10:35:08,1,6,155.0000,15.0000,196.0000,1.0000
29-12-2015 10:35:08.441,Si79500BA6,12/29/2015 10:35:08,2,6,131.0000,200.0000,301.0000,200.0000
29-12-2015 10:36:56.012,Si79500BA6,12/29/2015 10:36:56,0,6,165.0000,1.0000,191.0000,15.0000
29-12-2015 10:36:56.013,Si79500BA6,12/29/2015 10:36:56,1,6,155.0000,15.0000,196.0000,1.0000
29-12-2015 10:36:56.013,Si79500BA6,12/29/2015 10:36:56,2,6,131.0000,200.0000,301.0000,200.0000
29-12-2015 10:37:00.461,Si79500BA6,12/29/2015 10:37:00,0,6,165.0000,1.0000,191.0000,15.0000
29-12-2015 10:37:00.461,Si79500BA6,12/29/2015 10:37:00,1,6,160.0000,15.0000,196.0000,1.0000
29-12-2015 10:37:00.462,Si79500BA6,12/29/2015 10:37:00,2,6,131.0000,200.0000,301.0000,200.0000
29-12-2015 10:38:47.074,Si79500BA6,12/29/2015 10:38:47,0,6,165.0000,1.0000,191.0000,15.0000
29-12-2015 10:38:47.074,Si79500BA6,12/29/2015 10:38:47,1,6,155.0000,15.0000,196.0000,1.0000
29-12-2015 10:38:47.075,Si79500BA6,12/29/2015 10:38:47,2,6,131.0000,200.0000,301.0000,200.0000
29-12-2015 10:38:52.515,Si79500BA6,12/29/2015 10:38:52,0,6,165.0000,1.0000,186.0000,15.0000
29-12-2015 10:38:52.515,Si79500BA6,12/29/2015 10:38:52,1,6,155.0000,15.0000,196.0000,1.0000
29-12-2015 10:38:52.516,Si79500BA6,12/29/2015 10:38:52,2,6,131.0000,200.0000,301.0000,200.0000
29-12-2015 10:39:01.527,Si79500BA6,12/29/2015 10:39:01,0,5,165.0000,1.0000,196.0000,1.0000
29-12-2015 10:39:01.528,Si79500BA6,12/29/2015 10:39:01,1,5,131.0000,200.0000,301.0000,200.0000
29-12-2015 10:39:01.528,Si79500BA6,12/29/2015 10:39:01,2,5,3.0000,100.0000,500000.0000,1.0000
29-12-2015 10:39:01.673,Si79500BA6,12/29/2015 10:39:01,0,6,165.0000,1.0000,187.0000,15.0000
29-12-2015 10:39:01.673,Si79500BA6,12/29/2015 10:39:01,1,6,155.0000,15.0000,196.0000,1.0000
29-12-2015 10:39:01.673,Si79500BA6,12/29/2015 10:39:01,2,6,131.0000,200.0000,301.0000,200.0000
29-12-2015 10:39:43.575,Si79500BA6,12/29/2015 10:39:43,0,6,165.0000,1.0000,187.0000,16.0000
29-12-2015 10:39:43.575,Si79500BA6,12/29/2015 10:39:43,1,6,155.0000,15.0000,196.0000,1.0000
29-12-2015 10:39:43.576,Si79500BA6,12/29/2015 10:39:43,2,6,131.0000,200.0000,301.0000,200.0000
29-12-2015 10:42:30.076,Si79500BA6,12/29/2015 10:42:30,0,6,165.0000,1.0000,187.0000,16.0000
29-12-2015 10:42:30.077,Si79500BA6,12/29/2015 10:42:30,1,6,160.0000,15.0000,196.0000,1.0000
29-12-2015 10:42:30.077,Si79500BA6,12/29/2015 10:42:30,2,6,131.0000,200.0000,301.0000,200.0000
29-12-2015 10:42:30.692,Si79500BA6,12/29/2015 10:42:30,0,6,165.0000,1.0000,187.0000,1.0000
29-12-2015 10:42:30.692,Si79500BA6,12/29/2015 10:42:30,1,6,160.0000,15.0000,192.0000,15.0000
29-12-2015 10:42:30.693,Si79500BA6,12/29/2015 10:42:30,2,6,131.0000,200.0000,196.0000,1.0000
29-12-2015 10:47:48.710,Si79500BA6,12/29/2015 10:47:48,0,6,167.0000,15.0000,187.0000,1.0000
29-12-2015 10:47:48.710,Si79500BA6,12/29/2015 10:47:48,1,6,165.0000,1.0000,196.0000,1.0000
29-12-2015 10:47:48.711,Si79500BA6,12/29/2015 10:47:48,2,6,131.0000,200.0000,198.0000,15.0000
29-12-2015 10:47:54.048,Si79500BA6,12/29/2015 10:47:54,0,6,167.0000,15.0000,196.0000,1.0000
29-12-2015 10:47:54.049,Si79500BA6,12/29/2015 10:47:54,1,6,165.0000,1.0000,198.0000,15.0000
29-12-2015 10:47:54.049,Si79500BA6,12/29/2015 10:47:54,2,6,131.0000,200.0000,301.0000,200.0000
29-12-2015 10:48:01.492,Si79500BA6,12/29/2015 10:48:01,0,6,167.0000,15.0000,196.0000,1.0000
29-12-2015 10:48:01.492,Si79500BA6,12/29/2015 10:48:01,1,6,165.0000,1.0000,198.0000,15.0000
29-12-2015 10:48:01.493,Si79500BA6,12/29/2015 10:48:01,2,6,131.0000,200.0000,201.0000,1.0000
29-12-2015 10:48:38.107,Si79500BA6,12/29/2015 10:48:38,0,6,167.0000,15.0000,196.0000,1.0000
29-12-2015 10:48:38.107,Si79500BA6,12/29/2015 10:48:38,1,6,165.0000,1.0000,201.0000,1.0000
29-12-2015 10:48:38.108,Si79500BA6,12/29/2015 10:48:38,2,6,131.0000,200.0000,203.0000,15.0000
29-12-2015 10:48:47.619,Si79500BA6,12/29/2015 10:48:47,0,6,172.0000,15.0000,196.0000,1.0000
29-12-2015 10:48:47.619,Si79500BA6,12/29/2015 10:48:47,1,6,165.0000,1.0000,201.0000,1.0000
29-12-2015 10:48:47.619,Si79500BA6,12/29/2015 10:48:47,2,6,131.0000,200.0000,203.0000,15.0000
29-12-2015 10:49:11.354,Si79500BA6,12/29/2015 10:49:11,0,6,167.0000,15.0000,196.0000,1.0000
29-12-2015 10:49:11.354,Si79500BA6,12/29/2015 10:49:11,1,6,165.0000,1.0000,201.0000,1.0000
29-12-2015 10:49:11.354,Si79500BA6,12/29/2015 10:49:11,2,6,131.0000,200.0000,203.0000,15.0000
29-12-2015 10:49:15.245,Si79500BA6,12/29/2015 10:49:15,0,6,167.0000,15.0000,196.0000,1.0000
29-12-2015 10:49:15.246,Si79500BA6,12/29/2015 10:49:15,1,6,165.0000,1.0000,198.0000,15.0000
29-12-2015 10:49:15.246,Si79500BA6,12/29/2015 10:49:15,2,6,131.0000,200.0000,201.0000,1.0000
29-12-2015 10:50:14.243,Si79500BA6,12/29/2015 10:50:14,0,6,172.0000,15.0000,196.0000,1.0000
29-12-2015 10:50:14.243,Si79500BA6,12/29/2015 10:50:14,1,6,165.0000,1.0000,201.0000,1.0000
29-12-2015 10:50:14.243,Si79500BA6,12/29/2015 10:50:14,2,6,131.0000,200.0000,203.0000,15.0000
29-12-2015 10:50:14.412,Si79500BA6,12/29/2015 10:50:14,0,6,167.0000,15.0000,196.0000,1.0000
29-12-2015 10:50:14.412,Si79500BA6,12/29/2015 10:50:14,1,6,165.0000,1.0000,201.0000,1.0000
29-12-2015 10:50:14.413,Si79500BA6,12/29/2015 10:50:14,2,6,131.0000,200.0000,203.0000,15.0000
29-12-2015 10:50:48.883,Si79500BA6,12/29/2015 10:50:48,0,6,167.0000,15.0000,196.0000,1.0000
29-12-2015 10:50:48.884,Si79500BA6,12/29/2015 10:50:48,1,6,165.0000,1.0000,198.0000,15.0000
29-12-2015 10:50:48.884,Si79500BA6,12/29/2015 10:50:48,2,6,131.0000,200.0000,201.0000,1.0000
29-12-2015 10:51:06.334,Si79500BA6,12/29/2015 10:51:06,0,6,167.0000,15.0000,196.0000,1.0000
29-12-2015 10:51:06.334,Si79500BA6,12/29/2015 10:51:06,1,6,165.0000,1.0000,201.0000,1.0000
29-12-2015 10:51:06.335,Si79500BA6,12/29/2015 10:51:06,2,6,131.0000,200.0000,203.0000,15.0000
29-12-2015 10:51:07.880,Si79500BA6,12/29/2015 10:51:07,0,6,172.0000,15.0000,196.0000,1.0000
29-12-2015 10:51:07.881,Si79500BA6,12/29/2015 10:51:07,1,6,165.0000,1.0000,201.0000,1.0000
29-12-2015 10:51:07.881,Si79500BA6,12/29/2015 10:51:07,2,6,131.0000,200.0000,203.0000,15.0000
29-12-2015 10:51:13.806,Si79500BA6,12/29/2015 10:51:13,0,6,172.0000,15.0000,196.0000,1.0000
29-12-2015 10:51:13.807,Si79500BA6,12/29/2015 10:51:13,1,6,166.0000,200.0000,201.0000,1.0000
29-12-2015 10:51:13.807,Si79500BA6,12/29/2015 10:51:13,2,6,165.0000,1.0000,203.0000,15.0000
29-12-2015 10:51:15.343,Si79500BA6,12/29/2015 10:51:15,0,6,172.0000,15.0000,196.0000,1.0000
29-12-2015 10:51:15.343,Si79500BA6,12/29/2015 10:51:15,1,6,166.0000,200.0000,201.0000,1.0000
29-12-2015 10:51:15.343,Si79500BA6,12/29/2015 10:51:15,2,6,165.0000,1.0000,208.0000,15.0000
29-12-2015 10:51:18.943,Si79500BA6,12/29/2015 10:51:18,0,6,177.0000,15.0000,196.0000,1.0000
29-12-2015 10:51:18.943,Si79500BA6,12/29/2015 10:51:18,1,6,166.0000,200.0000,201.0000,1.0000
29-12-2015 10:51:18.944,Si79500BA6,12/29/2015 10:51:18,2,6,165.0000,1.0000,208.0000,15.0000
29-12-2015 10:51:36.815,Si79500BA6,12/29/2015 10:51:36,0,6,172.0000,15.0000,196.0000,1.0000
29-12-2015 10:51:36.815,Si79500BA6,12/29/2015 10:51:36,1,6,166.0000,200.0000,201.0000,1.0000
29-12-2015 10:51:36.815,Si79500BA6,12/29/2015 10:51:36,2,6,165.0000,1.0000,208.0000,15.0000
29-12-2015 10:51:36.920,Si79500BA6,12/29/2015 10:51:36,0,6,172.0000,15.0000,196.0000,1.0000
29-12-2015 10:51:36.920,Si79500BA6,12/29/2015 10:51:36,1,6,166.0000,200.0000,201.0000,1.0000
29-12-2015 10:51:36.921,Si79500BA6,12/29/2015 10:51:36,2,6,165.0000,1.0000,203.0000,15.0000
29-12-2015 10:52:09.106,Si79500BA6,12/29/2015 10:52:09,0,6,167.0000,15.0000,196.0000,1.0000
29-12-2015 10:52:09.106,Si79500BA6,12/29/2015 10:52:09,1,6,166.0000,200.0000,201.0000,1.0000
29-12-2015 10:52:09.107,Si79500BA6,12/29/2015 10:52:09,2,6,165.0000,1.0000,203.0000,15.0000
29-12-2015 10:52:13.112,Si79500BA6,12/29/2015 10:52:13,0,6,167.0000,15.0000,196.0000,1.0000
29-12-2015 10:52:13.112,Si79500BA6,12/29/2015 10:52:13,1,6,166.0000,200.0000,198.0000,15.0000
29-12-2015 10:52:13.112,Si79500BA6,12/29/2015 10:52:13,2,6,165.0000,1.0000,201.0000,1.0000
29-12-2015 10:53:14.921,Si79500BA6,12/29/2015 10:53:14,0,5,166.0000,200.0000,196.0000,1.0000
29-12-2015 10:53:14.921,Si79500BA6,12/29/2015 10:53:14,1,5,165.0000,1.0000,201.0000,1.0000
29-12-2015 10:53:14.922,Si79500BA6,12/29/2015 10:53:14,2,5,3.0000,100.0000,336.0000,200.0000
29-12-2015 10:53:15.081,Si79500BA6,12/29/2015 10:53:15,0,6,172.0000,15.0000,196.0000,1.0000
29-12-2015 10:53:15.087,Si79500BA6,12/29/2015 10:53:15,1,6,166.0000,200.0000,201.0000,1.0000
29-12-2015 10:53:15.087,Si79500BA6,12/29/2015 10:53:15,2,6,165.0000,1.0000,204.0000,15.0000
29-12-2015 10:53:36.140,Si79500BA6,12/29/2015 10:53:36,0,6,172.0000,15.0000,201.0000,1.0000
29-12-2015 10:53:36.141,Si79500BA6,12/29/2015 10:53:36,1,6,166.0000,200.0000,204.0000,15.0000
29-12-2015 10:53:36.141,Si79500BA6,12/29/2015 10:53:36,2,6,165.0000,1.0000,336.0000,200.0000
29-12-2015 10:53:37.263,Si79500BA6,12/29/2015 10:53:37,0,6,177.0000,15.0000,201.0000,1.0000
29-12-2015 10:53:37.264,Si79500BA6,12/29/2015 10:53:37,1,6,166.0000,200.0000,204.0000,15.0000
29-12-2015 10:53:37.264,Si79500BA6,12/29/2015 10:53:37,2,6,165.0000,1.0000,336.0000,200.0000
29-12-2015 10:53:37.393,Si79500BA6,12/29/2015 10:53:37,0,6,177.0000,15.0000,201.0000,1.0000
29-12-2015 10:53:37.393,Si79500BA6,12/29/2015 10:53:37,1,6,166.0000,200.0000,209.0000,15.0000
29-12-2015 10:53:37.393,Si79500BA6,12/29/2015 10:53:37,2,6,165.0000,1.0000,336.0000,200.0000
29-12-2015 10:53:46.447,Si79500BA6,12/29/2015 10:53:46,0,6,177.0000,15.0000,201.0000,1.0000
29-12-2015 10:53:46.447,Si79500BA6,12/29/2015 10:53:46,1,6,166.0000,200.0000,204.0000,15.0000
29-12-2015 10:53:46.448,Si79500BA6,12/29/2015 10:53:46,2,6,165.0000,1.0000,336.0000,200.0000
29-12-2015 10:53:46.575,Si79500BA6,12/29/2015 10:53:46,0,6,172.0000,15.0000,201.0000,1.0000
29-12-2015 10:53:46.576,Si79500BA6,12/29/2015 10:53:46,1,6,166.0000,200.0000,204.0000,15.0000
29-12-2015 10:53:46.576,Si79500BA6,12/29/2015 10:53:46,2,6,165.0000,1.0000,336.0000,200.0000
29-12-2015 10:54:54.084,Si79500BA6,12/29/2015 10:54:54,0,6,172.0000,15.0000,199.0000,15.0000
29-12-2015 10:54:54.084,Si79500BA6,12/29/2015 10:54:54,1,6,166.0000,200.0000,201.0000,1.0000
29-12-2015 10:54:54.084,Si79500BA6,12/29/2015 10:54:54,2,6,165.0000,1.0000,336.0000,200.0000
29-12-2015 10:54:56.552,Si79500BA6,12/29/2015 10:54:56,0,6,167.0000,15.0000,199.0000,15.0000
29-12-2015 10:54:56.552,Si79500BA6,12/29/2015 10:54:56,1,6,166.0000,200.0000,201.0000,1.0000
29-12-2015 10:54:56.552,Si79500BA6,12/29/2015 10:54:56,2,6,165.0000,1.0000,336.0000,200.0000
29-12-2015 10:55:54.848,Si79500BA6,12/29/2015 10:55:54,0,6,172.0000,15.0000,201.0000,1.0000
29-12-2015 10:55:54.849,Si79500BA6,12/29/2015 10:55:54,1,6,166.0000,200.0000,204.0000,15.0000
29-12-2015 10:55:54.849,Si79500BA6,12/29/2015 10:55:54,2,6,165.0000,1.0000,336.0000,200.0000
29-12-2015 10:56:05.089,Si79500BA6,12/29/2015 10:56:05,0,6,172.0000,15.0000,201.0000,1.0000
29-12-2015 10:56:05.089,Si79500BA6,12/29/2015 10:56:05,1,6,166.0000,200.0000,209.0000,15.0000
29-12-2015 10:56:05.089,Si79500BA6,12/29/2015 10:56:05,2,6,165.0000,1.0000,336.0000,200.0000
29-12-2015 10:56:09.994,Si79500BA6,12/29/2015 10:56:09,0,6,177.0000,15.0000,201.0000,1.0000
29-12-2015 10:56:09.995,Si79500BA6,12/29/2015 10:56:09,1,6,166.0000,200.0000,209.0000,15.0000
29-12-2015 10:56:09.995,Si79500BA6,12/29/2015 10:56:09,2,6,165.0000,1.0000,336.0000,200.0000
29-12-2015 10:56:18.577,Si79500BA6,12/29/2015 10:56:18,0,6,172.0000,15.0000,201.0000,1.0000
29-12-2015 10:56:18.577,Si79500BA6,12/29/2015 10:56:18,1,6,166.0000,200.0000,204.0000,15.0000
29-12-2015 10:56:18.578,Si79500BA6,12/29/2015 10:56:18,2,6,165.0000,1.0000,336.0000,200.0000
29-12-2015 10:56:22.396,Si79500BA6,12/29/2015 10:56:22,0,6,167.0000,15.0000,199.0000,15.0000
29-12-2015 10:56:22.396,Si79500BA6,12/29/2015 10:56:22,1,6,166.0000,200.0000,201.0000,1.0000
29-12-2015 10:56:22.396,Si79500BA6,12/29/2015 10:56:22,2,6,165.0000,1.0000,336.0000,200.0000
29-12-2015 10:57:31.578,Si79500BA6,12/29/2015 10:57:31,0,6,172.0000,15.0000,201.0000,1.0000
29-12-2015 10:57:31.578,Si79500BA6,12/29/2015 10:57:31,1,6,166.0000,200.0000,204.0000,15.0000
29-12-2015 10:57:31.579,Si79500BA6,12/29/2015 10:57:31,2,6,165.0000,1.0000,336.0000,200.0000
29-12-2015 10:57:46.617,Si79500BA6,12/29/2015 10:57:46,0,6,172.0000,15.0000,201.0000,1.0000
29-12-2015 10:57:46.618,Si79500BA6,12/29/2015 10:57:46,1,6,166.0000,200.0000,209.0000,15.0000
29-12-2015 10:57:46.618,Si79500BA6,12/29/2015 10:57:46,2,6,165.0000,1.0000,336.0000,200.0000
29-12-2015 10:57:46.699,Si79500BA6,12/29/2015 10:57:46,0,6,177.0000,15.0000,201.0000,1.0000
29-12-2015 10:57:46.700,Si79500BA6,12/29/2015 10:57:46,1,6,166.0000,200.0000,209.0000,15.0000
29-12-2015 10:57:46.700,Si79500BA6,12/29/2015 10:57:46,2,6,165.0000,1.0000,336.0000,200.0000
29-12-2015 10:57:58.698,Si79500BA6,12/29/2015 10:57:58,0,6,177.0000,15.0000,209.0000,15.0000
29-12-2015 10:57:58.698,Si79500BA6,12/29/2015 10:57:58,1,6,166.0000,200.0000,336.0000,200.0000
29-12-2015 10:57:58.698,Si79500BA6,12/29/2015 10:57:58,2,6,165.0000,1.0000,500000.0000,1.0000
29-12-2015 10:57:58.870,Si79500BA6,12/29/2015 10:57:58,0,6,182.0000,15.0000,209.0000,15.0000
29-12-2015 10:57:58.870,Si79500BA6,12/29/2015 10:57:58,1,6,166.0000,200.0000,336.0000,200.0000
29-12-2015 10:57:58.870,Si79500BA6,12/29/2015 10:57:58,2,6,165.0000,1.0000,500000.0000,1.0000
29-12-2015 10:57:59.286,Si79500BA6,12/29/2015 10:57:59,0,6,182.0000,15.0000,214.0000,15.0000
29-12-2015 10:57:59.288,Si79500BA6,12/29/2015 10:57:59,1,6,166.0000,200.0000,336.0000,200.0000
29-12-2015 10:57:59.288,Si79500BA6,12/29/2015 10:57:59,2,6,165.0000,1.0000,500000.0000,1.0000
29-12-2015 10:58:32.545,Si79500BA6,12/29/2015 10:58:32,0,6,182.0000,15.0000,209.0000,15.0000
29-12-2015 10:58:32.545,Si79500BA6,12/29/2015 10:58:32,1,6,166.0000,200.0000,336.0000,200.0000
29-12-2015 10:58:32.546,Si79500BA6,12/29/2015 10:58:32,2,6,165.0000,1.0000,500000.0000,1.0000
29-12-2015 10:58:32.611,Si79500BA6,12/29/2015 10:58:32,0,6,176.0000,15.0000,209.0000,15.0000
29-12-2015 10:58:32.611,Si79500BA6,12/29/2015 10:58:32,1,6,166.0000,200.0000,336.0000,200.0000
29-12-2015 10:58:32.611,Si79500BA6,12/29/2015 10:58:32,2,6,165.0000,1.0000,500000.0000,1.0000
29-12-2015 11:00:27.373,Si79500BA6,12/29/2015 11:00:27,0,6,181.0000,15.0000,209.0000,15.0000
29-12-2015 11:00:27.373,Si79500BA6,12/29/2015 11:00:27,1,6,166.0000,200.0000,336.0000,200.0000
29-12-2015 11:00:27.373,Si79500BA6,12/29/2015 11:00:27,2,6,165.0000,1.0000,500000.0000,1.0000
29-12-2015 11:00:30.419,Si79500BA6,12/29/2015 11:00:30,0,6,181.0000,15.0000,214.0000,15.0000
29-12-2015 11:00:30.419,Si79500BA6,12/29/2015 11:00:30,1,6,166.0000,200.0000,336.0000,200.0000
29-12-2015 11:00:30.420,Si79500BA6,12/29/2015 11:00:30,2,6,165.0000,1.0000,500000.0000,1.0000
29-12-2015 11:01:58.239,Si79500BA6,12/29/2015 11:01:58,0,6,181.0000,15.0000,209.0000,15.0000
29-12-2015 11:01:58.240,Si79500BA6,12/29/2015 11:01:58,1,6,166.0000,200.0000,336.0000,200.0000
29-12-2015 11:01:58.240,Si79500BA6,12/29/2015 11:01:58,2,6,165.0000,1.0000,500000.0000,1.0000
29-12-2015 11:03:46.229,Si79500BA6,12/29/2015 11:03:46,0,6,176.0000,15.0000,209.0000,15.0000
29-12-2015 11:03:46.230,Si79500BA6,12/29/2015 11:03:46,1,6,166.0000,200.0000,336.0000,200.0000
29-12-2015 11:03:46.230,Si79500BA6,12/29/2015 11:03:46,2,6,165.0000,1.0000,500000.0000,1.0000
29-12-2015 11:04:19.986,Si79500BA6,12/29/2015 11:04:19,0,6,176.0000,15.0000,204.0000,15.0000
29-12-2015 11:04:19.986,Si79500BA6,12/29/2015 11:04:19,1,6,166.0000,200.0000,336.0000,200.0000
29-12-2015 11:04:19.986,Si79500BA6,12/29/2015 11:04:19,2,6,165.0000,1.0000,500000.0000,1.0000
29-12-2015 11:04:37.986,Si79500BA6,12/29/2015 11:04:37,0,6,171.0000,15.0000,204.0000,15.0000
29-12-2015 11:04:37.986,Si79500BA6,12/29/2015 11:04:37,1,6,166.0000,200.0000,336.0000,200.0000
29-12-2015 11:04:37.986,Si79500BA6,12/29/2015 11:04:37,2,6,165.0000,1.0000,500000.0000,1.0000
29-12-2015 11:05:38.667,Si79500BA6,12/29/2015 11:05:38,0,6,181.0000,15.0000,212.0000,15.0000
29-12-2015 11:05:38.667,Si79500BA6,12/29/2015 11:05:38,1,6,166.0000,200.0000,336.0000,200.0000
29-12-2015 11:05:38.667,Si79500BA6,12/29/2015 11:05:38,2,6,165.0000,1.0000,500000.0000,1.0000
29-12-2015 11:07:34.791,Si79500BA6,12/29/2015 11:07:34,0,6,176.0000,15.0000,212.0000,15.0000
29-12-2015 11:07:34.791,Si79500BA6,12/29/2015 11:07:34,1,6,166.0000,200.0000,336.0000,200.0000
29-12-2015 11:07:34.791,Si79500BA6,12/29/2015 11:07:34,2,6,165.0000,1.0000,500000.0000,1.0000
29-12-2015 11:07:42.988,Si79500BA6,12/29/2015 11:07:42,0,6,176.0000,15.0000,207.0000,15.0000
29-12-2015 11:07:42.988,Si79500BA6,12/29/2015 11:07:42,1,6,166.0000,200.0000,336.0000,200.0000
29-12-2015 11:07:42.988,Si79500BA6,12/29/2015 11:07:42,2,6,165.0000,1.0000,500000.0000,1.0000
29-12-2015 11:08:00.306,Si79500BA6,12/29/2015 11:08:00,0,6,172.0000,15.0000,204.0000,15.0000
29-12-2015 11:08:00.307,Si79500BA6,12/29/2015 11:08:00,1,6,166.0000,200.0000,336.0000,200.0000
29-12-2015 11:08:00.307,Si79500BA6,12/29/2015 11:08:00,2,6,165.0000,1.0000,500000.0000,1.0000
29-12-2015 11:09:07.874,Si79500BA6,12/29/2015 11:09:07,0,6,177.0000,15.0000,209.0000,15.0000
29-12-2015 11:09:07.875,Si79500BA6,12/29/2015 11:09:07,1,6,166.0000,200.0000,336.0000,200.0000
29-12-2015 11:09:07.875,Si79500BA6,12/29/2015 11:09:07,2,6,165.0000,1.0000,500000.0000,1.0000
29-12-2015 11:16:22.170,Si79500BA6,12/29/2015 11:16:22,0,6,182.0000,15.0000,214.0000,15.0000
29-12-2015 11:16:22.179,Si79500BA6,12/29/2015 11:16:22,1,6,166.0000,200.0000,336.0000,200.0000
29-12-2015 11:16:22.179,Si79500BA6,12/29/2015 11:16:22,2,6,165.0000,1.0000,500000.0000,1.0000
29-12-2015 11:20:14.441,Si79500BA6,12/29/2015 11:20:14,0,6,182.0000,15.0000,209.0000,15.0000
29-12-2015 11:20:14.442,Si79500BA6,12/29/2015 11:20:14,1,6,166.0000,200.0000,336.0000,200.0000
29-12-2015 11:20:14.442,Si79500BA6,12/29/2015 11:20:14,2,6,165.0000,1.0000,500000.0000,1.0000
29-12-2015 11:21:09.573,Si79500BA6,12/29/2015 11:21:09,0,6,177.0000,15.0000,209.0000,15.0000
29-12-2015 11:21:09.574,Si79500BA6,12/29/2015 11:21:09,1,6,166.0000,200.0000,336.0000,200.0000
29-12-2015 11:21:09.574,Si79500BA6,12/29/2015 11:21:09,2,6,165.0000,1.0000,500000.0000,1.0000
29-12-2015 11:23:20.231,Si79500BA6,12/29/2015 11:23:20,0,6,172.0000,15.0000,204.0000,15.0000
29-12-2015 11:23:20.231,Si79500BA6,12/29/2015 11:23:20,1,6,166.0000,200.0000,336.0000,200.0000
29-12-2015 11:23:20.232,Si79500BA6,12/29/2015 11:23:20,2,6,165.0000,1.0000,500000.0000,1.0000
29-12-2015 11:23:50.789,Si79500BA6,12/29/2015 11:23:50,0,6,177.0000,15.0000,209.0000,15.0000
29-12-2015 11:23:50.789,Si79500BA6,12/29/2015 11:23:50,1,6,166.0000,200.0000,336.0000,200.0000
29-12-2015 11:23:50.789,Si79500BA6,12/29/2015 11:23:50,2,6,165.0000,1.0000,500000.0000,1.0000
29-12-2015 11:24:12.087,Si79500BA6,12/29/2015 11:24:12,0,6,182.0000,15.0000,214.0000,15.0000
29-12-2015 11:24:12.088,Si79500BA6,12/29/2015 11:24:12,1,6,166.0000,200.0000,336.0000,200.0000
29-12-2015 11:24:12.088,Si79500BA6,12/29/2015 11:24:12,2,6,165.0000,1.0000,500000.0000,1.0000
29-12-2015 11:24:33.426,Si79500BA6,12/29/2015 11:24:33,0,6,187.0000,15.0000,214.0000,15.0000
29-12-2015 11:24:33.426,Si79500BA6,12/29/2015 11:24:33,1,6,166.0000,200.0000,336.0000,200.0000
29-12-2015 11:24:33.426,Si79500BA6,12/29/2015 11:24:33,2,6,165.0000,1.0000,500000.0000,1.0000
29-12-2015 11:24:33.460,Si79500BA6,12/29/2015 11:24:33,0,6,187.0000,15.0000,219.0000,15.0000
29-12-2015 11:24:33.460,Si79500BA6,12/29/2015 11:24:33,1,6,166.0000,200.0000,336.0000,200.0000
29-12-2015 11:24:33.461,Si79500BA6,12/29/2015 11:24:33,2,6,165.0000,1.0000,500000.0000,1.0000
29-12-2015 11:25:54.223,Si79500BA6,12/29/2015 11:25:54,0,6,192.0000,15.0000,224.0000,15.0000
29-12-2015 11:25:54.224,Si79500BA6,12/29/2015 11:25:54,1,6,166.0000,200.0000,336.0000,200.0000
29-12-2015 11:25:54.224,Si79500BA6,12/29/2015 11:25:54,2,6,165.0000,1.0000,500000.0000,1.0000
29-12-2015 11:27:22.157,Si79500BA6,12/29/2015 11:27:22,0,6,197.0000,15.0000,224.0000,15.0000
29-12-2015 11:27:22.158,Si79500BA6,12/29/2015 11:27:22,1,6,166.0000,200.0000,336.0000,200.0000
29-12-2015 11:27:22.158,Si79500BA6,12/29/2015 11:27:22,2,6,165.0000,1.0000,500000.0000,1.0000
29-12-2015 11:27:26.955,Si79500BA6,12/29/2015 11:27:26,0,6,197.0000,15.0000,229.0000,15.0000
29-12-2015 11:27:26.956,Si79500BA6,12/29/2015 11:27:26,1,6,166.0000,200.0000,336.0000,200.0000
29-12-2015 11:27:26.956,Si79500BA6,12/29/2015 11:27:26,2,6,165.0000,1.0000,500000.0000,1.0000
29-12-2015 11:29:12.739,Si79500BA6,12/29/2015 11:29:12,0,6,202.0000,15.0000,234.0000,15.0000
29-12-2015 11:29:12.740,Si79500BA6,12/29/2015 11:29:12,1,6,166.0000,200.0000,336.0000,200.0000
29-12-2015 11:29:12.740,Si79500BA6,12/29/2015 11:29:12,2,6,165.0000,1.0000,500000.0000,1.0000
29-12-2015 11:36:32.511,Si79500BA6,12/29/2015 11:36:32,0,6,207.0000,15.0000,234.0000,15.0000
29-12-2015 11:36:32.511,Si79500BA6,12/29/2015 11:36:32,1,6,166.0000,200.0000,336.0000,200.0000
29-12-2015 11:36:32.512,Si79500BA6,12/29/2015 11:36:32,2,6,165.0000,1.0000,500000.0000,1.0000
29-12-2015 11:36:33.134,Si79500BA6,12/29/2015 11:36:33,0,6,207.0000,15.0000,239.0000,15.0000
29-12-2015 11:36:33.135,Si79500BA6,12/29/2015 11:36:33,1,6,166.0000,200.0000,336.0000,200.0000
29-12-2015 11:36:33.135,Si79500BA6,12/29/2015 11:36:33,2,6,165.0000,1.0000,500000.0000,1.0000
29-12-2015 11:37:13.055,Si79500BA6,12/29/2015 11:37:13,0,6,212.0000,15.0000,239.0000,15.0000
29-12-2015 11:37:13.055,Si79500BA6,12/29/2015 11:37:13,1,6,166.0000,200.0000,336.0000,200.0000
29-12-2015 11:37:13.055,Si79500BA6,12/29/2015 11:37:13,2,6,165.0000,1.0000,500000.0000,1.0000
29-12-2015 11:37:16.279,Si79500BA6,12/29/2015 11:37:16,0,6,212.0000,15.0000,244.0000,15.0000
29-12-2015 11:37:16.279,Si79500BA6,12/29/2015 11:37:16,1,6,166.0000,200.0000,336.0000,200.0000
29-12-2015 11:37:16.280,Si79500BA6,12/29/2015 11:37:16,2,6,165.0000,1.0000,500000.0000,1.0000
29-12-2015 11:39:08.169,Si79500BA6,12/29/2015 11:39:08,0,5,212.0000,15.0000,244.0000,15.0000
29-12-2015 11:39:08.170,Si79500BA6,12/29/2015 11:39:08,1,5,166.0000,200.0000,336.0000,200.0000
29-12-2015 11:39:08.170,Si79500BA6,12/29/2015 11:39:08,2,5,3.0000,100.0000,500000.0000,1.0000
29-12-2015 11:39:15.203,Si79500BA6,12/29/2015 11:39:15,0,6,212.0000,15.0000,244.0000,15.0000
29-12-2015 11:39:15.204,Si79500BA6,12/29/2015 11:39:15,1,6,170.0000,1.0000,336.0000,200.0000
29-12-2015 11:39:15.204,Si79500BA6,12/29/2015 11:39:15,2,6,166.0000,200.0000,500000.0000,1.0000
29-12-2015 11:41:11.133,Si79500BA6,12/29/2015 11:41:11,0,5,212.0000,15.0000,244.0000,15.0000
29-12-2015 11:41:11.134,Si79500BA6,12/29/2015 11:41:11,1,5,166.0000,200.0000,336.0000,200.0000
29-12-2015 11:41:11.134,Si79500BA6,12/29/2015 11:41:11,2,5,3.0000,100.0000,500000.0000,1.0000
29-12-2015 11:41:23.004,Si79500BA6,12/29/2015 11:41:23,0,6,212.0000,15.0000,244.0000,15.0000
29-12-2015 11:41:23.005,Si79500BA6,12/29/2015 11:41:23,1,6,210.0000,1.0000,336.0000,200.0000
29-12-2015 11:41:23.005,Si79500BA6,12/29/2015 11:41:23,2,6,166.0000,200.0000,500000.0000,1.0000
29-12-2015 11:51:19.355,Si79500BA6,12/29/2015 11:51:19,0,6,217.0000,15.0000,244.0000,15.0000
29-12-2015 11:51:19.356,Si79500BA6,12/29/2015 11:51:19,1,6,210.0000,1.0000,336.0000,200.0000
29-12-2015 11:51:19.356,Si79500BA6,12/29/2015 11:51:19,2,6,166.0000,200.0000,500000.0000,1.0000
29-12-2015 11:52:10.830,Si79500BA6,12/29/2015 11:52:10,0,6,212.0000,15.0000,244.0000,15.0000
29-12-2015 11:52:10.830,Si79500BA6,12/29/2015 11:52:10,1,6,210.0000,1.0000,336.0000,200.0000
29-12-2015 11:52:10.831,Si79500BA6,12/29/2015 11:52:10,2,6,166.0000,200.0000,500000.0000,1.0000
29-12-2015 11:54:17.431,Si79500BA6,12/29/2015 11:54:17,0,6,217.0000,15.0000,249.0000,15.0000
29-12-2015 11:54:17.431,Si79500BA6,12/29/2015 11:54:17,1,6,210.0000,1.0000,336.0000,200.0000
29-12-2015 11:54:17.431,Si79500BA6,12/29/2015 11:54:17,2,6,166.0000,200.0000,500000.0000,1.0000
29-12-2015 11:54:51.035,Si79500BA6,12/29/2015 11:54:51,0,6,222.0000,15.0000,254.0000,15.0000
29-12-2015 11:54:51.035,Si79500BA6,12/29/2015 11:54:51,1,6,210.0000,1.0000,336.0000,200.0000
29-12-2015 11:54:51.035,Si79500BA6,12/29/2015 11:54:51,2,6,166.0000,200.0000,500000.0000,1.0000
29-12-2015 11:55:13.635,Si79500BA6,12/29/2015 11:55:13,0,6,217.0000,15.0000,249.0000,15.0000
29-12-2015 11:55:13.636,Si79500BA6,12/29/2015 11:55:13,1,6,210.0000,1.0000,336.0000,200.0000
29-12-2015 11:55:13.637,Si79500BA6,12/29/2015 11:55:13,2,6,166.0000,200.0000,500000.0000,1.0000
29-12-2015 11:55:33.283,Si79500BA6,12/29/2015 11:55:33,0,6,222.0000,15.0000,254.0000,15.0000
29-12-2015 11:55:33.284,Si79500BA6,12/29/2015 11:55:33,1,6,210.0000,1.0000,336.0000,200.0000
29-12-2015 11:55:33.284,Si79500BA6,12/29/2015 11:55:33,2,6,166.0000,200.0000,500000.0000,1.0000
29-12-2015 11:56:10.814,Si79500BA6,12/29/2015 11:56:10,0,6,227.0000,15.0000,259.0000,15.0000
29-12-2015 11:56:10.814,Si79500BA6,12/29/2015 11:56:10,1,6,210.0000,1.0000,336.0000,200.0000
29-12-2015 11:56:10.815,Si79500BA6,12/29/2015 11:56:10,2,6,166.0000,200.0000,500000.0000,1.0000
29-12-2015 11:56:24.555,Si79500BA6,12/29/2015 11:56:24,0,6,232.0000,15.0000,264.0000,15.0000
29-12-2015 11:56:24.555,Si79500BA6,12/29/2015 11:56:24,1,6,210.0000,1.0000,336.0000,200.0000
29-12-2015 11:56:24.556,Si79500BA6,12/29/2015 11:56:24,2,6,166.0000,200.0000,500000.0000,1.0000
29-12-2015 11:58:27.235,Si79500BA6,12/29/2015 11:58:27,0,5,232.0000,15.0000,264.0000,15.0000
29-12-2015 11:58:27.236,Si79500BA6,12/29/2015 11:58:27,1,5,166.0000,200.0000,336.0000,200.0000
29-12-2015 11:58:27.236,Si79500BA6,12/29/2015 11:58:27,2,5,3.0000,100.0000,500000.0000,1.0000
29-12-2015 11:58:34.843,Si79500BA6,12/29/2015 11:58:34,0,6,235.0000,1.0000,264.0000,15.0000
29-12-2015 11:58:34.843,Si79500BA6,12/29/2015 11:58:34,1,6,232.0000,15.0000,336.0000,200.0000
29-12-2015 11:58:34.843,Si79500BA6,12/29/2015 11:58:34,2,6,166.0000,200.0000,500000.0000,1.0000
29-12-2015 12:03:45.353,Si79500BA6,12/29/2015 12:03:45,0,6,235.0000,1.0000,259.0000,15.0000
29-12-2015 12:03:45.354,Si79500BA6,12/29/2015 12:03:45,1,6,227.0000,15.0000,336.0000,200.0000
29-12-2015 12:03:45.354,Si79500BA6,12/29/2015 12:03:45,2,6,166.0000,200.0000,500000.0000,1.0000
29-12-2015 12:03:56.441,Si79500BA6,12/29/2015 12:03:56,0,6,235.0000,1.0000,264.0000,15.0000
29-12-2015 12:03:56.442,Si79500BA6,12/29/2015 12:03:56,1,6,232.0000,15.0000,336.0000,200.0000
29-12-2015 12:03:56.442,Si79500BA6,12/29/2015 12:03:56,2,6,166.0000,200.0000,500000.0000,1.0000
29-12-2015 12:04:00.619,Si79500BA6,12/29/2015 12:04:00,0,6,238.0000,15.0000,270.0000,15.0000
29-12-2015 12:04:00.620,Si79500BA6,12/29/2015 12:04:00,1,6,235.0000,1.0000,336.0000,200.0000
29-12-2015 12:04:00.620,Si79500BA6,12/29/2015 12:04:00,2,6,166.0000,200.0000,500000.0000,1.0000
29-12-2015 12:04:16.122,Si79500BA6,12/29/2015 12:04:16,0,6,235.0000,1.0000,265.0000,15.0000
29-12-2015 12:04:16.123,Si79500BA6,12/29/2015 12:04:16,1,6,233.0000,15.0000,336.0000,200.0000
29-12-2015 12:04:16.123,Si79500BA6,12/29/2015 12:04:16,2,6,166.0000,200.0000,500000.0000,1.0000
29-12-2015 12:12:28.768,Si79500BA6,12/29/2015 12:12:28,0,6,235.0000,1.0000,260.0000,15.0000
29-12-2015 12:12:28.768,Si79500BA6,12/29/2015 12:12:28,1,6,233.0000,15.0000,336.0000,200.0000
29-12-2015 12:12:28.769,Si79500BA6,12/29/2015 12:12:28,2,6,166.0000,200.0000,500000.0000,1.0000
29-12-2015 12:12:28.805,Si79500BA6,12/29/2015 12:12:28,0,6,235.0000,1.0000,260.0000,15.0000
29-12-2015 12:12:28.805,Si79500BA6,12/29/2015 12:12:28,1,6,228.0000,15.0000,336.0000,200.0000
29-12-2015 12:12:28.805,Si79500BA6,12/29/2015 12:12:28,2,6,166.0000,200.0000,500000.0000,1.0000
29-12-2015 12:13:10.875,Si79500BA6,12/29/2015 12:13:10,0,6,235.0000,1.0000,260.0000,15.0000
29-12-2015 12:13:10.876,Si79500BA6,12/29/2015 12:13:10,1,6,233.0000,15.0000,336.0000,200.0000
29-12-2015 12:13:10.876,Si79500BA6,12/29/2015 12:13:10,2,6,166.0000,200.0000,500000.0000,1.0000
29-12-2015 12:13:30.099,Si79500BA6,12/29/2015 12:13:30,0,6,235.0000,1.0000,265.0000,15.0000
29-12-2015 12:13:30.100,Si79500BA6,12/29/2015 12:13:30,1,6,233.0000,15.0000,336.0000,200.0000
29-12-2015 12:13:30.100,Si79500BA6,12/29/2015 12:13:30,2,6,166.0000,200.0000,500000.0000,1.0000
29-12-2015 12:16:58.915,Si79500BA6,12/29/2015 12:16:58,0,6,235.0000,1.0000,260.0000,15.0000
29-12-2015 12:16:58.916,Si79500BA6,12/29/2015 12:16:58,1,6,228.0000,15.0000,336.0000,200.0000
29-12-2015 12:16:58.916,Si79500BA6,12/29/2015 12:16:58,2,6,166.0000,200.0000,500000.0000,1.0000
29-12-2015 12:24:23.341,Si79500BA6,12/29/2015 12:24:23,0,6,235.0000,1.0000,255.0000,15.0000
29-12-2015 12:24:23.342,Si79500BA6,12/29/2015 12:24:23,1,6,223.0000,15.0000,336.0000,200.0000
29-12-2015 12:24:23.342,Si79500BA6,12/29/2015 12:24:23,2,6,166.0000,200.0000,500000.0000,1.0000
29-12-2015 12:24:39.525,Si79500BA6,12/29/2015 12:24:39,0,6,235.0000,1.0000,260.0000,15.0000
29-12-2015 12:24:39.526,Si79500BA6,12/29/2015 12:24:39,1,6,223.0000,15.0000,336.0000,200.0000
29-12-2015 12:24:39.526,Si79500BA6,12/29/2015 12:24:39,2,6,166.0000,200.0000,500000.0000,1.0000
29-12-2015 12:24:39.702,Si79500BA6,12/29/2015 12:24:39,0,6,235.0000,1.0000,260.0000,15.0000
29-12-2015 12:24:39.702,Si79500BA6,12/29/2015 12:24:39,1,6,228.0000,15.0000,336.0000,200.0000
29-12-2015 12:24:39.702,Si79500BA6,12/29/2015 12:24:39,2,6,166.0000,200.0000,500000.0000,1.0000
29-12-2015 12:28:02.145,Si79500BA6,12/29/2015 12:28:02,0,6,235.0000,1.0000,255.0000,15.0000
29-12-2015 12:28:02.145,Si79500BA6,12/29/2015 12:28:02,1,6,223.0000,15.0000,336.0000,200.0000
29-12-2015 12:28:02.145,Si79500BA6,12/29/2015 12:28:02,2,6,166.0000,200.0000,500000.0000,1.0000
29-12-2015 12:38:12.189,Si79500BA6,12/29/2015 12:38:12,0,6,235.0000,1.0000,255.0000,15.0000
29-12-2015 12:38:12.190,Si79500BA6,12/29/2015 12:38:12,1,6,228.0000,15.0000,336.0000,200.0000
29-12-2015 12:38:12.190,Si79500BA6,12/29/2015 12:38:12,2,6,166.0000,200.0000,500000.0000,1.0000
29-12-2015 12:38:14.765,Si79500BA6,12/29/2015 12:38:14,0,6,235.0000,1.0000,260.0000,15.0000
29-12-2015 12:38:14.765,Si79500BA6,12/29/2015 12:38:14,1,6,228.0000,15.0000,336.0000,200.0000
29-12-2015 12:38:14.765,Si79500BA6,12/29/2015 12:38:14,2,6,166.0000,200.0000,500000.0000,1.0000
29-12-2015 12:43:16.633,Si79500BA6,12/29/2015 12:43:16,0,6,235.0000,1.0000,255.0000,15.0000
29-12-2015 12:43:16.634,Si79500BA6,12/29/2015 12:43:16,1,6,228.0000,15.0000,336.0000,200.0000
29-12-2015 12:43:16.634,Si79500BA6,12/29/2015 12:43:16,2,6,166.0000,200.0000,500000.0000,1.0000
29-12-2015 12:43:18.990,Si79500BA6,12/29/2015 12:43:18,0,6,235.0000,1.0000,255.0000,15.0000
29-12-2015 12:43:18.991,Si79500BA6,12/29/2015 12:43:18,1,6,223.0000,15.0000,336.0000,200.0000
29-12-2015 12:43:18.991,Si79500BA6,12/29/2015 12:43:18,2,6,166.0000,200.0000,500000.0000,1.0000
29-12-2015 12:50:37.976,Si79500BA6,12/29/2015 12:50:37,0,7,235.0000,1.0000,255.0000,15.0000
29-12-2015 12:50:37.977,Si79500BA6,12/29/2015 12:50:37,1,7,223.0000,15.0000,336.0000,200.0000
29-12-2015 12:50:37.977,Si79500BA6,12/29/2015 12:50:37,2,7,200.0000,5.0000,500000.0000,1.0000
29-12-2015 12:53:35.766,Si79500BA6,12/29/2015 12:53:35,0,7,235.0000,1.0000,260.0000,15.0000
29-12-2015 12:53:35.766,Si79500BA6,12/29/2015 12:53:35,1,7,228.0000,15.0000,336.0000,200.0000
29-12-2015 12:53:35.767,Si79500BA6,12/29/2015 12:53:35,2,7,200.0000,5.0000,500000.0000,1.0000
29-12-2015 12:54:41.409,Si79500BA6,12/29/2015 12:54:41,0,7,235.0000,1.0000,255.0000,15.0000
29-12-2015 12:54:41.409,Si79500BA6,12/29/2015 12:54:41,1,7,223.0000,15.0000,336.0000,200.0000
29-12-2015 12:54:41.410,Si79500BA6,12/29/2015 12:54:41,2,7,200.0000,5.0000,500000.0000,1.0000
29-12-2015 12:56:17.597,Si79500BA6,12/29/2015 12:56:17,0,7,235.0000,1.0000,250.0000,15.0000
29-12-2015 12:56:17.597,Si79500BA6,12/29/2015 12:56:17,1,7,218.0000,15.0000,336.0000,200.0000
29-12-2015 12:56:17.598,Si79500BA6,12/29/2015 12:56:17,2,7,200.0000,5.0000,500000.0000,1.0000
29-12-2015 12:56:54.255,Si79500BA6,12/29/2015 12:56:54,0,6,218.0000,15.0000,250.0000,15.0000
29-12-2015 12:56:54.256,Si79500BA6,12/29/2015 12:56:54,1,6,200.0000,5.0000,336.0000,200.0000
29-12-2015 12:56:54.256,Si79500BA6,12/29/2015 12:56:54,2,6,166.0000,200.0000,500000.0000,1.0000
29-12-2015 12:56:54.380,Si79500BA6,12/29/2015 12:56:54,0,6,218.0000,15.0000,245.0000,15.0000
29-12-2015 12:56:54.380,Si79500BA6,12/29/2015 12:56:54,1,6,200.0000,5.0000,336.0000,200.0000
29-12-2015 12:56:54.380,Si79500BA6,12/29/2015 12:56:54,2,6,166.0000,200.0000,500000.0000,1.0000
29-12-2015 12:56:54.410,Si79500BA6,12/29/2015 12:56:54,0,6,213.0000,15.0000,245.0000,15.0000
29-12-2015 12:56:54.410,Si79500BA6,12/29/2015 12:56:54,1,6,200.0000,5.0000,336.0000,200.0000
29-12-2015 12:56:54.410,Si79500BA6,12/29/2015 12:56:54,2,6,166.0000,200.0000,500000.0000,1.0000
29-12-2015 12:57:00.935,Si79500BA6,12/29/2015 12:57:00,0,6,218.0000,15.0000,250.0000,15.0000
29-12-2015 12:57:00.936,Si79500BA6,12/29/2015 12:57:00,1,6,200.0000,5.0000,336.0000,200.0000
29-12-2015 12:57:00.936,Si79500BA6,12/29/2015 12:57:00,2,6,166.0000,200.0000,500000.0000,1.0000
29-12-2015 12:57:09.599,Si79500BA6,12/29/2015 12:57:09,0,6,218.0000,15.0000,245.0000,15.0000
29-12-2015 12:57:09.600,Si79500BA6,12/29/2015 12:57:09,1,6,200.0000,5.0000,336.0000,200.0000
29-12-2015 12:57:09.600,Si79500BA6,12/29/2015 12:57:09,2,6,166.0000,200.0000,500000.0000,1.0000
29-12-2015 12:58:20.122,Si79500BA6,12/29/2015 12:58:20,0,6,218.0000,15.0000,250.0000,15.0000
29-12-2015 12:58:20.122,Si79500BA6,12/29/2015 12:58:20,1,6,200.0000,5.0000,336.0000,200.0000
29-12-2015 12:58:20.122,Si79500BA6,12/29/2015 12:58:20,2,6,166.0000,200.0000,500000.0000,1.0000
29-12-2015 12:58:25.199,Si79500BA6,12/29/2015 12:58:25,0,6,223.0000,15.0000,255.0000,15.0000
29-12-2015 12:58:25.200,Si79500BA6,12/29/2015 12:58:25,1,6,200.0000,5.0000,336.0000,200.0000
29-12-2015 12:58:25.200,Si79500BA6,12/29/2015 12:58:25,2,6,166.0000,200.0000,500000.0000,1.0000
29-12-2015 13:00:42.019,Si79500BA6,12/29/2015 13:00:42,0,6,223.0000,15.0000,250.0000,15.0000
29-12-2015 13:00:42.020,Si79500BA6,12/29/2015 13:00:42,1,6,200.0000,5.0000,336.0000,200.0000
29-12-2015 13:00:42.020,Si79500BA6,12/29/2015 13:00:42,2,6,166.0000,200.0000,500000.0000,1.0000
29-12-2015 13:00:42.066,Si79500BA6,12/29/2015 13:00:42,0,6,218.0000,15.0000,250.0000,15.0000
29-12-2015 13:00:42.067,Si79500BA6,12/29/2015 13:00:42,1,6,200.0000,5.0000,336.0000,200.0000
29-12-2015 13:00:42.067,Si79500BA6,12/29/2015 13:00:42,2,6,166.0000,200.0000,500000.0000,1.0000
29-12-2015 13:01:26.203,Si79500BA6,12/29/2015 13:01:26,0,6,223.0000,15.0000,250.0000,15.0000
29-12-2015 13:01:26.203,Si79500BA6,12/29/2015 13:01:26,1,6,200.0000,5.0000,336.0000,200.0000
29-12-2015 13:01:26.203,Si79500BA6,12/29/2015 13:01:26,2,6,166.0000,200.0000,500000.0000,1.0000
29-12-2015 13:01:26.210,Si79500BA6,12/29/2015 13:01:26,0,6,223.0000,15.0000,255.0000,15.0000
29-12-2015 13:01:26.210,Si79500BA6,12/29/2015 13:01:26,1,6,200.0000,5.0000,336.0000,200.0000
29-12-2015 13:01:26.211,Si79500BA6,12/29/2015 13:01:26,2,6,166.0000,200.0000,500000.0000,1.0000
29-12-2015 13:02:50.926,Si79500BA6,12/29/2015 13:02:50,0,6,223.0000,15.0000,250.0000,15.0000
29-12-2015 13:02:50.926,Si79500BA6,12/29/2015 13:02:50,1,6,200.0000,5.0000,336.0000,200.0000
29-12-2015 13:02:50.926,Si79500BA6,12/29/2015 13:02:50,2,6,166.0000,200.0000,500000.0000,1.0000
29-12-2015 13:04:27.306,Si79500BA6,12/29/2015 13:04:27,0,6,218.0000,15.0000,250.0000,15.0000
29-12-2015 13:04:27.306,Si79500BA6,12/29/2015 13:04:27,1,6,200.0000,5.0000,336.0000,200.0000
29-12-2015 13:04:27.307,Si79500BA6,12/29/2015 13:04:27,2,6,166.0000,200.0000,500000.0000,1.0000
29-12-2015 13:05:37.399,Si79500BA6,12/29/2015 13:05:37,0,6,223.0000,15.0000,250.0000,15.0000
29-12-2015 13:05:37.400,Si79500BA6,12/29/2015 13:05:37,1,6,200.0000,5.0000,336.0000,200.0000
29-12-2015 13:05:37.400,Si79500BA6,12/29/2015 13:05:37,2,6,166.0000,200.0000,500000.0000,1.0000
29-12-2015 13:05:38.061,Si79500BA6,12/29/2015 13:05:38,0,6,223.0000,15.0000,255.0000,15.0000
29-12-2015 13:05:38.061,Si79500BA6,12/29/2015 13:05:38,1,6,200.0000,5.0000,336.0000,200.0000
29-12-2015 13:05:38.062,Si79500BA6,12/29/2015 13:05:38,2,6,166.0000,200.0000,500000.0000,1.0000
29-12-2015 13:10:30.830,Si79500BA6,12/29/2015 13:10:30,0,6,228.0000,15.0000,260.0000,15.0000
29-12-2015 13:10:30.830,Si79500BA6,12/29/2015 13:10:30,1,6,200.0000,5.0000,336.0000,200.0000
29-12-2015 13:10:30.830,Si79500BA6,12/29/2015 13:10:30,2,6,166.0000,200.0000,500000.0000,1.0000
29-12-2015 13:30:34.787,Si79500BA6,12/29/2015 13:30:34,0,6,228.0000,15.0000,255.0000,15.0000
29-12-2015 13:30:34.788,Si79500BA6,12/29/2015 13:30:34,1,6,200.0000,5.0000,336.0000,200.0000
29-12-2015 13:30:34.788,Si79500BA6,12/29/2015 13:30:34,2,6,166.0000,200.0000,500000.0000,1.0000
29-12-2015 13:30:36.521,Si79500BA6,12/29/2015 13:30:36,0,6,223.0000,15.0000,255.0000,15.0000
29-12-2015 13:30:36.522,Si79500BA6,12/29/2015 13:30:36,1,6,200.0000,5.0000,336.0000,200.0000
29-12-2015 13:30:36.522,Si79500BA6,12/29/2015 13:30:36,2,6,166.0000,200.0000,500000.0000,1.0000
29-12-2015 13:36:28.456,Si79500BA6,12/29/2015 13:36:28,0,6,228.0000,15.0000,255.0000,15.0000
29-12-2015 13:36:28.456,Si79500BA6,12/29/2015 13:36:28,1,6,200.0000,5.0000,336.0000,200.0000
29-12-2015 13:36:28.456,Si79500BA6,12/29/2015 13:36:28,2,6,166.0000,200.0000,500000.0000,1.0000
29-12-2015 13:36:29.270,Si79500BA6,12/29/2015 13:36:29,0,6,228.0000,15.0000,260.0000,15.0000
29-12-2015 13:36:29.270,Si79500BA6,12/29/2015 13:36:29,1,6,200.0000,5.0000,336.0000,200.0000
29-12-2015 13:36:29.271,Si79500BA6,12/29/2015 13:36:29,2,6,166.0000,200.0000,500000.0000,1.0000
29-12-2015 13:38:28.881,Si79500BA6,12/29/2015 13:38:28,0,6,228.0000,15.0000,255.0000,15.0000
29-12-2015 13:38:28.881,Si79500BA6,12/29/2015 13:38:28,1,6,200.0000,5.0000,336.0000,200.0000
29-12-2015 13:38:28.881,Si79500BA6,12/29/2015 13:38:28,2,6,166.0000,200.0000,500000.0000,1.0000
29-12-2015 13:38:28.926,Si79500BA6,12/29/2015 13:38:28,0,6,223.0000,15.0000,255.0000,15.0000
29-12-2015 13:38:28.926,Si79500BA6,12/29/2015 13:38:28,1,6,200.0000,5.0000,336.0000,200.0000
29-12-2015 13:38:28.927,Si79500BA6,12/29/2015 13:38:28,2,6,166.0000,200.0000,500000.0000,1.0000
29-12-2015 13:40:24.344,Si79500BA6,12/29/2015 13:40:24,0,6,223.0000,15.0000,250.0000,15.0000
29-12-2015 13:40:24.344,Si79500BA6,12/29/2015 13:40:24,1,6,200.0000,5.0000,336.0000,200.0000
29-12-2015 13:40:24.344,Si79500BA6,12/29/2015 13:40:24,2,6,166.0000,200.0000,500000.0000,1.0000
29-12-2015 13:42:40.902,Si79500BA6,12/29/2015 13:42:40,0,6,223.0000,15.0000,255.0000,15.0000
29-12-2015 13:42:40.902,Si79500BA6,12/29/2015 13:42:40,1,6,200.0000,5.0000,336.0000,200.0000
29-12-2015 13:42:40.903,Si79500BA6,12/29/2015 13:42:40,2,6,166.0000,200.0000,500000.0000,1.0000
29-12-2015 13:43:23.695,Si79500BA6,12/29/2015 13:43:23,0,6,228.0000,15.0000,255.0000,15.0000
29-12-2015 13:43:23.695,Si79500BA6,12/29/2015 13:43:23,1,6,200.0000,5.0000,336.0000,200.0000
29-12-2015 13:43:23.696,Si79500BA6,12/29/2015 13:43:23,2,6,166.0000,200.0000,500000.0000,1.0000
29-12-2015 13:47:09.219,Si79500BA6,12/29/2015 13:47:09,0,6,228.0000,15.0000,260.0000,15.0000
29-12-2015 13:47:09.219,Si79500BA6,12/29/2015 13:47:09,1,6,200.0000,5.0000,336.0000,200.0000
29-12-2015 13:47:09.219,Si79500BA6,12/29/2015 13:47:09,2,6,166.0000,200.0000,500000.0000,1.0000
29-12-2015 13:59:17.048,Si79500BA6,12/29/2015 13:59:17,0,5,228.0000,15.0000,260.0000,15.0000
29-12-2015 13:59:17.049,Si79500BA6,12/29/2015 13:59:17,1,5,200.0000,5.0000,500000.0000,1.0000
29-12-2015 13:59:17.049,Si79500BA6,12/29/2015 13:59:17,2,5,3.0000,100.0000,0.0000,0.0000
29-12-2015 13:59:36.402,Si79500BA6,12/29/2015 13:59:36,0,4,200.0000,5.0000,500000.0000,1.0000
29-12-2015 13:59:36.402,Si79500BA6,12/29/2015 13:59:36,1,4,3.0000,100.0000,0.0000,0.0000
29-12-2015 13:59:36.403,Si79500BA6,12/29/2015 13:59:36,2,4,2.0000,100.0000,0.0000,0.0000
29-12-2015 13:59:36.505,Si79500BA6,12/29/2015 13:59:36,0,4,200.0000,5.0000,499999.0000,9.0000
29-12-2015 13:59:36.506,Si79500BA6,12/29/2015 13:59:36,1,4,3.0000,100.0000,500000.0000,1.0000
29-12-2015 13:59:36.506,Si79500BA6,12/29/2015 13:59:36,2,4,2.0000,100.0000,0.0000,0.0000
29-12-2015 14:30:55.704,Si79500BA6,12/29/2015 14:30:55,0,4,200.0000,5.0000,500000.0000,1.0000
29-12-2015 14:30:55.705,Si79500BA6,12/29/2015 14:30:55,1,4,3.0000,100.0000,0.0000,0.0000
29-12-2015 14:30:55.705,Si79500BA6,12/29/2015 14:30:55,2,4,2.0000,100.0000,0.0000,0.0000
29-12-2015 14:53:41.538,Si79500BA6,12/29/2015 14:53:41,0,4,200.0000,5.0000,499999.0000,9.0000
29-12-2015 14:53:41.539,Si79500BA6,12/29/2015 14:53:41,1,4,3.0000,100.0000,500000.0000,1.0000
29-12-2015 14:53:41.539,Si79500BA6,12/29/2015 14:53:41,2,4,2.0000,100.0000,0.0000,0.0000
29-12-2015 14:57:10.443,Si79500BA6,12/29/2015 14:57:10,0,5,200.0000,5.0000,499999.0000,9.0000
29-12-2015 14:57:10.443,Si79500BA6,12/29/2015 14:57:10,1,5,174.0000,200.0000,500000.0000,1.0000
29-12-2015 14:57:10.443,Si79500BA6,12/29/2015 14:57:10,2,5,3.0000,100.0000,0.0000,0.0000
29-12-2015 14:57:10.459,Si79500BA6,12/29/2015 14:57:10,0,5,200.0000,5.0000,344.0000,200.0000
29-12-2015 14:57:10.460,Si79500BA6,12/29/2015 14:57:10,1,5,174.0000,200.0000,499999.0000,9.0000
29-12-2015 14:57:10.460,Si79500BA6,12/29/2015 14:57:10,2,5,3.0000,100.0000,500000.0000,1.0000
29-12-2015 14:58:42.676,Si79500BA6,12/29/2015 14:58:42,0,6,204.0000,15.0000,304.0000,15.0000
29-12-2015 14:58:42.676,Si79500BA6,12/29/2015 14:58:42,1,6,200.0000,5.0000,344.0000,200.0000
29-12-2015 14:58:42.677,Si79500BA6,12/29/2015 14:58:42,2,6,174.0000,200.0000,499999.0000,9.0000
29-12-2015 14:58:49.816,Si79500BA6,12/29/2015 14:58:49,0,6,209.0000,15.0000,304.0000,15.0000
29-12-2015 14:58:49.817,Si79500BA6,12/29/2015 14:58:49,1,6,200.0000,5.0000,344.0000,200.0000
29-12-2015 14:58:49.817,Si79500BA6,12/29/2015 14:58:49,2,6,174.0000,200.0000,499999.0000,9.0000
29-12-2015 14:58:52.510,Si79500BA6,12/29/2015 14:58:52,0,6,209.0000,15.0000,299.0000,15.0000
29-12-2015 14:58:52.510,Si79500BA6,12/29/2015 14:58:52,1,6,200.0000,5.0000,344.0000,200.0000
29-12-2015 14:58:52.510,Si79500BA6,12/29/2015 14:58:52,2,6,174.0000,200.0000,499999.0000,9.0000
29-12-2015 14:58:57.464,Si79500BA6,12/29/2015 14:58:57,0,6,214.0000,15.0000,299.0000,15.0000
29-12-2015 14:58:57.465,Si79500BA6,12/29/2015 14:58:57,1,6,200.0000,5.0000,344.0000,200.0000
29-12-2015 14:58:57.465,Si79500BA6,12/29/2015 14:58:57,2,6,174.0000,200.0000,499999.0000,9.0000
29-12-2015 14:59:02.338,Si79500BA6,12/29/2015 14:59:02,0,6,214.0000,15.0000,294.0000,15.0000
29-12-2015 14:59:02.338,Si79500BA6,12/29/2015 14:59:02,1,6,200.0000,5.0000,344.0000,200.0000
29-12-2015 14:59:02.339,Si79500BA6,12/29/2015 14:59:02,2,6,174.0000,200.0000,499999.0000,9.0000
29-12-2015 14:59:07.193,Si79500BA6,12/29/2015 14:59:07,0,6,219.0000,15.0000,294.0000,15.0000
29-12-2015 14:59:07.193,Si79500BA6,12/29/2015 14:59:07,1,6,200.0000,5.0000,344.0000,200.0000
29-12-2015 14:59:07.193,Si79500BA6,12/29/2015 14:59:07,2,6,174.0000,200.0000,499999.0000,9.0000
29-12-2015 14:59:09.813,Si79500BA6,12/29/2015 14:59:09,0,6,219.0000,15.0000,289.0000,15.0000
29-12-2015 14:59:09.813,Si79500BA6,12/29/2015 14:59:09,1,6,200.0000,5.0000,344.0000,200.0000
29-12-2015 14:59:09.813,Si79500BA6,12/29/2015 14:59:09,2,6,174.0000,200.0000,499999.0000,9.0000
29-12-2015 14:59:15.868,Si79500BA6,12/29/2015 14:59:15,0,6,224.0000,15.0000,289.0000,15.0000
29-12-2015 14:59:15.868,Si79500BA6,12/29/2015 14:59:15,1,6,200.0000,5.0000,344.0000,200.0000
29-12-2015 14:59:15.869,Si79500BA6,12/29/2015 14:59:15,2,6,174.0000,200.0000,499999.0000,9.0000
29-12-2015 14:59:19.121,Si79500BA6,12/29/2015 14:59:19,0,6,224.0000,15.0000,284.0000,15.0000
29-12-2015 14:59:19.121,Si79500BA6,12/29/2015 14:59:19,1,6,200.0000,5.0000,344.0000,200.0000
29-12-2015 14:59:19.121,Si79500BA6,12/29/2015 14:59:19,2,6,174.0000,200.0000,499999.0000,9.0000
29-12-2015 14:59:24.458,Si79500BA6,12/29/2015 14:59:24,0,6,229.0000,15.0000,284.0000,15.0000
29-12-2015 14:59:24.458,Si79500BA6,12/29/2015 14:59:24,1,6,200.0000,5.0000,344.0000,200.0000
29-12-2015 14:59:24.460,Si79500BA6,12/29/2015 14:59:24,2,6,174.0000,200.0000,499999.0000,9.0000
29-12-2015 14:59:27.572,Si79500BA6,12/29/2015 14:59:27,0,6,229.0000,15.0000,279.0000,15.0000
29-12-2015 14:59:27.572,Si79500BA6,12/29/2015 14:59:27,1,6,200.0000,5.0000,344.0000,200.0000
29-12-2015 14:59:27.573,Si79500BA6,12/29/2015 14:59:27,2,6,174.0000,200.0000,499999.0000,9.0000
29-12-2015 14:59:33.185,Si79500BA6,12/29/2015 14:59:33,0,6,234.0000,15.0000,279.0000,15.0000
29-12-2015 14:59:33.185,Si79500BA6,12/29/2015 14:59:33,1,6,200.0000,5.0000,344.0000,200.0000
29-12-2015 14:59:33.185,Si79500BA6,12/29/2015 14:59:33,2,6,174.0000,200.0000,499999.0000,9.0000
29-12-2015 14:59:35.539,Si79500BA6,12/29/2015 14:59:35,0,6,234.0000,15.0000,274.0000,15.0000
29-12-2015 14:59:35.540,Si79500BA6,12/29/2015 14:59:35,1,6,200.0000,5.0000,344.0000,200.0000
29-12-2015 14:59:35.540,Si79500BA6,12/29/2015 14:59:35,2,6,174.0000,200.0000,499999.0000,9.0000
29-12-2015 14:59:44.259,Si79500BA6,12/29/2015 14:59:44,0,6,239.0000,15.0000,274.0000,15.0000
29-12-2015 14:59:44.260,Si79500BA6,12/29/2015 14:59:44,1,6,200.0000,5.0000,344.0000,200.0000
29-12-2015 14:59:44.260,Si79500BA6,12/29/2015 14:59:44,2,6,174.0000,200.0000,499999.0000,9.0000
29-12-2015 14:59:44.845,Si79500BA6,12/29/2015 14:59:44,0,6,239.0000,15.0000,269.0000,15.0000
29-12-2015 14:59:44.845,Si79500BA6,12/29/2015 14:59:44,1,6,200.0000,5.0000,344.0000,200.0000
29-12-2015 14:59:44.845,Si79500BA6,12/29/2015 14:59:44,2,6,174.0000,200.0000,499999.0000,9.0000
29-12-2015 15:03:35.317,Si79500BA6,12/29/2015 15:03:35,0,6,239.0000,15.0000,269.0000,15.0000
29-12-2015 15:03:35.317,Si79500BA6,12/29/2015 15:03:35,1,6,200.0000,5.0000,344.0000,200.0000
29-12-2015 15:03:35.320,Si79500BA6,12/29/2015 15:03:35,2,6,174.0000,200.0000,500000.0000,1.0000
29-12-2015 15:03:55.639,Si79500BA6,12/29/2015 15:03:55,0,6,234.0000,15.0000,269.0000,15.0000
29-12-2015 15:03:55.640,Si79500BA6,12/29/2015 15:03:55,1,6,200.0000,5.0000,344.0000,200.0000
29-12-2015 15:03:55.640,Si79500BA6,12/29/2015 15:03:55,2,6,174.0000,200.0000,500000.0000,1.0000
29-12-2015 15:08:03.349,Si79500BA6,12/29/2015 15:08:03,0,6,234.0000,15.0000,264.0000,15.0000
29-12-2015 15:08:03.349,Si79500BA6,12/29/2015 15:08:03,1,6,200.0000,5.0000,344.0000,200.0000
29-12-2015 15:08:03.350,Si79500BA6,12/29/2015 15:08:03,2,6,174.0000,200.0000,500000.0000,1.0000
29-12-2015 15:08:42.492,Si79500BA6,12/29/2015 15:08:42,0,6,229.0000,15.0000,264.0000,15.0000
29-12-2015 15:08:42.492,Si79500BA6,12/29/2015 15:08:42,1,6,200.0000,5.0000,344.0000,200.0000
29-12-2015 15:08:42.493,Si79500BA6,12/29/2015 15:08:42,2,6,174.0000,200.0000,500000.0000,1.0000
29-12-2015 15:10:31.763,Si79500BA6,12/29/2015 15:10:31,0,6,229.0000,15.0000,259.0000,15.0000
29-12-2015 15:10:31.764,Si79500BA6,12/29/2015 15:10:31,1,6,200.0000,5.0000,344.0000,200.0000
29-12-2015 15:10:31.764,Si79500BA6,12/29/2015 15:10:31,2,6,174.0000,200.0000,500000.0000,1.0000
29-12-2015 15:12:22.704,Si79500BA6,12/29/2015 15:12:22,0,6,224.0000,15.0000,259.0000,15.0000
29-12-2015 15:12:22.705,Si79500BA6,12/29/2015 15:12:22,1,6,200.0000,5.0000,344.0000,200.0000
29-12-2015 15:12:22.705,Si79500BA6,12/29/2015 15:12:22,2,6,174.0000,200.0000,500000.0000,1.0000
29-12-2015 15:14:58.617,Si79500BA6,12/29/2015 15:14:58,0,6,224.0000,15.0000,254.0000,15.0000
29-12-2015 15:14:58.618,Si79500BA6,12/29/2015 15:14:58,1,6,200.0000,5.0000,344.0000,200.0000
29-12-2015 15:14:58.618,Si79500BA6,12/29/2015 15:14:58,2,6,174.0000,200.0000,500000.0000,1.0000
29-12-2015 15:19:52.681,Si79500BA6,12/29/2015 15:19:52,0,6,224.0000,15.0000,259.0000,15.0000
29-12-2015 15:19:52.681,Si79500BA6,12/29/2015 15:19:52,1,6,200.0000,5.0000,344.0000,200.0000
29-12-2015 15:19:52.682,Si79500BA6,12/29/2015 15:19:52,2,6,174.0000,200.0000,500000.0000,1.0000
29-12-2015 15:25:50.759,Si79500BA6,12/29/2015 15:25:50,0,6,229.0000,15.0000,259.0000,15.0000
29-12-2015 15:25:50.760,Si79500BA6,12/29/2015 15:25:50,1,6,200.0000,5.0000,344.0000,200.0000
29-12-2015 15:25:50.760,Si79500BA6,12/29/2015 15:25:50,2,6,174.0000,200.0000,500000.0000,1.0000
29-12-2015 15:34:19.433,Si79500BA6,12/29/2015 15:34:19,0,6,229.0000,15.0000,264.0000,15.0000
29-12-2015 15:34:19.433,Si79500BA6,12/29/2015 15:34:19,1,6,200.0000,5.0000,344.0000,200.0000
29-12-2015 15:34:19.434,Si79500BA6,12/29/2015 15:34:19,2,6,174.0000,200.0000,500000.0000,1.0000
29-12-2015 15:35:37.426,Si79500BA6,12/29/2015 15:35:37,0,6,229.0000,15.0000,259.0000,15.0000
29-12-2015 15:35:37.427,Si79500BA6,12/29/2015 15:35:37,1,6,200.0000,5.0000,344.0000,200.0000
29-12-2015 15:35:37.427,Si79500BA6,12/29/2015 15:35:37,2,6,174.0000,200.0000,500000.0000,1.0000
29-12-2015 15:35:41.777,Si79500BA6,12/29/2015 15:35:41,0,6,224.0000,15.0000,259.0000,15.0000
29-12-2015 15:35:41.778,Si79500BA6,12/29/2015 15:35:41,1,6,200.0000,5.0000,344.0000,200.0000
29-12-2015 15:35:41.778,Si79500BA6,12/29/2015 15:35:41,2,6,174.0000,200.0000,500000.0000,1.0000
29-12-2015 15:43:00.867,Si79500BA6,12/29/2015 15:43:00,0,6,224.0000,15.0000,254.0000,15.0000
29-12-2015 15:43:00.867,Si79500BA6,12/29/2015 15:43:00,1,6,200.0000,5.0000,344.0000,200.0000
29-12-2015 15:43:00.867,Si79500BA6,12/29/2015 15:43:00,2,6,174.0000,200.0000,500000.0000,1.0000
29-12-2015 15:46:19.468,Si79500BA6,12/29/2015 15:46:19,0,6,219.0000,15.0000,254.0000,15.0000
29-12-2015 15:46:19.468,Si79500BA6,12/29/2015 15:46:19,1,6,200.0000,5.0000,344.0000,200.0000
29-12-2015 15:46:19.469,Si79500BA6,12/29/2015 15:46:19,2,6,174.0000,200.0000,500000.0000,1.0000
29-12-2015 15:48:12.618,Si79500BA6,12/29/2015 15:48:12,0,6,219.0000,15.0000,248.0000,15.0000
29-12-2015 15:48:12.618,Si79500BA6,12/29/2015 15:48:12,1,6,200.0000,5.0000,344.0000,200.0000
29-12-2015 15:48:12.618,Si79500BA6,12/29/2015 15:48:12,2,6,174.0000,200.0000,500000.0000,1.0000
29-12-2015 15:48:21.013,Si79500BA6,12/29/2015 15:48:21,0,6,214.0000,15.0000,248.0000,15.0000
29-12-2015 15:48:21.014,Si79500BA6,12/29/2015 15:48:21,1,6,200.0000,5.0000,344.0000,200.0000
29-12-2015 15:48:21.014,Si79500BA6,12/29/2015 15:48:21,2,6,174.0000,200.0000,500000.0000,1.0000
29-12-2015 15:49:20.182,Si79500BA6,12/29/2015 15:49:20,0,6,219.0000,15.0000,248.0000,15.0000
29-12-2015 15:49:20.182,Si79500BA6,12/29/2015 15:49:20,1,6,200.0000,5.0000,344.0000,200.0000
29-12-2015 15:49:20.183,Si79500BA6,12/29/2015 15:49:20,2,6,174.0000,200.0000,500000.0000,1.0000
29-12-2015 15:50:24.889,Si79500BA6,12/29/2015 15:50:24,0,6,219.0000,15.0000,253.0000,15.0000
29-12-2015 15:50:24.890,Si79500BA6,12/29/2015 15:50:24,1,6,200.0000,5.0000,344.0000,200.0000
29-12-2015 15:50:24.890,Si79500BA6,12/29/2015 15:50:24,2,6,174.0000,200.0000,500000.0000,1.0000
29-12-2015 15:50:38.598,Si79500BA6,12/29/2015 15:50:38,0,6,224.0000,15.0000,253.0000,15.0000
29-12-2015 15:50:38.598,Si79500BA6,12/29/2015 15:50:38,1,6,200.0000,5.0000,344.0000,200.0000
29-12-2015 15:50:38.598,Si79500BA6,12/29/2015 15:50:38,2,6,174.0000,200.0000,500000.0000,1.0000
29-12-2015 16:04:45.051,Si79500BA6,12/29/2015 16:04:45,0,6,219.0000,15.0000,253.0000,15.0000
29-12-2015 16:04:45.051,Si79500BA6,12/29/2015 16:04:45,1,6,200.0000,5.0000,344.0000,200.0000
29-12-2015 16:04:45.052,Si79500BA6,12/29/2015 16:04:45,2,6,174.0000,200.0000,500000.0000,1.0000
29-12-2015 16:05:46.351,Si79500BA6,12/29/2015 16:05:46,0,6,219.0000,15.0000,248.0000,15.0000
29-12-2015 16:05:46.351,Si79500BA6,12/29/2015 16:05:46,1,6,200.0000,5.0000,344.0000,200.0000
29-12-2015 16:05:46.351,Si79500BA6,12/29/2015 16:05:46,2,6,174.0000,200.0000,500000.0000,1.0000
29-12-2015 16:08:23.968,Si79500BA6,12/29/2015 16:08:23,0,6,214.0000,15.0000,248.0000,15.0000
29-12-2015 16:08:23.968,Si79500BA6,12/29/2015 16:08:23,1,6,200.0000,5.0000,344.0000,200.0000
29-12-2015 16:08:23.969,Si79500BA6,12/29/2015 16:08:23,2,6,174.0000,200.0000,500000.0000,1.0000
29-12-2015 16:12:28.944,Si79500BA6,12/29/2015 16:12:28,0,6,214.0000,15.0000,242.0000,15.0000
29-12-2015 16:12:28.944,Si79500BA6,12/29/2015 16:12:28,1,6,200.0000,5.0000,344.0000,200.0000
29-12-2015 16:12:28.945,Si79500BA6,12/29/2015 16:12:28,2,6,174.0000,200.0000,500000.0000,1.0000
29-12-2015 16:12:29.001,Si79500BA6,12/29/2015 16:12:29,0,6,209.0000,15.0000,242.0000,15.0000
29-12-2015 16:12:29.001,Si79500BA6,12/29/2015 16:12:29,1,6,200.0000,5.0000,344.0000,200.0000
29-12-2015 16:12:29.001,Si79500BA6,12/29/2015 16:12:29,2,6,174.0000,200.0000,500000.0000,1.0000
29-12-2015 16:12:29.262,Si79500BA6,12/29/2015 16:12:29,0,6,209.0000,15.0000,237.0000,15.0000
29-12-2015 16:12:29.263,Si79500BA6,12/29/2015 16:12:29,1,6,200.0000,5.0000,344.0000,200.0000
29-12-2015 16:12:29.263,Si79500BA6,12/29/2015 16:12:29,2,6,174.0000,200.0000,500000.0000,1.0000
29-12-2015 16:13:09.308,Si79500BA6,12/29/2015 16:13:09,0,6,204.0000,15.0000,237.0000,15.0000
29-12-2015 16:13:09.308,Si79500BA6,12/29/2015 16:13:09,1,6,200.0000,5.0000,344.0000,200.0000
29-12-2015 16:13:09.309,Si79500BA6,12/29/2015 16:13:09,2,6,174.0000,200.0000,500000.0000,1.0000
29-12-2015 16:14:13.673,Si79500BA6,12/29/2015 16:14:13,0,6,204.0000,15.0000,232.0000,15.0000
29-12-2015 16:14:13.673,Si79500BA6,12/29/2015 16:14:13,1,6,200.0000,5.0000,344.0000,200.0000
29-12-2015 16:14:13.674,Si79500BA6,12/29/2015 16:14:13,2,6,174.0000,200.0000,500000.0000,1.0000
29-12-2015 16:14:13.755,Si79500BA6,12/29/2015 16:14:13,0,6,200.0000,5.0000,232.0000,15.0000
29-12-2015 16:14:13.756,Si79500BA6,12/29/2015 16:14:13,1,6,199.0000,15.0000,344.0000,200.0000
29-12-2015 16:14:13.756,Si79500BA6,12/29/2015 16:14:13,2,6,174.0000,200.0000,500000.0000,1.0000
29-12-2015 16:17:52.412,Si79500BA6,12/29/2015 16:17:52,0,6,204.0000,15.0000,232.0000,15.0000
29-12-2015 16:17:52.413,Si79500BA6,12/29/2015 16:17:52,1,6,200.0000,5.0000,344.0000,200.0000
29-12-2015 16:17:52.413,Si79500BA6,12/29/2015 16:17:52,2,6,174.0000,200.0000,500000.0000,1.0000
29-12-2015 16:21:37.426,Si79500BA6,12/29/2015 16:21:37,0,6,200.0000,5.0000,232.0000,15.0000
29-12-2015 16:21:37.427,Si79500BA6,12/29/2015 16:21:37,1,6,199.0000,15.0000,344.0000,200.0000
29-12-2015 16:21:37.427,Si79500BA6,12/29/2015 16:21:37,2,6,174.0000,200.0000,500000.0000,1.0000
29-12-2015 16:21:56.445,Si79500BA6,12/29/2015 16:21:56,0,6,200.0000,5.0000,227.0000,15.0000
29-12-2015 16:21:56.445,Si79500BA6,12/29/2015 16:21:56,1,6,199.0000,15.0000,344.0000,200.0000
29-12-2015 16:21:56.446,Si79500BA6,12/29/2015 16:21:56,2,6,174.0000,200.0000,500000.0000,1.0000
29-12-2015 16:21:56.642,Si79500BA6,12/29/2015 16:21:56,0,6,200.0000,5.0000,227.0000,15.0000
29-12-2015 16:21:56.642,Si79500BA6,12/29/2015 16:21:56,1,6,194.0000,15.0000,344.0000,200.0000
29-12-2015 16:21:56.643,Si79500BA6,12/29/2015 16:21:56,2,6,174.0000,200.0000,500000.0000,1.0000
29-12-2015 16:21:56.757,Si79500BA6,12/29/2015 16:21:56,0,6,200.0000,5.0000,227.0000,15.0000
29-12-2015 16:21:56.757,Si79500BA6,12/29/2015 16:21:56,1,6,199.0000,15.0000,344.0000,200.0000
29-12-2015 16:21:56.757,Si79500BA6,12/29/2015 16:21:56,2,6,174.0000,200.0000,500000.0000,1.0000
29-12-2015 16:21:56.879,Si79500BA6,12/29/2015 16:21:56,0,6,200.0000,5.0000,232.0000,15.0000
29-12-2015 16:21:56.880,Si79500BA6,12/29/2015 16:21:56,1,6,199.0000,15.0000,344.0000,200.0000
29-12-2015 16:21:56.880,Si79500BA6,12/29/2015 16:21:56,2,6,174.0000,200.0000,500000.0000,1.0000
29-12-2015 16:22:48.344,Si79500BA6,12/29/2015 16:22:48,0,6,200.0000,5.0000,227.0000,15.0000
29-12-2015 16:22:48.345,Si79500BA6,12/29/2015 16:22:48,1,6,199.0000,15.0000,344.0000,200.0000
29-12-2015 16:22:48.345,Si79500BA6,12/29/2015 16:22:48,2,6,174.0000,200.0000,500000.0000,1.0000
29-12-2015 16:22:50.977,Si79500BA6,12/29/2015 16:22:50,0,6,200.0000,5.0000,227.0000,15.0000
29-12-2015 16:22:50.977,Si79500BA6,12/29/2015 16:22:50,1,6,194.0000,15.0000,344.0000,200.0000
29-12-2015 16:22:50.977,Si79500BA6,12/29/2015 16:22:50,2,6,174.0000,200.0000,500000.0000,1.0000
29-12-2015 16:22:55.347,Si79500BA6,12/29/2015 16:22:55,0,6,200.0000,5.0000,227.0000,15.0000
29-12-2015 16:22:55.348,Si79500BA6,12/29/2015 16:22:55,1,6,194.0000,15.0000,309.0000,200.0000
29-12-2015 16:22:55.348,Si79500BA6,12/29/2015 16:22:55,2,6,139.0000,200.0000,500000.0000,1.0000
29-12-2015 16:22:55.402,Si79500BA6,12/29/2015 16:22:55,0,6,200.0000,5.0000,222.0000,15.0000
29-12-2015 16:22:55.402,Si79500BA6,12/29/2015 16:22:55,1,6,194.0000,15.0000,309.0000,200.0000
29-12-2015 16:22:55.402,Si79500BA6,12/29/2015 16:22:55,2,6,139.0000,200.0000,500000.0000,1.0000
29-12-2015 16:23:03.522,Si79500BA6,12/29/2015 16:23:03,0,6,200.0000,5.0000,229.0000,15.0000
29-12-2015 16:23:03.522,Si79500BA6,12/29/2015 16:23:03,1,6,194.0000,15.0000,309.0000,200.0000
29-12-2015 16:23:03.523,Si79500BA6,12/29/2015 16:23:03,2,6,139.0000,200.0000,500000.0000,1.0000
29-12-2015 16:23:03.725,Si79500BA6,12/29/2015 16:23:03,0,6,200.0000,5.0000,229.0000,15.0000
29-12-2015 16:23:03.726,Si79500BA6,12/29/2015 16:23:03,1,6,199.0000,15.0000,309.0000,200.0000
29-12-2015 16:23:03.727,Si79500BA6,12/29/2015 16:23:03,2,6,139.0000,200.0000,500000.0000,1.0000
29-12-2015 16:23:14.728,Si79500BA6,12/29/2015 16:23:14,0,6,204.0000,15.0000,234.0000,15.0000
29-12-2015 16:23:14.728,Si79500BA6,12/29/2015 16:23:14,1,6,200.0000,5.0000,309.0000,200.0000
29-12-2015 16:23:14.729,Si79500BA6,12/29/2015 16:23:14,2,6,139.0000,200.0000,500000.0000,1.0000
29-12-2015 16:23:14.863,Si79500BA6,12/29/2015 16:23:14,0,6,204.0000,15.0000,234.0000,15.0000
29-12-2015 16:23:14.863,Si79500BA6,12/29/2015 16:23:14,1,6,200.0000,5.0000,309.0000,200.0000
29-12-2015 16:23:14.863,Si79500BA6,12/29/2015 16:23:14,2,6,139.0000,200.0000,500000.0000,1.0000
29-12-2015 16:24:06.009,Si79500BA6,12/29/2015 16:24:06,0,5,200.0000,5.0000,309.0000,200.0000
29-12-2015 16:24:06.010,Si79500BA6,12/29/2015 16:24:06,1,5,139.0000,200.0000,500000.0000,1.0000
29-12-2015 16:24:06.010,Si79500BA6,12/29/2015 16:24:06,2,5,3.0000,100.0000,0.0000,0.0000
29-12-2015 16:24:06.068,Si79500BA6,12/29/2015 16:24:06,0,6,205.0000,15.0000,239.0000,15.0000
29-12-2015 16:24:06.068,Si79500BA6,12/29/2015 16:24:06,1,6,200.0000,5.0000,309.0000,200.0000
29-12-2015 16:24:06.068,Si79500BA6,12/29/2015 16:24:06,2,6,139.0000,200.0000,500000.0000,1.0000
29-12-2015 16:24:07.234,Si79500BA6,12/29/2015 16:24:07,0,6,210.0000,15.0000,239.0000,15.0000
29-12-2015 16:24:07.234,Si79500BA6,12/29/2015 16:24:07,1,6,200.0000,5.0000,309.0000,200.0000
29-12-2015 16:24:07.235,Si79500BA6,12/29/2015 16:24:07,2,6,139.0000,200.0000,500000.0000,1.0000
29-12-2015 16:24:55.171,Si79500BA6,12/29/2015 16:24:55,0,6,210.0000,15.0000,244.0000,15.0000
29-12-2015 16:24:55.172,Si79500BA6,12/29/2015 16:24:55,1,6,200.0000,5.0000,309.0000,200.0000
29-12-2015 16:24:55.172,Si79500BA6,12/29/2015 16:24:55,2,6,139.0000,200.0000,500000.0000,1.0000
29-12-2015 16:27:46.427,Si79500BA6,12/29/2015 16:27:46,0,6,210.0000,15.0000,239.0000,15.0000
29-12-2015 16:27:46.427,Si79500BA6,12/29/2015 16:27:46,1,6,200.0000,5.0000,309.0000,200.0000
29-12-2015 16:27:46.427,Si79500BA6,12/29/2015 16:27:46,2,6,139.0000,200.0000,500000.0000,1.0000
29-12-2015 16:27:47.974,Si79500BA6,12/29/2015 16:27:47,0,6,205.0000,15.0000,239.0000,15.0000
29-12-2015 16:27:47.974,Si79500BA6,12/29/2015 16:27:47,1,6,200.0000,5.0000,309.0000,200.0000
29-12-2015 16:27:47.974,Si79500BA6,12/29/2015 16:27:47,2,6,139.0000,200.0000,500000.0000,1.0000
29-12-2015 16:29:42.044,Si79500BA6,12/29/2015 16:29:42,0,5,205.0000,15.0000,239.0000,15.0000
29-12-2015 16:29:42.044,Si79500BA6,12/29/2015 16:29:42,1,5,200.0000,5.0000,500000.0000,1.0000
29-12-2015 16:29:42.045,Si79500BA6,12/29/2015 16:29:42,2,5,3.0000,100.0000,0.0000,0.0000
29-12-2015 16:29:46.392,Si79500BA6,12/29/2015 16:29:46,0,4,200.0000,5.0000,500000.0000,1.0000
29-12-2015 16:29:46.393,Si79500BA6,12/29/2015 16:29:46,1,4,3.0000,100.0000,0.0000,0.0000
29-12-2015 16:29:46.393,Si79500BA6,12/29/2015 16:29:46,2,4,2.0000,100.0000,0.0000,0.0000
29-12-2015 16:29:46.411,Si79500BA6,12/29/2015 16:29:46,0,4,200.0000,5.0000,499999.0000,9.0000
29-12-2015 16:29:46.412,Si79500BA6,12/29/2015 16:29:46,1,4,3.0000,100.0000,500000.0000,1.0000
29-12-2015 16:29:46.412,Si79500BA6,12/29/2015 16:29:46,2,4,2.0000,100.0000,0.0000,0.0000
29-12-2015 16:30:02.296,Si79500BA6,12/29/2015 16:30:02,0,5,206.0000,15.0000,238.0000,15.0000
29-12-2015 16:30:02.296,Si79500BA6,12/29/2015 16:30:02,1,5,200.0000,5.0000,499999.0000,9.0000
29-12-2015 16:30:02.297,Si79500BA6,12/29/2015 16:30:02,2,5,3.0000,100.0000,500000.0000,1.0000
29-12-2015 16:30:56.846,Si79500BA6,12/29/2015 16:30:56,0,6,206.0000,15.0000,238.0000,15.0000
29-12-2015 16:30:56.846,Si79500BA6,12/29/2015 16:30:56,1,6,200.0000,5.0000,322.0000,200.0000
29-12-2015 16:30:56.846,Si79500BA6,12/29/2015 16:30:56,2,6,152.0000,200.0000,499999.0000,9.0000
29-12-2015 16:30:57.957,Si79500BA6,12/29/2015 16:30:57,0,6,206.0000,15.0000,233.0000,15.0000
29-12-2015 16:30:57.957,Si79500BA6,12/29/2015 16:30:57,1,6,200.0000,5.0000,322.0000,200.0000
29-12-2015 16:30:57.957,Si79500BA6,12/29/2015 16:30:57,2,6,152.0000,200.0000,499999.0000,9.0000
29-12-2015 16:30:59.994,Si79500BA6,12/29/2015 16:30:59,0,6,201.0000,15.0000,233.0000,15.0000
29-12-2015 16:30:59.995,Si79500BA6,12/29/2015 16:30:59,1,6,200.0000,5.0000,322.0000,200.0000
29-12-2015 16:30:59.995,Si79500BA6,12/29/2015 16:30:59,2,6,152.0000,200.0000,499999.0000,9.0000
29-12-2015 16:33:28.928,Si79500BA6,12/29/2015 16:33:28,0,6,206.0000,15.0000,233.0000,15.0000
29-12-2015 16:33:28.930,Si79500BA6,12/29/2015 16:33:28,1,6,200.0000,5.0000,322.0000,200.0000
29-12-2015 16:33:28.930,Si79500BA6,12/29/2015 16:33:28,2,6,152.0000,200.0000,499999.0000,9.0000
29-12-2015 16:34:13.599,Si79500BA6,12/29/2015 16:34:13,0,6,201.0000,15.0000,233.0000,15.0000
29-12-2015 16:34:13.600,Si79500BA6,12/29/2015 16:34:13,1,6,200.0000,5.0000,322.0000,200.0000
29-12-2015 16:34:13.601,Si79500BA6,12/29/2015 16:34:13,2,6,152.0000,200.0000,499999.0000,9.0000
29-12-2015 16:37:17.826,Si79500BA6,12/29/2015 16:37:17,0,6,206.0000,15.0000,233.0000,15.0000
29-12-2015 16:37:17.827,Si79500BA6,12/29/2015 16:37:17,1,6,200.0000,5.0000,322.0000,200.0000
29-12-2015 16:37:17.827,Si79500BA6,12/29/2015 16:37:17,2,6,152.0000,200.0000,499999.0000,9.0000
29-12-2015 16:37:17.894,Si79500BA6,12/29/2015 16:37:17,0,6,206.0000,15.0000,238.0000,15.0000
29-12-2015 16:37:17.895,Si79500BA6,12/29/2015 16:37:17,1,6,200.0000,5.0000,322.0000,200.0000
29-12-2015 16:37:17.895,Si79500BA6,12/29/2015 16:37:17,2,6,152.0000,200.0000,499999.0000,9.0000
29-12-2015 16:39:38.887,Si79500BA6,12/29/2015 16:39:38,0,6,206.0000,15.0000,238.0000,15.0000
29-12-2015 16:39:38.898,Si79500BA6,12/29/2015 16:39:38,1,6,200.0000,5.0000,322.0000,200.0000
29-12-2015 16:39:38.898,Si79500BA6,12/29/2015 16:39:38,2,6,152.0000,200.0000,500000.0000,1.0000
29-12-2015 16:42:50.797,Si79500BA6,12/29/2015 16:42:50,0,6,206.0000,15.0000,233.0000,15.0000
29-12-2015 16:42:50.797,Si79500BA6,12/29/2015 16:42:50,1,6,200.0000,5.0000,322.0000,200.0000
29-12-2015 16:42:50.797,Si79500BA6,12/29/2015 16:42:50,2,6,152.0000,200.0000,500000.0000,1.0000
29-12-2015 16:42:58.038,Si79500BA6,12/29/2015 16:42:58,0,6,201.0000,15.0000,233.0000,15.0000
29-12-2015 16:42:58.038,Si79500BA6,12/29/2015 16:42:58,1,6,200.0000,5.0000,322.0000,200.0000
29-12-2015 16:42:58.039,Si79500BA6,12/29/2015 16:42:58,2,6,152.0000,200.0000,500000.0000,1.0000
29-12-2015 16:46:04.438,Si79500BA6,12/29/2015 16:46:04,0,6,201.0000,15.0000,228.0000,15.0000
29-12-2015 16:46:04.439,Si79500BA6,12/29/2015 16:46:04,1,6,200.0000,5.0000,322.0000,200.0000
29-12-2015 16:46:04.444,Si79500BA6,12/29/2015 16:46:04,2,6,152.0000,200.0000,500000.0000,1.0000
29-12-2015 16:46:29.500,Si79500BA6,12/29/2015 16:46:29,0,6,200.0000,5.0000,228.0000,15.0000
29-12-2015 16:46:29.500,Si79500BA6,12/29/2015 16:46:29,1,6,196.0000,15.0000,322.0000,200.0000
29-12-2015 16:46:29.533,Si79500BA6,12/29/2015 16:46:29,2,6,152.0000,200.0000,500000.0000,1.0000
29-12-2015 16:48:45.999,Si79500BA6,12/29/2015 16:48:45,0,6,201.0000,15.0000,233.0000,15.0000
29-12-2015 16:48:46.000,Si79500BA6,12/29/2015 16:48:46,1,6,200.0000,5.0000,322.0000,200.0000
29-12-2015 16:48:46.000,Si79500BA6,12/29/2015 16:48:46,2,6,152.0000,200.0000,500000.0000,1.0000
29-12-2015 16:50:43.603,Si79500BA6,12/29/2015 16:50:43,0,6,201.0000,15.0000,238.0000,15.0000
29-12-2015 16:50:43.603,Si79500BA6,12/29/2015 16:50:43,1,6,200.0000,5.0000,322.0000,200.0000
29-12-2015 16:50:43.603,Si79500BA6,12/29/2015 16:50:43,2,6,152.0000,200.0000,500000.0000,1.0000
29-12-2015 16:50:43.742,Si79500BA6,12/29/2015 16:50:43,0,6,206.0000,15.0000,238.0000,15.0000
29-12-2015 16:50:43.743,Si79500BA6,12/29/2015 16:50:43,1,6,200.0000,5.0000,322.0000,200.0000
29-12-2015 16:50:43.743,Si79500BA6,12/29/2015 16:50:43,2,6,152.0000,200.0000,500000.0000,1.0000
29-12-2015 16:58:48.628,Si79500BA6,12/29/2015 16:58:48,0,6,201.0000,15.0000,233.0000,15.0000
29-12-2015 16:58:48.628,Si79500BA6,12/29/2015 16:58:48,1,6,200.0000,5.0000,322.0000,200.0000
29-12-2015 16:58:48.629,Si79500BA6,12/29/2015 16:58:48,2,6,152.0000,200.0000,500000.0000,1.0000
29-12-2015 17:14:10.461,Si79500BA6,12/29/2015 17:14:10,0,6,200.0000,5.0000,233.0000,15.0000
29-12-2015 17:14:10.461,Si79500BA6,12/29/2015 17:14:10,1,6,195.0000,15.0000,322.0000,200.0000
29-12-2015 17:14:10.461,Si79500BA6,12/29/2015 17:14:10,2,6,152.0000,200.0000,500000.0000,1.0000
29-12-2015 17:14:10.622,Si79500BA6,12/29/2015 17:14:10,0,6,200.0000,5.0000,226.0000,15.0000
29-12-2015 17:14:10.622,Si79500BA6,12/29/2015 17:14:10,1,6,195.0000,15.0000,322.0000,200.0000
29-12-2015 17:14:10.622,Si79500BA6,12/29/2015 17:14:10,2,6,152.0000,200.0000,500000.0000,1.0000
29-12-2015 17:15:40.244,Si79500BA6,12/29/2015 17:15:40,0,6,200.0000,5.0000,226.0000,15.0000
29-12-2015 17:15:40.245,Si79500BA6,12/29/2015 17:15:40,1,6,190.0000,15.0000,322.0000,200.0000
29-12-2015 17:15:40.245,Si79500BA6,12/29/2015 17:15:40,2,6,152.0000,200.0000,500000.0000,1.0000
29-12-2015 17:15:40.587,Si79500BA6,12/29/2015 17:15:40,0,6,200.0000,5.0000,221.0000,15.0000
29-12-2015 17:15:40.587,Si79500BA6,12/29/2015 17:15:40,1,6,190.0000,15.0000,322.0000,200.0000
29-12-2015 17:15:40.587,Si79500BA6,12/29/2015 17:15:40,2,6,152.0000,200.0000,500000.0000,1.0000
29-12-2015 17:16:01.838,Si79500BA6,12/29/2015 17:16:01,0,6,200.0000,5.0000,216.0000,15.0000
29-12-2015 17:16:01.838,Si79500BA6,12/29/2015 17:16:01,1,6,185.0000,15.0000,322.0000,200.0000
29-12-2015 17:16:01.839,Si79500BA6,12/29/2015 17:16:01,2,6,152.0000,200.0000,500000.0000,1.0000
29-12-2015 17:19:32.393,Si79500BA6,12/29/2015 17:19:32,0,6,200.0000,5.0000,221.0000,15.0000
29-12-2015 17:19:32.394,Si79500BA6,12/29/2015 17:19:32,1,6,185.0000,15.0000,322.0000,200.0000
29-12-2015 17:19:32.395,Si79500BA6,12/29/2015 17:19:32,2,6,152.0000,200.0000,500000.0000,1.0000
29-12-2015 17:20:54.942,Si79500BA6,12/29/2015 17:20:54,0,6,200.0000,5.0000,221.0000,15.0000
29-12-2015 17:20:54.942,Si79500BA6,12/29/2015 17:20:54,1,6,190.0000,15.0000,322.0000,200.0000
29-12-2015 17:20:54.942,Si79500BA6,12/29/2015 17:20:54,2,6,152.0000,200.0000,500000.0000,1.0000
29-12-2015 17:23:45.594,Si79500BA6,12/29/2015 17:23:45,0,6,200.0000,5.0000,211.0000,15.0000
29-12-2015 17:23:45.595,Si79500BA6,12/29/2015 17:23:45,1,6,180.0000,15.0000,322.0000,200.0000
29-12-2015 17:23:45.595,Si79500BA6,12/29/2015 17:23:45,2,6,152.0000,200.0000,500000.0000,1.0000
29-12-2015 17:27:22.393,Si79500BA6,12/29/2015 17:27:22,0,5,170.0000,15.0000,201.0000,15.0000
29-12-2015 17:27:22.393,Si79500BA6,12/29/2015 17:27:22,1,5,117.0000,200.0000,287.0000,200.0000
29-12-2015 17:27:22.393,Si79500BA6,12/29/2015 17:27:22,2,5,3.0000,100.0000,500000.0000,1.0000
29-12-2015 17:32:07.219,Si79500BA6,12/29/2015 17:32:07,0,5,170.0000,15.0000,206.0000,15.0000
29-12-2015 17:32:07.220,Si79500BA6,12/29/2015 17:32:07,1,5,117.0000,200.0000,287.0000,200.0000
29-12-2015 17:32:07.220,Si79500BA6,12/29/2015 17:32:07,2,5,3.0000,100.0000,500000.0000,1.0000
29-12-2015 17:32:08.605,Si79500BA6,12/29/2015 17:32:08,0,5,170.0000,15.0000,201.0000,15.0000
29-12-2015 17:32:08.606,Si79500BA6,12/29/2015 17:32:08,1,5,117.0000,200.0000,287.0000,200.0000
29-12-2015 17:32:08.606,Si79500BA6,12/29/2015 17:32:08,2,5,3.0000,100.0000,500000.0000,1.0000
29-12-2015 17:36:54.951,Si79500BA6,12/29/2015 17:36:54,0,5,165.0000,15.0000,201.0000,15.0000
29-12-2015 17:36:54.951,Si79500BA6,12/29/2015 17:36:54,1,5,117.0000,200.0000,287.0000,200.0000
29-12-2015 17:36:54.952,Si79500BA6,12/29/2015 17:36:54,2,5,3.0000,100.0000,500000.0000,1.0000
29-12-2015 17:36:55.008,Si79500BA6,12/29/2015 17:36:55,0,5,165.0000,15.0000,196.0000,15.0000
29-12-2015 17:36:55.009,Si79500BA6,12/29/2015 17:36:55,1,5,117.0000,200.0000,287.0000,200.0000
29-12-2015 17:36:55.009,Si79500BA6,12/29/2015 17:36:55,2,5,3.0000,100.0000,500000.0000,1.0000
29-12-2015 17:37:21.035,Si79500BA6,12/29/2015 17:37:21,0,5,175.0000,15.0000,206.0000,15.0000
29-12-2015 17:37:21.035,Si79500BA6,12/29/2015 17:37:21,1,5,117.0000,200.0000,287.0000,200.0000
29-12-2015 17:37:21.036,Si79500BA6,12/29/2015 17:37:21,2,5,3.0000,100.0000,500000.0000,1.0000
29-12-2015 17:41:38.037,Si79500BA6,12/29/2015 17:41:38,0,5,175.0000,15.0000,211.0000,15.0000
29-12-2015 17:41:38.037,Si79500BA6,12/29/2015 17:41:38,1,5,117.0000,200.0000,287.0000,200.0000
29-12-2015 17:41:38.037,Si79500BA6,12/29/2015 17:41:38,2,5,3.0000,100.0000,500000.0000,1.0000
29-12-2015 17:42:09.785,Si79500BA6,12/29/2015 17:42:09,0,5,191.0000,15.0000,226.0000,15.0000
29-12-2015 17:42:09.785,Si79500BA6,12/29/2015 17:42:09,1,5,117.0000,200.0000,287.0000,200.0000
29-12-2015 17:42:09.786,Si79500BA6,12/29/2015 17:42:09,2,5,3.0000,100.0000,500000.0000,1.0000
29-12-2015 17:44:34.183,Si79500BA6,12/29/2015 17:44:34,0,5,196.0000,15.0000,226.0000,15.0000
29-12-2015 17:44:34.183,Si79500BA6,12/29/2015 17:44:34,1,5,117.0000,200.0000,287.0000,200.0000
29-12-2015 17:44:34.184,Si79500BA6,12/29/2015 17:44:34,2,5,3.0000,100.0000,500000.0000,1.0000
29-12-2015 17:44:45.519,Si79500BA6,12/29/2015 17:44:45,0,5,206.0000,15.0000,241.0000,15.0000
29-12-2015 17:44:45.519,Si79500BA6,12/29/2015 17:44:45,1,5,117.0000,200.0000,287.0000,200.0000
29-12-2015 17:44:45.520,Si79500BA6,12/29/2015 17:44:45,2,5,3.0000,100.0000,500000.0000,1.0000
29-12-2015 17:44:45.638,Si79500BA6,12/29/2015 17:44:45,0,5,211.0000,15.0000,241.0000,15.0000
29-12-2015 17:44:45.639,Si79500BA6,12/29/2015 17:44:45,1,5,117.0000,200.0000,287.0000,200.0000
29-12-2015 17:44:45.639,Si79500BA6,12/29/2015 17:44:45,2,5,3.0000,100.0000,500000.0000,1.0000
29-12-2015 17:44:47.676,Si79500BA6,12/29/2015 17:44:47,0,5,206.0000,15.0000,241.0000,15.0000
29-12-2015 17:44:47.676,Si79500BA6,12/29/2015 17:44:47,1,5,117.0000,200.0000,287.0000,200.0000
29-12-2015 17:44:47.676,Si79500BA6,12/29/2015 17:44:47,2,5,3.0000,100.0000,500000.0000,1.0000
29-12-2015 17:44:51.525,Si79500BA6,12/29/2015 17:44:51,0,5,211.0000,15.0000,241.0000,15.0000
29-12-2015 17:44:51.525,Si79500BA6,12/29/2015 17:44:51,1,5,117.0000,200.0000,287.0000,200.0000
29-12-2015 17:44:51.526,Si79500BA6,12/29/2015 17:44:51,2,5,3.0000,100.0000,500000.0000,1.0000
29-12-2015 17:44:51.673,Si79500BA6,12/29/2015 17:44:51,0,5,206.0000,15.0000,241.0000,15.0000
29-12-2015 17:44:51.673,Si79500BA6,12/29/2015 17:44:51,1,5,117.0000,200.0000,287.0000,200.0000
29-12-2015 17:44:51.673,Si79500BA6,12/29/2015 17:44:51,2,5,3.0000,100.0000,500000.0000,1.0000
29-12-2015 17:44:54.308,Si79500BA6,12/29/2015 17:44:54,0,5,206.0000,15.0000,236.0000,15.0000
29-12-2015 17:44:54.308,Si79500BA6,12/29/2015 17:44:54,1,5,117.0000,200.0000,287.0000,200.0000
29-12-2015 17:44:54.308,Si79500BA6,12/29/2015 17:44:54,2,5,3.0000,100.0000,500000.0000,1.0000
29-12-2015 17:44:57.091,Si79500BA6,12/29/2015 17:44:57,0,5,196.0000,15.0000,226.0000,15.0000
29-12-2015 17:44:57.091,Si79500BA6,12/29/2015 17:44:57,1,5,117.0000,200.0000,287.0000,200.0000
29-12-2015 17:44:57.092,Si79500BA6,12/29/2015 17:44:57,2,5,3.0000,100.0000,500000.0000,1.0000
29-12-2015 17:45:14.656,Si79500BA6,12/29/2015 17:45:14,0,5,201.0000,15.0000,231.0000,15.0000
29-12-2015 17:45:14.657,Si79500BA6,12/29/2015 17:45:14,1,5,117.0000,200.0000,287.0000,200.0000
29-12-2015 17:45:14.658,Si79500BA6,12/29/2015 17:45:14,2,5,3.0000,100.0000,500000.0000,1.0000
29-12-2015 17:45:15.144,Si79500BA6,12/29/2015 17:45:15,0,5,201.0000,15.0000,236.0000,15.0000
29-12-2015 17:45:15.144,Si79500BA6,12/29/2015 17:45:15,1,5,117.0000,200.0000,287.0000,200.0000
29-12-2015 17:45:15.144,Si79500BA6,12/29/2015 17:45:15,2,5,3.0000,100.0000,500000.0000,1.0000
29-12-2015 17:46:07.893,Si79500BA6,12/29/2015 17:46:07,0,5,201.0000,15.0000,231.0000,15.0000
29-12-2015 17:46:07.894,Si79500BA6,12/29/2015 17:46:07,1,5,117.0000,200.0000,287.0000,200.0000
29-12-2015 17:46:07.894,Si79500BA6,12/29/2015 17:46:07,2,5,3.0000,100.0000,500000.0000,1.0000
29-12-2015 17:46:31.832,Si79500BA6,12/29/2015 17:46:31,0,5,196.0000,15.0000,231.0000,15.0000
29-12-2015 17:46:31.832,Si79500BA6,12/29/2015 17:46:31,1,5,117.0000,200.0000,287.0000,200.0000
29-12-2015 17:46:31.832,Si79500BA6,12/29/2015 17:46:31,2,5,3.0000,100.0000,500000.0000,1.0000
29-12-2015 17:48:09.067,Si79500BA6,12/29/2015 17:48:09,0,5,201.0000,15.0000,231.0000,15.0000
29-12-2015 17:48:09.068,Si79500BA6,12/29/2015 17:48:09,1,5,117.0000,200.0000,287.0000,200.0000
29-12-2015 17:48:09.068,Si79500BA6,12/29/2015 17:48:09,2,5,3.0000,100.0000,500000.0000,1.0000
29-12-2015 17:48:33.199,Si79500BA6,12/29/2015 17:48:33,0,5,201.0000,15.0000,231.0000,15.0000
29-12-2015 17:48:33.200,Si79500BA6,12/29/2015 17:48:33,1,5,152.0000,200.0000,322.0000,200.0000
29-12-2015 17:48:33.200,Si79500BA6,12/29/2015 17:48:33,2,5,3.0000,100.0000,500000.0000,1.0000
29-12-2015 17:48:41.078,Si79500BA6,12/29/2015 17:48:41,0,5,201.0000,15.0000,236.0000,15.0000
29-12-2015 17:48:41.078,Si79500BA6,12/29/2015 17:48:41,1,5,152.0000,200.0000,322.0000,200.0000
29-12-2015 17:48:41.079,Si79500BA6,12/29/2015 17:48:41,2,5,3.0000,100.0000,500000.0000,1.0000
29-12-2015 17:49:50.184,Si79500BA6,12/29/2015 17:49:50,0,5,206.0000,15.0000,236.0000,15.0000
29-12-2015 17:49:50.185,Si79500BA6,12/29/2015 17:49:50,1,5,152.0000,200.0000,322.0000,200.0000
29-12-2015 17:49:50.185,Si79500BA6,12/29/2015 17:49:50,2,5,3.0000,100.0000,500000.0000,1.0000
29-12-2015 17:54:15.263,Si79500BA6,12/29/2015 17:54:15,0,5,206.0000,15.0000,241.0000,15.0000
29-12-2015 17:54:15.264,Si79500BA6,12/29/2015 17:54:15,1,5,152.0000,200.0000,322.0000,200.0000
29-12-2015 17:54:15.264,Si79500BA6,12/29/2015 17:54:15,2,5,3.0000,100.0000,500000.0000,1.0000
29-12-2015 17:55:13.481,Si79500BA6,12/29/2015 17:55:13,0,5,206.0000,15.0000,236.0000,15.0000
29-12-2015 17:55:13.482,Si79500BA6,12/29/2015 17:55:13,1,5,152.0000,200.0000,322.0000,200.0000
29-12-2015 17:55:13.482,Si79500BA6,12/29/2015 17:55:13,2,5,3.0000,100.0000,500000.0000,1.0000
29-12-2015 17:55:29.971,Si79500BA6,12/29/2015 17:55:29,0,5,201.0000,15.0000,236.0000,15.0000
29-12-2015 17:55:29.971,Si79500BA6,12/29/2015 17:55:29,1,5,152.0000,200.0000,322.0000,200.0000
29-12-2015 17:55:29.972,Si79500BA6,12/29/2015 17:55:29,2,5,3.0000,100.0000,500000.0000,1.0000
29-12-2015 17:55:50.499,Si79500BA6,12/29/2015 17:55:50,0,5,206.0000,15.0000,236.0000,15.0000
29-12-2015 17:55:50.499,Si79500BA6,12/29/2015 17:55:50,1,5,152.0000,200.0000,322.0000,200.0000
29-12-2015 17:55:50.500,Si79500BA6,12/29/2015 17:55:50,2,5,3.0000,100.0000,500000.0000,1.0000
29-12-2015 17:55:59.115,Si79500BA6,12/29/2015 17:55:59,0,5,206.0000,15.0000,241.0000,15.0000
29-12-2015 17:55:59.116,Si79500BA6,12/29/2015 17:55:59,1,5,152.0000,200.0000,322.0000,200.0000
29-12-2015 17:55:59.116,Si79500BA6,12/29/2015 17:55:59,2,5,3.0000,100.0000,500000.0000,1.0000
29-12-2015 17:56:41.808,Si79500BA6,12/29/2015 17:56:41,0,5,206.0000,15.0000,236.0000,15.0000
29-12-2015 17:56:41.809,Si79500BA6,12/29/2015 17:56:41,1,5,152.0000,200.0000,322.0000,200.0000
29-12-2015 17:56:41.809,Si79500BA6,12/29/2015 17:56:41,2,5,3.0000,100.0000,500000.0000,1.0000
29-12-2015 17:59:11.594,Si79500BA6,12/29/2015 17:59:11,0,5,206.0000,15.0000,241.0000,15.0000
29-12-2015 17:59:11.594,Si79500BA6,12/29/2015 17:59:11,1,5,152.0000,200.0000,322.0000,200.0000
29-12-2015 17:59:11.594,Si79500BA6,12/29/2015 17:59:11,2,5,3.0000,100.0000,500000.0000,1.0000
29-12-2015 17:59:46.335,Si79500BA6,12/29/2015 17:59:46,0,4,152.0000,200.0000,322.0000,200.0000
29-12-2015 17:59:46.336,Si79500BA6,12/29/2015 17:59:46,1,4,3.0000,100.0000,500000.0000,1.0000
29-12-2015 17:59:46.336,Si79500BA6,12/29/2015 17:59:46,2,4,2.0000,100.0000,0.0000,0.0000
29-12-2015 18:00:12.202,Si79500BA6,12/29/2015 18:00:12,0,5,209.0000,15.0000,240.0000,15.0000
29-12-2015 18:00:12.203,Si79500BA6,12/29/2015 18:00:12,1,5,152.0000,200.0000,322.0000,200.0000
29-12-2015 18:00:12.204,Si79500BA6,12/29/2015 18:00:12,2,5,3.0000,100.0000,500000.0000,1.0000
29-12-2015 18:01:54.725,Si79500BA6,12/29/2015 18:01:54,0,5,209.0000,15.0000,245.0000,15.0000
29-12-2015 18:01:54.725,Si79500BA6,12/29/2015 18:01:54,1,5,152.0000,200.0000,322.0000,200.0000
29-12-2015 18:01:54.726,Si79500BA6,12/29/2015 18:01:54,2,5,3.0000,100.0000,500000.0000,1.0000
29-12-2015 18:03:14.962,Si79500BA6,12/29/2015 18:03:14,0,5,214.0000,15.0000,245.0000,15.0000
29-12-2015 18:03:14.963,Si79500BA6,12/29/2015 18:03:14,1,5,152.0000,200.0000,322.0000,200.0000
29-12-2015 18:03:14.963,Si79500BA6,12/29/2015 18:03:14,2,5,3.0000,100.0000,500000.0000,1.0000
29-12-2015 18:06:29.250,Si79500BA6,12/29/2015 18:06:29,0,5,214.0000,15.0000,250.0000,15.0000
29-12-2015 18:06:29.251,Si79500BA6,12/29/2015 18:06:29,1,5,152.0000,200.0000,322.0000,200.0000
29-12-2015 18:06:29.251,Si79500BA6,12/29/2015 18:06:29,2,5,3.0000,100.0000,500000.0000,1.0000
29-12-2015 18:06:54.448,Si79500BA6,12/29/2015 18:06:54,0,5,219.0000,15.0000,250.0000,15.0000
29-12-2015 18:06:54.449,Si79500BA6,12/29/2015 18:06:54,1,5,152.0000,200.0000,322.0000,200.0000
29-12-2015 18:06:54.449,Si79500BA6,12/29/2015 18:06:54,2,5,3.0000,100.0000,500000.0000,1.0000
29-12-2015 18:07:03.245,Si79500BA6,12/29/2015 18:07:03,0,5,213.0000,15.0000,244.0000,15.0000
29-12-2015 18:07:03.245,Si79500BA6,12/29/2015 18:07:03,1,5,152.0000,200.0000,322.0000,200.0000
29-12-2015 18:07:03.245,Si79500BA6,12/29/2015 18:07:03,2,5,3.0000,100.0000,500000.0000,1.0000
29-12-2015 18:07:27.977,Si79500BA6,12/29/2015 18:07:27,0,5,213.0000,15.0000,249.0000,15.0000
29-12-2015 18:07:27.979,Si79500BA6,12/29/2015 18:07:27,1,5,152.0000,200.0000,322.0000,200.0000
29-12-2015 18:07:27.979,Si79500BA6,12/29/2015 18:07:27,2,5,3.0000,100.0000,500000.0000,1.0000
29-12-2015 18:13:51.400,Si79500BA6,12/29/2015 18:13:51,0,5,213.0000,15.0000,244.0000,15.0000
29-12-2015 18:13:51.400,Si79500BA6,12/29/2015 18:13:51,1,5,152.0000,200.0000,322.0000,200.0000
29-12-2015 18:13:51.400,Si79500BA6,12/29/2015 18:13:51,2,5,3.0000,100.0000,500000.0000,1.0000
29-12-2015 18:14:27.505,Si79500BA6,12/29/2015 18:14:27,0,5,213.0000,15.0000,249.0000,15.0000
29-12-2015 18:14:27.506,Si79500BA6,12/29/2015 18:14:27,1,5,152.0000,200.0000,322.0000,200.0000
29-12-2015 18:14:27.506,Si79500BA6,12/29/2015 18:14:27,2,5,3.0000,100.0000,500000.0000,1.0000
29-12-2015 18:14:28.049,Si79500BA6,12/29/2015 18:14:28,0,5,218.0000,15.0000,249.0000,15.0000
29-12-2015 18:14:28.050,Si79500BA6,12/29/2015 18:14:28,1,5,152.0000,200.0000,322.0000,200.0000
29-12-2015 18:14:28.050,Si79500BA6,12/29/2015 18:14:28,2,5,3.0000,100.0000,500000.0000,1.0000
29-12-2015 18:16:24.904,Si79500BA6,12/29/2015 18:16:24,0,5,213.0000,15.0000,249.0000,15.0000
29-12-2015 18:16:24.905,Si79500BA6,12/29/2015 18:16:24,1,5,152.0000,200.0000,322.0000,200.0000
29-12-2015 18:16:24.905,Si79500BA6,12/29/2015 18:16:24,2,5,3.0000,100.0000,500000.0000,1.0000
29-12-2015 18:16:25.256,Si79500BA6,12/29/2015 18:16:25,0,5,213.0000,15.0000,244.0000,15.0000
29-12-2015 18:16:25.256,Si79500BA6,12/29/2015 18:16:25,1,5,152.0000,200.0000,322.0000,200.0000
29-12-2015 18:16:25.257,Si79500BA6,12/29/2015 18:16:25,2,5,3.0000,100.0000,500000.0000,1.0000
29-12-2015 18:17:23.481,Si79500BA6,12/29/2015 18:17:23,0,5,208.0000,15.0000,244.0000,15.0000
29-12-2015 18:17:23.482,Si79500BA6,12/29/2015 18:17:23,1,5,152.0000,200.0000,322.0000,200.0000
29-12-2015 18:17:23.482,Si79500BA6,12/29/2015 18:17:23,2,5,3.0000,100.0000,500000.0000,1.0000
29-12-2015 18:17:29.696,Si79500BA6,12/29/2015 18:17:29,0,5,208.0000,15.0000,239.0000,15.0000
29-12-2015 18:17:29.696,Si79500BA6,12/29/2015 18:17:29,1,5,152.0000,200.0000,322.0000,200.0000
29-12-2015 18:17:29.696,Si79500BA6,12/29/2015 18:17:29,2,5,3.0000,100.0000,500000.0000,1.0000
29-12-2015 18:18:58.857,Si79500BA6,12/29/2015 18:18:58,0,5,208.0000,15.0000,244.0000,15.0000
29-12-2015 18:18:58.858,Si79500BA6,12/29/2015 18:18:58,1,5,152.0000,200.0000,322.0000,200.0000
29-12-2015 18:18:58.858,Si79500BA6,12/29/2015 18:18:58,2,5,3.0000,100.0000,500000.0000,1.0000
29-12-2015 18:20:46.923,Si79500BA6,12/29/2015 18:20:46,0,5,208.0000,15.0000,239.0000,15.0000
29-12-2015 18:20:46.923,Si79500BA6,12/29/2015 18:20:46,1,5,152.0000,200.0000,322.0000,200.0000
29-12-2015 18:20:46.924,Si79500BA6,12/29/2015 18:20:46,2,5,3.0000,100.0000,500000.0000,1.0000
29-12-2015 18:21:18.380,Si79500BA6,12/29/2015 18:21:18,0,5,203.0000,15.0000,234.0000,15.0000
29-12-2015 18:21:18.380,Si79500BA6,12/29/2015 18:21:18,1,5,152.0000,200.0000,322.0000,200.0000
29-12-2015 18:21:18.381,Si79500BA6,12/29/2015 18:21:18,2,5,3.0000,100.0000,500000.0000,1.0000
29-12-2015 18:22:17.306,Si79500BA6,12/29/2015 18:22:17,0,5,198.0000,15.0000,234.0000,15.0000
29-12-2015 18:22:17.306,Si79500BA6,12/29/2015 18:22:17,1,5,152.0000,200.0000,322.0000,200.0000
29-12-2015 18:22:17.306,Si79500BA6,12/29/2015 18:22:17,2,5,3.0000,100.0000,500000.0000,1.0000
29-12-2015 18:23:56.845,Si79500BA6,12/29/2015 18:23:56,0,5,198.0000,15.0000,229.0000,15.0000
29-12-2015 18:23:56.845,Si79500BA6,12/29/2015 18:23:56,1,5,152.0000,200.0000,322.0000,200.0000
29-12-2015 18:23:56.845,Si79500BA6,12/29/2015 18:23:56,2,5,3.0000,100.0000,500000.0000,1.0000
29-12-2015 18:25:05.857,Si79500BA6,12/29/2015 18:25:05,0,4,152.0000,200.0000,322.0000,200.0000
29-12-2015 18:25:05.857,Si79500BA6,12/29/2015 18:25:05,1,4,3.0000,100.0000,500000.0000,1.0000
29-12-2015 18:25:05.858,Si79500BA6,12/29/2015 18:25:05,2,4,2.0000,100.0000,0.0000,0.0000
29-12-2015 18:25:05.961,Si79500BA6,12/29/2015 18:25:05,0,5,194.0000,15.0000,225.0000,15.0000
29-12-2015 18:25:05.962,Si79500BA6,12/29/2015 18:25:05,1,5,152.0000,200.0000,322.0000,200.0000
29-12-2015 18:25:05.962,Si79500BA6,12/29/2015 18:25:05,2,5,3.0000,100.0000,500000.0000,1.0000
29-12-2015 18:26:45.566,Si79500BA6,12/29/2015 18:26:45,0,6,194.0000,15.0000,225.0000,15.0000
29-12-2015 18:26:45.567,Si79500BA6,12/29/2015 18:26:45,1,6,190.0000,1.0000,322.0000,200.0000
29-12-2015 18:26:45.567,Si79500BA6,12/29/2015 18:26:45,2,6,152.0000,200.0000,500000.0000,1.0000
29-12-2015 18:27:12.851,Si79500BA6,12/29/2015 18:27:12,0,7,194.0000,15.0000,225.0000,15.0000
29-12-2015 18:27:12.851,Si79500BA6,12/29/2015 18:27:12,1,7,190.0000,1.0000,322.0000,200.0000
29-12-2015 18:27:12.852,Si79500BA6,12/29/2015 18:27:12,2,7,185.0000,1.0000,500000.0000,1.0000
29-12-2015 18:27:38.590,Si79500BA6,12/29/2015 18:27:38,0,8,194.0000,15.0000,225.0000,15.0000
29-12-2015 18:27:38.591,Si79500BA6,12/29/2015 18:27:38,1,8,190.0000,1.0000,322.0000,200.0000
29-12-2015 18:27:38.591,Si79500BA6,12/29/2015 18:27:38,2,8,185.0000,1.0000,500000.0000,1.0000
29-12-2015 18:28:09.464,Si79500BA6,12/29/2015 18:28:09,0,9,194.0000,15.0000,225.0000,15.0000
29-12-2015 18:28:09.464,Si79500BA6,12/29/2015 18:28:09,1,9,190.0000,1.0000,322.0000,200.0000
29-12-2015 18:28:09.465,Si79500BA6,12/29/2015 18:28:09,2,9,185.0000,1.0000,500000.0000,1.0000
29-12-2015 18:28:50.365,Si79500BA6,12/29/2015 18:28:50,0,9,190.0000,1.0000,225.0000,15.0000
29-12-2015 18:28:50.367,Si79500BA6,12/29/2015 18:28:50,1,9,189.0000,15.0000,322.0000,200.0000
29-12-2015 18:28:50.367,Si79500BA6,12/29/2015 18:28:50,2,9,185.0000,1.0000,500000.0000,1.0000
29-12-2015 18:28:50.470,Si79500BA6,12/29/2015 18:28:50,0,9,190.0000,1.0000,220.0000,15.0000
29-12-2015 18:28:50.471,Si79500BA6,12/29/2015 18:28:50,1,9,189.0000,15.0000,322.0000,200.0000
29-12-2015 18:28:50.472,Si79500BA6,12/29/2015 18:28:50,2,9,185.0000,1.0000,500000.0000,1.0000
29-12-2015 18:28:59.773,Si79500BA6,12/29/2015 18:28:59,0,10,195.0000,1.0000,220.0000,15.0000
29-12-2015 18:28:59.774,Si79500BA6,12/29/2015 18:28:59,1,10,190.0000,1.0000,322.0000,200.0000
29-12-2015 18:28:59.775,Si79500BA6,12/29/2015 18:28:59,2,10,189.0000,15.0000,500000.0000,1.0000
29-12-2015 18:30:01.067,Si79500BA6,12/29/2015 18:30:01,0,9,195.0000,1.0000,322.0000,200.0000
29-12-2015 18:30:01.068,Si79500BA6,12/29/2015 18:30:01,1,9,190.0000,1.0000,500000.0000,1.0000
29-12-2015 18:30:01.068,Si79500BA6,12/29/2015 18:30:01,2,9,185.0000,1.0000,0.0000,0.0000
29-12-2015 18:30:23.210,Si79500BA6,12/29/2015 18:30:23,0,10,195.0000,1.0000,218.0000,15.0000
29-12-2015 18:30:23.210,Si79500BA6,12/29/2015 18:30:23,1,10,190.0000,1.0000,322.0000,200.0000
29-12-2015 18:30:23.210,Si79500BA6,12/29/2015 18:30:23,2,10,186.0000,15.0000,500000.0000,1.0000
29-12-2015 18:30:40.992,Si79500BA6,12/29/2015 18:30:40,0,11,195.0000,1.0000,218.0000,15.0000
29-12-2015 18:30:40.992,Si79500BA6,12/29/2015 18:30:40,1,11,190.0000,1.0000,322.0000,200.0000
29-12-2015 18:30:40.992,Si79500BA6,12/29/2015 18:30:40,2,11,186.0000,15.0000,500000.0000,1.0000
29-12-2015 18:30:57.347,Si79500BA6,12/29/2015 18:30:57,0,11,195.0000,1.0000,213.0000,15.0000
29-12-2015 18:30:57.347,Si79500BA6,12/29/2015 18:30:57,1,11,190.0000,1.0000,322.0000,200.0000
29-12-2015 18:30:57.348,Si79500BA6,12/29/2015 18:30:57,2,11,186.0000,15.0000,500000.0000,1.0000
29-12-2015 18:31:26.003,Si79500BA6,12/29/2015 18:31:26,0,11,195.0000,1.0000,213.0000,15.0000
29-12-2015 18:31:26.003,Si79500BA6,12/29/2015 18:31:26,1,11,190.0000,1.0000,322.0000,200.0000
29-12-2015 18:31:26.004,Si79500BA6,12/29/2015 18:31:26,2,11,185.0000,1.0000,500000.0000,1.0000
29-12-2015 18:32:17.763,Si79500BA6,12/29/2015 18:32:17,0,11,195.0000,1.0000,213.0000,15.0000
29-12-2015 18:32:17.764,Si79500BA6,12/29/2015 18:32:17,1,11,190.0000,1.0000,322.0000,200.0000
29-12-2015 18:32:17.764,Si79500BA6,12/29/2015 18:32:17,2,11,186.0000,15.0000,500000.0000,1.0000
29-12-2015 18:32:26.763,Si79500BA6,12/29/2015 18:32:26,0,11,195.0000,1.0000,218.0000,15.0000
29-12-2015 18:32:26.763,Si79500BA6,12/29/2015 18:32:26,1,11,190.0000,1.0000,322.0000,200.0000
29-12-2015 18:32:26.763,Si79500BA6,12/29/2015 18:32:26,2,11,186.0000,15.0000,500000.0000,1.0000
29-12-2015 18:32:59.860,Si79500BA6,12/29/2015 18:32:59,0,11,195.0000,1.0000,218.0000,15.0000
29-12-2015 18:32:59.861,Si79500BA6,12/29/2015 18:32:59,1,11,191.0000,15.0000,322.0000,200.0000
29-12-2015 18:32:59.862,Si79500BA6,12/29/2015 18:32:59,2,11,190.0000,1.0000,500000.0000,1.0000
29-12-2015 18:32:59.997,Si79500BA6,12/29/2015 18:32:59,0,11,195.0000,1.0000,223.0000,15.0000
29-12-2015 18:32:59.997,Si79500BA6,12/29/2015 18:32:59,1,11,191.0000,15.0000,322.0000,200.0000
29-12-2015 18:32:59.997,Si79500BA6,12/29/2015 18:32:59,2,11,190.0000,1.0000,500000.0000,1.0000
29-12-2015 18:33:16.296,Si79500BA6,12/29/2015 18:33:16,0,11,195.0000,1.0000,223.0000,15.0000
29-12-2015 18:33:16.296,Si79500BA6,12/29/2015 18:33:16,1,11,191.0000,15.0000,322.0000,200.0000
29-12-2015 18:33:16.296,Si79500BA6,12/29/2015 18:33:16,2,11,190.0000,1.0000,350.0000,3.0000
29-12-2015 18:35:55.991,Si79500BA6,12/29/2015 18:35:55,0,11,195.0000,1.0000,218.0000,15.0000
29-12-2015 18:35:55.993,Si79500BA6,12/29/2015 18:35:55,1,11,191.0000,15.0000,322.0000,200.0000
29-12-2015 18:35:55.994,Si79500BA6,12/29/2015 18:35:55,2,11,190.0000,1.0000,350.0000,3.0000
29-12-2015 18:35:56.785,Si79500BA6,12/29/2015 18:35:56,0,11,195.0000,1.0000,218.0000,15.0000
29-12-2015 18:35:56.785,Si79500BA6,12/29/2015 18:35:56,1,11,190.0000,1.0000,322.0000,200.0000
29-12-2015 18:35:56.786,Si79500BA6,12/29/2015 18:35:56,2,11,186.0000,15.0000,350.0000,3.0000
29-12-2015 18:37:51.677,Si79500BA6,12/29/2015 18:37:51,0,11,195.0000,1.0000,213.0000,15.0000
29-12-2015 18:37:51.678,Si79500BA6,12/29/2015 18:37:51,1,11,190.0000,1.0000,322.0000,200.0000
29-12-2015 18:37:51.678,Si79500BA6,12/29/2015 18:37:51,2,11,186.0000,15.0000,350.0000,3.0000
29-12-2015 18:38:01.758,Si79500BA6,12/29/2015 18:38:01,0,11,195.0000,1.0000,213.0000,15.0000
29-12-2015 18:38:01.758,Si79500BA6,12/29/2015 18:38:01,1,11,190.0000,1.0000,322.0000,200.0000
29-12-2015 18:38:01.759,Si79500BA6,12/29/2015 18:38:01,2,11,185.0000,1.0000,350.0000,3.0000
29-12-2015 18:40:29.943,Si79500BA6,12/29/2015 18:40:29,0,11,195.0000,1.0000,213.0000,15.0000
29-12-2015 18:40:29.943,Si79500BA6,12/29/2015 18:40:29,1,11,190.0000,1.0000,322.0000,200.0000
29-12-2015 18:40:29.944,Si79500BA6,12/29/2015 18:40:29,2,11,186.0000,15.0000,350.0000,3.0000
29-12-2015 18:40:34.477,Si79500BA6,12/29/2015 18:40:34,0,11,195.0000,1.0000,218.0000,15.0000
29-12-2015 18:40:34.478,Si79500BA6,12/29/2015 18:40:34,1,11,190.0000,1.0000,322.0000,200.0000
29-12-2015 18:40:34.478,Si79500BA6,12/29/2015 18:40:34,2,11,186.0000,15.0000,350.0000,3.0000
29-12-2015 18:41:27.413,Si79500BA6,12/29/2015 18:41:27,0,11,195.0000,1.0000,220.0000,15.0000
29-12-2015 18:41:27.413,Si79500BA6,12/29/2015 18:41:27,1,11,190.0000,1.0000,322.0000,200.0000
29-12-2015 18:41:27.414,Si79500BA6,12/29/2015 18:41:27,2,11,189.0000,15.0000,350.0000,3.0000
29-12-2015 18:42:36.751,Si79500BA6,12/29/2015 18:42:36,0,11,195.0000,1.0000,225.0000,15.0000
29-12-2015 18:42:36.751,Si79500BA6,12/29/2015 18:42:36,1,11,190.0000,1.0000,322.0000,200.0000
29-12-2015 18:42:36.752,Si79500BA6,12/29/2015 18:42:36,2,11,189.0000,15.0000,350.0000,3.0000
29-12-2015 18:43:01.430,Si79500BA6,12/29/2015 18:43:01,0,11,195.0000,1.0000,220.0000,15.0000
29-12-2015 18:43:01.430,Si79500BA6,12/29/2015 18:43:01,1,11,190.0000,1.0000,322.0000,200.0000
29-12-2015 18:43:01.431,Si79500BA6,12/29/2015 18:43:01,2,11,189.0000,15.0000,350.0000,3.0000
29-12-2015 18:44:21.608,Si79500BA6,12/29/2015 18:44:21,0,11,195.0000,1.0000,220.0000,15.0000
29-12-2015 18:44:21.608,Si79500BA6,12/29/2015 18:44:21,1,11,190.0000,1.0000,322.0000,200.0000
29-12-2015 18:44:21.608,Si79500BA6,12/29/2015 18:44:21,2,11,185.0000,1.0000,350.0000,3.0000
29-12-2015 18:44:41.877,Si79500BA6,12/29/2015 18:44:41,0,10,195.0000,1.0000,220.0000,15.0000
29-12-2015 18:44:41.877,Si79500BA6,12/29/2015 18:44:41,1,10,190.0000,1.0000,350.0000,3.0000
29-12-2015 18:44:41.877,Si79500BA6,12/29/2015 18:44:41,2,10,185.0000,1.0000,500000.0000,1.0000
29-12-2015 18:44:49.419,Si79500BA6,12/29/2015 18:44:49,0,10,195.0000,1.0000,215.0000,15.0000
29-12-2015 18:44:49.419,Si79500BA6,12/29/2015 18:44:49,1,10,190.0000,1.0000,350.0000,3.0000
29-12-2015 18:44:49.419,Si79500BA6,12/29/2015 18:44:49,2,10,185.0000,1.0000,500000.0000,1.0000
29-12-2015 18:44:51.284,Si79500BA6,12/29/2015 18:44:51,0,9,195.0000,1.0000,350.0000,3.0000
29-12-2015 18:44:51.284,Si79500BA6,12/29/2015 18:44:51,1,9,190.0000,1.0000,500000.0000,1.0000
29-12-2015 18:44:51.284,Si79500BA6,12/29/2015 18:44:51,2,9,185.0000,1.0000,0.0000,0.0000
29-12-2015 18:52:14.670,Si79500BA6,12/29/2015 18:52:14,0,2,155.0000,5.0000,350.0000,3.0000
29-12-2015 18:52:14.671,Si79500BA6,12/29/2015 18:52:14,1,2,2.0000,100.0000,0.0000,0.0000
29-12-2015 19:00:05.134,Si79500BA6,12/29/2015 19:00:05,0,3,181.0000,15.0000,213.0000,15.0000
29-12-2015 19:00:05.134,Si79500BA6,12/29/2015 19:00:05,1,3,155.0000,5.0000,350.0000,3.0000
29-12-2015 19:00:05.134,Si79500BA6,12/29/2015 19:00:05,2,3,2.0000,100.0000,0.0000,0.0000
29-12-2015 19:00:05.319,Si79500BA6,12/29/2015 19:00:05,0,4,181.0000,15.0000,213.0000,15.0000
29-12-2015 19:00:05.320,Si79500BA6,12/29/2015 19:00:05,1,4,155.0000,5.0000,350.0000,3.0000
29-12-2015 19:00:05.320,Si79500BA6,12/29/2015 19:00:05,2,4,2.0000,100.0000,0.0000,0.0000
29-12-2015 19:00:41.331,Si79500BA6,12/29/2015 19:00:41,0,5,195.0000,1.0000,213.0000,15.0000
29-12-2015 19:00:41.331,Si79500BA6,12/29/2015 19:00:41,1,5,181.0000,15.0000,350.0000,3.0000
29-12-2015 19:00:41.332,Si79500BA6,12/29/2015 19:00:41,2,5,155.0000,5.0000,0.0000,0.0000
29-12-2015 19:01:01.419,Si79500BA6,12/29/2015 19:01:01,0,6,195.0000,1.0000,213.0000,15.0000
29-12-2015 19:01:01.419,Si79500BA6,12/29/2015 19:01:01,1,6,190.0000,1.0000,350.0000,3.0000
29-12-2015 19:01:01.420,Si79500BA6,12/29/2015 19:01:01,2,6,181.0000,15.0000,0.0000,0.0000
29-12-2015 19:01:21.819,Si79500BA6,12/29/2015 19:01:21,0,7,195.0000,1.0000,213.0000,15.0000
29-12-2015 19:01:21.820,Si79500BA6,12/29/2015 19:01:21,1,7,190.0000,1.0000,350.0000,3.0000
29-12-2015 19:01:21.820,Si79500BA6,12/29/2015 19:01:21,2,7,185.0000,1.0000,0.0000,0.0000
