29-12-2015 10:12:30.934,Si74750BA6,12/29/2015 10:12:30,0,5,913.0000,6.0000,1153.0000,6.0000
29-12-2015 10:12:30.935,Si74750BA6,12/29/2015 10:12:30,1,5,843.0000,20.0000,500000.0000,1.0000
29-12-2015 10:12:30.935,Si74750BA6,12/29/2015 10:12:30,2,5,800.0000,2.0000,0.0000,0.0000
29-12-2015 10:12:41.052,Si74750BA6,12/29/2015 10:12:41,0,5,930.0000,6.0000,1170.0000,6.0000
29-12-2015 10:12:41.052,Si74750BA6,12/29/2015 10:12:41,1,5,843.0000,20.0000,500000.0000,1.0000
29-12-2015 10:12:41.053,Si74750BA6,12/29/2015 10:12:41,2,5,800.0000,2.0000,0.0000,0.0000
29-12-2015 10:12:43.285,Si74750BA6,12/29/2015 10:12:43,0,5,930.0000,6.0000,1170.0000,6.0000
29-12-2015 10:12:43.285,Si74750BA6,12/29/2015 10:12:43,1,5,859.0000,20.0000,500000.0000,1.0000
29-12-2015 10:12:43.287,Si74750BA6,12/29/2015 10:12:43,2,5,809.0000,25.0000,0.0000,0.0000
29-12-2015 10:12:59.652,Si74750BA6,12/29/2015 10:12:59,0,5,930.0000,6.0000,1170.0000,6.0000
29-12-2015 10:12:59.653,Si74750BA6,12/29/2015 10:12:59,1,5,843.0000,20.0000,500000.0000,1.0000
29-12-2015 10:12:59.653,Si74750BA6,12/29/2015 10:12:59,2,5,800.0000,2.0000,0.0000,0.0000
29-12-2015 10:13:18.408,Si74750BA6,12/29/2015 10:13:18,0,5,915.0000,6.0000,1155.0000,6.0000
29-12-2015 10:13:18.409,Si74750BA6,12/29/2015 10:13:18,1,5,843.0000,20.0000,500000.0000,1.0000
29-12-2015 10:13:18.409,Si74750BA6,12/29/2015 10:13:18,2,5,800.0000,2.0000,0.0000,0.0000
29-12-2015 10:13:20.230,Si74750BA6,12/29/2015 10:13:20,0,5,915.0000,6.0000,1155.0000,6.0000
29-12-2015 10:13:20.230,Si74750BA6,12/29/2015 10:13:20,1,5,827.0000,20.0000,500000.0000,1.0000
29-12-2015 10:13:20.231,Si74750BA6,12/29/2015 10:13:20,2,5,800.0000,2.0000,0.0000,0.0000
29-12-2015 10:13:20.281,Si74750BA6,12/29/2015 10:13:20,0,5,915.0000,6.0000,1155.0000,6.0000
29-12-2015 10:13:20.282,Si74750BA6,12/29/2015 10:13:20,1,5,827.0000,20.0000,500000.0000,1.0000
29-12-2015 10:13:20.282,Si74750BA6,12/29/2015 10:13:20,2,5,800.0000,2.0000,0.0000,0.0000
29-12-2015 10:13:54.992,Si74750BA6,12/29/2015 10:13:54,0,5,915.0000,6.0000,1155.0000,6.0000
29-12-2015 10:13:54.992,Si74750BA6,12/29/2015 10:13:54,1,5,844.0000,20.0000,500000.0000,1.0000
29-12-2015 10:13:54.992,Si74750BA6,12/29/2015 10:13:54,2,5,800.0000,2.0000,0.0000,0.0000
29-12-2015 10:13:55.026,Si74750BA6,12/29/2015 10:13:55,0,5,915.0000,6.0000,1155.0000,6.0000
29-12-2015 10:13:55.026,Si74750BA6,12/29/2015 10:13:55,1,5,844.0000,20.0000,500000.0000,1.0000
29-12-2015 10:13:55.026,Si74750BA6,12/29/2015 10:13:55,2,5,800.0000,2.0000,0.0000,0.0000
29-12-2015 10:14:07.966,Si74750BA6,12/29/2015 10:14:07,0,5,915.0000,6.0000,1155.0000,6.0000
29-12-2015 10:14:07.967,Si74750BA6,12/29/2015 10:14:07,1,5,829.0000,20.0000,500000.0000,1.0000
29-12-2015 10:14:07.967,Si74750BA6,12/29/2015 10:14:07,2,5,800.0000,2.0000,0.0000,0.0000
29-12-2015 10:14:07.986,Si74750BA6,12/29/2015 10:14:07,0,5,915.0000,6.0000,1155.0000,6.0000
29-12-2015 10:14:07.986,Si74750BA6,12/29/2015 10:14:07,1,5,829.0000,20.0000,500000.0000,1.0000
29-12-2015 10:14:07.987,Si74750BA6,12/29/2015 10:14:07,2,5,800.0000,2.0000,0.0000,0.0000
29-12-2015 10:14:48.604,Si74750BA6,12/29/2015 10:14:48,0,5,899.0000,6.0000,1139.0000,6.0000
29-12-2015 10:14:48.605,Si74750BA6,12/29/2015 10:14:48,1,5,829.0000,20.0000,500000.0000,1.0000
29-12-2015 10:14:48.605,Si74750BA6,12/29/2015 10:14:48,2,5,800.0000,2.0000,0.0000,0.0000
29-12-2015 10:15:53.141,Si74750BA6,12/29/2015 10:15:53,0,5,914.0000,6.0000,1154.0000,6.0000
29-12-2015 10:15:53.141,Si74750BA6,12/29/2015 10:15:53,1,5,829.0000,20.0000,500000.0000,1.0000
29-12-2015 10:15:53.141,Si74750BA6,12/29/2015 10:15:53,2,5,800.0000,2.0000,0.0000,0.0000
29-12-2015 10:16:09.870,Si74750BA6,12/29/2015 10:16:09,0,5,914.0000,6.0000,1154.0000,6.0000
29-12-2015 10:16:09.870,Si74750BA6,12/29/2015 10:16:09,1,5,846.0000,20.0000,500000.0000,1.0000
29-12-2015 10:16:09.870,Si74750BA6,12/29/2015 10:16:09,2,5,800.0000,2.0000,0.0000,0.0000
29-12-2015 10:16:09.934,Si74750BA6,12/29/2015 10:16:09,0,5,914.0000,6.0000,1154.0000,6.0000
29-12-2015 10:16:09.934,Si74750BA6,12/29/2015 10:16:09,1,5,846.0000,20.0000,500000.0000,1.0000
29-12-2015 10:16:09.935,Si74750BA6,12/29/2015 10:16:09,2,5,800.0000,2.0000,0.0000,0.0000
29-12-2015 10:17:12.473,Si74750BA6,12/29/2015 10:17:12,0,5,914.0000,6.0000,1154.0000,6.0000
29-12-2015 10:17:12.473,Si74750BA6,12/29/2015 10:17:12,1,5,831.0000,20.0000,500000.0000,1.0000
29-12-2015 10:17:12.474,Si74750BA6,12/29/2015 10:17:12,2,5,800.0000,2.0000,0.0000,0.0000
29-12-2015 10:20:23.960,Si74750BA6,12/29/2015 10:20:23,0,5,914.0000,6.0000,1154.0000,6.0000
29-12-2015 10:20:23.960,Si74750BA6,12/29/2015 10:20:23,1,5,847.0000,20.0000,500000.0000,1.0000
29-12-2015 10:20:23.960,Si74750BA6,12/29/2015 10:20:23,2,5,800.0000,2.0000,0.0000,0.0000
29-12-2015 10:20:23.989,Si74750BA6,12/29/2015 10:20:23,0,5,914.0000,6.0000,1154.0000,6.0000
29-12-2015 10:20:23.989,Si74750BA6,12/29/2015 10:20:23,1,5,847.0000,20.0000,500000.0000,1.0000
29-12-2015 10:20:23.990,Si74750BA6,12/29/2015 10:20:23,2,5,800.0000,2.0000,0.0000,0.0000
29-12-2015 10:20:25.231,Si74750BA6,12/29/2015 10:20:25,0,5,930.0000,6.0000,1170.0000,6.0000
29-12-2015 10:20:25.232,Si74750BA6,12/29/2015 10:20:25,1,5,847.0000,20.0000,500000.0000,1.0000
29-12-2015 10:20:25.232,Si74750BA6,12/29/2015 10:20:25,2,5,800.0000,2.0000,0.0000,0.0000
29-12-2015 10:20:39.125,Si74750BA6,12/29/2015 10:20:39,0,5,930.0000,6.0000,1170.0000,6.0000
29-12-2015 10:20:39.126,Si74750BA6,12/29/2015 10:20:39,1,5,862.0000,20.0000,500000.0000,1.0000
29-12-2015 10:20:39.126,Si74750BA6,12/29/2015 10:20:39,2,5,812.0000,25.0000,0.0000,0.0000
29-12-2015 10:21:16.496,Si74750BA6,12/29/2015 10:21:16,0,5,930.0000,6.0000,1170.0000,6.0000
29-12-2015 10:21:16.497,Si74750BA6,12/29/2015 10:21:16,1,5,846.0000,20.0000,500000.0000,1.0000
29-12-2015 10:21:16.497,Si74750BA6,12/29/2015 10:21:16,2,5,800.0000,2.0000,0.0000,0.0000
29-12-2015 10:25:07.684,Si74750BA6,12/29/2015 10:25:07,0,5,930.0000,6.0000,1170.0000,6.0000
29-12-2015 10:25:07.685,Si74750BA6,12/29/2015 10:25:07,1,5,861.0000,20.0000,500000.0000,1.0000
29-12-2015 10:25:07.685,Si74750BA6,12/29/2015 10:25:07,2,5,811.0000,25.0000,0.0000,0.0000
29-12-2015 10:25:13.716,Si74750BA6,12/29/2015 10:25:13,0,5,946.0000,6.0000,1186.0000,6.0000
29-12-2015 10:25:13.716,Si74750BA6,12/29/2015 10:25:13,1,5,861.0000,20.0000,500000.0000,1.0000
29-12-2015 10:25:13.717,Si74750BA6,12/29/2015 10:25:13,2,5,811.0000,25.0000,0.0000,0.0000
29-12-2015 10:26:06.904,Si74750BA6,12/29/2015 10:26:06,0,5,931.0000,6.0000,1171.0000,6.0000
29-12-2015 10:26:06.904,Si74750BA6,12/29/2015 10:26:06,1,5,861.0000,20.0000,500000.0000,1.0000
29-12-2015 10:26:06.904,Si74750BA6,12/29/2015 10:26:06,2,5,811.0000,25.0000,0.0000,0.0000
29-12-2015 10:26:37.662,Si74750BA6,12/29/2015 10:26:37,0,5,931.0000,6.0000,1171.0000,6.0000
29-12-2015 10:26:37.663,Si74750BA6,12/29/2015 10:26:37,1,5,846.0000,20.0000,500000.0000,1.0000
29-12-2015 10:26:37.663,Si74750BA6,12/29/2015 10:26:37,2,5,811.0000,25.0000,0.0000,0.0000
29-12-2015 10:26:37.699,Si74750BA6,12/29/2015 10:26:37,0,5,931.0000,6.0000,1171.0000,6.0000
29-12-2015 10:26:37.700,Si74750BA6,12/29/2015 10:26:37,1,5,846.0000,20.0000,500000.0000,1.0000
29-12-2015 10:26:37.700,Si74750BA6,12/29/2015 10:26:37,2,5,800.0000,2.0000,0.0000,0.0000
29-12-2015 10:29:54.424,Si74750BA6,12/29/2015 10:29:54,0,5,931.0000,6.0000,1171.0000,6.0000
29-12-2015 10:29:54.425,Si74750BA6,12/29/2015 10:29:54,1,5,863.0000,20.0000,500000.0000,1.0000
29-12-2015 10:29:54.425,Si74750BA6,12/29/2015 10:29:54,2,5,800.0000,2.0000,0.0000,0.0000
29-12-2015 10:29:54.466,Si74750BA6,12/29/2015 10:29:54,0,5,931.0000,6.0000,1171.0000,6.0000
29-12-2015 10:29:54.467,Si74750BA6,12/29/2015 10:29:54,1,5,863.0000,20.0000,500000.0000,1.0000
29-12-2015 10:29:54.467,Si74750BA6,12/29/2015 10:29:54,2,5,813.0000,25.0000,0.0000,0.0000
29-12-2015 10:30:12.995,Si74750BA6,12/29/2015 10:30:12,0,5,948.0000,6.0000,1188.0000,6.0000
29-12-2015 10:30:12.995,Si74750BA6,12/29/2015 10:30:12,1,5,863.0000,20.0000,500000.0000,1.0000
29-12-2015 10:30:12.995,Si74750BA6,12/29/2015 10:30:12,2,5,813.0000,25.0000,0.0000,0.0000
29-12-2015 10:32:11.391,Si74750BA6,12/29/2015 10:32:11,0,5,948.0000,6.0000,1188.0000,6.0000
29-12-2015 10:32:11.391,Si74750BA6,12/29/2015 10:32:11,1,5,878.0000,20.0000,500000.0000,1.0000
29-12-2015 10:32:11.392,Si74750BA6,12/29/2015 10:32:11,2,5,813.0000,25.0000,0.0000,0.0000
29-12-2015 10:32:11.421,Si74750BA6,12/29/2015 10:32:11,0,5,948.0000,6.0000,1188.0000,6.0000
29-12-2015 10:32:11.421,Si74750BA6,12/29/2015 10:32:11,1,5,878.0000,20.0000,500000.0000,1.0000
29-12-2015 10:32:11.421,Si74750BA6,12/29/2015 10:32:11,2,5,828.0000,25.0000,0.0000,0.0000
29-12-2015 10:32:30.797,Si74750BA6,12/29/2015 10:32:30,0,5,948.0000,6.0000,1188.0000,6.0000
29-12-2015 10:32:30.797,Si74750BA6,12/29/2015 10:32:30,1,5,863.0000,20.0000,500000.0000,1.0000
29-12-2015 10:32:30.798,Si74750BA6,12/29/2015 10:32:30,2,5,828.0000,25.0000,0.0000,0.0000
29-12-2015 10:32:30.810,Si74750BA6,12/29/2015 10:32:30,0,5,948.0000,6.0000,1188.0000,6.0000
29-12-2015 10:32:30.810,Si74750BA6,12/29/2015 10:32:30,1,5,863.0000,20.0000,500000.0000,1.0000
29-12-2015 10:32:30.810,Si74750BA6,12/29/2015 10:32:30,2,5,813.0000,25.0000,0.0000,0.0000
29-12-2015 10:35:08.162,Si74750BA6,12/29/2015 10:35:08,0,5,930.0000,6.0000,1170.0000,6.0000
29-12-2015 10:35:08.162,Si74750BA6,12/29/2015 10:35:08,1,5,863.0000,20.0000,500000.0000,1.0000
29-12-2015 10:35:08.162,Si74750BA6,12/29/2015 10:35:08,2,5,813.0000,25.0000,0.0000,0.0000
29-12-2015 10:35:09.331,Si74750BA6,12/29/2015 10:35:09,0,5,930.0000,6.0000,1170.0000,6.0000
29-12-2015 10:35:09.332,Si74750BA6,12/29/2015 10:35:09,1,5,848.0000,20.0000,500000.0000,1.0000
29-12-2015 10:35:09.332,Si74750BA6,12/29/2015 10:35:09,2,5,800.0000,2.0000,0.0000,0.0000
29-12-2015 10:36:50.921,Si74750BA6,12/29/2015 10:36:50,0,5,930.0000,6.0000,1170.0000,6.0000
29-12-2015 10:36:50.921,Si74750BA6,12/29/2015 10:36:50,1,5,864.0000,20.0000,500000.0000,1.0000
29-12-2015 10:36:50.922,Si74750BA6,12/29/2015 10:36:50,2,5,800.0000,2.0000,0.0000,0.0000
29-12-2015 10:36:50.925,Si74750BA6,12/29/2015 10:36:50,0,5,930.0000,6.0000,1170.0000,6.0000
29-12-2015 10:36:50.926,Si74750BA6,12/29/2015 10:36:50,1,5,864.0000,20.0000,500000.0000,1.0000
29-12-2015 10:36:50.926,Si74750BA6,12/29/2015 10:36:50,2,5,814.0000,25.0000,0.0000,0.0000
29-12-2015 10:36:53.246,Si74750BA6,12/29/2015 10:36:53,0,5,946.0000,6.0000,1186.0000,6.0000
29-12-2015 10:36:53.247,Si74750BA6,12/29/2015 10:36:53,1,5,864.0000,20.0000,500000.0000,1.0000
29-12-2015 10:36:53.247,Si74750BA6,12/29/2015 10:36:53,2,5,814.0000,25.0000,0.0000,0.0000
29-12-2015 10:38:45.857,Si74750BA6,12/29/2015 10:38:45,0,5,930.0000,6.0000,1170.0000,6.0000
29-12-2015 10:38:45.858,Si74750BA6,12/29/2015 10:38:45,1,5,864.0000,20.0000,500000.0000,1.0000
29-12-2015 10:38:45.858,Si74750BA6,12/29/2015 10:38:45,2,5,814.0000,25.0000,0.0000,0.0000
29-12-2015 10:38:47.750,Si74750BA6,12/29/2015 10:38:47,0,5,930.0000,6.0000,1170.0000,6.0000
29-12-2015 10:38:47.750,Si74750BA6,12/29/2015 10:38:47,1,5,849.0000,20.0000,500000.0000,1.0000
29-12-2015 10:38:47.751,Si74750BA6,12/29/2015 10:38:47,2,5,814.0000,25.0000,0.0000,0.0000
29-12-2015 10:38:47.774,Si74750BA6,12/29/2015 10:38:47,0,5,930.0000,6.0000,1170.0000,6.0000
29-12-2015 10:38:47.774,Si74750BA6,12/29/2015 10:38:47,1,5,849.0000,20.0000,500000.0000,1.0000
29-12-2015 10:38:47.774,Si74750BA6,12/29/2015 10:38:47,2,5,800.0000,2.0000,0.0000,0.0000
29-12-2015 10:45:07.661,Si74750BA6,12/29/2015 10:45:07,0,5,930.0000,6.0000,1170.0000,6.0000
29-12-2015 10:45:07.662,Si74750BA6,12/29/2015 10:45:07,1,5,865.0000,20.0000,500000.0000,1.0000
29-12-2015 10:45:07.662,Si74750BA6,12/29/2015 10:45:07,2,5,800.0000,2.0000,0.0000,0.0000
29-12-2015 10:45:07.750,Si74750BA6,12/29/2015 10:45:07,0,5,930.0000,6.0000,1170.0000,6.0000
29-12-2015 10:45:07.750,Si74750BA6,12/29/2015 10:45:07,1,5,865.0000,20.0000,500000.0000,1.0000
29-12-2015 10:45:07.750,Si74750BA6,12/29/2015 10:45:07,2,5,815.0000,25.0000,0.0000,0.0000
29-12-2015 10:45:08.281,Si74750BA6,12/29/2015 10:45:08,0,5,945.0000,6.0000,1185.0000,6.0000
29-12-2015 10:45:08.281,Si74750BA6,12/29/2015 10:45:08,1,5,865.0000,20.0000,500000.0000,1.0000
29-12-2015 10:45:08.282,Si74750BA6,12/29/2015 10:45:08,2,5,815.0000,25.0000,0.0000,0.0000
29-12-2015 10:48:18.517,Si74750BA6,12/29/2015 10:48:18,0,5,945.0000,6.0000,1185.0000,6.0000
29-12-2015 10:48:18.517,Si74750BA6,12/29/2015 10:48:18,1,5,882.0000,20.0000,500000.0000,1.0000
29-12-2015 10:48:18.518,Si74750BA6,12/29/2015 10:48:18,2,5,815.0000,25.0000,0.0000,0.0000
29-12-2015 10:48:18.526,Si74750BA6,12/29/2015 10:48:18,0,5,945.0000,6.0000,1185.0000,6.0000
29-12-2015 10:48:18.527,Si74750BA6,12/29/2015 10:48:18,1,5,882.0000,20.0000,500000.0000,1.0000
29-12-2015 10:48:18.527,Si74750BA6,12/29/2015 10:48:18,2,5,832.0000,25.0000,0.0000,0.0000
29-12-2015 10:48:18.590,Si74750BA6,12/29/2015 10:48:18,0,5,963.0000,6.0000,1203.0000,6.0000
29-12-2015 10:48:18.591,Si74750BA6,12/29/2015 10:48:18,1,5,882.0000,20.0000,500000.0000,1.0000
29-12-2015 10:48:18.591,Si74750BA6,12/29/2015 10:48:18,2,5,832.0000,25.0000,0.0000,0.0000
29-12-2015 10:48:25.180,Si74750BA6,12/29/2015 10:48:25,0,5,963.0000,6.0000,1203.0000,6.0000
29-12-2015 10:48:25.180,Si74750BA6,12/29/2015 10:48:25,1,5,897.0000,20.0000,500000.0000,1.0000
29-12-2015 10:48:25.180,Si74750BA6,12/29/2015 10:48:25,2,5,847.0000,25.0000,0.0000,0.0000
29-12-2015 10:48:38.066,Si74750BA6,12/29/2015 10:48:38,0,5,979.0000,6.0000,1219.0000,6.0000
29-12-2015 10:48:38.067,Si74750BA6,12/29/2015 10:48:38,1,5,897.0000,20.0000,500000.0000,1.0000
29-12-2015 10:48:38.067,Si74750BA6,12/29/2015 10:48:38,2,5,847.0000,25.0000,0.0000,0.0000
29-12-2015 10:48:51.757,Si74750BA6,12/29/2015 10:48:51,0,4,897.0000,20.0000,500000.0000,1.0000
29-12-2015 10:48:51.758,Si74750BA6,12/29/2015 10:48:51,1,4,847.0000,25.0000,0.0000,0.0000
29-12-2015 10:48:51.758,Si74750BA6,12/29/2015 10:48:51,2,4,800.0000,2.0000,0.0000,0.0000
29-12-2015 10:48:51.857,Si74750BA6,12/29/2015 10:48:51,0,4,897.0000,20.0000,499999.0000,9.0000
29-12-2015 10:48:51.857,Si74750BA6,12/29/2015 10:48:51,1,4,847.0000,25.0000,500000.0000,1.0000
29-12-2015 10:48:51.857,Si74750BA6,12/29/2015 10:48:51,2,4,800.0000,2.0000,0.0000,0.0000
29-12-2015 10:48:52.542,Si74750BA6,12/29/2015 10:48:52,0,4,925.0000,20.0000,499999.0000,9.0000
29-12-2015 10:48:52.542,Si74750BA6,12/29/2015 10:48:52,1,4,875.0000,25.0000,500000.0000,1.0000
29-12-2015 10:48:52.543,Si74750BA6,12/29/2015 10:48:52,2,4,800.0000,2.0000,0.0000,0.0000
29-12-2015 10:48:58.346,Si74750BA6,12/29/2015 10:48:58,0,4,956.0000,20.0000,499999.0000,9.0000
29-12-2015 10:48:58.346,Si74750BA6,12/29/2015 10:48:58,1,4,906.0000,25.0000,500000.0000,1.0000
29-12-2015 10:48:58.346,Si74750BA6,12/29/2015 10:48:58,2,4,800.0000,2.0000,0.0000,0.0000
29-12-2015 10:49:07.267,Si74750BA6,12/29/2015 10:49:07,0,4,939.0000,20.0000,499999.0000,9.0000
29-12-2015 10:49:07.267,Si74750BA6,12/29/2015 10:49:07,1,4,906.0000,25.0000,500000.0000,1.0000
29-12-2015 10:49:07.267,Si74750BA6,12/29/2015 10:49:07,2,4,800.0000,2.0000,0.0000,0.0000
29-12-2015 10:49:07.284,Si74750BA6,12/29/2015 10:49:07,0,4,939.0000,20.0000,499999.0000,9.0000
29-12-2015 10:49:07.284,Si74750BA6,12/29/2015 10:49:07,1,4,889.0000,25.0000,500000.0000,1.0000
29-12-2015 10:49:07.285,Si74750BA6,12/29/2015 10:49:07,2,4,800.0000,2.0000,0.0000,0.0000
29-12-2015 10:49:24.849,Si74750BA6,12/29/2015 10:49:24,0,4,913.0000,20.0000,499999.0000,9.0000
29-12-2015 10:49:24.850,Si74750BA6,12/29/2015 10:49:24,1,4,889.0000,25.0000,500000.0000,1.0000
29-12-2015 10:49:24.850,Si74750BA6,12/29/2015 10:49:24,2,4,800.0000,2.0000,0.0000,0.0000
29-12-2015 10:49:24.897,Si74750BA6,12/29/2015 10:49:24,0,4,913.0000,20.0000,499999.0000,9.0000
29-12-2015 10:49:24.898,Si74750BA6,12/29/2015 10:49:24,1,4,863.0000,25.0000,500000.0000,1.0000
29-12-2015 10:49:24.898,Si74750BA6,12/29/2015 10:49:24,2,4,800.0000,2.0000,0.0000,0.0000
29-12-2015 10:49:51.889,Si74750BA6,12/29/2015 10:49:51,0,4,929.0000,20.0000,499999.0000,9.0000
29-12-2015 10:49:51.889,Si74750BA6,12/29/2015 10:49:51,1,4,863.0000,25.0000,500000.0000,1.0000
29-12-2015 10:49:51.890,Si74750BA6,12/29/2015 10:49:51,2,4,800.0000,2.0000,0.0000,0.0000
29-12-2015 10:49:51.953,Si74750BA6,12/29/2015 10:49:51,0,4,929.0000,20.0000,499999.0000,9.0000
29-12-2015 10:49:51.953,Si74750BA6,12/29/2015 10:49:51,1,4,879.0000,25.0000,500000.0000,1.0000
29-12-2015 10:49:51.954,Si74750BA6,12/29/2015 10:49:51,2,4,800.0000,2.0000,0.0000,0.0000
29-12-2015 10:51:08.047,Si74750BA6,12/29/2015 10:51:08,0,4,948.0000,20.0000,499999.0000,9.0000
29-12-2015 10:51:08.047,Si74750BA6,12/29/2015 10:51:08,1,4,898.0000,25.0000,500000.0000,1.0000
29-12-2015 10:51:08.047,Si74750BA6,12/29/2015 10:51:08,2,4,800.0000,2.0000,0.0000,0.0000
29-12-2015 10:51:12.900,Si74750BA6,12/29/2015 10:51:12,0,4,969.0000,20.0000,499999.0000,9.0000
29-12-2015 10:51:12.900,Si74750BA6,12/29/2015 10:51:12,1,4,919.0000,25.0000,500000.0000,1.0000
29-12-2015 10:51:12.901,Si74750BA6,12/29/2015 10:51:12,2,4,800.0000,2.0000,0.0000,0.0000
29-12-2015 10:51:40.123,Si74750BA6,12/29/2015 10:51:40,0,4,953.0000,20.0000,499999.0000,9.0000
29-12-2015 10:51:40.124,Si74750BA6,12/29/2015 10:51:40,1,4,903.0000,25.0000,500000.0000,1.0000
29-12-2015 10:51:40.124,Si74750BA6,12/29/2015 10:51:40,2,4,800.0000,2.0000,0.0000,0.0000
29-12-2015 10:52:16.377,Si74750BA6,12/29/2015 10:52:16,0,4,936.0000,20.0000,499999.0000,9.0000
29-12-2015 10:52:16.377,Si74750BA6,12/29/2015 10:52:16,1,4,903.0000,25.0000,500000.0000,1.0000
29-12-2015 10:52:16.378,Si74750BA6,12/29/2015 10:52:16,2,4,800.0000,2.0000,0.0000,0.0000
29-12-2015 10:52:16.446,Si74750BA6,12/29/2015 10:52:16,0,4,936.0000,20.0000,499999.0000,9.0000
29-12-2015 10:52:16.446,Si74750BA6,12/29/2015 10:52:16,1,4,886.0000,25.0000,500000.0000,1.0000
29-12-2015 10:52:16.447,Si74750BA6,12/29/2015 10:52:16,2,4,800.0000,2.0000,0.0000,0.0000
29-12-2015 10:53:18.996,Si74750BA6,12/29/2015 10:53:18,0,4,953.0000,20.0000,499999.0000,9.0000
29-12-2015 10:53:18.997,Si74750BA6,12/29/2015 10:53:18,1,4,886.0000,25.0000,500000.0000,1.0000
29-12-2015 10:53:18.997,Si74750BA6,12/29/2015 10:53:18,2,4,800.0000,2.0000,0.0000,0.0000
29-12-2015 10:53:19.010,Si74750BA6,12/29/2015 10:53:19,0,4,953.0000,20.0000,499999.0000,9.0000
29-12-2015 10:53:19.010,Si74750BA6,12/29/2015 10:53:19,1,4,903.0000,25.0000,500000.0000,1.0000
29-12-2015 10:53:19.010,Si74750BA6,12/29/2015 10:53:19,2,4,800.0000,2.0000,0.0000,0.0000
29-12-2015 10:53:37.822,Si74750BA6,12/29/2015 10:53:37,0,4,970.0000,20.0000,499999.0000,9.0000
29-12-2015 10:53:37.823,Si74750BA6,12/29/2015 10:53:37,1,4,903.0000,25.0000,500000.0000,1.0000
29-12-2015 10:53:37.824,Si74750BA6,12/29/2015 10:53:37,2,4,800.0000,2.0000,0.0000,0.0000
29-12-2015 10:53:37.912,Si74750BA6,12/29/2015 10:53:37,0,4,970.0000,20.0000,499999.0000,9.0000
29-12-2015 10:53:37.913,Si74750BA6,12/29/2015 10:53:37,1,4,920.0000,25.0000,500000.0000,1.0000
29-12-2015 10:53:37.913,Si74750BA6,12/29/2015 10:53:37,2,4,800.0000,2.0000,0.0000,0.0000
29-12-2015 10:53:45.747,Si74750BA6,12/29/2015 10:53:45,0,4,953.0000,20.0000,499999.0000,9.0000
29-12-2015 10:53:45.748,Si74750BA6,12/29/2015 10:53:45,1,4,920.0000,25.0000,500000.0000,1.0000
29-12-2015 10:53:45.748,Si74750BA6,12/29/2015 10:53:45,2,4,800.0000,2.0000,0.0000,0.0000
29-12-2015 10:53:45.813,Si74750BA6,12/29/2015 10:53:45,0,4,953.0000,20.0000,499999.0000,9.0000
29-12-2015 10:53:45.814,Si74750BA6,12/29/2015 10:53:45,1,4,903.0000,25.0000,500000.0000,1.0000
29-12-2015 10:53:45.814,Si74750BA6,12/29/2015 10:53:45,2,4,800.0000,2.0000,0.0000,0.0000
29-12-2015 10:54:00.700,Si74750BA6,12/29/2015 10:54:00,0,4,937.0000,20.0000,499999.0000,9.0000
29-12-2015 10:54:00.700,Si74750BA6,12/29/2015 10:54:00,1,4,887.0000,25.0000,500000.0000,1.0000
29-12-2015 10:54:00.701,Si74750BA6,12/29/2015 10:54:00,2,4,800.0000,2.0000,0.0000,0.0000
29-12-2015 10:54:50.405,Si74750BA6,12/29/2015 10:54:50,0,3,887.0000,25.0000,499999.0000,9.0000
29-12-2015 10:54:50.405,Si74750BA6,12/29/2015 10:54:50,1,3,800.0000,2.0000,500000.0000,1.0000
29-12-2015 10:54:50.405,Si74750BA6,12/29/2015 10:54:50,2,3,1.0000,75.0000,0.0000,0.0000
29-12-2015 10:54:50.426,Si74750BA6,12/29/2015 10:54:50,0,2,800.0000,2.0000,499999.0000,9.0000
29-12-2015 10:54:50.426,Si74750BA6,12/29/2015 10:54:50,1,2,1.0000,75.0000,500000.0000,1.0000
29-12-2015 11:00:14.163,Si74750BA6,12/29/2015 11:00:14,0,3,1032.0000,6.0000,499999.0000,9.0000
29-12-2015 11:00:14.165,Si74750BA6,12/29/2015 11:00:14,1,3,800.0000,2.0000,500000.0000,1.0000
29-12-2015 11:00:14.165,Si74750BA6,12/29/2015 11:00:14,2,3,1.0000,75.0000,0.0000,0.0000
29-12-2015 11:00:14.433,Si74750BA6,12/29/2015 11:00:14,0,3,1032.0000,6.0000,1274.0000,6.0000
29-12-2015 11:00:14.433,Si74750BA6,12/29/2015 11:00:14,1,3,800.0000,2.0000,499999.0000,9.0000
29-12-2015 11:00:14.434,Si74750BA6,12/29/2015 11:00:14,2,3,1.0000,75.0000,500000.0000,1.0000
29-12-2015 11:00:14.619,Si74750BA6,12/29/2015 11:00:14,0,3,1032.0000,6.0000,1274.0000,6.0000
29-12-2015 11:00:14.620,Si74750BA6,12/29/2015 11:00:14,1,3,800.0000,2.0000,500000.0000,1.0000
29-12-2015 11:00:14.620,Si74750BA6,12/29/2015 11:00:14,2,3,1.0000,75.0000,0.0000,0.0000
29-12-2015 11:00:27.460,Si74750BA6,12/29/2015 11:00:27,0,3,1053.0000,6.0000,1293.0000,6.0000
29-12-2015 11:00:27.461,Si74750BA6,12/29/2015 11:00:27,1,3,800.0000,2.0000,500000.0000,1.0000
29-12-2015 11:00:27.461,Si74750BA6,12/29/2015 11:00:27,2,3,1.0000,75.0000,0.0000,0.0000
29-12-2015 11:00:42.930,Si74750BA6,12/29/2015 11:00:42,0,3,1037.0000,6.0000,1277.0000,6.0000
29-12-2015 11:00:42.930,Si74750BA6,12/29/2015 11:00:42,1,3,800.0000,2.0000,500000.0000,1.0000
29-12-2015 11:00:42.930,Si74750BA6,12/29/2015 11:00:42,2,3,1.0000,75.0000,0.0000,0.0000
29-12-2015 11:04:11.156,Si74750BA6,12/29/2015 11:04:11,0,3,1021.0000,6.0000,1261.0000,6.0000
29-12-2015 11:04:11.157,Si74750BA6,12/29/2015 11:04:11,1,3,800.0000,2.0000,500000.0000,1.0000
29-12-2015 11:04:11.157,Si74750BA6,12/29/2015 11:04:11,2,3,1.0000,75.0000,0.0000,0.0000
29-12-2015 11:04:39.230,Si74750BA6,12/29/2015 11:04:39,0,3,1005.0000,6.0000,1245.0000,6.0000
29-12-2015 11:04:39.230,Si74750BA6,12/29/2015 11:04:39,1,3,800.0000,2.0000,500000.0000,1.0000
29-12-2015 11:04:39.231,Si74750BA6,12/29/2015 11:04:39,2,3,1.0000,75.0000,0.0000,0.0000
29-12-2015 11:05:50.250,Si74750BA6,12/29/2015 11:05:50,0,3,1022.0000,6.0000,1262.0000,6.0000
29-12-2015 11:05:50.250,Si74750BA6,12/29/2015 11:05:50,1,3,800.0000,2.0000,500000.0000,1.0000
29-12-2015 11:05:50.250,Si74750BA6,12/29/2015 11:05:50,2,3,1.0000,75.0000,0.0000,0.0000
29-12-2015 11:06:59.633,Si74750BA6,12/29/2015 11:06:59,0,3,1007.0000,6.0000,1247.0000,6.0000
29-12-2015 11:06:59.634,Si74750BA6,12/29/2015 11:06:59,1,3,800.0000,2.0000,500000.0000,1.0000
29-12-2015 11:06:59.634,Si74750BA6,12/29/2015 11:06:59,2,3,1.0000,75.0000,0.0000,0.0000
29-12-2015 11:08:59.044,Si74750BA6,12/29/2015 11:08:59,0,3,1022.0000,6.0000,1262.0000,6.0000
29-12-2015 11:08:59.044,Si74750BA6,12/29/2015 11:08:59,1,3,800.0000,2.0000,500000.0000,1.0000
29-12-2015 11:08:59.044,Si74750BA6,12/29/2015 11:08:59,2,3,1.0000,75.0000,0.0000,0.0000
29-12-2015 11:10:28.933,Si74750BA6,12/29/2015 11:10:28,0,3,1037.0000,6.0000,1277.0000,6.0000
29-12-2015 11:10:28.934,Si74750BA6,12/29/2015 11:10:28,1,3,800.0000,2.0000,500000.0000,1.0000
29-12-2015 11:10:28.934,Si74750BA6,12/29/2015 11:10:28,2,3,1.0000,75.0000,0.0000,0.0000
29-12-2015 11:15:04.219,Si74750BA6,12/29/2015 11:15:04,0,3,1053.0000,6.0000,1293.0000,6.0000
29-12-2015 11:15:04.220,Si74750BA6,12/29/2015 11:15:04,1,3,800.0000,2.0000,500000.0000,1.0000
29-12-2015 11:15:04.220,Si74750BA6,12/29/2015 11:15:04,2,3,1.0000,75.0000,0.0000,0.0000
29-12-2015 11:17:16.900,Si74750BA6,12/29/2015 11:17:16,0,3,1069.0000,6.0000,1309.0000,6.0000
29-12-2015 11:17:16.901,Si74750BA6,12/29/2015 11:17:16,1,3,800.0000,2.0000,500000.0000,1.0000
29-12-2015 11:17:16.901,Si74750BA6,12/29/2015 11:17:16,2,3,1.0000,75.0000,0.0000,0.0000
29-12-2015 11:18:17.379,Si74750BA6,12/29/2015 11:18:17,0,3,1054.0000,6.0000,1294.0000,6.0000
29-12-2015 11:18:17.379,Si74750BA6,12/29/2015 11:18:17,1,3,800.0000,2.0000,500000.0000,1.0000
29-12-2015 11:18:17.379,Si74750BA6,12/29/2015 11:18:17,2,3,1.0000,75.0000,0.0000,0.0000
29-12-2015 11:20:06.912,Si74750BA6,12/29/2015 11:20:06,0,3,1036.0000,6.0000,1276.0000,6.0000
29-12-2015 11:20:06.912,Si74750BA6,12/29/2015 11:20:06,1,3,800.0000,2.0000,500000.0000,1.0000
29-12-2015 11:20:06.912,Si74750BA6,12/29/2015 11:20:06,2,3,1.0000,75.0000,0.0000,0.0000
29-12-2015 11:20:15.547,Si74750BA6,12/29/2015 11:20:15,0,3,1036.0000,7.0000,1276.0000,6.0000
29-12-2015 11:20:15.547,Si74750BA6,12/29/2015 11:20:15,1,3,800.0000,2.0000,500000.0000,1.0000
29-12-2015 11:20:15.547,Si74750BA6,12/29/2015 11:20:15,2,3,1.0000,75.0000,0.0000,0.0000
29-12-2015 11:23:20.123,Si74750BA6,12/29/2015 11:23:20,0,4,1036.0000,1.0000,1260.0000,6.0000
29-12-2015 11:23:20.124,Si74750BA6,12/29/2015 11:23:20,1,4,1020.0000,6.0000,500000.0000,1.0000
29-12-2015 11:23:20.124,Si74750BA6,12/29/2015 11:23:20,2,4,800.0000,2.0000,0.0000,0.0000
29-12-2015 11:23:50.632,Si74750BA6,12/29/2015 11:23:50,0,4,1036.0000,1.0000,1235.0000,6.0000
29-12-2015 11:23:50.632,Si74750BA6,12/29/2015 11:23:50,1,4,995.0000,6.0000,500000.0000,1.0000
29-12-2015 11:23:50.633,Si74750BA6,12/29/2015 11:23:50,2,4,800.0000,2.0000,0.0000,0.0000
29-12-2015 11:23:57.541,Si74750BA6,12/29/2015 11:23:57,0,4,1036.0000,1.0000,1250.0000,6.0000
29-12-2015 11:23:57.541,Si74750BA6,12/29/2015 11:23:57,1,4,1010.0000,6.0000,500000.0000,1.0000
29-12-2015 11:23:57.541,Si74750BA6,12/29/2015 11:23:57,2,4,800.0000,2.0000,0.0000,0.0000
29-12-2015 11:24:12.123,Si74750BA6,12/29/2015 11:24:12,0,4,1036.0000,1.0000,1269.0000,6.0000
29-12-2015 11:24:12.123,Si74750BA6,12/29/2015 11:24:12,1,4,1029.0000,6.0000,500000.0000,1.0000
29-12-2015 11:24:12.124,Si74750BA6,12/29/2015 11:24:12,2,4,800.0000,2.0000,0.0000,0.0000
29-12-2015 11:24:18.373,Si74750BA6,12/29/2015 11:24:18,0,4,1036.0000,1.0000,1254.0000,6.0000
29-12-2015 11:24:18.374,Si74750BA6,12/29/2015 11:24:18,1,4,1014.0000,6.0000,500000.0000,1.0000
29-12-2015 11:24:18.374,Si74750BA6,12/29/2015 11:24:18,2,4,800.0000,2.0000,0.0000,0.0000
29-12-2015 11:24:26.777,Si74750BA6,12/29/2015 11:24:26,0,4,1036.0000,1.0000,1269.0000,6.0000
29-12-2015 11:24:26.777,Si74750BA6,12/29/2015 11:24:26,1,4,1029.0000,6.0000,500000.0000,1.0000
29-12-2015 11:24:26.778,Si74750BA6,12/29/2015 11:24:26,2,4,800.0000,2.0000,0.0000,0.0000
29-12-2015 11:25:28.978,Si74750BA6,12/29/2015 11:25:28,0,4,1053.0000,6.0000,1293.0000,6.0000
29-12-2015 11:25:28.979,Si74750BA6,12/29/2015 11:25:28,1,4,1036.0000,1.0000,500000.0000,1.0000
29-12-2015 11:25:28.979,Si74750BA6,12/29/2015 11:25:28,2,4,800.0000,2.0000,0.0000,0.0000
29-12-2015 11:26:05.608,Si74750BA6,12/29/2015 11:26:05,0,4,1069.0000,6.0000,1309.0000,6.0000
29-12-2015 11:26:05.608,Si74750BA6,12/29/2015 11:26:05,1,4,1036.0000,1.0000,500000.0000,1.0000
29-12-2015 11:26:05.609,Si74750BA6,12/29/2015 11:26:05,2,4,800.0000,2.0000,0.0000,0.0000
29-12-2015 11:27:22.222,Si74750BA6,12/29/2015 11:27:22,0,4,1086.0000,6.0000,1326.0000,6.0000
29-12-2015 11:27:22.222,Si74750BA6,12/29/2015 11:27:22,1,4,1036.0000,1.0000,500000.0000,1.0000
29-12-2015 11:27:22.223,Si74750BA6,12/29/2015 11:27:22,2,4,800.0000,2.0000,0.0000,0.0000
29-12-2015 11:29:06.535,Si74750BA6,12/29/2015 11:29:06,0,4,1101.0000,6.0000,1341.0000,6.0000
29-12-2015 11:29:06.536,Si74750BA6,12/29/2015 11:29:06,1,4,1036.0000,1.0000,500000.0000,1.0000
29-12-2015 11:29:06.536,Si74750BA6,12/29/2015 11:29:06,2,4,800.0000,2.0000,0.0000,0.0000
29-12-2015 11:32:35.452,Si74750BA6,12/29/2015 11:32:35,0,4,1116.0000,6.0000,1356.0000,6.0000
29-12-2015 11:32:35.452,Si74750BA6,12/29/2015 11:32:35,1,4,1036.0000,1.0000,500000.0000,1.0000
29-12-2015 11:32:35.453,Si74750BA6,12/29/2015 11:32:35,2,4,800.0000,2.0000,0.0000,0.0000
29-12-2015 11:36:12.106,Si74750BA6,12/29/2015 11:36:12,0,4,1101.0000,6.0000,1341.0000,6.0000
29-12-2015 11:36:12.106,Si74750BA6,12/29/2015 11:36:12,1,4,1036.0000,1.0000,500000.0000,1.0000
29-12-2015 11:36:12.107,Si74750BA6,12/29/2015 11:36:12,2,4,800.0000,2.0000,0.0000,0.0000
29-12-2015 11:36:40.174,Si74750BA6,12/29/2015 11:36:40,0,4,1086.0000,6.0000,1326.0000,6.0000
29-12-2015 11:36:40.175,Si74750BA6,12/29/2015 11:36:40,1,4,1036.0000,1.0000,500000.0000,1.0000
29-12-2015 11:36:40.175,Si74750BA6,12/29/2015 11:36:40,2,4,800.0000,2.0000,0.0000,0.0000
29-12-2015 11:37:27.808,Si74750BA6,12/29/2015 11:37:27,0,4,1105.0000,6.0000,1345.0000,6.0000
29-12-2015 11:37:27.808,Si74750BA6,12/29/2015 11:37:27,1,4,1036.0000,1.0000,500000.0000,1.0000
29-12-2015 11:37:27.808,Si74750BA6,12/29/2015 11:37:27,2,4,800.0000,2.0000,0.0000,0.0000
29-12-2015 11:37:42.032,Si74750BA6,12/29/2015 11:37:42,0,4,1089.0000,6.0000,1329.0000,6.0000
29-12-2015 11:37:42.032,Si74750BA6,12/29/2015 11:37:42,1,4,1036.0000,1.0000,500000.0000,1.0000
29-12-2015 11:37:42.032,Si74750BA6,12/29/2015 11:37:42,2,4,800.0000,2.0000,0.0000,0.0000
29-12-2015 11:37:45.599,Si74750BA6,12/29/2015 11:37:45,0,4,1108.0000,6.0000,1348.0000,6.0000
29-12-2015 11:37:45.600,Si74750BA6,12/29/2015 11:37:45,1,4,1036.0000,1.0000,500000.0000,1.0000
29-12-2015 11:37:45.600,Si74750BA6,12/29/2015 11:37:45,2,4,800.0000,2.0000,0.0000,0.0000
29-12-2015 11:41:27.427,Si74750BA6,12/29/2015 11:41:27,0,4,1093.0000,6.0000,1333.0000,6.0000
29-12-2015 11:41:27.427,Si74750BA6,12/29/2015 11:41:27,1,4,1036.0000,1.0000,500000.0000,1.0000
29-12-2015 11:41:27.428,Si74750BA6,12/29/2015 11:41:27,2,4,800.0000,2.0000,0.0000,0.0000
29-12-2015 11:42:44.376,Si74750BA6,12/29/2015 11:42:44,0,4,1108.0000,6.0000,1348.0000,6.0000
29-12-2015 11:42:44.376,Si74750BA6,12/29/2015 11:42:44,1,4,1036.0000,1.0000,500000.0000,1.0000
29-12-2015 11:42:44.376,Si74750BA6,12/29/2015 11:42:44,2,4,800.0000,2.0000,0.0000,0.0000
29-12-2015 11:49:17.673,Si74750BA6,12/29/2015 11:49:17,0,4,1093.0000,6.0000,1333.0000,6.0000
29-12-2015 11:49:17.673,Si74750BA6,12/29/2015 11:49:17,1,4,1036.0000,1.0000,500000.0000,1.0000
29-12-2015 11:49:17.673,Si74750BA6,12/29/2015 11:49:17,2,4,800.0000,2.0000,0.0000,0.0000
29-12-2015 11:51:17.981,Si74750BA6,12/29/2015 11:51:17,0,4,1110.0000,6.0000,1350.0000,6.0000
29-12-2015 11:51:17.982,Si74750BA6,12/29/2015 11:51:17,1,4,1036.0000,1.0000,500000.0000,1.0000
29-12-2015 11:51:17.982,Si74750BA6,12/29/2015 11:51:17,2,4,800.0000,2.0000,0.0000,0.0000
29-12-2015 11:52:10.354,Si74750BA6,12/29/2015 11:52:10,0,4,1095.0000,6.0000,1335.0000,6.0000
29-12-2015 11:52:10.355,Si74750BA6,12/29/2015 11:52:10,1,4,1036.0000,1.0000,500000.0000,1.0000
29-12-2015 11:52:10.355,Si74750BA6,12/29/2015 11:52:10,2,4,800.0000,2.0000,0.0000,0.0000
29-12-2015 11:52:59.825,Si74750BA6,12/29/2015 11:52:59,0,4,1111.0000,6.0000,1351.0000,6.0000
29-12-2015 11:52:59.825,Si74750BA6,12/29/2015 11:52:59,1,4,1036.0000,1.0000,500000.0000,1.0000
29-12-2015 11:52:59.825,Si74750BA6,12/29/2015 11:52:59,2,4,800.0000,2.0000,0.0000,0.0000
29-12-2015 11:54:39.511,Si74750BA6,12/29/2015 11:54:39,0,4,1135.0000,6.0000,1375.0000,6.0000
29-12-2015 11:54:39.511,Si74750BA6,12/29/2015 11:54:39,1,4,1036.0000,1.0000,500000.0000,1.0000
29-12-2015 11:54:39.511,Si74750BA6,12/29/2015 11:54:39,2,4,800.0000,2.0000,0.0000,0.0000
29-12-2015 11:54:39.728,Si74750BA6,12/29/2015 11:54:39,0,4,1151.0000,6.0000,1391.0000,6.0000
29-12-2015 11:54:39.729,Si74750BA6,12/29/2015 11:54:39,1,4,1036.0000,1.0000,500000.0000,1.0000
29-12-2015 11:54:39.730,Si74750BA6,12/29/2015 11:54:39,2,4,800.0000,2.0000,0.0000,0.0000
29-12-2015 11:54:51.596,Si74750BA6,12/29/2015 11:54:51,0,4,1168.0000,6.0000,1408.0000,6.0000
29-12-2015 11:54:51.596,Si74750BA6,12/29/2015 11:54:51,1,4,1036.0000,1.0000,500000.0000,1.0000
29-12-2015 11:54:51.597,Si74750BA6,12/29/2015 11:54:51,2,4,800.0000,2.0000,0.0000,0.0000
29-12-2015 11:55:13.904,Si74750BA6,12/29/2015 11:55:13,0,4,1148.0000,6.0000,1388.0000,6.0000
29-12-2015 11:55:13.904,Si74750BA6,12/29/2015 11:55:13,1,4,1036.0000,1.0000,500000.0000,1.0000
29-12-2015 11:55:13.905,Si74750BA6,12/29/2015 11:55:13,2,4,800.0000,2.0000,0.0000,0.0000
29-12-2015 11:56:25.810,Si74750BA6,12/29/2015 11:56:25,0,4,1165.0000,6.0000,1405.0000,6.0000
29-12-2015 11:56:25.810,Si74750BA6,12/29/2015 11:56:25,1,4,1036.0000,1.0000,500000.0000,1.0000
29-12-2015 11:56:25.810,Si74750BA6,12/29/2015 11:56:25,2,4,800.0000,2.0000,0.0000,0.0000
29-12-2015 11:58:43.649,Si74750BA6,12/29/2015 11:58:43,0,4,1149.0000,6.0000,1389.0000,6.0000
29-12-2015 11:58:43.649,Si74750BA6,12/29/2015 11:58:43,1,4,1036.0000,1.0000,500000.0000,1.0000
29-12-2015 11:58:43.649,Si74750BA6,12/29/2015 11:58:43,2,4,800.0000,2.0000,0.0000,0.0000
29-12-2015 11:59:40.829,Si74750BA6,12/29/2015 11:59:40,0,4,1164.0000,6.0000,1404.0000,6.0000
29-12-2015 11:59:40.830,Si74750BA6,12/29/2015 11:59:40,1,4,1036.0000,1.0000,500000.0000,1.0000
29-12-2015 11:59:40.831,Si74750BA6,12/29/2015 11:59:40,2,4,800.0000,2.0000,0.0000,0.0000
29-12-2015 12:00:18.940,Si74750BA6,12/29/2015 12:00:18,0,4,1149.0000,6.0000,1389.0000,6.0000
29-12-2015 12:00:18.940,Si74750BA6,12/29/2015 12:00:18,1,4,1036.0000,1.0000,500000.0000,1.0000
29-12-2015 12:00:18.940,Si74750BA6,12/29/2015 12:00:18,2,4,800.0000,2.0000,0.0000,0.0000
29-12-2015 12:01:33.811,Si74750BA6,12/29/2015 12:01:33,0,4,1165.0000,6.0000,1405.0000,6.0000
29-12-2015 12:01:33.812,Si74750BA6,12/29/2015 12:01:33,1,4,1036.0000,1.0000,500000.0000,1.0000
29-12-2015 12:01:33.812,Si74750BA6,12/29/2015 12:01:33,2,4,800.0000,2.0000,0.0000,0.0000
29-12-2015 12:03:45.242,Si74750BA6,12/29/2015 12:03:45,0,4,1148.0000,6.0000,1388.0000,6.0000
29-12-2015 12:03:45.242,Si74750BA6,12/29/2015 12:03:45,1,4,1036.0000,1.0000,500000.0000,1.0000
29-12-2015 12:03:45.243,Si74750BA6,12/29/2015 12:03:45,2,4,800.0000,2.0000,0.0000,0.0000
29-12-2015 12:06:35.489,Si74750BA6,12/29/2015 12:06:35,0,4,1164.0000,6.0000,1404.0000,6.0000
29-12-2015 12:06:35.489,Si74750BA6,12/29/2015 12:06:35,1,4,1036.0000,1.0000,500000.0000,1.0000
29-12-2015 12:06:35.490,Si74750BA6,12/29/2015 12:06:35,2,4,800.0000,2.0000,0.0000,0.0000
29-12-2015 12:08:05.320,Si74750BA6,12/29/2015 12:08:05,0,4,1149.0000,6.0000,1389.0000,6.0000
29-12-2015 12:08:05.320,Si74750BA6,12/29/2015 12:08:05,1,4,1036.0000,1.0000,500000.0000,1.0000
29-12-2015 12:08:05.321,Si74750BA6,12/29/2015 12:08:05,2,4,800.0000,2.0000,0.0000,0.0000
29-12-2015 12:12:28.011,Si74750BA6,12/29/2015 12:12:28,0,4,1131.0000,6.0000,1371.0000,6.0000
29-12-2015 12:12:28.011,Si74750BA6,12/29/2015 12:12:28,1,4,1036.0000,1.0000,500000.0000,1.0000
29-12-2015 12:12:28.012,Si74750BA6,12/29/2015 12:12:28,2,4,800.0000,2.0000,0.0000,0.0000
29-12-2015 12:14:27.745,Si74750BA6,12/29/2015 12:14:27,0,4,1149.0000,6.0000,1389.0000,6.0000
29-12-2015 12:14:27.746,Si74750BA6,12/29/2015 12:14:27,1,4,1036.0000,1.0000,500000.0000,1.0000
29-12-2015 12:14:27.746,Si74750BA6,12/29/2015 12:14:27,2,4,800.0000,2.0000,0.0000,0.0000
29-12-2015 12:15:13.056,Si74750BA6,12/29/2015 12:15:13,0,4,1132.0000,6.0000,1372.0000,6.0000
29-12-2015 12:15:13.056,Si74750BA6,12/29/2015 12:15:13,1,4,1036.0000,1.0000,500000.0000,1.0000
29-12-2015 12:15:13.056,Si74750BA6,12/29/2015 12:15:13,2,4,800.0000,2.0000,0.0000,0.0000
29-12-2015 12:16:41.471,Si74750BA6,12/29/2015 12:16:41,0,4,1148.0000,6.0000,1388.0000,6.0000
29-12-2015 12:16:41.472,Si74750BA6,12/29/2015 12:16:41,1,4,1036.0000,1.0000,500000.0000,1.0000
29-12-2015 12:16:41.472,Si74750BA6,12/29/2015 12:16:41,2,4,800.0000,2.0000,0.0000,0.0000
29-12-2015 12:17:12.547,Si74750BA6,12/29/2015 12:17:12,0,4,1132.0000,6.0000,1372.0000,6.0000
29-12-2015 12:17:12.548,Si74750BA6,12/29/2015 12:17:12,1,4,1036.0000,1.0000,500000.0000,1.0000
29-12-2015 12:17:12.548,Si74750BA6,12/29/2015 12:17:12,2,4,800.0000,2.0000,0.0000,0.0000
29-12-2015 12:19:10.205,Si74750BA6,12/29/2015 12:19:10,0,5,1260.0000,10.0000,1372.0000,6.0000
29-12-2015 12:19:10.205,Si74750BA6,12/29/2015 12:19:10,1,5,1132.0000,6.0000,500000.0000,1.0000
29-12-2015 12:19:10.205,Si74750BA6,12/29/2015 12:19:10,2,5,1036.0000,1.0000,0.0000,0.0000
29-12-2015 12:21:25.705,Si74750BA6,12/29/2015 12:21:25,0,4,1132.0000,6.0000,1372.0000,6.0000
29-12-2015 12:21:25.706,Si74750BA6,12/29/2015 12:21:25,1,4,1036.0000,1.0000,500000.0000,1.0000
29-12-2015 12:21:25.706,Si74750BA6,12/29/2015 12:21:25,2,4,800.0000,2.0000,0.0000,0.0000
29-12-2015 12:21:57.114,Si74750BA6,12/29/2015 12:21:57,0,4,1148.0000,6.0000,1388.0000,6.0000
29-12-2015 12:21:57.114,Si74750BA6,12/29/2015 12:21:57,1,4,1036.0000,1.0000,500000.0000,1.0000
29-12-2015 12:21:57.114,Si74750BA6,12/29/2015 12:21:57,2,4,800.0000,2.0000,0.0000,0.0000
29-12-2015 12:23:56.933,Si74750BA6,12/29/2015 12:23:56,0,4,1130.0000,6.0000,1370.0000,6.0000
29-12-2015 12:23:56.934,Si74750BA6,12/29/2015 12:23:56,1,4,1036.0000,1.0000,500000.0000,1.0000
29-12-2015 12:23:56.934,Si74750BA6,12/29/2015 12:23:56,2,4,800.0000,2.0000,0.0000,0.0000
29-12-2015 12:26:23.946,Si74750BA6,12/29/2015 12:26:23,0,4,1115.0000,6.0000,1355.0000,6.0000
29-12-2015 12:26:23.946,Si74750BA6,12/29/2015 12:26:23,1,4,1036.0000,1.0000,500000.0000,1.0000
29-12-2015 12:26:23.947,Si74750BA6,12/29/2015 12:26:23,2,4,800.0000,2.0000,0.0000,0.0000
29-12-2015 12:37:04.769,Si74750BA6,12/29/2015 12:37:04,0,4,1100.0000,6.0000,1340.0000,6.0000
29-12-2015 12:37:04.770,Si74750BA6,12/29/2015 12:37:04,1,4,1036.0000,1.0000,500000.0000,1.0000
29-12-2015 12:37:04.771,Si74750BA6,12/29/2015 12:37:04,2,4,800.0000,2.0000,0.0000,0.0000
29-12-2015 12:37:09.881,Si74750BA6,12/29/2015 12:37:09,0,5,1150.0000,3.0000,1340.0000,6.0000
29-12-2015 12:37:09.882,Si74750BA6,12/29/2015 12:37:09,1,5,1100.0000,6.0000,500000.0000,1.0000
29-12-2015 12:37:09.882,Si74750BA6,12/29/2015 12:37:09,2,5,1036.0000,1.0000,0.0000,0.0000
29-12-2015 12:43:19.201,Si74750BA6,12/29/2015 12:43:19,0,5,1134.0000,3.0000,1340.0000,6.0000
29-12-2015 12:43:19.202,Si74750BA6,12/29/2015 12:43:19,1,5,1100.0000,6.0000,500000.0000,1.0000
29-12-2015 12:43:19.202,Si74750BA6,12/29/2015 12:43:19,2,5,1036.0000,1.0000,0.0000,0.0000
29-12-2015 12:48:15.105,Si74750BA6,12/29/2015 12:48:15,0,5,1153.0000,3.0000,1340.0000,6.0000
29-12-2015 12:48:15.105,Si74750BA6,12/29/2015 12:48:15,1,5,1100.0000,6.0000,500000.0000,1.0000
29-12-2015 12:48:15.106,Si74750BA6,12/29/2015 12:48:15,2,5,1036.0000,1.0000,0.0000,0.0000
29-12-2015 12:55:21.587,Si74750BA6,12/29/2015 12:55:21,0,5,1153.0000,3.0000,1322.0000,6.0000
29-12-2015 12:55:21.587,Si74750BA6,12/29/2015 12:55:21,1,5,1082.0000,6.0000,500000.0000,1.0000
29-12-2015 12:55:21.588,Si74750BA6,12/29/2015 12:55:21,2,5,1036.0000,1.0000,0.0000,0.0000
29-12-2015 12:55:21.887,Si74750BA6,12/29/2015 12:55:21,0,5,1133.0000,3.0000,1322.0000,6.0000
29-12-2015 12:55:21.887,Si74750BA6,12/29/2015 12:55:21,1,5,1082.0000,6.0000,500000.0000,1.0000
29-12-2015 12:55:21.888,Si74750BA6,12/29/2015 12:55:21,2,5,1036.0000,1.0000,0.0000,0.0000
29-12-2015 12:56:17.694,Si74750BA6,12/29/2015 12:56:17,0,5,1133.0000,3.0000,1306.0000,6.0000
29-12-2015 12:56:17.694,Si74750BA6,12/29/2015 12:56:17,1,5,1066.0000,6.0000,500000.0000,1.0000
29-12-2015 12:56:17.695,Si74750BA6,12/29/2015 12:56:17,2,5,1036.0000,1.0000,0.0000,0.0000
29-12-2015 12:56:29.224,Si74750BA6,12/29/2015 12:56:29,0,5,1116.0000,3.0000,1306.0000,6.0000
29-12-2015 12:56:29.225,Si74750BA6,12/29/2015 12:56:29,1,5,1066.0000,6.0000,500000.0000,1.0000
29-12-2015 12:56:29.225,Si74750BA6,12/29/2015 12:56:29,2,5,1036.0000,1.0000,0.0000,0.0000
29-12-2015 12:56:54.282,Si74750BA6,12/29/2015 12:56:54,0,5,1116.0000,3.0000,1289.0000,6.0000
29-12-2015 12:56:54.282,Si74750BA6,12/29/2015 12:56:54,1,5,1049.0000,6.0000,500000.0000,1.0000
29-12-2015 12:56:54.283,Si74750BA6,12/29/2015 12:56:54,2,5,1036.0000,1.0000,0.0000,0.0000
29-12-2015 12:56:55.065,Si74750BA6,12/29/2015 12:56:55,0,5,1097.0000,3.0000,1289.0000,6.0000
29-12-2015 12:56:55.065,Si74750BA6,12/29/2015 12:56:55,1,5,1049.0000,6.0000,500000.0000,1.0000
29-12-2015 12:56:55.066,Si74750BA6,12/29/2015 12:56:55,2,5,1036.0000,1.0000,0.0000,0.0000
29-12-2015 12:57:00.009,Si74750BA6,12/29/2015 12:57:00,0,5,1114.0000,3.0000,1289.0000,6.0000
29-12-2015 12:57:00.009,Si74750BA6,12/29/2015 12:57:00,1,5,1049.0000,6.0000,500000.0000,1.0000
29-12-2015 12:57:00.009,Si74750BA6,12/29/2015 12:57:00,2,5,1036.0000,1.0000,0.0000,0.0000
29-12-2015 12:57:00.954,Si74750BA6,12/29/2015 12:57:00,0,5,1114.0000,3.0000,1304.0000,6.0000
29-12-2015 12:57:00.955,Si74750BA6,12/29/2015 12:57:00,1,5,1064.0000,6.0000,500000.0000,1.0000
29-12-2015 12:57:00.955,Si74750BA6,12/29/2015 12:57:00,2,5,1036.0000,1.0000,0.0000,0.0000
29-12-2015 12:58:30.642,Si74750BA6,12/29/2015 12:58:30,0,5,1114.0000,3.0000,1329.0000,6.0000
29-12-2015 12:58:30.642,Si74750BA6,12/29/2015 12:58:30,1,5,1089.0000,6.0000,500000.0000,1.0000
29-12-2015 12:58:30.643,Si74750BA6,12/29/2015 12:58:30,2,5,1036.0000,1.0000,0.0000,0.0000
29-12-2015 12:58:30.734,Si74750BA6,12/29/2015 12:58:30,0,5,1134.0000,3.0000,1329.0000,6.0000
29-12-2015 12:58:30.734,Si74750BA6,12/29/2015 12:58:30,1,5,1089.0000,6.0000,500000.0000,1.0000
29-12-2015 12:58:30.736,Si74750BA6,12/29/2015 12:58:30,2,5,1036.0000,1.0000,0.0000,0.0000
29-12-2015 13:00:34.600,Si74750BA6,12/29/2015 13:00:34,0,5,1134.0000,3.0000,1312.0000,6.0000
29-12-2015 13:00:34.600,Si74750BA6,12/29/2015 13:00:34,1,5,1072.0000,6.0000,500000.0000,1.0000
29-12-2015 13:00:34.600,Si74750BA6,12/29/2015 13:00:34,2,5,1036.0000,1.0000,0.0000,0.0000
29-12-2015 13:01:47.830,Si74750BA6,12/29/2015 13:01:47,0,5,1134.0000,3.0000,1328.0000,6.0000
29-12-2015 13:01:47.830,Si74750BA6,12/29/2015 13:01:47,1,5,1088.0000,6.0000,500000.0000,1.0000
29-12-2015 13:01:47.831,Si74750BA6,12/29/2015 13:01:47,2,5,1036.0000,1.0000,0.0000,0.0000
29-12-2015 13:02:50.854,Si74750BA6,12/29/2015 13:02:50,0,5,1134.0000,3.0000,1310.0000,6.0000
29-12-2015 13:02:50.854,Si74750BA6,12/29/2015 13:02:50,1,5,1070.0000,6.0000,500000.0000,1.0000
29-12-2015 13:02:50.854,Si74750BA6,12/29/2015 13:02:50,2,5,1036.0000,1.0000,0.0000,0.0000
29-12-2015 13:03:20.432,Si74750BA6,12/29/2015 13:03:20,0,4,1134.0000,3.0000,1310.0000,6.0000
29-12-2015 13:03:20.433,Si74750BA6,12/29/2015 13:03:20,1,4,1070.0000,6.0000,500000.0000,1.0000
29-12-2015 13:03:20.433,Si74750BA6,12/29/2015 13:03:20,2,4,1036.0000,1.0000,0.0000,0.0000
29-12-2015 13:04:30.727,Si74750BA6,12/29/2015 13:04:30,0,4,1118.0000,3.0000,1310.0000,6.0000
29-12-2015 13:04:30.728,Si74750BA6,12/29/2015 13:04:30,1,4,1070.0000,6.0000,500000.0000,1.0000
29-12-2015 13:04:30.728,Si74750BA6,12/29/2015 13:04:30,2,4,1036.0000,1.0000,0.0000,0.0000
29-12-2015 13:05:24.818,Si74750BA6,12/29/2015 13:05:24,0,4,1137.0000,3.0000,1310.0000,6.0000
29-12-2015 13:05:24.818,Si74750BA6,12/29/2015 13:05:24,1,4,1070.0000,6.0000,500000.0000,1.0000
29-12-2015 13:05:24.819,Si74750BA6,12/29/2015 13:05:24,2,4,1036.0000,1.0000,0.0000,0.0000
29-12-2015 13:05:37.650,Si74750BA6,12/29/2015 13:05:37,0,4,1137.0000,3.0000,1325.0000,6.0000
29-12-2015 13:05:37.651,Si74750BA6,12/29/2015 13:05:37,1,4,1085.0000,6.0000,500000.0000,1.0000
29-12-2015 13:05:37.651,Si74750BA6,12/29/2015 13:05:37,2,4,1036.0000,1.0000,0.0000,0.0000
29-12-2015 13:06:53.929,Si74750BA6,12/29/2015 13:06:53,0,4,1155.0000,3.0000,1325.0000,6.0000
29-12-2015 13:06:53.930,Si74750BA6,12/29/2015 13:06:53,1,4,1085.0000,6.0000,500000.0000,1.0000
29-12-2015 13:06:53.930,Si74750BA6,12/29/2015 13:06:53,2,4,1036.0000,1.0000,0.0000,0.0000
29-12-2015 13:08:00.915,Si74750BA6,12/29/2015 13:08:00,0,4,1139.0000,3.0000,1325.0000,6.0000
29-12-2015 13:08:00.915,Si74750BA6,12/29/2015 13:08:00,1,4,1085.0000,6.0000,500000.0000,1.0000
29-12-2015 13:08:00.916,Si74750BA6,12/29/2015 13:08:00,2,4,1036.0000,1.0000,0.0000,0.0000
29-12-2015 13:10:15.298,Si74750BA6,12/29/2015 13:10:15,0,4,1139.0000,3.0000,1341.0000,6.0000
29-12-2015 13:10:15.298,Si74750BA6,12/29/2015 13:10:15,1,4,1101.0000,6.0000,500000.0000,1.0000
29-12-2015 13:10:15.298,Si74750BA6,12/29/2015 13:10:15,2,4,1036.0000,1.0000,0.0000,0.0000
29-12-2015 13:10:27.700,Si74750BA6,12/29/2015 13:10:27,0,4,1158.0000,3.0000,1341.0000,6.0000
29-12-2015 13:10:27.700,Si74750BA6,12/29/2015 13:10:27,1,4,1101.0000,6.0000,500000.0000,1.0000
29-12-2015 13:10:27.700,Si74750BA6,12/29/2015 13:10:27,2,4,1036.0000,1.0000,0.0000,0.0000
29-12-2015 13:12:01.486,Si74750BA6,12/29/2015 13:12:01,0,4,1158.0000,3.0000,1356.0000,6.0000
29-12-2015 13:12:01.487,Si74750BA6,12/29/2015 13:12:01,1,4,1116.0000,6.0000,500000.0000,1.0000
29-12-2015 13:12:01.487,Si74750BA6,12/29/2015 13:12:01,2,4,1036.0000,1.0000,0.0000,0.0000
29-12-2015 13:13:04.251,Si74750BA6,12/29/2015 13:13:04,0,4,1175.0000,3.0000,1356.0000,6.0000
29-12-2015 13:13:04.252,Si74750BA6,12/29/2015 13:13:04,1,4,1116.0000,6.0000,500000.0000,1.0000
29-12-2015 13:13:04.252,Si74750BA6,12/29/2015 13:13:04,2,4,1036.0000,1.0000,0.0000,0.0000
29-12-2015 13:16:54.462,Si74750BA6,12/29/2015 13:16:54,0,4,1158.0000,3.0000,1356.0000,6.0000
29-12-2015 13:16:54.463,Si74750BA6,12/29/2015 13:16:54,1,4,1116.0000,6.0000,500000.0000,1.0000
29-12-2015 13:16:54.463,Si74750BA6,12/29/2015 13:16:54,2,4,1036.0000,1.0000,0.0000,0.0000
29-12-2015 13:17:47.581,Si74750BA6,12/29/2015 13:17:47,0,4,1175.0000,3.0000,1356.0000,6.0000
29-12-2015 13:17:47.581,Si74750BA6,12/29/2015 13:17:47,1,4,1116.0000,6.0000,500000.0000,1.0000
29-12-2015 13:17:47.582,Si74750BA6,12/29/2015 13:17:47,2,4,1036.0000,1.0000,0.0000,0.0000
29-12-2015 13:24:28.522,Si74750BA6,12/29/2015 13:24:28,0,4,1158.0000,3.0000,1356.0000,6.0000
29-12-2015 13:24:28.523,Si74750BA6,12/29/2015 13:24:28,1,4,1116.0000,6.0000,500000.0000,1.0000
29-12-2015 13:24:28.523,Si74750BA6,12/29/2015 13:24:28,2,4,1036.0000,1.0000,0.0000,0.0000
29-12-2015 13:29:25.739,Si74750BA6,12/29/2015 13:29:25,0,4,1158.0000,3.0000,1341.0000,6.0000
29-12-2015 13:29:25.740,Si74750BA6,12/29/2015 13:29:25,1,4,1101.0000,6.0000,500000.0000,1.0000
29-12-2015 13:29:25.740,Si74750BA6,12/29/2015 13:29:25,2,4,1036.0000,1.0000,0.0000,0.0000
29-12-2015 13:30:37.146,Si74750BA6,12/29/2015 13:30:37,0,4,1142.0000,3.0000,1341.0000,6.0000
29-12-2015 13:30:37.147,Si74750BA6,12/29/2015 13:30:37,1,4,1101.0000,6.0000,500000.0000,1.0000
29-12-2015 13:30:37.147,Si74750BA6,12/29/2015 13:30:37,2,4,1036.0000,1.0000,0.0000,0.0000
29-12-2015 13:30:48.627,Si74750BA6,12/29/2015 13:30:48,0,4,1142.0000,3.0000,1323.0000,6.0000
29-12-2015 13:30:48.627,Si74750BA6,12/29/2015 13:30:48,1,4,1083.0000,6.0000,500000.0000,1.0000
29-12-2015 13:30:48.628,Si74750BA6,12/29/2015 13:30:48,2,4,1036.0000,1.0000,0.0000,0.0000
29-12-2015 13:31:02.134,Si74750BA6,12/29/2015 13:31:02,0,4,1123.0000,3.0000,1323.0000,6.0000
29-12-2015 13:31:02.135,Si74750BA6,12/29/2015 13:31:02,1,4,1083.0000,6.0000,500000.0000,1.0000
29-12-2015 13:31:02.135,Si74750BA6,12/29/2015 13:31:02,2,4,1036.0000,1.0000,0.0000,0.0000
29-12-2015 13:32:57.176,Si74750BA6,12/29/2015 13:32:57,0,3,1083.0000,6.0000,1323.0000,6.0000
29-12-2015 13:32:57.176,Si74750BA6,12/29/2015 13:32:57,1,3,1036.0000,1.0000,500000.0000,1.0000
29-12-2015 13:32:57.177,Si74750BA6,12/29/2015 13:32:57,2,3,1.0000,75.0000,0.0000,0.0000
29-12-2015 13:39:34.570,Si74750BA6,12/29/2015 13:39:34,0,3,1068.0000,6.0000,1308.0000,6.0000
29-12-2015 13:39:34.571,Si74750BA6,12/29/2015 13:39:34,1,3,1036.0000,1.0000,500000.0000,1.0000
29-12-2015 13:39:34.571,Si74750BA6,12/29/2015 13:39:34,2,3,1.0000,75.0000,0.0000,0.0000
29-12-2015 13:40:22.472,Si74750BA6,12/29/2015 13:40:22,0,3,1053.0000,6.0000,1293.0000,6.0000
29-12-2015 13:40:22.472,Si74750BA6,12/29/2015 13:40:22,1,3,1036.0000,1.0000,500000.0000,1.0000
29-12-2015 13:40:22.473,Si74750BA6,12/29/2015 13:40:22,2,3,1.0000,75.0000,0.0000,0.0000
29-12-2015 13:42:19.947,Si74750BA6,12/29/2015 13:42:19,0,3,1068.0000,6.0000,1308.0000,6.0000
29-12-2015 13:42:19.947,Si74750BA6,12/29/2015 13:42:19,1,3,1036.0000,1.0000,500000.0000,1.0000
29-12-2015 13:42:19.948,Si74750BA6,12/29/2015 13:42:19,2,3,1.0000,75.0000,0.0000,0.0000
29-12-2015 13:43:03.821,Si74750BA6,12/29/2015 13:43:03,0,3,1087.0000,6.0000,1327.0000,6.0000
29-12-2015 13:43:03.821,Si74750BA6,12/29/2015 13:43:03,1,3,1036.0000,1.0000,500000.0000,1.0000
29-12-2015 13:43:03.821,Si74750BA6,12/29/2015 13:43:03,2,3,1.0000,75.0000,0.0000,0.0000
29-12-2015 13:47:13.755,Si74750BA6,12/29/2015 13:47:13,0,3,1103.0000,6.0000,1343.0000,6.0000
29-12-2015 13:47:13.755,Si74750BA6,12/29/2015 13:47:13,1,3,1036.0000,1.0000,500000.0000,1.0000
29-12-2015 13:47:13.756,Si74750BA6,12/29/2015 13:47:13,2,3,1.0000,75.0000,0.0000,0.0000
29-12-2015 13:51:42.557,Si74750BA6,12/29/2015 13:51:42,0,3,1118.0000,6.0000,1358.0000,6.0000
29-12-2015 13:51:42.557,Si74750BA6,12/29/2015 13:51:42,1,3,1036.0000,1.0000,500000.0000,1.0000
29-12-2015 13:51:42.558,Si74750BA6,12/29/2015 13:51:42,2,3,1.0000,75.0000,0.0000,0.0000
29-12-2015 13:54:49.138,Si74750BA6,12/29/2015 13:54:49,0,3,1103.0000,6.0000,1343.0000,6.0000
29-12-2015 13:54:49.138,Si74750BA6,12/29/2015 13:54:49,1,3,1036.0000,1.0000,500000.0000,1.0000
29-12-2015 13:54:49.140,Si74750BA6,12/29/2015 13:54:49,2,3,1.0000,75.0000,0.0000,0.0000
29-12-2015 14:29:19.018,Si74750BA6,12/29/2015 14:29:19,0,2,1036.0000,1.0000,1343.0000,6.0000
29-12-2015 14:29:19.020,Si74750BA6,12/29/2015 14:29:19,1,2,1.0000,75.0000,500000.0000,1.0000
29-12-2015 14:29:19.140,Si74750BA6,12/29/2015 14:29:19,0,2,1036.0000,1.0000,500000.0000,1.0000
29-12-2015 14:29:19.140,Si74750BA6,12/29/2015 14:29:19,1,2,1.0000,75.0000,0.0000,0.0000
29-12-2015 14:51:26.363,Si74750BA6,12/29/2015 14:51:26,0,3,1128.0000,6.0000,500000.0000,1.0000
29-12-2015 14:51:26.364,Si74750BA6,12/29/2015 14:51:26,1,3,1036.0000,1.0000,0.0000,0.0000
29-12-2015 14:51:26.364,Si74750BA6,12/29/2015 14:51:26,2,3,1.0000,75.0000,0.0000,0.0000
29-12-2015 14:51:26.403,Si74750BA6,12/29/2015 14:51:26,0,3,1128.0000,6.0000,1368.0000,6.0000
29-12-2015 14:51:26.403,Si74750BA6,12/29/2015 14:51:26,1,3,1036.0000,1.0000,500000.0000,1.0000
29-12-2015 14:51:26.404,Si74750BA6,12/29/2015 14:51:26,2,3,1.0000,75.0000,0.0000,0.0000
29-12-2015 15:02:45.216,Si74750BA6,12/29/2015 15:02:45,0,3,1145.0000,6.0000,1385.0000,6.0000
29-12-2015 15:02:45.217,Si74750BA6,12/29/2015 15:02:45,1,3,1036.0000,1.0000,500000.0000,1.0000
29-12-2015 15:02:45.217,Si74750BA6,12/29/2015 15:02:45,2,3,1.0000,75.0000,0.0000,0.0000
29-12-2015 15:02:53.569,Si74750BA6,12/29/2015 15:02:53,0,4,1266.0000,1.0000,1385.0000,6.0000
29-12-2015 15:02:53.569,Si74750BA6,12/29/2015 15:02:53,1,4,1145.0000,6.0000,500000.0000,1.0000
29-12-2015 15:02:53.570,Si74750BA6,12/29/2015 15:02:53,2,4,1036.0000,1.0000,0.0000,0.0000
29-12-2015 15:06:38.726,Si74750BA6,12/29/2015 15:06:38,0,3,1145.0000,6.0000,1385.0000,6.0000
29-12-2015 15:06:38.726,Si74750BA6,12/29/2015 15:06:38,1,3,1036.0000,1.0000,500000.0000,1.0000
29-12-2015 15:06:38.726,Si74750BA6,12/29/2015 15:06:38,2,3,1.0000,75.0000,0.0000,0.0000
29-12-2015 15:07:31.187,Si74750BA6,12/29/2015 15:07:31,0,3,1129.0000,6.0000,1369.0000,6.0000
29-12-2015 15:07:31.188,Si74750BA6,12/29/2015 15:07:31,1,3,1036.0000,1.0000,500000.0000,1.0000
29-12-2015 15:07:31.188,Si74750BA6,12/29/2015 15:07:31,2,3,1.0000,75.0000,0.0000,0.0000
29-12-2015 15:08:42.867,Si74750BA6,12/29/2015 15:08:42,0,3,1111.0000,6.0000,1351.0000,6.0000
29-12-2015 15:08:42.868,Si74750BA6,12/29/2015 15:08:42,1,3,1036.0000,1.0000,500000.0000,1.0000
29-12-2015 15:08:42.868,Si74750BA6,12/29/2015 15:08:42,2,3,1.0000,75.0000,0.0000,0.0000
29-12-2015 15:12:00.332,Si74750BA6,12/29/2015 15:12:00,0,3,1089.0000,6.0000,1329.0000,6.0000
29-12-2015 15:12:00.333,Si74750BA6,12/29/2015 15:12:00,1,3,1036.0000,1.0000,500000.0000,1.0000
29-12-2015 15:12:00.333,Si74750BA6,12/29/2015 15:12:00,2,3,1.0000,75.0000,0.0000,0.0000
29-12-2015 15:19:59.492,Si74750BA6,12/29/2015 15:19:59,0,3,1105.0000,6.0000,1345.0000,6.0000
29-12-2015 15:19:59.492,Si74750BA6,12/29/2015 15:19:59,1,3,1036.0000,1.0000,500000.0000,1.0000
29-12-2015 15:19:59.492,Si74750BA6,12/29/2015 15:19:59,2,3,1.0000,75.0000,0.0000,0.0000
29-12-2015 15:20:40.291,Si74750BA6,12/29/2015 15:20:40,0,3,1090.0000,6.0000,1330.0000,6.0000
29-12-2015 15:20:40.291,Si74750BA6,12/29/2015 15:20:40,1,3,1036.0000,1.0000,500000.0000,1.0000
29-12-2015 15:20:40.292,Si74750BA6,12/29/2015 15:20:40,2,3,1.0000,75.0000,0.0000,0.0000
29-12-2015 15:25:50.439,Si74750BA6,12/29/2015 15:25:50,0,3,1106.0000,6.0000,1346.0000,6.0000
29-12-2015 15:25:50.439,Si74750BA6,12/29/2015 15:25:50,1,3,1036.0000,1.0000,500000.0000,1.0000
29-12-2015 15:25:50.439,Si74750BA6,12/29/2015 15:25:50,2,3,1.0000,75.0000,0.0000,0.0000
29-12-2015 15:32:21.471,Si74750BA6,12/29/2015 15:32:21,0,2,1036.0000,1.0000,1346.0000,6.0000
29-12-2015 15:32:21.471,Si74750BA6,12/29/2015 15:32:21,1,2,1.0000,75.0000,500000.0000,1.0000
29-12-2015 15:32:21.496,Si74750BA6,12/29/2015 15:32:21,0,2,1036.0000,1.0000,500000.0000,1.0000
29-12-2015 15:32:21.497,Si74750BA6,12/29/2015 15:32:21,1,2,1.0000,75.0000,0.0000,0.0000
29-12-2015 15:35:12.357,Si74750BA6,12/29/2015 15:35:12,0,3,1118.0000,6.0000,500000.0000,1.0000
29-12-2015 15:35:12.357,Si74750BA6,12/29/2015 15:35:12,1,3,1036.0000,1.0000,0.0000,0.0000
29-12-2015 15:35:12.358,Si74750BA6,12/29/2015 15:35:12,2,3,1.0000,75.0000,0.0000,0.0000
29-12-2015 15:35:12.413,Si74750BA6,12/29/2015 15:35:12,0,3,1118.0000,6.0000,1358.0000,6.0000
29-12-2015 15:35:12.414,Si74750BA6,12/29/2015 15:35:12,1,3,1036.0000,1.0000,500000.0000,1.0000
29-12-2015 15:35:12.414,Si74750BA6,12/29/2015 15:35:12,2,3,1.0000,75.0000,0.0000,0.0000
29-12-2015 15:35:41.751,Si74750BA6,12/29/2015 15:35:41,0,3,1101.0000,6.0000,1341.0000,6.0000
29-12-2015 15:35:41.751,Si74750BA6,12/29/2015 15:35:41,1,3,1036.0000,1.0000,500000.0000,1.0000
29-12-2015 15:35:41.752,Si74750BA6,12/29/2015 15:35:41,2,3,1.0000,75.0000,0.0000,0.0000
29-12-2015 15:42:36.660,Si74750BA6,12/29/2015 15:42:36,0,3,1086.0000,6.0000,1326.0000,6.0000
29-12-2015 15:42:36.661,Si74750BA6,12/29/2015 15:42:36,1,3,1036.0000,1.0000,500000.0000,1.0000
29-12-2015 15:42:36.661,Si74750BA6,12/29/2015 15:42:36,2,3,1.0000,75.0000,0.0000,0.0000
29-12-2015 15:47:00.033,Si74750BA6,12/29/2015 15:47:00,0,3,1069.0000,6.0000,1309.0000,6.0000
29-12-2015 15:47:00.034,Si74750BA6,12/29/2015 15:47:00,1,3,1036.0000,1.0000,500000.0000,1.0000
29-12-2015 15:47:00.034,Si74750BA6,12/29/2015 15:47:00,2,3,1.0000,75.0000,0.0000,0.0000
29-12-2015 15:48:21.532,Si74750BA6,12/29/2015 15:48:21,0,3,1054.0000,6.0000,1294.0000,6.0000
29-12-2015 15:48:21.532,Si74750BA6,12/29/2015 15:48:21,1,3,1036.0000,1.0000,500000.0000,1.0000
29-12-2015 15:48:21.533,Si74750BA6,12/29/2015 15:48:21,2,3,1.0000,75.0000,0.0000,0.0000
29-12-2015 15:49:11.662,Si74750BA6,12/29/2015 15:49:11,0,3,1069.0000,6.0000,1309.0000,6.0000
29-12-2015 15:49:11.662,Si74750BA6,12/29/2015 15:49:11,1,3,1036.0000,1.0000,500000.0000,1.0000
29-12-2015 15:49:11.662,Si74750BA6,12/29/2015 15:49:11,2,3,1.0000,75.0000,0.0000,0.0000
29-12-2015 15:50:38.953,Si74750BA6,12/29/2015 15:50:38,0,3,1092.0000,6.0000,1332.0000,6.0000
29-12-2015 15:50:38.954,Si74750BA6,12/29/2015 15:50:38,1,3,1036.0000,1.0000,500000.0000,1.0000
29-12-2015 15:50:38.954,Si74750BA6,12/29/2015 15:50:38,2,3,1.0000,75.0000,0.0000,0.0000
29-12-2015 15:52:28.741,Si74750BA6,12/29/2015 15:52:28,0,3,1076.0000,6.0000,1316.0000,6.0000
29-12-2015 15:52:28.741,Si74750BA6,12/29/2015 15:52:28,1,3,1036.0000,1.0000,500000.0000,1.0000
29-12-2015 15:52:28.741,Si74750BA6,12/29/2015 15:52:28,2,3,1.0000,75.0000,0.0000,0.0000
29-12-2015 15:54:32.222,Si74750BA6,12/29/2015 15:54:32,0,3,1092.0000,6.0000,1332.0000,6.0000
29-12-2015 15:54:32.222,Si74750BA6,12/29/2015 15:54:32,1,3,1036.0000,1.0000,500000.0000,1.0000
29-12-2015 15:54:32.223,Si74750BA6,12/29/2015 15:54:32,2,3,1.0000,75.0000,0.0000,0.0000
29-12-2015 16:01:59.944,Si74750BA6,12/29/2015 16:01:59,0,3,1076.0000,6.0000,1316.0000,6.0000
29-12-2015 16:01:59.945,Si74750BA6,12/29/2015 16:01:59,1,3,1036.0000,1.0000,500000.0000,1.0000
29-12-2015 16:01:59.945,Si74750BA6,12/29/2015 16:01:59,2,3,1.0000,75.0000,0.0000,0.0000
29-12-2015 16:03:12.982,Si74750BA6,12/29/2015 16:03:12,0,2,1036.0000,1.0000,500000.0000,1.0000
29-12-2015 16:03:12.982,Si74750BA6,12/29/2015 16:03:12,1,2,1.0000,75.0000,0.0000,0.0000
29-12-2015 16:06:30.324,Si74750BA6,12/29/2015 16:06:30,0,3,1063.0000,6.0000,500000.0000,1.0000
29-12-2015 16:06:30.329,Si74750BA6,12/29/2015 16:06:30,1,3,1036.0000,1.0000,0.0000,0.0000
29-12-2015 16:06:30.329,Si74750BA6,12/29/2015 16:06:30,2,3,1.0000,75.0000,0.0000,0.0000
29-12-2015 16:06:30.330,Si74750BA6,12/29/2015 16:06:30,0,3,1063.0000,6.0000,1303.0000,6.0000
29-12-2015 16:06:30.331,Si74750BA6,12/29/2015 16:06:30,1,3,1036.0000,1.0000,500000.0000,1.0000
29-12-2015 16:06:30.331,Si74750BA6,12/29/2015 16:06:30,2,3,1.0000,75.0000,0.0000,0.0000
29-12-2015 16:08:24.051,Si74750BA6,12/29/2015 16:08:24,0,3,1047.0000,6.0000,1287.0000,6.0000
29-12-2015 16:08:24.051,Si74750BA6,12/29/2015 16:08:24,1,3,1036.0000,1.0000,500000.0000,1.0000
29-12-2015 16:08:24.051,Si74750BA6,12/29/2015 16:08:24,2,3,1.0000,75.0000,0.0000,0.0000
29-12-2015 16:08:50.973,Si74750BA6,12/29/2015 16:08:50,0,3,1062.0000,6.0000,1302.0000,6.0000
29-12-2015 16:08:50.973,Si74750BA6,12/29/2015 16:08:50,1,3,1036.0000,1.0000,500000.0000,1.0000
29-12-2015 16:08:50.973,Si74750BA6,12/29/2015 16:08:50,2,3,1.0000,75.0000,0.0000,0.0000
29-12-2015 16:10:20.416,Si74750BA6,12/29/2015 16:10:20,0,3,1047.0000,6.0000,1287.0000,6.0000
29-12-2015 16:10:20.417,Si74750BA6,12/29/2015 16:10:20,1,3,1036.0000,1.0000,500000.0000,1.0000
29-12-2015 16:10:20.418,Si74750BA6,12/29/2015 16:10:20,2,3,1.0000,75.0000,0.0000,0.0000
29-12-2015 16:12:49.414,Si74750BA6,12/29/2015 16:12:49,0,3,1036.0000,1.0000,1262.0000,6.0000
29-12-2015 16:12:49.414,Si74750BA6,12/29/2015 16:12:49,1,3,1022.0000,6.0000,500000.0000,1.0000
29-12-2015 16:12:49.414,Si74750BA6,12/29/2015 16:12:49,2,3,1.0000,75.0000,0.0000,0.0000
29-12-2015 16:13:31.130,Si74750BA6,12/29/2015 16:13:31,0,3,1036.0000,1.0000,1246.0000,6.0000
29-12-2015 16:13:31.130,Si74750BA6,12/29/2015 16:13:31,1,3,1006.0000,6.0000,500000.0000,1.0000
29-12-2015 16:13:31.130,Si74750BA6,12/29/2015 16:13:31,2,3,1.0000,75.0000,0.0000,0.0000
29-12-2015 16:14:13.862,Si74750BA6,12/29/2015 16:14:13,0,3,1036.0000,1.0000,1231.0000,6.0000
29-12-2015 16:14:13.863,Si74750BA6,12/29/2015 16:14:13,1,3,991.0000,6.0000,500000.0000,1.0000
29-12-2015 16:14:13.863,Si74750BA6,12/29/2015 16:14:13,2,3,1.0000,75.0000,0.0000,0.0000
29-12-2015 16:17:52.213,Si74750BA6,12/29/2015 16:17:52,0,3,1036.0000,1.0000,1247.0000,6.0000
29-12-2015 16:17:52.213,Si74750BA6,12/29/2015 16:17:52,1,3,1007.0000,6.0000,500000.0000,1.0000
29-12-2015 16:17:52.214,Si74750BA6,12/29/2015 16:17:52,2,3,1.0000,75.0000,0.0000,0.0000
29-12-2015 16:21:37.636,Si74750BA6,12/29/2015 16:21:37,0,3,1036.0000,1.0000,1226.0000,6.0000
29-12-2015 16:21:37.637,Si74750BA6,12/29/2015 16:21:37,1,3,986.0000,6.0000,500000.0000,1.0000
29-12-2015 16:21:37.638,Si74750BA6,12/29/2015 16:21:37,2,3,1.0000,75.0000,0.0000,0.0000
29-12-2015 16:22:52.397,Si74750BA6,12/29/2015 16:22:52,0,3,1036.0000,1.0000,1211.0000,6.0000
29-12-2015 16:22:52.397,Si74750BA6,12/29/2015 16:22:52,1,3,971.0000,6.0000,500000.0000,1.0000
29-12-2015 16:22:52.398,Si74750BA6,12/29/2015 16:22:52,2,3,1.0000,75.0000,0.0000,0.0000
29-12-2015 16:23:04.363,Si74750BA6,12/29/2015 16:23:04,0,3,1036.0000,1.0000,1231.0000,6.0000
29-12-2015 16:23:04.363,Si74750BA6,12/29/2015 16:23:04,1,3,991.0000,6.0000,500000.0000,1.0000
29-12-2015 16:23:04.363,Si74750BA6,12/29/2015 16:23:04,2,3,1.0000,75.0000,0.0000,0.0000
29-12-2015 16:23:14.682,Si74750BA6,12/29/2015 16:23:14,0,3,1036.0000,1.0000,1259.0000,6.0000
29-12-2015 16:23:14.683,Si74750BA6,12/29/2015 16:23:14,1,3,1019.0000,6.0000,500000.0000,1.0000
29-12-2015 16:23:14.683,Si74750BA6,12/29/2015 16:23:14,2,3,1.0000,75.0000,0.0000,0.0000
29-12-2015 16:23:14.817,Si74750BA6,12/29/2015 16:23:14,0,3,1036.0000,1.0000,1244.0000,6.0000
29-12-2015 16:23:14.817,Si74750BA6,12/29/2015 16:23:14,1,3,1004.0000,6.0000,500000.0000,1.0000
29-12-2015 16:23:14.817,Si74750BA6,12/29/2015 16:23:14,2,3,1.0000,75.0000,0.0000,0.0000
29-12-2015 16:24:06.089,Si74750BA6,12/29/2015 16:24:06,0,3,1036.0000,1.0000,1266.0000,6.0000
29-12-2015 16:24:06.089,Si74750BA6,12/29/2015 16:24:06,1,3,1026.0000,6.0000,500000.0000,1.0000
29-12-2015 16:24:06.090,Si74750BA6,12/29/2015 16:24:06,2,3,1.0000,75.0000,0.0000,0.0000
29-12-2015 16:24:07.260,Si74750BA6,12/29/2015 16:24:07,0,3,1044.0000,6.0000,1284.0000,6.0000
29-12-2015 16:24:07.260,Si74750BA6,12/29/2015 16:24:07,1,3,1036.0000,1.0000,500000.0000,1.0000
29-12-2015 16:24:07.261,Si74750BA6,12/29/2015 16:24:07,2,3,1.0000,75.0000,0.0000,0.0000
29-12-2015 16:24:13.669,Si74750BA6,12/29/2015 16:24:13,0,3,1036.0000,1.0000,1267.0000,6.0000
29-12-2015 16:24:13.669,Si74750BA6,12/29/2015 16:24:13,1,3,1027.0000,6.0000,500000.0000,1.0000
29-12-2015 16:24:13.670,Si74750BA6,12/29/2015 16:24:13,2,3,1.0000,75.0000,0.0000,0.0000
29-12-2015 16:24:43.738,Si74750BA6,12/29/2015 16:24:43,0,3,1042.0000,6.0000,1282.0000,6.0000
29-12-2015 16:24:43.738,Si74750BA6,12/29/2015 16:24:43,1,3,1036.0000,1.0000,500000.0000,1.0000
29-12-2015 16:24:43.739,Si74750BA6,12/29/2015 16:24:43,2,3,1.0000,75.0000,0.0000,0.0000
29-12-2015 16:27:56.181,Si74750BA6,12/29/2015 16:27:56,0,3,1036.0000,1.0000,1267.0000,6.0000
29-12-2015 16:27:56.181,Si74750BA6,12/29/2015 16:27:56,1,3,1027.0000,6.0000,500000.0000,1.0000
29-12-2015 16:27:56.182,Si74750BA6,12/29/2015 16:27:56,2,3,1.0000,75.0000,0.0000,0.0000
29-12-2015 16:30:58.010,Si74750BA6,12/29/2015 16:30:58,0,3,1036.0000,1.0000,1250.0000,6.0000
29-12-2015 16:30:58.010,Si74750BA6,12/29/2015 16:30:58,1,3,1010.0000,6.0000,500000.0000,1.0000
29-12-2015 16:30:58.010,Si74750BA6,12/29/2015 16:30:58,2,3,1.0000,75.0000,0.0000,0.0000
29-12-2015 16:34:36.240,Si74750BA6,12/29/2015 16:34:36,0,3,1036.0000,1.0000,1233.0000,6.0000
29-12-2015 16:34:36.240,Si74750BA6,12/29/2015 16:34:36,1,3,993.0000,6.0000,500000.0000,1.0000
29-12-2015 16:34:36.240,Si74750BA6,12/29/2015 16:34:36,2,3,1.0000,75.0000,0.0000,0.0000
29-12-2015 16:35:02.315,Si74750BA6,12/29/2015 16:35:02,0,3,1036.0000,1.0000,1256.0000,6.0000
29-12-2015 16:35:02.316,Si74750BA6,12/29/2015 16:35:02,1,3,1016.0000,6.0000,500000.0000,1.0000
29-12-2015 16:35:02.317,Si74750BA6,12/29/2015 16:35:02,2,3,1.0000,75.0000,0.0000,0.0000
29-12-2015 16:35:05.621,Si74750BA6,12/29/2015 16:35:05,0,3,1036.0000,1.0000,1241.0000,6.0000
29-12-2015 16:35:05.621,Si74750BA6,12/29/2015 16:35:05,1,3,1001.0000,6.0000,500000.0000,1.0000
29-12-2015 16:35:05.621,Si74750BA6,12/29/2015 16:35:05,2,3,1.0000,75.0000,0.0000,0.0000
29-12-2015 16:36:17.446,Si74750BA6,12/29/2015 16:36:17,0,3,1036.0000,1.0000,1226.0000,6.0000
29-12-2015 16:36:17.448,Si74750BA6,12/29/2015 16:36:17,1,3,986.0000,6.0000,500000.0000,1.0000
29-12-2015 16:36:17.448,Si74750BA6,12/29/2015 16:36:17,2,3,1.0000,75.0000,0.0000,0.0000
29-12-2015 16:37:28.708,Si74750BA6,12/29/2015 16:37:28,0,3,1036.0000,1.0000,1243.0000,6.0000
29-12-2015 16:37:28.709,Si74750BA6,12/29/2015 16:37:28,1,3,1003.0000,6.0000,500000.0000,1.0000
29-12-2015 16:37:28.710,Si74750BA6,12/29/2015 16:37:28,2,3,1.0000,75.0000,0.0000,0.0000
29-12-2015 16:40:24.375,Si74750BA6,12/29/2015 16:40:24,0,3,1036.0000,1.0000,1228.0000,6.0000
29-12-2015 16:40:24.376,Si74750BA6,12/29/2015 16:40:24,1,3,988.0000,6.0000,500000.0000,1.0000
29-12-2015 16:40:24.376,Si74750BA6,12/29/2015 16:40:24,2,3,1.0000,75.0000,0.0000,0.0000
29-12-2015 16:43:29.561,Si74750BA6,12/29/2015 16:43:29,0,3,1036.0000,1.0000,1210.0000,6.0000
29-12-2015 16:43:29.561,Si74750BA6,12/29/2015 16:43:29,1,3,970.0000,6.0000,500000.0000,1.0000
29-12-2015 16:43:29.562,Si74750BA6,12/29/2015 16:43:29,2,3,1.0000,75.0000,0.0000,0.0000
29-12-2015 16:46:29.672,Si74750BA6,12/29/2015 16:46:29,0,3,1036.0000,1.0000,1194.0000,6.0000
29-12-2015 16:46:29.672,Si74750BA6,12/29/2015 16:46:29,1,3,954.0000,6.0000,500000.0000,1.0000
29-12-2015 16:46:29.673,Si74750BA6,12/29/2015 16:46:29,2,3,1.0000,75.0000,0.0000,0.0000
29-12-2015 16:48:32.008,Si74750BA6,12/29/2015 16:48:32,0,3,1036.0000,1.0000,1210.0000,6.0000
29-12-2015 16:48:32.008,Si74750BA6,12/29/2015 16:48:32,1,3,970.0000,6.0000,500000.0000,1.0000
29-12-2015 16:48:32.009,Si74750BA6,12/29/2015 16:48:32,2,3,1.0000,75.0000,0.0000,0.0000
29-12-2015 16:50:43.843,Si74750BA6,12/29/2015 16:50:43,0,3,1036.0000,1.0000,1239.0000,6.0000
29-12-2015 16:50:43.844,Si74750BA6,12/29/2015 16:50:43,1,3,999.0000,6.0000,500000.0000,1.0000
29-12-2015 16:50:43.844,Si74750BA6,12/29/2015 16:50:43,2,3,1.0000,75.0000,0.0000,0.0000
29-12-2015 16:58:48.643,Si74750BA6,12/29/2015 16:58:48,0,3,1036.0000,1.0000,1224.0000,6.0000
29-12-2015 16:58:48.644,Si74750BA6,12/29/2015 16:58:48,1,3,984.0000,6.0000,500000.0000,1.0000
29-12-2015 16:58:48.644,Si74750BA6,12/29/2015 16:58:48,2,3,1.0000,75.0000,0.0000,0.0000
29-12-2015 17:08:44.969,Si74750BA6,12/29/2015 17:08:44,0,3,1036.0000,1.0000,1208.0000,6.0000
29-12-2015 17:08:44.969,Si74750BA6,12/29/2015 17:08:44,1,3,968.0000,6.0000,500000.0000,1.0000
29-12-2015 17:08:44.969,Si74750BA6,12/29/2015 17:08:44,2,3,1.0000,75.0000,0.0000,0.0000
29-12-2015 17:14:58.885,Si74750BA6,12/29/2015 17:14:58,0,3,1036.0000,1.0000,1188.0000,6.0000
29-12-2015 17:14:58.885,Si74750BA6,12/29/2015 17:14:58,1,3,948.0000,6.0000,500000.0000,1.0000
29-12-2015 17:14:58.886,Si74750BA6,12/29/2015 17:14:58,2,3,1.0000,75.0000,0.0000,0.0000
29-12-2015 17:16:01.489,Si74750BA6,12/29/2015 17:16:01,0,3,1036.0000,1.0000,1172.0000,6.0000
29-12-2015 17:16:01.489,Si74750BA6,12/29/2015 17:16:01,1,3,932.0000,6.0000,500000.0000,1.0000
29-12-2015 17:16:01.490,Si74750BA6,12/29/2015 17:16:01,2,3,1.0000,75.0000,0.0000,0.0000
29-12-2015 17:16:01.782,Si74750BA6,12/29/2015 17:16:01,0,3,1036.0000,1.0000,1138.0000,6.0000
29-12-2015 17:16:01.782,Si74750BA6,12/29/2015 17:16:01,1,3,898.0000,6.0000,500000.0000,1.0000
29-12-2015 17:16:01.783,Si74750BA6,12/29/2015 17:16:01,2,3,1.0000,75.0000,0.0000,0.0000
29-12-2015 17:19:32.246,Si74750BA6,12/29/2015 17:19:32,0,2,916.0000,6.0000,1156.0000,6.0000
29-12-2015 17:19:32.247,Si74750BA6,12/29/2015 17:19:32,1,2,1.0000,75.0000,500000.0000,1.0000
29-12-2015 17:20:55.981,Si74750BA6,12/29/2015 17:20:55,0,2,931.0000,6.0000,1171.0000,6.0000
29-12-2015 17:20:55.982,Si74750BA6,12/29/2015 17:20:55,1,2,1.0000,75.0000,500000.0000,1.0000
29-12-2015 17:22:00.563,Si74750BA6,12/29/2015 17:22:00,0,2,915.0000,6.0000,1155.0000,6.0000
29-12-2015 17:22:00.563,Si74750BA6,12/29/2015 17:22:00,1,2,1.0000,75.0000,500000.0000,1.0000
29-12-2015 17:23:45.552,Si74750BA6,12/29/2015 17:23:45,0,2,883.0000,6.0000,1123.0000,6.0000
29-12-2015 17:23:45.552,Si74750BA6,12/29/2015 17:23:45,1,2,1.0000,75.0000,500000.0000,1.0000
29-12-2015 17:27:22.326,Si74750BA6,12/29/2015 17:27:22,0,2,852.0000,6.0000,1092.0000,6.0000
29-12-2015 17:27:22.326,Si74750BA6,12/29/2015 17:27:22,1,2,1.0000,75.0000,500000.0000,1.0000
29-12-2015 17:32:08.296,Si74750BA6,12/29/2015 17:32:08,0,2,817.0000,6.0000,1057.0000,6.0000
29-12-2015 17:32:08.296,Si74750BA6,12/29/2015 17:32:08,1,2,1.0000,75.0000,500000.0000,1.0000
29-12-2015 17:36:23.249,Si74750BA6,12/29/2015 17:36:23,0,2,801.0000,6.0000,1041.0000,6.0000
29-12-2015 17:36:23.250,Si74750BA6,12/29/2015 17:36:23,1,2,1.0000,75.0000,500000.0000,1.0000
29-12-2015 17:37:20.992,Si74750BA6,12/29/2015 17:37:20,0,2,850.0000,6.0000,1090.0000,6.0000
29-12-2015 17:37:20.992,Si74750BA6,12/29/2015 17:37:20,1,2,1.0000,75.0000,500000.0000,1.0000
29-12-2015 17:37:57.076,Si74750BA6,12/29/2015 17:37:57,0,2,866.0000,6.0000,1106.0000,6.0000
29-12-2015 17:37:57.077,Si74750BA6,12/29/2015 17:37:57,1,2,1.0000,75.0000,500000.0000,1.0000
29-12-2015 17:42:09.690,Si74750BA6,12/29/2015 17:42:09,0,2,915.0000,6.0000,1155.0000,6.0000
29-12-2015 17:42:09.690,Si74750BA6,12/29/2015 17:42:09,1,2,1.0000,75.0000,500000.0000,1.0000
29-12-2015 17:44:39.010,Si74750BA6,12/29/2015 17:44:39,0,2,899.0000,6.0000,1139.0000,6.0000
29-12-2015 17:44:39.010,Si74750BA6,12/29/2015 17:44:39,1,2,1.0000,75.0000,500000.0000,1.0000
29-12-2015 17:44:45.479,Si74750BA6,12/29/2015 17:44:45,0,2,931.0000,6.0000,1171.0000,6.0000
29-12-2015 17:44:45.479,Si74750BA6,12/29/2015 17:44:45,1,2,1.0000,75.0000,500000.0000,1.0000
29-12-2015 17:44:51.494,Si74750BA6,12/29/2015 17:44:51,0,2,947.0000,6.0000,1187.0000,6.0000
29-12-2015 17:44:51.494,Si74750BA6,12/29/2015 17:44:51,1,2,1.0000,75.0000,500000.0000,1.0000
29-12-2015 17:44:55.338,Si74750BA6,12/29/2015 17:44:55,0,2,931.0000,6.0000,1171.0000,6.0000
29-12-2015 17:44:55.339,Si74750BA6,12/29/2015 17:44:55,1,2,1.0000,75.0000,500000.0000,1.0000
29-12-2015 17:44:57.052,Si74750BA6,12/29/2015 17:44:57,0,2,916.0000,6.0000,1156.0000,6.0000
29-12-2015 17:44:57.053,Si74750BA6,12/29/2015 17:44:57,1,2,1.0000,75.0000,500000.0000,1.0000
29-12-2015 17:45:14.563,Si74750BA6,12/29/2015 17:45:14,0,2,937.0000,6.0000,1177.0000,6.0000
29-12-2015 17:45:14.563,Si74750BA6,12/29/2015 17:45:14,1,2,1.0000,75.0000,500000.0000,1.0000
29-12-2015 17:46:07.815,Si74750BA6,12/29/2015 17:46:07,0,2,953.0000,6.0000,1193.0000,6.0000
29-12-2015 17:46:07.815,Si74750BA6,12/29/2015 17:46:07,1,2,1.0000,75.0000,500000.0000,1.0000
29-12-2015 17:46:25.894,Si74750BA6,12/29/2015 17:46:25,0,2,938.0000,6.0000,1178.0000,6.0000
29-12-2015 17:46:25.908,Si74750BA6,12/29/2015 17:46:25,1,2,1.0000,75.0000,500000.0000,1.0000
29-12-2015 17:48:33.183,Si74750BA6,12/29/2015 17:48:33,0,2,953.0000,6.0000,1193.0000,6.0000
29-12-2015 17:48:33.183,Si74750BA6,12/29/2015 17:48:33,1,2,1.0000,75.0000,500000.0000,1.0000
29-12-2015 17:50:00.496,Si74750BA6,12/29/2015 17:50:00,0,2,969.0000,6.0000,1209.0000,6.0000
29-12-2015 17:50:00.497,Si74750BA6,12/29/2015 17:50:00,1,2,1.0000,75.0000,500000.0000,1.0000
29-12-2015 17:54:15.348,Si74750BA6,12/29/2015 17:54:15,0,2,990.0000,6.0000,1230.0000,6.0000
29-12-2015 17:54:15.348,Si74750BA6,12/29/2015 17:54:15,1,2,1.0000,75.0000,500000.0000,1.0000
29-12-2015 17:55:08.017,Si74750BA6,12/29/2015 17:55:08,0,2,974.0000,6.0000,1214.0000,6.0000
29-12-2015 17:55:08.023,Si74750BA6,12/29/2015 17:55:08,1,2,1.0000,75.0000,500000.0000,1.0000
29-12-2015 17:55:18.227,Si74750BA6,12/29/2015 17:55:18,0,2,958.0000,6.0000,1198.0000,6.0000
29-12-2015 17:55:18.228,Si74750BA6,12/29/2015 17:55:18,1,2,1.0000,75.0000,500000.0000,1.0000
29-12-2015 17:55:52.355,Si74750BA6,12/29/2015 17:55:52,0,2,974.0000,6.0000,1214.0000,6.0000
29-12-2015 17:55:52.356,Si74750BA6,12/29/2015 17:55:52,1,2,1.0000,75.0000,500000.0000,1.0000
29-12-2015 17:59:11.617,Si74750BA6,12/29/2015 17:59:11,0,2,989.0000,6.0000,1229.0000,6.0000
29-12-2015 17:59:11.617,Si74750BA6,12/29/2015 17:59:11,1,2,1.0000,75.0000,500000.0000,1.0000
29-12-2015 18:01:56.430,Si74750BA6,12/29/2015 18:01:56,0,2,1004.0000,6.0000,1244.0000,6.0000
29-12-2015 18:01:56.431,Si74750BA6,12/29/2015 18:01:56,1,2,1.0000,75.0000,500000.0000,1.0000
29-12-2015 18:02:05.776,Si74750BA6,12/29/2015 18:02:05,0,2,988.0000,6.0000,1228.0000,6.0000
29-12-2015 18:02:05.776,Si74750BA6,12/29/2015 18:02:05,1,2,1.0000,75.0000,500000.0000,1.0000
29-12-2015 18:02:53.189,Si74750BA6,12/29/2015 18:02:53,0,2,1003.0000,6.0000,1243.0000,6.0000
29-12-2015 18:02:53.190,Si74750BA6,12/29/2015 18:02:53,1,2,1.0000,75.0000,500000.0000,1.0000
29-12-2015 18:03:23.415,Si74750BA6,12/29/2015 18:03:23,0,2,1020.0000,6.0000,1260.0000,6.0000
29-12-2015 18:03:23.415,Si74750BA6,12/29/2015 18:03:23,1,2,1.0000,75.0000,500000.0000,1.0000
29-12-2015 18:07:06.951,Si74750BA6,12/29/2015 18:07:06,0,2,1005.0000,6.0000,1245.0000,6.0000
29-12-2015 18:07:06.951,Si74750BA6,12/29/2015 18:07:06,1,2,1.0000,75.0000,500000.0000,1.0000
29-12-2015 18:07:17.526,Si74750BA6,12/29/2015 18:07:17,0,2,1025.0000,6.0000,1265.0000,6.0000
29-12-2015 18:07:17.526,Si74750BA6,12/29/2015 18:07:17,1,2,1.0000,75.0000,500000.0000,1.0000
29-12-2015 18:14:28.316,Si74750BA6,12/29/2015 18:14:28,0,2,1042.0000,6.0000,1282.0000,6.0000
29-12-2015 18:14:28.317,Si74750BA6,12/29/2015 18:14:28,1,2,1.0000,75.0000,500000.0000,1.0000
29-12-2015 18:16:24.777,Si74750BA6,12/29/2015 18:16:24,0,2,1027.0000,6.0000,1267.0000,6.0000
29-12-2015 18:16:24.778,Si74750BA6,12/29/2015 18:16:24,1,2,1.0000,75.0000,500000.0000,1.0000
29-12-2015 18:16:31.136,Si74750BA6,12/29/2015 18:16:31,0,2,1012.0000,6.0000,1252.0000,6.0000
29-12-2015 18:16:31.137,Si74750BA6,12/29/2015 18:16:31,1,2,1.0000,75.0000,500000.0000,1.0000
29-12-2015 18:17:29.869,Si74750BA6,12/29/2015 18:17:29,0,2,996.0000,6.0000,1236.0000,6.0000
29-12-2015 18:17:29.870,Si74750BA6,12/29/2015 18:17:29,1,2,1.0000,75.0000,500000.0000,1.0000
29-12-2015 18:19:04.545,Si74750BA6,12/29/2015 18:19:04,0,2,1012.0000,6.0000,1252.0000,6.0000
29-12-2015 18:19:04.545,Si74750BA6,12/29/2015 18:19:04,1,2,1.0000,75.0000,500000.0000,1.0000
29-12-2015 18:19:47.122,Si74750BA6,12/29/2015 18:19:47,0,2,997.0000,6.0000,1237.0000,6.0000
29-12-2015 18:19:47.124,Si74750BA6,12/29/2015 18:19:47,1,2,1.0000,75.0000,500000.0000,1.0000
29-12-2015 18:20:50.063,Si74750BA6,12/29/2015 18:20:50,0,2,982.0000,6.0000,1222.0000,6.0000
29-12-2015 18:20:50.063,Si74750BA6,12/29/2015 18:20:50,1,2,1.0000,75.0000,500000.0000,1.0000
29-12-2015 18:21:18.672,Si74750BA6,12/29/2015 18:21:18,0,2,966.0000,6.0000,1206.0000,6.0000
29-12-2015 18:21:18.672,Si74750BA6,12/29/2015 18:21:18,1,2,1.0000,75.0000,500000.0000,1.0000
29-12-2015 18:23:56.782,Si74750BA6,12/29/2015 18:23:56,0,2,950.0000,6.0000,1190.0000,6.0000
29-12-2015 18:23:56.782,Si74750BA6,12/29/2015 18:23:56,1,2,1.0000,75.0000,500000.0000,1.0000
29-12-2015 18:25:06.168,Si74750BA6,12/29/2015 18:25:06,0,2,934.0000,6.0000,1174.0000,6.0000
29-12-2015 18:25:06.168,Si74750BA6,12/29/2015 18:25:06,1,2,1.0000,75.0000,500000.0000,1.0000
29-12-2015 18:25:53.183,Si74750BA6,12/29/2015 18:25:53,0,2,949.0000,6.0000,1189.0000,6.0000
29-12-2015 18:25:53.186,Si74750BA6,12/29/2015 18:25:53,1,2,1.0000,75.0000,500000.0000,1.0000
29-12-2015 18:27:09.702,Si74750BA6,12/29/2015 18:27:09,0,2,934.0000,6.0000,1174.0000,6.0000
29-12-2015 18:27:09.702,Si74750BA6,12/29/2015 18:27:09,1,2,1.0000,75.0000,500000.0000,1.0000
29-12-2015 18:28:50.448,Si74750BA6,12/29/2015 18:28:50,0,2,914.0000,6.0000,1154.0000,6.0000
29-12-2015 18:28:50.448,Si74750BA6,12/29/2015 18:28:50,1,2,1.0000,75.0000,500000.0000,1.0000
29-12-2015 18:29:23.017,Si74750BA6,12/29/2015 18:29:23,0,2,899.0000,6.0000,1139.0000,6.0000
29-12-2015 18:29:23.017,Si74750BA6,12/29/2015 18:29:23,1,2,1.0000,75.0000,500000.0000,1.0000
29-12-2015 18:31:25.511,Si74750BA6,12/29/2015 18:31:25,0,2,884.0000,6.0000,1124.0000,6.0000
29-12-2015 18:31:25.512,Si74750BA6,12/29/2015 18:31:25,1,2,1.0000,75.0000,500000.0000,1.0000
29-12-2015 18:32:18.085,Si74750BA6,12/29/2015 18:32:18,0,2,900.0000,6.0000,1140.0000,6.0000
29-12-2015 18:32:18.085,Si74750BA6,12/29/2015 18:32:18,1,2,1.0000,75.0000,500000.0000,1.0000
29-12-2015 18:32:28.837,Si74750BA6,12/29/2015 18:32:28,0,2,915.0000,6.0000,1155.0000,6.0000
29-12-2015 18:32:28.838,Si74750BA6,12/29/2015 18:32:28,1,2,1.0000,75.0000,500000.0000,1.0000
29-12-2015 18:33:28.182,Si74750BA6,12/29/2015 18:33:28,0,2,932.0000,6.0000,1172.0000,6.0000
29-12-2015 18:33:28.182,Si74750BA6,12/29/2015 18:33:28,1,2,1.0000,75.0000,500000.0000,1.0000
29-12-2015 18:35:44.105,Si74750BA6,12/29/2015 18:35:44,0,2,915.0000,6.0000,1155.0000,6.0000
29-12-2015 18:35:44.105,Si74750BA6,12/29/2015 18:35:44,1,2,1.0000,75.0000,500000.0000,1.0000
29-12-2015 18:37:40.574,Si74750BA6,12/29/2015 18:37:40,0,2,899.0000,6.0000,1139.0000,6.0000
29-12-2015 18:37:40.576,Si74750BA6,12/29/2015 18:37:40,1,2,1.0000,75.0000,500000.0000,1.0000
29-12-2015 18:38:06.372,Si74750BA6,12/29/2015 18:38:06,0,2,882.0000,6.0000,1122.0000,6.0000
29-12-2015 18:38:06.372,Si74750BA6,12/29/2015 18:38:06,1,2,1.0000,75.0000,500000.0000,1.0000
29-12-2015 18:40:26.971,Si74750BA6,12/29/2015 18:40:26,0,2,904.0000,6.0000,1144.0000,6.0000
29-12-2015 18:40:26.971,Si74750BA6,12/29/2015 18:40:26,1,2,1.0000,75.0000,500000.0000,1.0000
29-12-2015 18:40:43.303,Si74750BA6,12/29/2015 18:40:43,0,2,919.0000,6.0000,1159.0000,6.0000
29-12-2015 18:40:43.304,Si74750BA6,12/29/2015 18:40:43,1,2,1.0000,75.0000,500000.0000,1.0000
29-12-2015 18:42:30.348,Si74750BA6,12/29/2015 18:42:30,0,2,934.0000,6.0000,1174.0000,6.0000
29-12-2015 18:42:30.348,Si74750BA6,12/29/2015 18:42:30,1,2,1.0000,75.0000,500000.0000,1.0000
29-12-2015 18:43:14.711,Si74750BA6,12/29/2015 18:43:14,0,2,919.0000,6.0000,1159.0000,6.0000
29-12-2015 18:43:14.712,Si74750BA6,12/29/2015 18:43:14,1,2,1.0000,75.0000,500000.0000,1.0000
29-12-2015 18:44:38.115,Si74750BA6,12/29/2015 18:44:38,0,1,1.0000,75.0000,500000.0000,1.0000
29-12-2015 18:44:38.213,Si74750BA6,12/29/2015 18:44:38,0,2,2.0000,10.0000,500000.0000,1.0000
29-12-2015 18:44:38.213,Si74750BA6,12/29/2015 18:44:38,1,2,1.0000,75.0000,0.0000,0.0000
29-12-2015 19:00:05.237,Si74750BA6,12/29/2015 19:00:05,0,1,1.0000,75.0000,0.0000,0.0000
