29-12-2015 10:12:30.926,Si73750BA6,12/29/2015 10:12:30,0,4,1337.0000,6.0000,1577.0000,6.0000
29-12-2015 10:12:30.926,Si73750BA6,12/29/2015 10:12:30,1,4,1262.0000,20.0000,500000.0000,1.0000
29-12-2015 10:12:30.927,Si73750BA6,12/29/2015 10:12:30,2,4,1212.0000,25.0000,0.0000,0.0000
29-12-2015 10:12:39.196,Si73750BA6,12/29/2015 10:12:39,0,4,1353.0000,6.0000,1593.0000,6.0000
29-12-2015 10:12:39.197,Si73750BA6,12/29/2015 10:12:39,1,4,1262.0000,20.0000,500000.0000,1.0000
29-12-2015 10:12:39.197,Si73750BA6,12/29/2015 10:12:39,2,4,1212.0000,25.0000,0.0000,0.0000
29-12-2015 10:12:39.903,Si73750BA6,12/29/2015 10:12:39,0,4,1353.0000,6.0000,1593.0000,6.0000
29-12-2015 10:12:39.904,Si73750BA6,12/29/2015 10:12:39,1,4,1278.0000,20.0000,500000.0000,1.0000
29-12-2015 10:12:39.905,Si73750BA6,12/29/2015 10:12:39,2,4,1228.0000,25.0000,0.0000,0.0000
29-12-2015 10:12:42.415,Si73750BA6,12/29/2015 10:12:42,0,4,1370.0000,6.0000,1610.0000,6.0000
29-12-2015 10:12:42.415,Si73750BA6,12/29/2015 10:12:42,1,4,1278.0000,20.0000,500000.0000,1.0000
29-12-2015 10:12:42.416,Si73750BA6,12/29/2015 10:12:42,2,4,1228.0000,25.0000,0.0000,0.0000
29-12-2015 10:12:43.249,Si73750BA6,12/29/2015 10:12:43,0,4,1370.0000,6.0000,1610.0000,6.0000
29-12-2015 10:12:43.250,Si73750BA6,12/29/2015 10:12:43,1,4,1295.0000,20.0000,500000.0000,1.0000
29-12-2015 10:12:43.250,Si73750BA6,12/29/2015 10:12:43,2,4,1245.0000,25.0000,0.0000,0.0000
29-12-2015 10:12:43.565,Si73750BA6,12/29/2015 10:12:43,0,4,1353.0000,6.0000,1593.0000,6.0000
29-12-2015 10:12:43.565,Si73750BA6,12/29/2015 10:12:43,1,4,1295.0000,20.0000,500000.0000,1.0000
29-12-2015 10:12:43.565,Si73750BA6,12/29/2015 10:12:43,2,4,1245.0000,25.0000,0.0000,0.0000
29-12-2015 10:12:49.805,Si73750BA6,12/29/2015 10:12:49,0,4,1371.0000,6.0000,1611.0000,6.0000
29-12-2015 10:12:49.805,Si73750BA6,12/29/2015 10:12:49,1,4,1295.0000,20.0000,500000.0000,1.0000
29-12-2015 10:12:49.806,Si73750BA6,12/29/2015 10:12:49,2,4,1245.0000,25.0000,0.0000,0.0000
29-12-2015 10:12:59.651,Si73750BA6,12/29/2015 10:12:59,0,4,1371.0000,6.0000,1611.0000,6.0000
29-12-2015 10:12:59.651,Si73750BA6,12/29/2015 10:12:59,1,4,1274.0000,20.0000,500000.0000,1.0000
29-12-2015 10:12:59.652,Si73750BA6,12/29/2015 10:12:59,2,4,1224.0000,25.0000,0.0000,0.0000
29-12-2015 10:13:00.827,Si73750BA6,12/29/2015 10:13:00,0,4,1350.0000,6.0000,1590.0000,6.0000
29-12-2015 10:13:00.828,Si73750BA6,12/29/2015 10:13:00,1,4,1274.0000,20.0000,500000.0000,1.0000
29-12-2015 10:13:00.828,Si73750BA6,12/29/2015 10:13:00,2,4,1224.0000,25.0000,0.0000,0.0000
29-12-2015 10:13:19.310,Si73750BA6,12/29/2015 10:13:19,0,4,1334.0000,6.0000,1574.0000,6.0000
29-12-2015 10:13:19.311,Si73750BA6,12/29/2015 10:13:19,1,4,1274.0000,20.0000,500000.0000,1.0000
29-12-2015 10:13:19.311,Si73750BA6,12/29/2015 10:13:19,2,4,1224.0000,25.0000,0.0000,0.0000
29-12-2015 10:13:19.467,Si73750BA6,12/29/2015 10:13:19,0,4,1334.0000,6.0000,1574.0000,6.0000
29-12-2015 10:13:19.468,Si73750BA6,12/29/2015 10:13:19,1,4,1256.0000,20.0000,500000.0000,1.0000
29-12-2015 10:13:19.468,Si73750BA6,12/29/2015 10:13:19,2,4,1206.0000,25.0000,0.0000,0.0000
29-12-2015 10:13:53.813,Si73750BA6,12/29/2015 10:13:53,0,4,1334.0000,6.0000,1574.0000,6.0000
29-12-2015 10:13:53.813,Si73750BA6,12/29/2015 10:13:53,1,4,1272.0000,20.0000,500000.0000,1.0000
29-12-2015 10:13:53.814,Si73750BA6,12/29/2015 10:13:53,2,4,1206.0000,25.0000,0.0000,0.0000
29-12-2015 10:13:53.852,Si73750BA6,12/29/2015 10:13:53,0,4,1334.0000,6.0000,1574.0000,6.0000
29-12-2015 10:13:53.853,Si73750BA6,12/29/2015 10:13:53,1,4,1272.0000,20.0000,500000.0000,1.0000
29-12-2015 10:13:53.853,Si73750BA6,12/29/2015 10:13:53,2,4,1222.0000,25.0000,0.0000,0.0000
29-12-2015 10:13:53.882,Si73750BA6,12/29/2015 10:13:53,0,4,1349.0000,6.0000,1589.0000,6.0000
29-12-2015 10:13:53.882,Si73750BA6,12/29/2015 10:13:53,1,4,1272.0000,20.0000,500000.0000,1.0000
29-12-2015 10:13:53.883,Si73750BA6,12/29/2015 10:13:53,2,4,1222.0000,25.0000,0.0000,0.0000
29-12-2015 10:13:58.134,Si73750BA6,12/29/2015 10:13:58,0,4,1334.0000,6.0000,1574.0000,6.0000
29-12-2015 10:13:58.135,Si73750BA6,12/29/2015 10:13:58,1,4,1272.0000,20.0000,500000.0000,1.0000
29-12-2015 10:13:58.135,Si73750BA6,12/29/2015 10:13:58,2,4,1222.0000,25.0000,0.0000,0.0000
29-12-2015 10:14:07.443,Si73750BA6,12/29/2015 10:14:07,0,4,1334.0000,6.0000,1574.0000,6.0000
29-12-2015 10:14:07.443,Si73750BA6,12/29/2015 10:14:07,1,4,1256.0000,20.0000,500000.0000,1.0000
29-12-2015 10:14:07.443,Si73750BA6,12/29/2015 10:14:07,2,4,1222.0000,25.0000,0.0000,0.0000
29-12-2015 10:14:07.451,Si73750BA6,12/29/2015 10:14:07,0,4,1334.0000,6.0000,1574.0000,6.0000
29-12-2015 10:14:07.451,Si73750BA6,12/29/2015 10:14:07,1,4,1256.0000,20.0000,500000.0000,1.0000
29-12-2015 10:14:07.451,Si73750BA6,12/29/2015 10:14:07,2,4,1206.0000,25.0000,0.0000,0.0000
29-12-2015 10:14:49.882,Si73750BA6,12/29/2015 10:14:49,0,4,1319.0000,6.0000,1559.0000,6.0000
29-12-2015 10:14:49.883,Si73750BA6,12/29/2015 10:14:49,1,4,1256.0000,20.0000,500000.0000,1.0000
29-12-2015 10:14:49.884,Si73750BA6,12/29/2015 10:14:49,2,4,1206.0000,25.0000,0.0000,0.0000
29-12-2015 10:15:31.150,Si73750BA6,12/29/2015 10:15:31,0,4,1336.0000,6.0000,1576.0000,6.0000
29-12-2015 10:15:31.151,Si73750BA6,12/29/2015 10:15:31,1,4,1256.0000,20.0000,500000.0000,1.0000
29-12-2015 10:15:31.151,Si73750BA6,12/29/2015 10:15:31,2,4,1206.0000,25.0000,0.0000,0.0000
29-12-2015 10:15:57.682,Si73750BA6,12/29/2015 10:15:57,0,4,1336.0000,6.0000,1576.0000,6.0000
29-12-2015 10:15:57.683,Si73750BA6,12/29/2015 10:15:57,1,4,1273.0000,20.0000,500000.0000,1.0000
29-12-2015 10:15:57.683,Si73750BA6,12/29/2015 10:15:57,2,4,1206.0000,25.0000,0.0000,0.0000
29-12-2015 10:15:57.684,Si73750BA6,12/29/2015 10:15:57,0,4,1336.0000,6.0000,1576.0000,6.0000
29-12-2015 10:15:57.684,Si73750BA6,12/29/2015 10:15:57,1,4,1273.0000,20.0000,500000.0000,1.0000
29-12-2015 10:15:57.685,Si73750BA6,12/29/2015 10:15:57,2,4,1223.0000,25.0000,0.0000,0.0000
29-12-2015 10:16:06.942,Si73750BA6,12/29/2015 10:16:06,0,4,1351.0000,6.0000,1591.0000,6.0000
29-12-2015 10:16:06.942,Si73750BA6,12/29/2015 10:16:06,1,4,1273.0000,20.0000,500000.0000,1.0000
29-12-2015 10:16:06.942,Si73750BA6,12/29/2015 10:16:06,2,4,1223.0000,25.0000,0.0000,0.0000
29-12-2015 10:17:14.941,Si73750BA6,12/29/2015 10:17:14,0,4,1336.0000,6.0000,1576.0000,6.0000
29-12-2015 10:17:14.941,Si73750BA6,12/29/2015 10:17:14,1,4,1273.0000,20.0000,500000.0000,1.0000
29-12-2015 10:17:14.941,Si73750BA6,12/29/2015 10:17:14,2,4,1223.0000,25.0000,0.0000,0.0000
29-12-2015 10:18:10.465,Si73750BA6,12/29/2015 10:18:10,0,4,1336.0000,6.0000,1576.0000,6.0000
29-12-2015 10:18:10.465,Si73750BA6,12/29/2015 10:18:10,1,4,1256.0000,20.0000,500000.0000,1.0000
29-12-2015 10:18:10.465,Si73750BA6,12/29/2015 10:18:10,2,4,1223.0000,25.0000,0.0000,0.0000
29-12-2015 10:18:10.493,Si73750BA6,12/29/2015 10:18:10,0,4,1336.0000,6.0000,1576.0000,6.0000
29-12-2015 10:18:10.493,Si73750BA6,12/29/2015 10:18:10,1,4,1256.0000,20.0000,500000.0000,1.0000
29-12-2015 10:18:10.494,Si73750BA6,12/29/2015 10:18:10,2,4,1206.0000,25.0000,0.0000,0.0000
29-12-2015 10:20:13.801,Si73750BA6,12/29/2015 10:20:13,0,4,1336.0000,6.0000,1576.0000,6.0000
29-12-2015 10:20:13.801,Si73750BA6,12/29/2015 10:20:13,1,4,1272.0000,20.0000,500000.0000,1.0000
29-12-2015 10:20:13.801,Si73750BA6,12/29/2015 10:20:13,2,4,1222.0000,25.0000,0.0000,0.0000
29-12-2015 10:20:22.936,Si73750BA6,12/29/2015 10:20:22,0,4,1353.0000,6.0000,1593.0000,6.0000
29-12-2015 10:20:22.937,Si73750BA6,12/29/2015 10:20:22,1,4,1272.0000,20.0000,500000.0000,1.0000
29-12-2015 10:20:22.937,Si73750BA6,12/29/2015 10:20:22,2,4,1222.0000,25.0000,0.0000,0.0000
29-12-2015 10:20:31.109,Si73750BA6,12/29/2015 10:20:31,0,4,1353.0000,6.0000,1593.0000,6.0000
29-12-2015 10:20:31.110,Si73750BA6,12/29/2015 10:20:31,1,4,1287.0000,20.0000,500000.0000,1.0000
29-12-2015 10:20:31.110,Si73750BA6,12/29/2015 10:20:31,2,4,1237.0000,25.0000,0.0000,0.0000
29-12-2015 10:20:34.021,Si73750BA6,12/29/2015 10:20:34,0,4,1368.0000,6.0000,1608.0000,6.0000
29-12-2015 10:20:34.022,Si73750BA6,12/29/2015 10:20:34,1,4,1287.0000,20.0000,500000.0000,1.0000
29-12-2015 10:20:34.022,Si73750BA6,12/29/2015 10:20:34,2,4,1237.0000,25.0000,0.0000,0.0000
29-12-2015 10:20:40.361,Si73750BA6,12/29/2015 10:20:40,0,4,1368.0000,6.0000,1608.0000,6.0000
29-12-2015 10:20:40.362,Si73750BA6,12/29/2015 10:20:40,1,4,1305.0000,20.0000,500000.0000,1.0000
29-12-2015 10:20:40.362,Si73750BA6,12/29/2015 10:20:40,2,4,1237.0000,25.0000,0.0000,0.0000
29-12-2015 10:20:40.367,Si73750BA6,12/29/2015 10:20:40,0,4,1368.0000,6.0000,1608.0000,6.0000
29-12-2015 10:20:40.367,Si73750BA6,12/29/2015 10:20:40,1,4,1305.0000,20.0000,500000.0000,1.0000
29-12-2015 10:20:40.367,Si73750BA6,12/29/2015 10:20:40,2,4,1255.0000,25.0000,0.0000,0.0000
29-12-2015 10:21:06.568,Si73750BA6,12/29/2015 10:21:06,0,4,1368.0000,6.0000,1608.0000,6.0000
29-12-2015 10:21:06.569,Si73750BA6,12/29/2015 10:21:06,1,4,1290.0000,20.0000,500000.0000,1.0000
29-12-2015 10:21:06.569,Si73750BA6,12/29/2015 10:21:06,2,4,1255.0000,25.0000,0.0000,0.0000
29-12-2015 10:21:06.572,Si73750BA6,12/29/2015 10:21:06,0,4,1368.0000,6.0000,1608.0000,6.0000
29-12-2015 10:21:06.573,Si73750BA6,12/29/2015 10:21:06,1,4,1290.0000,20.0000,500000.0000,1.0000
29-12-2015 10:21:06.573,Si73750BA6,12/29/2015 10:21:06,2,4,1240.0000,25.0000,0.0000,0.0000
29-12-2015 10:21:20.662,Si73750BA6,12/29/2015 10:21:20,0,4,1353.0000,6.0000,1593.0000,6.0000
29-12-2015 10:21:20.662,Si73750BA6,12/29/2015 10:21:20,1,4,1290.0000,20.0000,500000.0000,1.0000
29-12-2015 10:21:20.663,Si73750BA6,12/29/2015 10:21:20,2,4,1240.0000,25.0000,0.0000,0.0000
29-12-2015 10:21:35.615,Si73750BA6,12/29/2015 10:21:35,0,4,1353.0000,6.0000,1593.0000,6.0000
29-12-2015 10:21:35.615,Si73750BA6,12/29/2015 10:21:35,1,4,1273.0000,20.0000,500000.0000,1.0000
29-12-2015 10:21:35.616,Si73750BA6,12/29/2015 10:21:35,2,4,1240.0000,25.0000,0.0000,0.0000
29-12-2015 10:21:35.655,Si73750BA6,12/29/2015 10:21:35,0,4,1353.0000,6.0000,1593.0000,6.0000
29-12-2015 10:21:35.656,Si73750BA6,12/29/2015 10:21:35,1,4,1273.0000,20.0000,500000.0000,1.0000
29-12-2015 10:21:35.657,Si73750BA6,12/29/2015 10:21:35,2,4,1223.0000,25.0000,0.0000,0.0000
29-12-2015 10:23:05.728,Si73750BA6,12/29/2015 10:23:05,0,4,1353.0000,6.0000,1593.0000,6.0000
29-12-2015 10:23:05.728,Si73750BA6,12/29/2015 10:23:05,1,4,1288.0000,20.0000,500000.0000,1.0000
29-12-2015 10:23:05.729,Si73750BA6,12/29/2015 10:23:05,2,4,1238.0000,25.0000,0.0000,0.0000
29-12-2015 10:23:14.776,Si73750BA6,12/29/2015 10:23:14,0,4,1369.0000,6.0000,1609.0000,6.0000
29-12-2015 10:23:14.776,Si73750BA6,12/29/2015 10:23:14,1,4,1288.0000,20.0000,500000.0000,1.0000
29-12-2015 10:23:14.776,Si73750BA6,12/29/2015 10:23:14,2,4,1238.0000,25.0000,0.0000,0.0000
29-12-2015 10:25:14.811,Si73750BA6,12/29/2015 10:25:14,0,4,1369.0000,6.0000,1609.0000,6.0000
29-12-2015 10:25:14.812,Si73750BA6,12/29/2015 10:25:14,1,4,1306.0000,20.0000,500000.0000,1.0000
29-12-2015 10:25:14.812,Si73750BA6,12/29/2015 10:25:14,2,4,1256.0000,25.0000,0.0000,0.0000
29-12-2015 10:26:06.822,Si73750BA6,12/29/2015 10:26:06,0,4,1369.0000,6.0000,1609.0000,6.0000
29-12-2015 10:26:06.823,Si73750BA6,12/29/2015 10:26:06,1,4,1290.0000,20.0000,500000.0000,1.0000
29-12-2015 10:26:06.823,Si73750BA6,12/29/2015 10:26:06,2,4,1240.0000,25.0000,0.0000,0.0000
29-12-2015 10:26:56.977,Si73750BA6,12/29/2015 10:26:56,0,4,1354.0000,6.0000,1594.0000,6.0000
29-12-2015 10:26:56.977,Si73750BA6,12/29/2015 10:26:56,1,4,1290.0000,20.0000,500000.0000,1.0000
29-12-2015 10:26:56.978,Si73750BA6,12/29/2015 10:26:56,2,4,1240.0000,25.0000,0.0000,0.0000
29-12-2015 10:27:01.979,Si73750BA6,12/29/2015 10:27:01,0,4,1354.0000,6.0000,1594.0000,6.0000
29-12-2015 10:27:01.980,Si73750BA6,12/29/2015 10:27:01,1,4,1275.0000,20.0000,500000.0000,1.0000
29-12-2015 10:27:01.980,Si73750BA6,12/29/2015 10:27:01,2,4,1225.0000,25.0000,0.0000,0.0000
29-12-2015 10:27:47.562,Si73750BA6,12/29/2015 10:27:47,0,4,1354.0000,6.0000,1594.0000,6.0000
29-12-2015 10:27:47.562,Si73750BA6,12/29/2015 10:27:47,1,4,1290.0000,20.0000,500000.0000,1.0000
29-12-2015 10:27:47.563,Si73750BA6,12/29/2015 10:27:47,2,4,1225.0000,25.0000,0.0000,0.0000
29-12-2015 10:27:47.585,Si73750BA6,12/29/2015 10:27:47,0,4,1354.0000,6.0000,1594.0000,6.0000
29-12-2015 10:27:47.586,Si73750BA6,12/29/2015 10:27:47,1,4,1290.0000,20.0000,500000.0000,1.0000
29-12-2015 10:27:47.587,Si73750BA6,12/29/2015 10:27:47,2,4,1240.0000,25.0000,0.0000,0.0000
29-12-2015 10:29:51.266,Si73750BA6,12/29/2015 10:29:51,0,4,1372.0000,6.0000,1612.0000,6.0000
29-12-2015 10:29:51.266,Si73750BA6,12/29/2015 10:29:51,1,4,1290.0000,20.0000,500000.0000,1.0000
29-12-2015 10:29:51.266,Si73750BA6,12/29/2015 10:29:51,2,4,1240.0000,25.0000,0.0000,0.0000
29-12-2015 10:30:12.488,Si73750BA6,12/29/2015 10:30:12,0,4,1372.0000,6.0000,1612.0000,6.0000
29-12-2015 10:30:12.488,Si73750BA6,12/29/2015 10:30:12,1,4,1311.0000,20.0000,500000.0000,1.0000
29-12-2015 10:30:12.488,Si73750BA6,12/29/2015 10:30:12,2,4,1261.0000,25.0000,0.0000,0.0000
29-12-2015 10:30:15.247,Si73750BA6,12/29/2015 10:30:15,0,4,1389.0000,6.0000,1629.0000,6.0000
29-12-2015 10:30:15.248,Si73750BA6,12/29/2015 10:30:15,1,4,1311.0000,20.0000,500000.0000,1.0000
29-12-2015 10:30:15.249,Si73750BA6,12/29/2015 10:30:15,2,4,1261.0000,25.0000,0.0000,0.0000
29-12-2015 10:33:07.725,Si73750BA6,12/29/2015 10:33:07,0,4,1373.0000,6.0000,1613.0000,6.0000
29-12-2015 10:33:07.725,Si73750BA6,12/29/2015 10:33:07,1,4,1311.0000,20.0000,500000.0000,1.0000
29-12-2015 10:33:07.726,Si73750BA6,12/29/2015 10:33:07,2,4,1261.0000,25.0000,0.0000,0.0000
29-12-2015 10:34:52.656,Si73750BA6,12/29/2015 10:34:52,0,4,1373.0000,6.0000,1613.0000,6.0000
29-12-2015 10:34:52.656,Si73750BA6,12/29/2015 10:34:52,1,4,1296.0000,20.0000,500000.0000,1.0000
29-12-2015 10:34:52.657,Si73750BA6,12/29/2015 10:34:52,2,4,1261.0000,25.0000,0.0000,0.0000
29-12-2015 10:34:52.675,Si73750BA6,12/29/2015 10:34:52,0,4,1373.0000,6.0000,1613.0000,6.0000
29-12-2015 10:34:52.675,Si73750BA6,12/29/2015 10:34:52,1,4,1296.0000,20.0000,500000.0000,1.0000
29-12-2015 10:34:52.676,Si73750BA6,12/29/2015 10:34:52,2,4,1246.0000,25.0000,0.0000,0.0000
29-12-2015 10:36:21.795,Si73750BA6,12/29/2015 10:36:21,0,4,1357.0000,6.0000,1597.0000,6.0000
29-12-2015 10:36:21.795,Si73750BA6,12/29/2015 10:36:21,1,4,1296.0000,20.0000,500000.0000,1.0000
29-12-2015 10:36:21.796,Si73750BA6,12/29/2015 10:36:21,2,4,1246.0000,25.0000,0.0000,0.0000
29-12-2015 10:36:37.602,Si73750BA6,12/29/2015 10:36:37,0,4,1376.0000,6.0000,1616.0000,6.0000
29-12-2015 10:36:37.602,Si73750BA6,12/29/2015 10:36:37,1,4,1296.0000,20.0000,500000.0000,1.0000
29-12-2015 10:36:37.602,Si73750BA6,12/29/2015 10:36:37,2,4,1246.0000,25.0000,0.0000,0.0000
29-12-2015 10:36:59.012,Si73750BA6,12/29/2015 10:36:59,0,4,1376.0000,6.0000,1616.0000,6.0000
29-12-2015 10:36:59.012,Si73750BA6,12/29/2015 10:36:59,1,4,1311.0000,20.0000,500000.0000,1.0000
29-12-2015 10:36:59.013,Si73750BA6,12/29/2015 10:36:59,2,4,1246.0000,25.0000,0.0000,0.0000
29-12-2015 10:36:59.094,Si73750BA6,12/29/2015 10:36:59,0,4,1376.0000,6.0000,1616.0000,6.0000
29-12-2015 10:36:59.094,Si73750BA6,12/29/2015 10:36:59,1,4,1311.0000,20.0000,500000.0000,1.0000
29-12-2015 10:36:59.095,Si73750BA6,12/29/2015 10:36:59,2,4,1261.0000,25.0000,0.0000,0.0000
29-12-2015 10:37:03.711,Si73750BA6,12/29/2015 10:37:03,0,4,1392.0000,6.0000,1632.0000,6.0000
29-12-2015 10:37:03.711,Si73750BA6,12/29/2015 10:37:03,1,4,1311.0000,20.0000,500000.0000,1.0000
29-12-2015 10:37:03.712,Si73750BA6,12/29/2015 10:37:03,2,4,1261.0000,25.0000,0.0000,0.0000
29-12-2015 10:37:25.244,Si73750BA6,12/29/2015 10:37:25,0,4,1377.0000,6.0000,1617.0000,6.0000
29-12-2015 10:37:25.244,Si73750BA6,12/29/2015 10:37:25,1,4,1311.0000,20.0000,500000.0000,1.0000
29-12-2015 10:37:25.244,Si73750BA6,12/29/2015 10:37:25,2,4,1261.0000,25.0000,0.0000,0.0000
29-12-2015 10:38:17.763,Si73750BA6,12/29/2015 10:38:17,0,4,1377.0000,6.0000,1617.0000,6.0000
29-12-2015 10:38:17.763,Si73750BA6,12/29/2015 10:38:17,1,4,1295.0000,20.0000,500000.0000,1.0000
29-12-2015 10:38:17.766,Si73750BA6,12/29/2015 10:38:17,2,4,1261.0000,25.0000,0.0000,0.0000
29-12-2015 10:38:17.815,Si73750BA6,12/29/2015 10:38:17,0,4,1377.0000,6.0000,1617.0000,6.0000
29-12-2015 10:38:17.815,Si73750BA6,12/29/2015 10:38:17,1,4,1295.0000,20.0000,500000.0000,1.0000
29-12-2015 10:38:17.816,Si73750BA6,12/29/2015 10:38:17,2,4,1245.0000,25.0000,0.0000,0.0000
29-12-2015 10:38:48.698,Si73750BA6,12/29/2015 10:38:48,0,4,1362.0000,6.0000,1602.0000,6.0000
29-12-2015 10:38:48.699,Si73750BA6,12/29/2015 10:38:48,1,4,1295.0000,20.0000,500000.0000,1.0000
29-12-2015 10:38:48.699,Si73750BA6,12/29/2015 10:38:48,2,4,1245.0000,25.0000,0.0000,0.0000
29-12-2015 10:40:27.038,Si73750BA6,12/29/2015 10:40:27,0,4,1362.0000,6.0000,1602.0000,6.0000
29-12-2015 10:40:27.039,Si73750BA6,12/29/2015 10:40:27,1,4,1279.0000,20.0000,500000.0000,1.0000
29-12-2015 10:40:27.040,Si73750BA6,12/29/2015 10:40:27,2,4,1229.0000,25.0000,0.0000,0.0000
29-12-2015 10:40:39.251,Si73750BA6,12/29/2015 10:40:39,0,4,1347.0000,6.0000,1587.0000,6.0000
29-12-2015 10:40:39.251,Si73750BA6,12/29/2015 10:40:39,1,4,1279.0000,20.0000,500000.0000,1.0000
29-12-2015 10:40:39.252,Si73750BA6,12/29/2015 10:40:39,2,4,1229.0000,25.0000,0.0000,0.0000
29-12-2015 10:41:07.327,Si73750BA6,12/29/2015 10:41:07,0,4,1365.0000,6.0000,1605.0000,6.0000
29-12-2015 10:41:07.327,Si73750BA6,12/29/2015 10:41:07,1,4,1279.0000,20.0000,500000.0000,1.0000
29-12-2015 10:41:07.327,Si73750BA6,12/29/2015 10:41:07,2,4,1229.0000,25.0000,0.0000,0.0000
29-12-2015 10:41:27.033,Si73750BA6,12/29/2015 10:41:27,0,4,1365.0000,6.0000,1605.0000,6.0000
29-12-2015 10:41:27.033,Si73750BA6,12/29/2015 10:41:27,1,4,1295.0000,20.0000,500000.0000,1.0000
29-12-2015 10:41:27.034,Si73750BA6,12/29/2015 10:41:27,2,4,1229.0000,25.0000,0.0000,0.0000
29-12-2015 10:41:27.064,Si73750BA6,12/29/2015 10:41:27,0,4,1365.0000,6.0000,1605.0000,6.0000
29-12-2015 10:41:27.064,Si73750BA6,12/29/2015 10:41:27,1,4,1295.0000,20.0000,500000.0000,1.0000
29-12-2015 10:41:27.065,Si73750BA6,12/29/2015 10:41:27,2,4,1245.0000,25.0000,0.0000,0.0000
29-12-2015 10:45:08.194,Si73750BA6,12/29/2015 10:45:08,0,4,1384.0000,6.0000,1624.0000,6.0000
29-12-2015 10:45:08.194,Si73750BA6,12/29/2015 10:45:08,1,4,1295.0000,20.0000,500000.0000,1.0000
29-12-2015 10:45:08.194,Si73750BA6,12/29/2015 10:45:08,2,4,1245.0000,25.0000,0.0000,0.0000
29-12-2015 10:45:13.195,Si73750BA6,12/29/2015 10:45:13,0,4,1384.0000,6.0000,1624.0000,6.0000
29-12-2015 10:45:13.195,Si73750BA6,12/29/2015 10:45:13,1,4,1316.0000,20.0000,500000.0000,1.0000
29-12-2015 10:45:13.195,Si73750BA6,12/29/2015 10:45:13,2,4,1245.0000,25.0000,0.0000,0.0000
29-12-2015 10:45:13.241,Si73750BA6,12/29/2015 10:45:13,0,4,1384.0000,6.0000,1624.0000,6.0000
29-12-2015 10:45:13.242,Si73750BA6,12/29/2015 10:45:13,1,4,1316.0000,20.0000,500000.0000,1.0000
29-12-2015 10:45:13.245,Si73750BA6,12/29/2015 10:45:13,2,4,1266.0000,25.0000,0.0000,0.0000
29-12-2015 10:47:03.790,Si73750BA6,12/29/2015 10:47:03,0,4,1399.0000,6.0000,1639.0000,6.0000
29-12-2015 10:47:03.790,Si73750BA6,12/29/2015 10:47:03,1,4,1316.0000,20.0000,500000.0000,1.0000
29-12-2015 10:47:03.791,Si73750BA6,12/29/2015 10:47:03,2,4,1266.0000,25.0000,0.0000,0.0000
29-12-2015 10:48:19.037,Si73750BA6,12/29/2015 10:48:19,0,4,1399.0000,6.0000,1639.0000,6.0000
29-12-2015 10:48:19.037,Si73750BA6,12/29/2015 10:48:19,1,4,1333.0000,20.0000,500000.0000,1.0000
29-12-2015 10:48:19.038,Si73750BA6,12/29/2015 10:48:19,2,4,1266.0000,25.0000,0.0000,0.0000
29-12-2015 10:48:19.049,Si73750BA6,12/29/2015 10:48:19,0,4,1399.0000,6.0000,1639.0000,6.0000
29-12-2015 10:48:19.049,Si73750BA6,12/29/2015 10:48:19,1,4,1333.0000,20.0000,500000.0000,1.0000
29-12-2015 10:48:19.050,Si73750BA6,12/29/2015 10:48:19,2,4,1283.0000,25.0000,0.0000,0.0000
29-12-2015 10:48:19.894,Si73750BA6,12/29/2015 10:48:19,0,4,1416.0000,6.0000,1656.0000,6.0000
29-12-2015 10:48:19.894,Si73750BA6,12/29/2015 10:48:19,1,4,1333.0000,20.0000,500000.0000,1.0000
29-12-2015 10:48:19.895,Si73750BA6,12/29/2015 10:48:19,2,4,1283.0000,25.0000,0.0000,0.0000
29-12-2015 10:48:25.138,Si73750BA6,12/29/2015 10:48:25,0,4,1416.0000,6.0000,1656.0000,6.0000
29-12-2015 10:48:25.138,Si73750BA6,12/29/2015 10:48:25,1,4,1351.0000,20.0000,500000.0000,1.0000
29-12-2015 10:48:25.138,Si73750BA6,12/29/2015 10:48:25,2,4,1283.0000,25.0000,0.0000,0.0000
29-12-2015 10:48:25.148,Si73750BA6,12/29/2015 10:48:25,0,4,1416.0000,6.0000,1656.0000,6.0000
29-12-2015 10:48:25.148,Si73750BA6,12/29/2015 10:48:25,1,4,1351.0000,20.0000,500000.0000,1.0000
29-12-2015 10:48:25.149,Si73750BA6,12/29/2015 10:48:25,2,4,1301.0000,25.0000,0.0000,0.0000
29-12-2015 10:48:38.381,Si73750BA6,12/29/2015 10:48:38,0,4,1432.0000,6.0000,1672.0000,6.0000
29-12-2015 10:48:38.381,Si73750BA6,12/29/2015 10:48:38,1,4,1351.0000,20.0000,500000.0000,1.0000
29-12-2015 10:48:38.381,Si73750BA6,12/29/2015 10:48:38,2,4,1301.0000,25.0000,0.0000,0.0000
29-12-2015 10:48:38.761,Si73750BA6,12/29/2015 10:48:38,0,4,1432.0000,6.0000,1672.0000,6.0000
29-12-2015 10:48:38.761,Si73750BA6,12/29/2015 10:48:38,1,4,1335.0000,20.0000,500000.0000,1.0000
29-12-2015 10:48:38.761,Si73750BA6,12/29/2015 10:48:38,2,4,1285.0000,25.0000,0.0000,0.0000
29-12-2015 10:48:38.804,Si73750BA6,12/29/2015 10:48:38,0,4,1414.0000,6.0000,1654.0000,6.0000
29-12-2015 10:48:38.805,Si73750BA6,12/29/2015 10:48:38,1,4,1335.0000,20.0000,500000.0000,1.0000
29-12-2015 10:48:38.805,Si73750BA6,12/29/2015 10:48:38,2,4,1285.0000,25.0000,0.0000,0.0000
29-12-2015 10:48:47.786,Si73750BA6,12/29/2015 10:48:47,0,4,1432.0000,6.0000,1672.0000,6.0000
29-12-2015 10:48:47.787,Si73750BA6,12/29/2015 10:48:47,1,4,1357.0000,20.0000,500000.0000,1.0000
29-12-2015 10:48:47.787,Si73750BA6,12/29/2015 10:48:47,2,4,1307.0000,25.0000,0.0000,0.0000
29-12-2015 10:48:51.751,Si73750BA6,12/29/2015 10:48:51,0,3,1357.0000,20.0000,500000.0000,1.0000
29-12-2015 10:48:51.751,Si73750BA6,12/29/2015 10:48:51,1,3,1307.0000,25.0000,0.0000,0.0000
29-12-2015 10:48:51.752,Si73750BA6,12/29/2015 10:48:51,2,3,1.0000,75.0000,0.0000,0.0000
29-12-2015 10:48:51.829,Si73750BA6,12/29/2015 10:48:51,0,3,1357.0000,20.0000,499999.0000,9.0000
29-12-2015 10:48:51.829,Si73750BA6,12/29/2015 10:48:51,1,3,1307.0000,25.0000,500000.0000,1.0000
29-12-2015 10:48:51.829,Si73750BA6,12/29/2015 10:48:51,2,3,1.0000,75.0000,0.0000,0.0000
29-12-2015 10:48:52.516,Si73750BA6,12/29/2015 10:48:52,0,3,1387.0000,20.0000,499999.0000,9.0000
29-12-2015 10:48:52.516,Si73750BA6,12/29/2015 10:48:52,1,3,1337.0000,25.0000,500000.0000,1.0000
29-12-2015 10:48:52.516,Si73750BA6,12/29/2015 10:48:52,2,3,1.0000,75.0000,0.0000,0.0000
29-12-2015 10:48:57.643,Si73750BA6,12/29/2015 10:48:57,0,3,1405.0000,20.0000,499999.0000,9.0000
29-12-2015 10:48:57.644,Si73750BA6,12/29/2015 10:48:57,1,3,1355.0000,25.0000,500000.0000,1.0000
29-12-2015 10:48:57.644,Si73750BA6,12/29/2015 10:48:57,2,3,1.0000,75.0000,0.0000,0.0000
29-12-2015 10:48:58.089,Si73750BA6,12/29/2015 10:48:58,0,3,1426.0000,20.0000,499999.0000,9.0000
29-12-2015 10:48:58.089,Si73750BA6,12/29/2015 10:48:58,1,3,1355.0000,25.0000,500000.0000,1.0000
29-12-2015 10:48:58.090,Si73750BA6,12/29/2015 10:48:58,2,3,1.0000,75.0000,0.0000,0.0000
29-12-2015 10:48:58.338,Si73750BA6,12/29/2015 10:48:58,0,3,1426.0000,20.0000,499999.0000,9.0000
29-12-2015 10:48:58.339,Si73750BA6,12/29/2015 10:48:58,1,3,1376.0000,25.0000,500000.0000,1.0000
29-12-2015 10:48:58.339,Si73750BA6,12/29/2015 10:48:58,2,3,1.0000,75.0000,0.0000,0.0000
29-12-2015 10:49:02.734,Si73750BA6,12/29/2015 10:49:02,0,3,1410.0000,20.0000,499999.0000,9.0000
29-12-2015 10:49:02.734,Si73750BA6,12/29/2015 10:49:02,1,3,1376.0000,25.0000,500000.0000,1.0000
29-12-2015 10:49:02.734,Si73750BA6,12/29/2015 10:49:02,2,3,1.0000,75.0000,0.0000,0.0000
29-12-2015 10:49:02.807,Si73750BA6,12/29/2015 10:49:02,0,3,1410.0000,20.0000,499999.0000,9.0000
29-12-2015 10:49:02.807,Si73750BA6,12/29/2015 10:49:02,1,3,1360.0000,25.0000,500000.0000,1.0000
29-12-2015 10:49:02.807,Si73750BA6,12/29/2015 10:49:02,2,3,1.0000,75.0000,0.0000,0.0000
29-12-2015 10:49:19.559,Si73750BA6,12/29/2015 10:49:19,0,3,1393.0000,20.0000,499999.0000,9.0000
29-12-2015 10:49:19.559,Si73750BA6,12/29/2015 10:49:19,1,3,1360.0000,25.0000,500000.0000,1.0000
29-12-2015 10:49:19.560,Si73750BA6,12/29/2015 10:49:19,2,3,1.0000,75.0000,0.0000,0.0000
29-12-2015 10:49:19.587,Si73750BA6,12/29/2015 10:49:19,0,3,1393.0000,20.0000,499999.0000,9.0000
29-12-2015 10:49:19.588,Si73750BA6,12/29/2015 10:49:19,1,3,1343.0000,25.0000,500000.0000,1.0000
29-12-2015 10:49:19.588,Si73750BA6,12/29/2015 10:49:19,2,3,1.0000,75.0000,0.0000,0.0000
29-12-2015 10:49:40.394,Si73750BA6,12/29/2015 10:49:40,0,3,1377.0000,20.0000,499999.0000,9.0000
29-12-2015 10:49:40.394,Si73750BA6,12/29/2015 10:49:40,1,3,1327.0000,25.0000,500000.0000,1.0000
29-12-2015 10:49:40.395,Si73750BA6,12/29/2015 10:49:40,2,3,1.0000,75.0000,0.0000,0.0000
29-12-2015 10:49:51.772,Si73750BA6,12/29/2015 10:49:51,0,3,1400.0000,20.0000,499999.0000,9.0000
29-12-2015 10:49:51.772,Si73750BA6,12/29/2015 10:49:51,1,3,1327.0000,25.0000,500000.0000,1.0000
29-12-2015 10:49:51.773,Si73750BA6,12/29/2015 10:49:51,2,3,1.0000,75.0000,0.0000,0.0000
29-12-2015 10:49:51.837,Si73750BA6,12/29/2015 10:49:51,0,3,1400.0000,20.0000,499999.0000,9.0000
29-12-2015 10:49:51.837,Si73750BA6,12/29/2015 10:49:51,1,3,1350.0000,25.0000,500000.0000,1.0000
29-12-2015 10:49:51.837,Si73750BA6,12/29/2015 10:49:51,2,3,1.0000,75.0000,0.0000,0.0000
29-12-2015 10:51:06.243,Si73750BA6,12/29/2015 10:51:06,0,3,1419.0000,20.0000,499999.0000,9.0000
29-12-2015 10:51:06.244,Si73750BA6,12/29/2015 10:51:06,1,3,1369.0000,25.0000,500000.0000,1.0000
29-12-2015 10:51:06.244,Si73750BA6,12/29/2015 10:51:06,2,3,1.0000,75.0000,0.0000,0.0000
29-12-2015 10:51:12.812,Si73750BA6,12/29/2015 10:51:12,0,3,1441.0000,20.0000,499999.0000,9.0000
29-12-2015 10:51:12.813,Si73750BA6,12/29/2015 10:51:12,1,3,1391.0000,25.0000,500000.0000,1.0000
29-12-2015 10:51:12.813,Si73750BA6,12/29/2015 10:51:12,2,3,1.0000,75.0000,0.0000,0.0000
29-12-2015 10:51:15.967,Si73750BA6,12/29/2015 10:51:15,0,3,1457.0000,20.0000,499999.0000,9.0000
29-12-2015 10:51:15.967,Si73750BA6,12/29/2015 10:51:15,1,3,1407.0000,25.0000,500000.0000,1.0000
29-12-2015 10:51:15.968,Si73750BA6,12/29/2015 10:51:15,2,3,1.0000,75.0000,0.0000,0.0000
29-12-2015 10:51:37.558,Si73750BA6,12/29/2015 10:51:37,0,3,1434.0000,20.0000,499999.0000,9.0000
29-12-2015 10:51:37.558,Si73750BA6,12/29/2015 10:51:37,1,3,1407.0000,25.0000,500000.0000,1.0000
29-12-2015 10:51:37.559,Si73750BA6,12/29/2015 10:51:37,2,3,1.0000,75.0000,0.0000,0.0000
29-12-2015 10:51:37.658,Si73750BA6,12/29/2015 10:51:37,0,3,1434.0000,20.0000,499999.0000,9.0000
29-12-2015 10:51:37.659,Si73750BA6,12/29/2015 10:51:37,1,3,1384.0000,25.0000,500000.0000,1.0000
29-12-2015 10:51:37.659,Si73750BA6,12/29/2015 10:51:37,2,3,1.0000,75.0000,0.0000,0.0000
29-12-2015 10:52:13.307,Si73750BA6,12/29/2015 10:52:13,0,3,1412.0000,20.0000,499999.0000,9.0000
29-12-2015 10:52:13.308,Si73750BA6,12/29/2015 10:52:13,1,3,1362.0000,25.0000,500000.0000,1.0000
29-12-2015 10:52:13.308,Si73750BA6,12/29/2015 10:52:13,2,3,1.0000,75.0000,0.0000,0.0000
29-12-2015 10:52:28.994,Si73750BA6,12/29/2015 10:52:28,0,3,1395.0000,20.0000,499999.0000,9.0000
29-12-2015 10:52:28.995,Si73750BA6,12/29/2015 10:52:28,1,3,1362.0000,25.0000,500000.0000,1.0000
29-12-2015 10:52:28.995,Si73750BA6,12/29/2015 10:52:28,2,3,1.0000,75.0000,0.0000,0.0000
29-12-2015 10:52:28.995,Si73750BA6,12/29/2015 10:52:28,0,3,1395.0000,20.0000,499999.0000,9.0000
29-12-2015 10:52:28.996,Si73750BA6,12/29/2015 10:52:28,1,3,1345.0000,25.0000,500000.0000,1.0000
29-12-2015 10:52:28.996,Si73750BA6,12/29/2015 10:52:28,2,3,1.0000,75.0000,0.0000,0.0000
29-12-2015 10:52:55.280,Si73750BA6,12/29/2015 10:52:55,0,3,1410.0000,20.0000,499999.0000,9.0000
29-12-2015 10:52:55.280,Si73750BA6,12/29/2015 10:52:55,1,3,1360.0000,25.0000,500000.0000,1.0000
29-12-2015 10:52:55.281,Si73750BA6,12/29/2015 10:52:55,2,3,1.0000,75.0000,0.0000,0.0000
29-12-2015 10:53:18.985,Si73750BA6,12/29/2015 10:53:18,0,3,1433.0000,20.0000,499999.0000,9.0000
29-12-2015 10:53:18.985,Si73750BA6,12/29/2015 10:53:18,1,3,1360.0000,25.0000,500000.0000,1.0000
29-12-2015 10:53:18.986,Si73750BA6,12/29/2015 10:53:18,2,3,1.0000,75.0000,0.0000,0.0000
29-12-2015 10:53:18.994,Si73750BA6,12/29/2015 10:53:18,0,3,1433.0000,20.0000,499999.0000,9.0000
29-12-2015 10:53:18.995,Si73750BA6,12/29/2015 10:53:18,1,3,1383.0000,25.0000,500000.0000,1.0000
29-12-2015 10:53:18.996,Si73750BA6,12/29/2015 10:53:18,2,3,1.0000,75.0000,0.0000,0.0000
29-12-2015 10:53:37.817,Si73750BA6,12/29/2015 10:53:37,0,3,1454.0000,20.0000,499999.0000,9.0000
29-12-2015 10:53:37.817,Si73750BA6,12/29/2015 10:53:37,1,3,1404.0000,25.0000,500000.0000,1.0000
29-12-2015 10:53:37.817,Si73750BA6,12/29/2015 10:53:37,2,3,1.0000,75.0000,0.0000,0.0000
29-12-2015 10:53:45.677,Si73750BA6,12/29/2015 10:53:45,0,3,1432.0000,20.0000,499999.0000,9.0000
29-12-2015 10:53:45.677,Si73750BA6,12/29/2015 10:53:45,1,3,1382.0000,25.0000,500000.0000,1.0000
29-12-2015 10:53:45.677,Si73750BA6,12/29/2015 10:53:45,2,3,1.0000,75.0000,0.0000,0.0000
29-12-2015 10:54:00.652,Si73750BA6,12/29/2015 10:54:00,0,3,1410.0000,20.0000,499999.0000,9.0000
29-12-2015 10:54:00.653,Si73750BA6,12/29/2015 10:54:00,1,3,1360.0000,25.0000,500000.0000,1.0000
29-12-2015 10:54:00.653,Si73750BA6,12/29/2015 10:54:00,2,3,1.0000,75.0000,0.0000,0.0000
29-12-2015 10:54:03.471,Si73750BA6,12/29/2015 10:54:03,0,3,1426.0000,20.0000,499999.0000,9.0000
29-12-2015 10:54:03.472,Si73750BA6,12/29/2015 10:54:03,1,3,1360.0000,25.0000,500000.0000,1.0000
29-12-2015 10:54:03.472,Si73750BA6,12/29/2015 10:54:03,2,3,1.0000,75.0000,0.0000,0.0000
29-12-2015 10:54:03.516,Si73750BA6,12/29/2015 10:54:03,0,3,1426.0000,20.0000,499999.0000,9.0000
29-12-2015 10:54:03.516,Si73750BA6,12/29/2015 10:54:03,1,3,1376.0000,25.0000,500000.0000,1.0000
29-12-2015 10:54:03.516,Si73750BA6,12/29/2015 10:54:03,2,3,1.0000,75.0000,0.0000,0.0000
29-12-2015 10:54:44.150,Si73750BA6,12/29/2015 10:54:44,0,3,1410.0000,20.0000,499999.0000,9.0000
29-12-2015 10:54:44.151,Si73750BA6,12/29/2015 10:54:44,1,3,1376.0000,25.0000,500000.0000,1.0000
29-12-2015 10:54:44.151,Si73750BA6,12/29/2015 10:54:44,2,3,1.0000,75.0000,0.0000,0.0000
29-12-2015 10:54:44.158,Si73750BA6,12/29/2015 10:54:44,0,3,1410.0000,20.0000,499999.0000,9.0000
29-12-2015 10:54:44.159,Si73750BA6,12/29/2015 10:54:44,1,3,1360.0000,25.0000,500000.0000,1.0000
29-12-2015 10:54:44.159,Si73750BA6,12/29/2015 10:54:44,2,3,1.0000,75.0000,0.0000,0.0000
29-12-2015 10:54:50.266,Si73750BA6,12/29/2015 10:54:50,0,2,1360.0000,25.0000,499999.0000,9.0000
29-12-2015 10:54:50.266,Si73750BA6,12/29/2015 10:54:50,1,2,1.0000,75.0000,500000.0000,1.0000
29-12-2015 10:54:50.297,Si73750BA6,12/29/2015 10:54:50,0,2,1.0000,75.0000,499999.0000,9.0000
29-12-2015 10:54:50.298,Si73750BA6,12/29/2015 10:54:50,1,2,0.0000,0.0000,500000.0000,1.0000
29-12-2015 10:54:50.426,Si73750BA6,12/29/2015 10:54:50,0,2,2.0000,10.0000,499999.0000,9.0000
29-12-2015 10:54:50.427,Si73750BA6,12/29/2015 10:54:50,1,2,1.0000,75.0000,500000.0000,1.0000
29-12-2015 11:00:14.011,Si73750BA6,12/29/2015 11:00:14,0,3,1504.0000,6.0000,1744.0000,6.0000
29-12-2015 11:00:14.011,Si73750BA6,12/29/2015 11:00:14,1,3,2.0000,10.0000,499999.0000,9.0000
29-12-2015 11:00:14.012,Si73750BA6,12/29/2015 11:00:14,2,3,1.0000,75.0000,500000.0000,1.0000
29-12-2015 11:00:14.155,Si73750BA6,12/29/2015 11:00:14,0,3,1504.0000,6.0000,1744.0000,6.0000
29-12-2015 11:00:14.155,Si73750BA6,12/29/2015 11:00:14,1,3,2.0000,10.0000,500000.0000,1.0000
29-12-2015 11:00:14.156,Si73750BA6,12/29/2015 11:00:14,2,3,1.0000,75.0000,0.0000,0.0000
29-12-2015 11:00:27.386,Si73750BA6,12/29/2015 11:00:27,0,3,1524.0000,6.0000,1764.0000,6.0000
29-12-2015 11:00:27.387,Si73750BA6,12/29/2015 11:00:27,1,3,2.0000,10.0000,500000.0000,1.0000
29-12-2015 11:00:27.387,Si73750BA6,12/29/2015 11:00:27,2,3,1.0000,75.0000,0.0000,0.0000
29-12-2015 11:00:43.024,Si73750BA6,12/29/2015 11:00:43,0,3,1507.0000,6.0000,1747.0000,6.0000
29-12-2015 11:00:43.024,Si73750BA6,12/29/2015 11:00:43,1,3,2.0000,10.0000,500000.0000,1.0000
29-12-2015 11:00:43.024,Si73750BA6,12/29/2015 11:00:43,2,3,1.0000,75.0000,0.0000,0.0000
29-12-2015 11:01:13.457,Si73750BA6,12/29/2015 11:01:13,0,3,1524.0000,6.0000,1764.0000,6.0000
29-12-2015 11:01:13.457,Si73750BA6,12/29/2015 11:01:13,1,3,2.0000,10.0000,500000.0000,1.0000
29-12-2015 11:01:13.457,Si73750BA6,12/29/2015 11:01:13,2,3,1.0000,75.0000,0.0000,0.0000
29-12-2015 11:01:55.642,Si73750BA6,12/29/2015 11:01:55,0,3,1507.0000,6.0000,1747.0000,6.0000
29-12-2015 11:01:55.643,Si73750BA6,12/29/2015 11:01:55,1,3,2.0000,10.0000,500000.0000,1.0000
29-12-2015 11:01:55.643,Si73750BA6,12/29/2015 11:01:55,2,3,1.0000,75.0000,0.0000,0.0000
29-12-2015 11:04:11.156,Si73750BA6,12/29/2015 11:04:11,0,3,1489.0000,6.0000,1729.0000,6.0000
29-12-2015 11:04:11.156,Si73750BA6,12/29/2015 11:04:11,1,3,2.0000,10.0000,500000.0000,1.0000
29-12-2015 11:04:11.156,Si73750BA6,12/29/2015 11:04:11,2,3,1.0000,75.0000,0.0000,0.0000
29-12-2015 11:04:32.530,Si73750BA6,12/29/2015 11:04:32,0,3,1474.0000,6.0000,1714.0000,6.0000
29-12-2015 11:04:32.530,Si73750BA6,12/29/2015 11:04:32,1,3,2.0000,10.0000,500000.0000,1.0000
29-12-2015 11:04:32.530,Si73750BA6,12/29/2015 11:04:32,2,3,1.0000,75.0000,0.0000,0.0000
29-12-2015 11:04:43.692,Si73750BA6,12/29/2015 11:04:43,0,2,1474.0000,6.0000,1714.0000,6.0000
29-12-2015 11:04:43.692,Si73750BA6,12/29/2015 11:04:43,1,2,1.0000,75.0000,500000.0000,1.0000
29-12-2015 11:04:54.511,Si73750BA6,12/29/2015 11:04:54,0,2,1458.0000,6.0000,1698.0000,6.0000
29-12-2015 11:04:54.512,Si73750BA6,12/29/2015 11:04:54,1,2,1.0000,75.0000,500000.0000,1.0000
29-12-2015 11:05:22.764,Si73750BA6,12/29/2015 11:05:22,0,2,1475.0000,6.0000,1715.0000,6.0000
29-12-2015 11:05:22.764,Si73750BA6,12/29/2015 11:05:22,1,2,1.0000,75.0000,500000.0000,1.0000
29-12-2015 11:06:17.545,Si73750BA6,12/29/2015 11:06:17,0,2,1491.0000,6.0000,1731.0000,6.0000
29-12-2015 11:06:17.546,Si73750BA6,12/29/2015 11:06:17,1,2,1.0000,75.0000,500000.0000,1.0000
29-12-2015 11:06:43.029,Si73750BA6,12/29/2015 11:06:43,0,2,1475.0000,6.0000,1715.0000,6.0000
29-12-2015 11:06:43.029,Si73750BA6,12/29/2015 11:06:43,1,2,1.0000,75.0000,500000.0000,1.0000
29-12-2015 11:07:13.633,Si73750BA6,12/29/2015 11:07:13,0,2,1460.0000,6.0000,1700.0000,6.0000
29-12-2015 11:07:13.634,Si73750BA6,12/29/2015 11:07:13,1,2,1.0000,75.0000,500000.0000,1.0000
29-12-2015 11:07:45.670,Si73750BA6,12/29/2015 11:07:45,0,2,1479.0000,6.0000,1719.0000,6.0000
29-12-2015 11:07:45.670,Si73750BA6,12/29/2015 11:07:45,1,2,1.0000,75.0000,500000.0000,1.0000
29-12-2015 11:07:58.900,Si73750BA6,12/29/2015 11:07:58,0,2,1464.0000,6.0000,1704.0000,6.0000
29-12-2015 11:07:58.900,Si73750BA6,12/29/2015 11:07:58,1,2,1.0000,75.0000,500000.0000,1.0000
29-12-2015 11:08:58.928,Si73750BA6,12/29/2015 11:08:58,0,2,1481.0000,6.0000,1721.0000,6.0000
29-12-2015 11:08:58.928,Si73750BA6,12/29/2015 11:08:58,1,2,1.0000,75.0000,500000.0000,1.0000
29-12-2015 11:09:42.062,Si73750BA6,12/29/2015 11:09:42,0,2,1499.0000,6.0000,1739.0000,6.0000
29-12-2015 11:09:42.062,Si73750BA6,12/29/2015 11:09:42,1,2,1.0000,75.0000,500000.0000,1.0000
29-12-2015 11:15:02.868,Si73750BA6,12/29/2015 11:15:02,0,2,1514.0000,6.0000,1754.0000,6.0000
29-12-2015 11:15:02.868,Si73750BA6,12/29/2015 11:15:02,1,2,1.0000,75.0000,500000.0000,1.0000
29-12-2015 11:16:47.393,Si73750BA6,12/29/2015 11:16:47,0,2,1531.0000,6.0000,1771.0000,6.0000
29-12-2015 11:16:47.393,Si73750BA6,12/29/2015 11:16:47,1,2,1.0000,75.0000,500000.0000,1.0000
29-12-2015 11:17:18.564,Si73750BA6,12/29/2015 11:17:18,0,2,1550.0000,6.0000,1790.0000,6.0000
29-12-2015 11:17:18.564,Si73750BA6,12/29/2015 11:17:18,1,2,1.0000,75.0000,500000.0000,1.0000
29-12-2015 11:18:04.958,Si73750BA6,12/29/2015 11:18:04,0,2,1535.0000,6.0000,1775.0000,6.0000
29-12-2015 11:18:04.958,Si73750BA6,12/29/2015 11:18:04,1,2,1.0000,75.0000,500000.0000,1.0000
29-12-2015 11:19:12.079,Si73750BA6,12/29/2015 11:19:12,0,2,1518.0000,6.0000,1758.0000,6.0000
29-12-2015 11:19:12.079,Si73750BA6,12/29/2015 11:19:12,1,2,1.0000,75.0000,500000.0000,1.0000
29-12-2015 11:20:06.905,Si73750BA6,12/29/2015 11:20:06,0,2,1503.0000,6.0000,1743.0000,6.0000
29-12-2015 11:20:06.905,Si73750BA6,12/29/2015 11:20:06,1,2,1.0000,75.0000,500000.0000,1.0000
29-12-2015 11:21:02.965,Si73750BA6,12/29/2015 11:21:02,0,2,1519.0000,6.0000,1759.0000,6.0000
29-12-2015 11:21:02.965,Si73750BA6,12/29/2015 11:21:02,1,2,1.0000,75.0000,500000.0000,1.0000
29-12-2015 11:21:09.587,Si73750BA6,12/29/2015 11:21:09,0,2,1497.0000,6.0000,1737.0000,6.0000
29-12-2015 11:21:09.587,Si73750BA6,12/29/2015 11:21:09,1,2,1.0000,75.0000,500000.0000,1.0000
29-12-2015 11:21:19.894,Si73750BA6,12/29/2015 11:21:19,0,2,1512.0000,6.0000,1752.0000,6.0000
29-12-2015 11:21:19.894,Si73750BA6,12/29/2015 11:21:19,1,2,1.0000,75.0000,500000.0000,1.0000
29-12-2015 11:22:11.902,Si73750BA6,12/29/2015 11:22:11,0,2,1497.0000,6.0000,1737.0000,6.0000
29-12-2015 11:22:11.903,Si73750BA6,12/29/2015 11:22:11,1,2,1.0000,75.0000,500000.0000,1.0000
29-12-2015 11:23:20.122,Si73750BA6,12/29/2015 11:23:20,0,2,1479.0000,6.0000,1719.0000,6.0000
29-12-2015 11:23:20.123,Si73750BA6,12/29/2015 11:23:20,1,2,1.0000,75.0000,500000.0000,1.0000
29-12-2015 11:23:32.642,Si73750BA6,12/29/2015 11:23:32,0,2,1463.0000,6.0000,1703.0000,6.0000
29-12-2015 11:23:32.643,Si73750BA6,12/29/2015 11:23:32,1,2,1.0000,75.0000,500000.0000,1.0000
29-12-2015 11:24:12.113,Si73750BA6,12/29/2015 11:24:12,0,2,1492.0000,6.0000,1732.0000,6.0000
29-12-2015 11:24:12.113,Si73750BA6,12/29/2015 11:24:12,1,2,1.0000,75.0000,500000.0000,1.0000
29-12-2015 11:24:17.774,Si73750BA6,12/29/2015 11:24:17,0,2,1475.0000,6.0000,1715.0000,6.0000
29-12-2015 11:24:17.775,Si73750BA6,12/29/2015 11:24:17,1,2,1.0000,75.0000,500000.0000,1.0000
29-12-2015 11:24:26.597,Si73750BA6,12/29/2015 11:24:26,0,2,1492.0000,6.0000,1732.0000,6.0000
29-12-2015 11:24:26.597,Si73750BA6,12/29/2015 11:24:26,1,2,1.0000,75.0000,500000.0000,1.0000
29-12-2015 11:25:28.976,Si73750BA6,12/29/2015 11:25:28,0,2,1517.0000,6.0000,1757.0000,6.0000
29-12-2015 11:25:28.977,Si73750BA6,12/29/2015 11:25:28,1,2,1.0000,75.0000,500000.0000,1.0000
29-12-2015 11:25:54.337,Si73750BA6,12/29/2015 11:25:54,0,2,1536.0000,6.0000,1776.0000,6.0000
29-12-2015 11:25:54.337,Si73750BA6,12/29/2015 11:25:54,1,2,1.0000,75.0000,500000.0000,1.0000
29-12-2015 11:27:22.185,Si73750BA6,12/29/2015 11:27:22,0,2,1558.0000,6.0000,1798.0000,6.0000
29-12-2015 11:27:22.185,Si73750BA6,12/29/2015 11:27:22,1,2,1.0000,75.0000,500000.0000,1.0000
29-12-2015 11:29:05.388,Si73750BA6,12/29/2015 11:29:05,0,2,1575.0000,6.0000,1815.0000,6.0000
29-12-2015 11:29:05.388,Si73750BA6,12/29/2015 11:29:05,1,2,1.0000,75.0000,500000.0000,1.0000
29-12-2015 11:32:32.397,Si73750BA6,12/29/2015 11:32:32,0,2,1590.0000,6.0000,1830.0000,6.0000
29-12-2015 11:32:32.397,Si73750BA6,12/29/2015 11:32:32,1,2,1.0000,75.0000,500000.0000,1.0000
29-12-2015 11:33:51.049,Si73750BA6,12/29/2015 11:33:51,0,2,1575.0000,6.0000,1815.0000,6.0000
29-12-2015 11:33:51.050,Si73750BA6,12/29/2015 11:33:51,1,2,1.0000,75.0000,500000.0000,1.0000
29-12-2015 11:34:52.479,Si73750BA6,12/29/2015 11:34:52,0,2,1592.0000,6.0000,1832.0000,6.0000
29-12-2015 11:34:52.479,Si73750BA6,12/29/2015 11:34:52,1,2,1.0000,75.0000,500000.0000,1.0000
29-12-2015 11:35:29.539,Si73750BA6,12/29/2015 11:35:29,0,2,1576.0000,6.0000,1816.0000,6.0000
29-12-2015 11:35:29.540,Si73750BA6,12/29/2015 11:35:29,1,2,1.0000,75.0000,500000.0000,1.0000
29-12-2015 11:36:35.161,Si73750BA6,12/29/2015 11:36:35,0,2,1560.0000,6.0000,1800.0000,6.0000
29-12-2015 11:36:35.161,Si73750BA6,12/29/2015 11:36:35,1,2,1.0000,75.0000,500000.0000,1.0000
29-12-2015 11:37:27.807,Si73750BA6,12/29/2015 11:37:27,0,2,1580.0000,6.0000,1820.0000,6.0000
29-12-2015 11:37:27.807,Si73750BA6,12/29/2015 11:37:27,1,2,1.0000,75.0000,500000.0000,1.0000
29-12-2015 11:37:41.947,Si73750BA6,12/29/2015 11:37:41,0,2,1559.0000,6.0000,1799.0000,6.0000
29-12-2015 11:37:41.947,Si73750BA6,12/29/2015 11:37:41,1,2,1.0000,75.0000,500000.0000,1.0000
29-12-2015 11:37:45.516,Si73750BA6,12/29/2015 11:37:45,0,2,1579.0000,6.0000,1819.0000,6.0000
29-12-2015 11:37:45.516,Si73750BA6,12/29/2015 11:37:45,1,2,1.0000,75.0000,500000.0000,1.0000
29-12-2015 11:38:56.298,Si73750BA6,12/29/2015 11:38:56,0,2,1596.0000,6.0000,1836.0000,6.0000
29-12-2015 11:38:56.298,Si73750BA6,12/29/2015 11:38:56,1,2,1.0000,75.0000,500000.0000,1.0000
29-12-2015 11:39:01.876,Si73750BA6,12/29/2015 11:39:01,0,2,1580.0000,6.0000,1820.0000,6.0000
29-12-2015 11:39:01.877,Si73750BA6,12/29/2015 11:39:01,1,2,1.0000,75.0000,500000.0000,1.0000
29-12-2015 11:40:57.883,Si73750BA6,12/29/2015 11:40:57,0,2,1564.0000,6.0000,1804.0000,6.0000
29-12-2015 11:40:57.883,Si73750BA6,12/29/2015 11:40:57,1,2,1.0000,75.0000,500000.0000,1.0000
29-12-2015 11:42:54.813,Si73750BA6,12/29/2015 11:42:54,0,2,1580.0000,6.0000,1820.0000,6.0000
29-12-2015 11:42:54.813,Si73750BA6,12/29/2015 11:42:54,1,2,1.0000,75.0000,500000.0000,1.0000
29-12-2015 11:44:17.481,Si73750BA6,12/29/2015 11:44:17,0,2,1564.0000,6.0000,1804.0000,6.0000
29-12-2015 11:44:17.481,Si73750BA6,12/29/2015 11:44:17,1,2,1.0000,75.0000,500000.0000,1.0000
29-12-2015 11:45:59.181,Si73750BA6,12/29/2015 11:45:59,0,2,1580.0000,6.0000,1820.0000,6.0000
29-12-2015 11:45:59.181,Si73750BA6,12/29/2015 11:45:59,1,2,1.0000,75.0000,500000.0000,1.0000
29-12-2015 11:48:51.002,Si73750BA6,12/29/2015 11:48:51,0,2,1564.0000,6.0000,1804.0000,6.0000
29-12-2015 11:48:51.003,Si73750BA6,12/29/2015 11:48:51,1,2,1.0000,75.0000,500000.0000,1.0000
29-12-2015 11:49:27.091,Si73750BA6,12/29/2015 11:49:27,0,2,1548.0000,6.0000,1788.0000,6.0000
29-12-2015 11:49:27.091,Si73750BA6,12/29/2015 11:49:27,1,2,1.0000,75.0000,500000.0000,1.0000
29-12-2015 11:50:34.496,Si73750BA6,12/29/2015 11:50:34,0,2,1563.0000,6.0000,1803.0000,6.0000
29-12-2015 11:50:34.496,Si73750BA6,12/29/2015 11:50:34,1,2,1.0000,75.0000,500000.0000,1.0000
29-12-2015 11:51:17.710,Si73750BA6,12/29/2015 11:51:17,0,2,1578.0000,6.0000,1818.0000,6.0000
29-12-2015 11:51:17.710,Si73750BA6,12/29/2015 11:51:17,1,2,1.0000,75.0000,500000.0000,1.0000
29-12-2015 11:52:07.895,Si73750BA6,12/29/2015 11:52:07,0,2,1562.0000,6.0000,1802.0000,6.0000
29-12-2015 11:52:07.895,Si73750BA6,12/29/2015 11:52:07,1,2,1.0000,75.0000,500000.0000,1.0000
29-12-2015 11:52:59.726,Si73750BA6,12/29/2015 11:52:59,0,2,1580.0000,6.0000,1820.0000,6.0000
29-12-2015 11:52:59.726,Si73750BA6,12/29/2015 11:52:59,1,2,1.0000,75.0000,500000.0000,1.0000
29-12-2015 11:53:52.309,Si73750BA6,12/29/2015 11:53:52,0,2,1597.0000,6.0000,1837.0000,6.0000
29-12-2015 11:53:52.310,Si73750BA6,12/29/2015 11:53:52,1,2,1.0000,75.0000,500000.0000,1.0000
29-12-2015 11:54:39.637,Si73750BA6,12/29/2015 11:54:39,0,2,1619.0000,6.0000,1859.0000,6.0000
29-12-2015 11:54:39.638,Si73750BA6,12/29/2015 11:54:39,1,2,1.0000,75.0000,500000.0000,1.0000
29-12-2015 11:54:51.295,Si73750BA6,12/29/2015 11:54:51,0,2,1644.0000,6.0000,1884.0000,6.0000
29-12-2015 11:54:51.295,Si73750BA6,12/29/2015 11:54:51,1,2,1.0000,75.0000,500000.0000,1.0000
29-12-2015 11:55:13.873,Si73750BA6,12/29/2015 11:55:13,0,2,1629.0000,6.0000,1869.0000,6.0000
29-12-2015 11:55:13.873,Si73750BA6,12/29/2015 11:55:13,1,2,1.0000,75.0000,500000.0000,1.0000
29-12-2015 11:56:25.809,Si73750BA6,12/29/2015 11:56:25,0,2,1652.0000,6.0000,1892.0000,6.0000
29-12-2015 11:56:25.809,Si73750BA6,12/29/2015 11:56:25,1,2,1.0000,75.0000,500000.0000,1.0000
29-12-2015 11:57:09.318,Si73750BA6,12/29/2015 11:57:09,0,2,1668.0000,6.0000,1908.0000,6.0000
29-12-2015 11:57:09.319,Si73750BA6,12/29/2015 11:57:09,1,2,1.0000,75.0000,500000.0000,1.0000
29-12-2015 11:57:35.386,Si73750BA6,12/29/2015 11:57:35,0,2,1653.0000,6.0000,1893.0000,6.0000
29-12-2015 11:57:35.389,Si73750BA6,12/29/2015 11:57:35,1,2,1.0000,75.0000,500000.0000,1.0000
29-12-2015 11:58:16.716,Si73750BA6,12/29/2015 11:58:16,0,2,1634.0000,6.0000,1874.0000,6.0000
29-12-2015 11:58:16.716,Si73750BA6,12/29/2015 11:58:16,1,2,1.0000,75.0000,500000.0000,1.0000
29-12-2015 11:59:53.287,Si73750BA6,12/29/2015 11:59:53,0,2,1649.0000,6.0000,1889.0000,6.0000
29-12-2015 11:59:53.288,Si73750BA6,12/29/2015 11:59:53,1,2,1.0000,75.0000,500000.0000,1.0000
29-12-2015 12:00:08.462,Si73750BA6,12/29/2015 12:00:08,0,2,1634.0000,6.0000,1874.0000,6.0000
29-12-2015 12:00:08.462,Si73750BA6,12/29/2015 12:00:08,1,2,1.0000,75.0000,500000.0000,1.0000
29-12-2015 12:01:44.469,Si73750BA6,12/29/2015 12:01:44,0,2,1649.0000,6.0000,1889.0000,6.0000
29-12-2015 12:01:44.470,Si73750BA6,12/29/2015 12:01:44,1,2,1.0000,75.0000,500000.0000,1.0000
29-12-2015 12:03:45.172,Si73750BA6,12/29/2015 12:03:45,0,2,1625.0000,6.0000,1865.0000,6.0000
29-12-2015 12:03:45.180,Si73750BA6,12/29/2015 12:03:45,1,2,1.0000,75.0000,500000.0000,1.0000
29-12-2015 12:04:00.666,Si73750BA6,12/29/2015 12:04:00,0,2,1641.0000,6.0000,1881.0000,6.0000
29-12-2015 12:04:00.666,Si73750BA6,12/29/2015 12:04:00,1,2,1.0000,75.0000,500000.0000,1.0000
29-12-2015 12:04:16.185,Si73750BA6,12/29/2015 12:04:16,0,2,1621.0000,6.0000,1861.0000,6.0000
29-12-2015 12:04:16.186,Si73750BA6,12/29/2015 12:04:16,1,2,1.0000,75.0000,500000.0000,1.0000
29-12-2015 12:06:18.348,Si73750BA6,12/29/2015 12:06:18,0,2,1636.0000,6.0000,1876.0000,6.0000
29-12-2015 12:06:18.348,Si73750BA6,12/29/2015 12:06:18,1,2,1.0000,75.0000,500000.0000,1.0000
29-12-2015 12:11:52.876,Si73750BA6,12/29/2015 12:11:52,0,2,1620.0000,6.0000,1860.0000,6.0000
29-12-2015 12:11:52.876,Si73750BA6,12/29/2015 12:11:52,1,2,1.0000,75.0000,500000.0000,1.0000
29-12-2015 12:12:27.924,Si73750BA6,12/29/2015 12:12:27,0,2,1601.0000,6.0000,1841.0000,6.0000
29-12-2015 12:12:27.925,Si73750BA6,12/29/2015 12:12:27,1,2,1.0000,75.0000,500000.0000,1.0000
29-12-2015 12:14:27.381,Si73750BA6,12/29/2015 12:14:27,0,2,1618.0000,6.0000,1858.0000,6.0000
29-12-2015 12:14:27.382,Si73750BA6,12/29/2015 12:14:27,1,2,1.0000,75.0000,500000.0000,1.0000
29-12-2015 12:15:13.054,Si73750BA6,12/29/2015 12:15:13,0,2,1601.0000,6.0000,1841.0000,6.0000
29-12-2015 12:15:13.055,Si73750BA6,12/29/2015 12:15:13,1,2,1.0000,75.0000,500000.0000,1.0000
29-12-2015 12:16:40.152,Si73750BA6,12/29/2015 12:16:40,0,2,1617.0000,6.0000,1857.0000,6.0000
29-12-2015 12:16:40.153,Si73750BA6,12/29/2015 12:16:40,1,2,1.0000,75.0000,500000.0000,1.0000
29-12-2015 12:17:12.470,Si73750BA6,12/29/2015 12:17:12,0,2,1601.0000,6.0000,1841.0000,6.0000
29-12-2015 12:17:12.471,Si73750BA6,12/29/2015 12:17:12,1,2,1.0000,75.0000,500000.0000,1.0000
29-12-2015 12:20:32.659,Si73750BA6,12/29/2015 12:20:32,0,2,1617.0000,6.0000,1857.0000,6.0000
29-12-2015 12:20:32.659,Si73750BA6,12/29/2015 12:20:32,1,2,1.0000,75.0000,500000.0000,1.0000
29-12-2015 12:23:56.921,Si73750BA6,12/29/2015 12:23:56,0,2,1599.0000,6.0000,1839.0000,6.0000
29-12-2015 12:23:56.922,Si73750BA6,12/29/2015 12:23:56,1,2,1.0000,75.0000,500000.0000,1.0000
29-12-2015 12:24:23.487,Si73750BA6,12/29/2015 12:24:23,0,2,1584.0000,6.0000,1824.0000,6.0000
29-12-2015 12:24:23.488,Si73750BA6,12/29/2015 12:24:23,1,2,1.0000,75.0000,500000.0000,1.0000
29-12-2015 12:25:42.034,Si73750BA6,12/29/2015 12:25:42,0,2,1601.0000,6.0000,1841.0000,6.0000
29-12-2015 12:25:42.034,Si73750BA6,12/29/2015 12:25:42,1,2,1.0000,75.0000,500000.0000,1.0000
29-12-2015 12:26:09.691,Si73750BA6,12/29/2015 12:26:09,0,2,1585.0000,6.0000,1825.0000,6.0000
29-12-2015 12:26:09.691,Si73750BA6,12/29/2015 12:26:09,1,2,1.0000,75.0000,500000.0000,1.0000
29-12-2015 12:28:02.202,Si73750BA6,12/29/2015 12:28:02,0,2,1566.0000,6.0000,1806.0000,6.0000
29-12-2015 12:28:02.202,Si73750BA6,12/29/2015 12:28:02,1,2,1.0000,75.0000,500000.0000,1.0000
29-12-2015 12:34:51.373,Si73750BA6,12/29/2015 12:34:51,0,2,1581.0000,6.0000,1821.0000,6.0000
29-12-2015 12:34:51.374,Si73750BA6,12/29/2015 12:34:51,1,2,1.0000,75.0000,500000.0000,1.0000
29-12-2015 12:36:22.763,Si73750BA6,12/29/2015 12:36:22,0,2,1566.0000,6.0000,1806.0000,6.0000
29-12-2015 12:36:22.763,Si73750BA6,12/29/2015 12:36:22,1,2,1.0000,75.0000,500000.0000,1.0000
29-12-2015 12:38:03.032,Si73750BA6,12/29/2015 12:38:03,0,2,1547.0000,6.0000,1787.0000,6.0000
29-12-2015 12:38:03.032,Si73750BA6,12/29/2015 12:38:03,1,2,1.0000,75.0000,500000.0000,1.0000
29-12-2015 12:38:49.966,Si73750BA6,12/29/2015 12:38:49,0,2,1563.0000,6.0000,1803.0000,6.0000
29-12-2015 12:38:49.967,Si73750BA6,12/29/2015 12:38:49,1,2,1.0000,75.0000,500000.0000,1.0000
29-12-2015 12:39:59.635,Si73750BA6,12/29/2015 12:39:59,0,2,1547.0000,6.0000,1787.0000,6.0000
29-12-2015 12:39:59.635,Si73750BA6,12/29/2015 12:39:59,1,2,1.0000,75.0000,500000.0000,1.0000
29-12-2015 12:41:44.899,Si73750BA6,12/29/2015 12:41:44,0,2,1562.0000,6.0000,1802.0000,6.0000
29-12-2015 12:41:44.900,Si73750BA6,12/29/2015 12:41:44,1,2,1.0000,75.0000,500000.0000,1.0000
29-12-2015 12:43:19.168,Si73750BA6,12/29/2015 12:43:19,0,2,1541.0000,6.0000,1781.0000,6.0000
29-12-2015 12:43:19.169,Si73750BA6,12/29/2015 12:43:19,1,2,1.0000,75.0000,500000.0000,1.0000
29-12-2015 12:45:35.771,Si73750BA6,12/29/2015 12:45:35,0,2,1556.0000,6.0000,1796.0000,6.0000
29-12-2015 12:45:35.771,Si73750BA6,12/29/2015 12:45:35,1,2,1.0000,75.0000,500000.0000,1.0000
29-12-2015 12:54:49.480,Si73750BA6,12/29/2015 12:54:49,0,2,1540.0000,6.0000,1780.0000,6.0000
29-12-2015 12:54:49.481,Si73750BA6,12/29/2015 12:54:49,1,2,1.0000,75.0000,500000.0000,1.0000
29-12-2015 12:56:17.673,Si73750BA6,12/29/2015 12:56:17,0,2,1514.0000,6.0000,1754.0000,6.0000
29-12-2015 12:56:17.674,Si73750BA6,12/29/2015 12:56:17,1,2,1.0000,75.0000,500000.0000,1.0000
29-12-2015 12:56:53.960,Si73750BA6,12/29/2015 12:56:53,0,2,1496.0000,6.0000,1736.0000,6.0000
29-12-2015 12:56:53.960,Si73750BA6,12/29/2015 12:56:53,1,2,1.0000,75.0000,500000.0000,1.0000
29-12-2015 12:56:55.218,Si73750BA6,12/29/2015 12:56:55,0,2,1480.0000,6.0000,1720.0000,6.0000
29-12-2015 12:56:55.218,Si73750BA6,12/29/2015 12:56:55,1,2,1.0000,75.0000,500000.0000,1.0000
29-12-2015 12:56:59.305,Si73750BA6,12/29/2015 12:56:59,0,2,1496.0000,6.0000,1736.0000,6.0000
29-12-2015 12:56:59.305,Si73750BA6,12/29/2015 12:56:59,1,2,1.0000,75.0000,500000.0000,1.0000
29-12-2015 12:57:00.948,Si73750BA6,12/29/2015 12:57:00,0,2,1512.0000,6.0000,1752.0000,6.0000
29-12-2015 12:57:00.949,Si73750BA6,12/29/2015 12:57:00,1,2,1.0000,75.0000,500000.0000,1.0000
29-12-2015 12:57:09.508,Si73750BA6,12/29/2015 12:57:09,0,2,1496.0000,6.0000,1736.0000,6.0000
29-12-2015 12:57:09.509,Si73750BA6,12/29/2015 12:57:09,1,2,1.0000,75.0000,500000.0000,1.0000
29-12-2015 12:57:54.756,Si73750BA6,12/29/2015 12:57:54,0,2,1511.0000,6.0000,1751.0000,6.0000
29-12-2015 12:57:54.756,Si73750BA6,12/29/2015 12:57:54,1,2,1.0000,75.0000,500000.0000,1.0000
29-12-2015 12:58:24.828,Si73750BA6,12/29/2015 12:58:24,0,2,1530.0000,6.0000,1770.0000,6.0000
29-12-2015 12:58:24.832,Si73750BA6,12/29/2015 12:58:24,1,2,1.0000,75.0000,500000.0000,1.0000
29-12-2015 12:58:30.848,Si73750BA6,12/29/2015 12:58:30,0,2,1547.0000,6.0000,1787.0000,6.0000
29-12-2015 12:58:30.849,Si73750BA6,12/29/2015 12:58:30,1,2,1.0000,75.0000,500000.0000,1.0000
29-12-2015 12:59:42.509,Si73750BA6,12/29/2015 12:59:42,0,2,1529.0000,6.0000,1769.0000,6.0000
29-12-2015 12:59:42.509,Si73750BA6,12/29/2015 12:59:42,1,2,1.0000,75.0000,500000.0000,1.0000
29-12-2015 13:04:29.178,Si73750BA6,12/29/2015 13:04:29,0,2,1513.0000,6.0000,1753.0000,6.0000
29-12-2015 13:04:29.178,Si73750BA6,12/29/2015 13:04:29,1,2,1.0000,75.0000,500000.0000,1.0000
29-12-2015 13:04:50.512,Si73750BA6,12/29/2015 13:04:50,0,2,1529.0000,6.0000,1769.0000,6.0000
29-12-2015 13:04:50.512,Si73750BA6,12/29/2015 13:04:50,1,2,1.0000,75.0000,500000.0000,1.0000
29-12-2015 13:05:44.214,Si73750BA6,12/29/2015 13:05:44,0,2,1544.0000,6.0000,1784.0000,6.0000
29-12-2015 13:05:44.214,Si73750BA6,12/29/2015 13:05:44,1,2,1.0000,75.0000,500000.0000,1.0000
29-12-2015 13:10:15.295,Si73750BA6,12/29/2015 13:10:15,0,2,1559.0000,6.0000,1799.0000,6.0000
29-12-2015 13:10:15.295,Si73750BA6,12/29/2015 13:10:15,1,2,1.0000,75.0000,500000.0000,1.0000
29-12-2015 13:11:28.976,Si73750BA6,12/29/2015 13:11:28,0,2,1575.0000,6.0000,1815.0000,6.0000
29-12-2015 13:11:28.976,Si73750BA6,12/29/2015 13:11:28,1,2,1.0000,75.0000,500000.0000,1.0000
29-12-2015 13:13:03.989,Si73750BA6,12/29/2015 13:13:03,0,2,1591.0000,6.0000,1831.0000,6.0000
29-12-2015 13:13:03.990,Si73750BA6,12/29/2015 13:13:03,1,2,1.0000,75.0000,500000.0000,1.0000
29-12-2015 13:13:47.776,Si73750BA6,12/29/2015 13:13:47,0,2,1576.0000,6.0000,1816.0000,6.0000
29-12-2015 13:13:47.776,Si73750BA6,12/29/2015 13:13:47,1,2,1.0000,75.0000,500000.0000,1.0000
29-12-2015 13:18:14.796,Si73750BA6,12/29/2015 13:18:14,0,2,1592.0000,6.0000,1832.0000,6.0000
29-12-2015 13:18:14.796,Si73750BA6,12/29/2015 13:18:14,1,2,1.0000,75.0000,500000.0000,1.0000
29-12-2015 13:22:48.865,Si73750BA6,12/29/2015 13:22:48,0,2,1576.0000,6.0000,1816.0000,6.0000
29-12-2015 13:22:48.866,Si73750BA6,12/29/2015 13:22:48,1,2,1.0000,75.0000,500000.0000,1.0000
29-12-2015 13:29:04.334,Si73750BA6,12/29/2015 13:29:04,0,2,1560.0000,6.0000,1800.0000,6.0000
29-12-2015 13:29:04.334,Si73750BA6,12/29/2015 13:29:04,1,2,1.0000,75.0000,500000.0000,1.0000
29-12-2015 13:30:48.580,Si73750BA6,12/29/2015 13:30:48,0,2,1541.0000,6.0000,1781.0000,6.0000
29-12-2015 13:30:48.581,Si73750BA6,12/29/2015 13:30:48,1,2,1.0000,75.0000,500000.0000,1.0000
29-12-2015 13:31:01.354,Si73750BA6,12/29/2015 13:31:01,0,2,1525.0000,6.0000,1765.0000,6.0000
29-12-2015 13:31:01.354,Si73750BA6,12/29/2015 13:31:01,1,2,1.0000,75.0000,500000.0000,1.0000
29-12-2015 13:32:05.617,Si73750BA6,12/29/2015 13:32:05,0,2,1541.0000,6.0000,1781.0000,6.0000
29-12-2015 13:32:05.617,Si73750BA6,12/29/2015 13:32:05,1,2,1.0000,75.0000,500000.0000,1.0000
29-12-2015 13:38:40.846,Si73750BA6,12/29/2015 13:38:40,0,2,1525.0000,6.0000,1765.0000,6.0000
29-12-2015 13:38:40.847,Si73750BA6,12/29/2015 13:38:40,1,2,1.0000,75.0000,500000.0000,1.0000
29-12-2015 13:40:06.810,Si73750BA6,12/29/2015 13:40:06,0,2,1505.0000,6.0000,1745.0000,6.0000
29-12-2015 13:40:06.810,Si73750BA6,12/29/2015 13:40:06,1,2,1.0000,75.0000,500000.0000,1.0000
29-12-2015 13:42:40.916,Si73750BA6,12/29/2015 13:42:40,0,2,1526.0000,6.0000,1766.0000,6.0000
29-12-2015 13:42:40.916,Si73750BA6,12/29/2015 13:42:40,1,2,1.0000,75.0000,500000.0000,1.0000
29-12-2015 13:43:03.812,Si73750BA6,12/29/2015 13:43:03,0,2,1541.0000,6.0000,1781.0000,6.0000
29-12-2015 13:43:03.812,Si73750BA6,12/29/2015 13:43:03,1,2,1.0000,75.0000,500000.0000,1.0000
29-12-2015 13:43:23.344,Si73750BA6,12/29/2015 13:43:23,0,2,1557.0000,6.0000,1797.0000,6.0000
29-12-2015 13:43:23.344,Si73750BA6,12/29/2015 13:43:23,1,2,1.0000,75.0000,500000.0000,1.0000
29-12-2015 13:43:49.894,Si73750BA6,12/29/2015 13:43:49,0,2,1541.0000,6.0000,1781.0000,6.0000
29-12-2015 13:43:49.895,Si73750BA6,12/29/2015 13:43:49,1,2,1.0000,75.0000,500000.0000,1.0000
29-12-2015 13:47:13.751,Si73750BA6,12/29/2015 13:47:13,0,2,1562.0000,6.0000,1802.0000,6.0000
29-12-2015 13:47:13.751,Si73750BA6,12/29/2015 13:47:13,1,2,1.0000,75.0000,500000.0000,1.0000
29-12-2015 13:51:30.689,Si73750BA6,12/29/2015 13:51:30,0,2,1578.0000,6.0000,1818.0000,6.0000
29-12-2015 13:51:30.689,Si73750BA6,12/29/2015 13:51:30,1,2,1.0000,75.0000,500000.0000,1.0000
29-12-2015 13:54:32.626,Si73750BA6,12/29/2015 13:54:32,0,2,1562.0000,6.0000,1802.0000,6.0000
29-12-2015 13:54:32.626,Si73750BA6,12/29/2015 13:54:32,1,2,1.0000,75.0000,500000.0000,1.0000
29-12-2015 13:58:52.740,Si73750BA6,12/29/2015 13:58:52,0,2,1546.0000,6.0000,1786.0000,6.0000
29-12-2015 13:58:52.740,Si73750BA6,12/29/2015 13:58:52,1,2,1.0000,75.0000,500000.0000,1.0000
29-12-2015 14:29:20.562,Si73750BA6,12/29/2015 14:29:20,0,2,1.0000,75.0000,1786.0000,6.0000
29-12-2015 14:29:20.562,Si73750BA6,12/29/2015 14:29:20,1,2,0.0000,0.0000,500000.0000,1.0000
29-12-2015 14:29:20.721,Si73750BA6,12/29/2015 14:29:20,0,1,1.0000,75.0000,500000.0000,1.0000
29-12-2015 14:51:26.239,Si73750BA6,12/29/2015 14:51:26,0,2,1593.0000,6.0000,500000.0000,1.0000
29-12-2015 14:51:26.240,Si73750BA6,12/29/2015 14:51:26,1,2,1.0000,75.0000,0.0000,0.0000
29-12-2015 14:51:26.257,Si73750BA6,12/29/2015 14:51:26,0,2,1593.0000,6.0000,1833.0000,6.0000
29-12-2015 14:51:26.257,Si73750BA6,12/29/2015 14:51:26,1,2,1.0000,75.0000,500000.0000,1.0000
29-12-2015 14:53:53.891,Si73750BA6,12/29/2015 14:53:53,0,2,1608.0000,6.0000,1848.0000,6.0000
29-12-2015 14:53:53.892,Si73750BA6,12/29/2015 14:53:53,1,2,1.0000,75.0000,500000.0000,1.0000
29-12-2015 14:55:53.122,Si73750BA6,12/29/2015 14:55:53,0,2,1590.0000,6.0000,1830.0000,6.0000
29-12-2015 14:55:53.122,Si73750BA6,12/29/2015 14:55:53,1,2,1.0000,75.0000,500000.0000,1.0000
29-12-2015 14:57:10.538,Si73750BA6,12/29/2015 14:57:10,0,2,1606.0000,6.0000,1846.0000,6.0000
29-12-2015 14:57:10.538,Si73750BA6,12/29/2015 14:57:10,1,2,1.0000,75.0000,500000.0000,1.0000
29-12-2015 15:08:10.456,Si73750BA6,12/29/2015 15:08:10,0,2,1590.0000,6.0000,1830.0000,6.0000
29-12-2015 15:08:10.456,Si73750BA6,12/29/2015 15:08:10,1,2,1.0000,75.0000,500000.0000,1.0000
29-12-2015 15:08:42.800,Si73750BA6,12/29/2015 15:08:42,0,2,1572.0000,6.0000,1812.0000,6.0000
29-12-2015 15:08:42.801,Si73750BA6,12/29/2015 15:08:42,1,2,1.0000,75.0000,500000.0000,1.0000
29-12-2015 15:11:45.467,Si73750BA6,12/29/2015 15:11:45,0,2,1556.0000,6.0000,1796.0000,6.0000
29-12-2015 15:11:45.469,Si73750BA6,12/29/2015 15:11:45,1,2,1.0000,75.0000,500000.0000,1.0000
29-12-2015 15:14:30.000,Si73750BA6,12/29/2015 15:14:30,0,2,1539.0000,6.0000,1779.0000,6.0000
29-12-2015 15:14:30.001,Si73750BA6,12/29/2015 15:14:30,1,2,1.0000,75.0000,500000.0000,1.0000
29-12-2015 15:19:31.726,Si73750BA6,12/29/2015 15:19:31,0,2,1554.0000,6.0000,1794.0000,6.0000
29-12-2015 15:19:31.727,Si73750BA6,12/29/2015 15:19:31,1,2,1.0000,75.0000,500000.0000,1.0000
29-12-2015 15:25:51.827,Si73750BA6,12/29/2015 15:25:51,0,2,1569.0000,6.0000,1809.0000,6.0000
29-12-2015 15:25:51.827,Si73750BA6,12/29/2015 15:25:51,1,2,1.0000,75.0000,500000.0000,1.0000
29-12-2015 15:26:23.177,Si73750BA6,12/29/2015 15:26:23,0,2,1552.0000,6.0000,1792.0000,6.0000
29-12-2015 15:26:23.177,Si73750BA6,12/29/2015 15:26:23,1,2,1.0000,75.0000,500000.0000,1.0000
29-12-2015 15:29:39.214,Si73750BA6,12/29/2015 15:29:39,0,2,1569.0000,6.0000,1809.0000,6.0000
29-12-2015 15:29:39.214,Si73750BA6,12/29/2015 15:29:39,1,2,1.0000,75.0000,500000.0000,1.0000
29-12-2015 15:32:21.374,Si73750BA6,12/29/2015 15:32:21,0,2,1.0000,75.0000,1809.0000,6.0000
29-12-2015 15:32:21.375,Si73750BA6,12/29/2015 15:32:21,1,2,0.0000,0.0000,500000.0000,1.0000
29-12-2015 15:32:21.405,Si73750BA6,12/29/2015 15:32:21,0,1,1.0000,75.0000,500000.0000,1.0000
29-12-2015 15:35:12.317,Si73750BA6,12/29/2015 15:35:12,0,2,1580.0000,6.0000,500000.0000,1.0000
29-12-2015 15:35:12.317,Si73750BA6,12/29/2015 15:35:12,1,2,1.0000,75.0000,0.0000,0.0000
29-12-2015 15:35:12.326,Si73750BA6,12/29/2015 15:35:12,0,2,1580.0000,6.0000,1820.0000,6.0000
29-12-2015 15:35:12.326,Si73750BA6,12/29/2015 15:35:12,1,2,1.0000,75.0000,500000.0000,1.0000
29-12-2015 15:35:37.445,Si73750BA6,12/29/2015 15:35:37,0,2,1565.0000,6.0000,1805.0000,6.0000
29-12-2015 15:35:37.445,Si73750BA6,12/29/2015 15:35:37,1,2,1.0000,75.0000,500000.0000,1.0000
29-12-2015 15:36:08.390,Si73750BA6,12/29/2015 15:36:08,0,2,1550.0000,6.0000,1790.0000,6.0000
29-12-2015 15:36:08.390,Si73750BA6,12/29/2015 15:36:08,1,2,1.0000,75.0000,500000.0000,1.0000
29-12-2015 15:36:33.093,Si73750BA6,12/29/2015 15:36:33,0,2,1567.0000,6.0000,1807.0000,6.0000
29-12-2015 15:36:33.094,Si73750BA6,12/29/2015 15:36:33,1,2,1.0000,75.0000,500000.0000,1.0000
29-12-2015 15:37:37.445,Si73750BA6,12/29/2015 15:37:37,0,2,1547.0000,6.0000,1787.0000,6.0000
29-12-2015 15:37:37.445,Si73750BA6,12/29/2015 15:37:37,1,2,1.0000,75.0000,500000.0000,1.0000
29-12-2015 15:43:37.295,Si73750BA6,12/29/2015 15:43:37,0,2,1530.0000,6.0000,1770.0000,6.0000
29-12-2015 15:43:37.296,Si73750BA6,12/29/2015 15:43:37,1,2,1.0000,75.0000,500000.0000,1.0000
29-12-2015 15:47:05.657,Si73750BA6,12/29/2015 15:47:05,0,2,1515.0000,6.0000,1755.0000,6.0000
29-12-2015 15:47:05.657,Si73750BA6,12/29/2015 15:47:05,1,2,1.0000,75.0000,500000.0000,1.0000
29-12-2015 15:48:20.968,Si73750BA6,12/29/2015 15:48:20,0,2,1500.0000,6.0000,1740.0000,6.0000
29-12-2015 15:48:20.969,Si73750BA6,12/29/2015 15:48:20,1,2,1.0000,75.0000,500000.0000,1.0000
29-12-2015 15:49:11.660,Si73750BA6,12/29/2015 15:49:11,0,2,1518.0000,6.0000,1758.0000,6.0000
29-12-2015 15:49:11.661,Si73750BA6,12/29/2015 15:49:11,1,2,1.0000,75.0000,500000.0000,1.0000
29-12-2015 15:50:38.614,Si73750BA6,12/29/2015 15:50:38,0,2,1533.0000,6.0000,1773.0000,6.0000
29-12-2015 15:50:38.615,Si73750BA6,12/29/2015 15:50:38,1,2,1.0000,75.0000,500000.0000,1.0000
29-12-2015 15:50:50.472,Si73750BA6,12/29/2015 15:50:50,0,2,1550.0000,6.0000,1790.0000,6.0000
29-12-2015 15:50:50.472,Si73750BA6,12/29/2015 15:50:50,1,2,1.0000,75.0000,500000.0000,1.0000
29-12-2015 15:51:08.483,Si73750BA6,12/29/2015 15:51:08,0,2,1535.0000,6.0000,1775.0000,6.0000
29-12-2015 15:51:08.483,Si73750BA6,12/29/2015 15:51:08,1,2,1.0000,75.0000,500000.0000,1.0000
29-12-2015 15:54:39.907,Si73750BA6,12/29/2015 15:54:39,0,2,1550.0000,6.0000,1790.0000,6.0000
29-12-2015 15:54:39.907,Si73750BA6,12/29/2015 15:54:39,1,2,1.0000,75.0000,500000.0000,1.0000
29-12-2015 15:56:17.736,Si73750BA6,12/29/2015 15:56:17,0,2,1535.0000,6.0000,1775.0000,6.0000
29-12-2015 15:56:17.737,Si73750BA6,12/29/2015 15:56:17,1,2,1.0000,75.0000,500000.0000,1.0000
29-12-2015 15:57:00.881,Si73750BA6,12/29/2015 15:57:00,0,2,1550.0000,6.0000,1790.0000,6.0000
29-12-2015 15:57:00.882,Si73750BA6,12/29/2015 15:57:00,1,2,1.0000,75.0000,500000.0000,1.0000
29-12-2015 16:01:51.726,Si73750BA6,12/29/2015 16:01:51,0,2,1535.0000,6.0000,1775.0000,6.0000
29-12-2015 16:01:51.727,Si73750BA6,12/29/2015 16:01:51,1,2,1.0000,75.0000,500000.0000,1.0000
29-12-2015 16:03:12.909,Si73750BA6,12/29/2015 16:03:12,0,2,1.0000,75.0000,1775.0000,6.0000
29-12-2015 16:03:12.910,Si73750BA6,12/29/2015 16:03:12,1,2,0.0000,0.0000,500000.0000,1.0000
29-12-2015 16:03:12.918,Si73750BA6,12/29/2015 16:03:12,0,1,1.0000,75.0000,500000.0000,1.0000
29-12-2015 16:06:30.224,Si73750BA6,12/29/2015 16:06:30,0,2,1512.0000,6.0000,1752.0000,6.0000
29-12-2015 16:06:30.224,Si73750BA6,12/29/2015 16:06:30,1,2,1.0000,75.0000,500000.0000,1.0000
29-12-2015 16:08:24.038,Si73750BA6,12/29/2015 16:08:24,0,2,1491.0000,6.0000,1731.0000,6.0000
29-12-2015 16:08:24.038,Si73750BA6,12/29/2015 16:08:24,1,2,1.0000,75.0000,500000.0000,1.0000
29-12-2015 16:08:50.890,Si73750BA6,12/29/2015 16:08:50,0,2,1510.0000,6.0000,1750.0000,6.0000
29-12-2015 16:08:50.890,Si73750BA6,12/29/2015 16:08:50,1,2,1.0000,75.0000,500000.0000,1.0000
29-12-2015 16:10:20.278,Si73750BA6,12/29/2015 16:10:20,0,2,1494.0000,6.0000,1734.0000,6.0000
29-12-2015 16:10:20.279,Si73750BA6,12/29/2015 16:10:20,1,2,1.0000,75.0000,500000.0000,1.0000
29-12-2015 16:12:49.408,Si73750BA6,12/29/2015 16:12:49,0,2,1460.0000,6.0000,1700.0000,6.0000
29-12-2015 16:12:49.409,Si73750BA6,12/29/2015 16:12:49,1,2,1.0000,75.0000,500000.0000,1.0000
29-12-2015 16:13:30.661,Si73750BA6,12/29/2015 16:13:30,0,2,1442.0000,6.0000,1682.0000,6.0000
29-12-2015 16:13:30.662,Si73750BA6,12/29/2015 16:13:30,1,2,1.0000,75.0000,500000.0000,1.0000
29-12-2015 16:14:13.781,Si73750BA6,12/29/2015 16:14:13,0,2,1419.0000,6.0000,1659.0000,6.0000
29-12-2015 16:14:13.782,Si73750BA6,12/29/2015 16:14:13,1,2,1.0000,75.0000,500000.0000,1.0000
29-12-2015 16:16:31.944,Si73750BA6,12/29/2015 16:16:31,0,2,1435.0000,6.0000,1675.0000,6.0000
29-12-2015 16:16:31.945,Si73750BA6,12/29/2015 16:16:31,1,2,1.0000,75.0000,500000.0000,1.0000
29-12-2015 16:18:34.333,Si73750BA6,12/29/2015 16:18:34,0,2,1451.0000,6.0000,1691.0000,6.0000
29-12-2015 16:18:34.333,Si73750BA6,12/29/2015 16:18:34,1,2,1.0000,75.0000,500000.0000,1.0000
29-12-2015 16:18:34.811,Si73750BA6,12/29/2015 16:18:34,0,2,1436.0000,6.0000,1676.0000,6.0000
29-12-2015 16:18:34.811,Si73750BA6,12/29/2015 16:18:34,1,2,1.0000,75.0000,500000.0000,1.0000
29-12-2015 16:21:37.576,Si73750BA6,12/29/2015 16:21:37,0,2,1414.0000,6.0000,1654.0000,6.0000
29-12-2015 16:21:37.577,Si73750BA6,12/29/2015 16:21:37,1,2,1.0000,75.0000,500000.0000,1.0000
29-12-2015 16:21:56.657,Si73750BA6,12/29/2015 16:21:56,0,2,1395.0000,6.0000,1635.0000,6.0000
29-12-2015 16:21:56.657,Si73750BA6,12/29/2015 16:21:56,1,2,1.0000,75.0000,500000.0000,1.0000
29-12-2015 16:21:56.899,Si73750BA6,12/29/2015 16:21:56,0,2,1416.0000,6.0000,1656.0000,6.0000
29-12-2015 16:21:56.899,Si73750BA6,12/29/2015 16:21:56,1,2,1.0000,75.0000,500000.0000,1.0000
29-12-2015 16:22:35.036,Si73750BA6,12/29/2015 16:22:35,0,2,1401.0000,6.0000,1641.0000,6.0000
29-12-2015 16:22:35.037,Si73750BA6,12/29/2015 16:22:35,1,2,1.0000,75.0000,500000.0000,1.0000
29-12-2015 16:22:55.445,Si73750BA6,12/29/2015 16:22:55,0,2,1385.0000,6.0000,1625.0000,6.0000
29-12-2015 16:22:55.445,Si73750BA6,12/29/2015 16:22:55,1,2,1.0000,75.0000,500000.0000,1.0000
29-12-2015 16:23:03.826,Si73750BA6,12/29/2015 16:23:03,0,2,1408.0000,6.0000,1648.0000,6.0000
29-12-2015 16:23:03.826,Si73750BA6,12/29/2015 16:23:03,1,2,1.0000,75.0000,500000.0000,1.0000
29-12-2015 16:23:14.672,Si73750BA6,12/29/2015 16:23:14,0,2,1458.0000,6.0000,1698.0000,6.0000
29-12-2015 16:23:14.673,Si73750BA6,12/29/2015 16:23:14,1,2,1.0000,75.0000,500000.0000,1.0000
29-12-2015 16:23:14.795,Si73750BA6,12/29/2015 16:23:14,0,2,1443.0000,6.0000,1683.0000,6.0000
29-12-2015 16:23:14.796,Si73750BA6,12/29/2015 16:23:14,1,2,1.0000,75.0000,500000.0000,1.0000
29-12-2015 16:23:27.110,Si73750BA6,12/29/2015 16:23:27,0,2,1444.0000,6.0000,1684.0000,6.0000
29-12-2015 16:23:27.111,Si73750BA6,12/29/2015 16:23:27,1,2,1.0000,75.0000,500000.0000,1.0000
29-12-2015 16:24:06.082,Si73750BA6,12/29/2015 16:24:06,0,2,1467.0000,6.0000,1707.0000,6.0000
29-12-2015 16:24:06.082,Si73750BA6,12/29/2015 16:24:06,1,2,1.0000,75.0000,500000.0000,1.0000
29-12-2015 16:24:07.253,Si73750BA6,12/29/2015 16:24:07,0,2,1490.0000,6.0000,1730.0000,6.0000
29-12-2015 16:24:07.253,Si73750BA6,12/29/2015 16:24:07,1,2,1.0000,75.0000,500000.0000,1.0000
29-12-2015 16:24:13.582,Si73750BA6,12/29/2015 16:24:13,0,2,1469.0000,6.0000,1709.0000,6.0000
29-12-2015 16:24:13.583,Si73750BA6,12/29/2015 16:24:13,1,2,1.0000,75.0000,500000.0000,1.0000
29-12-2015 16:24:43.737,Si73750BA6,12/29/2015 16:24:43,0,2,1487.0000,6.0000,1727.0000,6.0000
29-12-2015 16:24:43.738,Si73750BA6,12/29/2015 16:24:43,1,2,1.0000,75.0000,500000.0000,1.0000
29-12-2015 16:24:55.255,Si73750BA6,12/29/2015 16:24:55,0,2,1502.0000,6.0000,1742.0000,6.0000
29-12-2015 16:24:55.256,Si73750BA6,12/29/2015 16:24:55,1,2,1.0000,75.0000,500000.0000,1.0000
29-12-2015 16:27:10.098,Si73750BA6,12/29/2015 16:27:10,0,2,1487.0000,6.0000,1727.0000,6.0000
29-12-2015 16:27:10.098,Si73750BA6,12/29/2015 16:27:10,1,2,1.0000,75.0000,500000.0000,1.0000
29-12-2015 16:27:47.576,Si73750BA6,12/29/2015 16:27:47,0,2,1470.0000,6.0000,1710.0000,6.0000
29-12-2015 16:27:47.576,Si73750BA6,12/29/2015 16:27:47,1,2,1.0000,75.0000,500000.0000,1.0000
29-12-2015 16:30:57.704,Si73750BA6,12/29/2015 16:30:57,0,2,1454.0000,6.0000,1694.0000,6.0000
29-12-2015 16:30:57.704,Si73750BA6,12/29/2015 16:30:57,1,2,1.0000,75.0000,500000.0000,1.0000
29-12-2015 16:34:15.182,Si73750BA6,12/29/2015 16:34:15,0,2,1439.0000,6.0000,1679.0000,6.0000
29-12-2015 16:34:15.183,Si73750BA6,12/29/2015 16:34:15,1,2,1.0000,75.0000,500000.0000,1.0000
29-12-2015 16:35:02.306,Si73750BA6,12/29/2015 16:35:02,0,2,1455.0000,6.0000,1695.0000,6.0000
29-12-2015 16:35:02.306,Si73750BA6,12/29/2015 16:35:02,1,2,1.0000,75.0000,500000.0000,1.0000
29-12-2015 16:35:04.643,Si73750BA6,12/29/2015 16:35:04,0,2,1437.0000,6.0000,1677.0000,6.0000
29-12-2015 16:35:04.644,Si73750BA6,12/29/2015 16:35:04,1,2,1.0000,75.0000,500000.0000,1.0000
29-12-2015 16:36:16.955,Si73750BA6,12/29/2015 16:36:16,0,2,1421.0000,6.0000,1661.0000,6.0000
29-12-2015 16:36:16.956,Si73750BA6,12/29/2015 16:36:16,1,2,1.0000,75.0000,500000.0000,1.0000
29-12-2015 16:36:44.569,Si73750BA6,12/29/2015 16:36:44,0,2,1406.0000,6.0000,1646.0000,6.0000
29-12-2015 16:36:44.570,Si73750BA6,12/29/2015 16:36:44,1,2,1.0000,75.0000,500000.0000,1.0000
29-12-2015 16:36:57.014,Si73750BA6,12/29/2015 16:36:57,0,2,1422.0000,6.0000,1662.0000,6.0000
29-12-2015 16:36:57.015,Si73750BA6,12/29/2015 16:36:57,1,2,1.0000,75.0000,500000.0000,1.0000
29-12-2015 16:43:28.914,Si73750BA6,12/29/2015 16:43:28,0,2,1400.0000,6.0000,1640.0000,6.0000
29-12-2015 16:43:28.914,Si73750BA6,12/29/2015 16:43:28,1,2,1.0000,75.0000,500000.0000,1.0000
29-12-2015 16:43:29.917,Si73750BA6,12/29/2015 16:43:29,0,2,1384.0000,6.0000,1624.0000,6.0000
29-12-2015 16:43:29.917,Si73750BA6,12/29/2015 16:43:29,1,2,1.0000,75.0000,500000.0000,1.0000
29-12-2015 16:43:50.512,Si73750BA6,12/29/2015 16:43:50,0,2,1402.0000,6.0000,1642.0000,6.0000
29-12-2015 16:43:50.512,Si73750BA6,12/29/2015 16:43:50,1,2,1.0000,75.0000,500000.0000,1.0000
29-12-2015 16:44:22.401,Si73750BA6,12/29/2015 16:44:22,0,2,1387.0000,6.0000,1627.0000,6.0000
29-12-2015 16:44:22.401,Si73750BA6,12/29/2015 16:44:22,1,2,1.0000,75.0000,500000.0000,1.0000
29-12-2015 16:46:29.631,Si73750BA6,12/29/2015 16:46:29,0,2,1369.0000,6.0000,1609.0000,6.0000
29-12-2015 16:46:29.632,Si73750BA6,12/29/2015 16:46:29,1,2,1.0000,75.0000,500000.0000,1.0000
29-12-2015 16:48:31.955,Si73750BA6,12/29/2015 16:48:31,0,2,1389.0000,6.0000,1629.0000,6.0000
29-12-2015 16:48:31.955,Si73750BA6,12/29/2015 16:48:31,1,2,1.0000,75.0000,500000.0000,1.0000
29-12-2015 16:49:19.328,Si73750BA6,12/29/2015 16:49:19,0,2,1404.0000,6.0000,1644.0000,6.0000
29-12-2015 16:49:19.328,Si73750BA6,12/29/2015 16:49:19,1,2,1.0000,75.0000,500000.0000,1.0000
29-12-2015 16:50:43.776,Si73750BA6,12/29/2015 16:50:43,0,2,1428.0000,6.0000,1668.0000,6.0000
29-12-2015 16:50:43.776,Si73750BA6,12/29/2015 16:50:43,1,2,1.0000,75.0000,500000.0000,1.0000
29-12-2015 16:58:48.642,Si73750BA6,12/29/2015 16:58:48,0,2,1409.0000,6.0000,1649.0000,6.0000
29-12-2015 16:58:48.643,Si73750BA6,12/29/2015 16:58:48,1,2,1.0000,75.0000,500000.0000,1.0000
29-12-2015 17:00:01.141,Si73750BA6,12/29/2015 17:00:01,0,2,1393.0000,6.0000,1633.0000,6.0000
29-12-2015 17:00:01.142,Si73750BA6,12/29/2015 17:00:01,1,2,1.0000,75.0000,500000.0000,1.0000
29-12-2015 17:14:10.790,Si73750BA6,12/29/2015 17:14:10,0,2,1373.0000,6.0000,1613.0000,6.0000
29-12-2015 17:14:10.790,Si73750BA6,12/29/2015 17:14:10,1,2,1.0000,75.0000,500000.0000,1.0000
29-12-2015 17:15:40.256,Si73750BA6,12/29/2015 17:15:40,0,2,1354.0000,6.0000,1594.0000,6.0000
29-12-2015 17:15:40.256,Si73750BA6,12/29/2015 17:15:40,1,2,1.0000,75.0000,500000.0000,1.0000
29-12-2015 17:16:01.773,Si73750BA6,12/29/2015 17:16:01,0,2,1315.0000,6.0000,1555.0000,6.0000
29-12-2015 17:16:01.773,Si73750BA6,12/29/2015 17:16:01,1,2,1.0000,75.0000,500000.0000,1.0000
29-12-2015 17:19:32.236,Si73750BA6,12/29/2015 17:19:32,0,2,1324.0000,6.0000,1564.0000,6.0000
29-12-2015 17:19:32.236,Si73750BA6,12/29/2015 17:19:32,1,2,1.0000,75.0000,500000.0000,1.0000
29-12-2015 17:20:54.958,Si73750BA6,12/29/2015 17:20:54,0,2,1340.0000,6.0000,1580.0000,6.0000
29-12-2015 17:20:54.958,Si73750BA6,12/29/2015 17:20:54,1,2,1.0000,75.0000,500000.0000,1.0000
29-12-2015 17:22:00.452,Si73750BA6,12/29/2015 17:22:00,0,2,1321.0000,6.0000,1561.0000,6.0000
29-12-2015 17:22:00.453,Si73750BA6,12/29/2015 17:22:00,1,2,1.0000,75.0000,500000.0000,1.0000
29-12-2015 17:23:45.542,Si73750BA6,12/29/2015 17:23:45,0,2,1274.0000,6.0000,1514.0000,6.0000
29-12-2015 17:23:45.542,Si73750BA6,12/29/2015 17:23:45,1,2,1.0000,75.0000,500000.0000,1.0000
29-12-2015 17:27:22.266,Si73750BA6,12/29/2015 17:27:22,0,2,1230.0000,6.0000,1470.0000,6.0000
29-12-2015 17:27:22.266,Si73750BA6,12/29/2015 17:27:22,1,2,1.0000,75.0000,500000.0000,1.0000
29-12-2015 17:29:15.819,Si73750BA6,12/29/2015 17:29:15,0,2,1246.0000,6.0000,1486.0000,6.0000
29-12-2015 17:29:15.819,Si73750BA6,12/29/2015 17:29:15,1,2,1.0000,75.0000,500000.0000,1.0000
29-12-2015 17:32:08.285,Si73750BA6,12/29/2015 17:32:08,0,2,1192.0000,6.0000,1432.0000,6.0000
29-12-2015 17:32:08.286,Si73750BA6,12/29/2015 17:32:08,1,2,1.0000,75.0000,500000.0000,1.0000
29-12-2015 17:33:25.654,Si73750BA6,12/29/2015 17:33:25,0,2,1177.0000,6.0000,1417.0000,6.0000
29-12-2015 17:33:25.654,Si73750BA6,12/29/2015 17:33:25,1,2,1.0000,75.0000,500000.0000,1.0000
29-12-2015 17:37:20.677,Si73750BA6,12/29/2015 17:37:20,0,2,1162.0000,6.0000,1402.0000,6.0000
29-12-2015 17:37:20.678,Si73750BA6,12/29/2015 17:37:20,1,2,1.0000,75.0000,500000.0000,1.0000
29-12-2015 17:37:20.980,Si73750BA6,12/29/2015 17:37:20,0,2,1242.0000,6.0000,1482.0000,6.0000
29-12-2015 17:37:20.980,Si73750BA6,12/29/2015 17:37:20,1,2,1.0000,75.0000,500000.0000,1.0000
29-12-2015 17:42:09.680,Si73750BA6,12/29/2015 17:42:09,0,2,1315.0000,6.0000,1555.0000,6.0000
29-12-2015 17:42:09.680,Si73750BA6,12/29/2015 17:42:09,1,2,1.0000,75.0000,500000.0000,1.0000
29-12-2015 17:44:38.999,Si73750BA6,12/29/2015 17:44:38,0,2,1299.0000,6.0000,1539.0000,6.0000
29-12-2015 17:44:39.000,Si73750BA6,12/29/2015 17:44:39,1,2,1.0000,75.0000,500000.0000,1.0000
29-12-2015 17:44:45.469,Si73750BA6,12/29/2015 17:44:45,0,2,1330.0000,6.0000,1570.0000,6.0000
29-12-2015 17:44:45.469,Si73750BA6,12/29/2015 17:44:45,1,2,1.0000,75.0000,500000.0000,1.0000
29-12-2015 17:44:51.486,Si73750BA6,12/29/2015 17:44:51,0,2,1369.0000,6.0000,1609.0000,6.0000
29-12-2015 17:44:51.486,Si73750BA6,12/29/2015 17:44:51,1,2,1.0000,75.0000,500000.0000,1.0000
29-12-2015 17:44:51.636,Si73750BA6,12/29/2015 17:44:51,0,2,1352.0000,6.0000,1592.0000,6.0000
29-12-2015 17:44:51.636,Si73750BA6,12/29/2015 17:44:51,1,2,1.0000,75.0000,500000.0000,1.0000
29-12-2015 17:44:54.544,Si73750BA6,12/29/2015 17:44:54,0,2,1337.0000,6.0000,1577.0000,6.0000
29-12-2015 17:44:54.545,Si73750BA6,12/29/2015 17:44:54,1,2,1.0000,75.0000,500000.0000,1.0000
29-12-2015 17:44:57.042,Si73750BA6,12/29/2015 17:44:57,0,2,1307.0000,6.0000,1547.0000,6.0000
29-12-2015 17:44:57.042,Si73750BA6,12/29/2015 17:44:57,1,2,1.0000,75.0000,500000.0000,1.0000
29-12-2015 17:45:09.662,Si73750BA6,12/29/2015 17:45:09,0,2,1323.0000,6.0000,1563.0000,6.0000
29-12-2015 17:45:09.662,Si73750BA6,12/29/2015 17:45:09,1,2,1.0000,75.0000,500000.0000,1.0000
29-12-2015 17:45:14.540,Si73750BA6,12/29/2015 17:45:14,0,2,1341.0000,6.0000,1581.0000,6.0000
29-12-2015 17:45:14.540,Si73750BA6,12/29/2015 17:45:14,1,2,1.0000,75.0000,500000.0000,1.0000
29-12-2015 17:45:15.519,Si73750BA6,12/29/2015 17:45:15,0,2,1358.0000,6.0000,1598.0000,6.0000
29-12-2015 17:45:15.520,Si73750BA6,12/29/2015 17:45:15,1,2,1.0000,75.0000,500000.0000,1.0000
29-12-2015 17:46:26.944,Si73750BA6,12/29/2015 17:46:26,0,2,1341.0000,6.0000,1581.0000,6.0000
29-12-2015 17:46:26.944,Si73750BA6,12/29/2015 17:46:26,1,2,1.0000,75.0000,500000.0000,1.0000
29-12-2015 17:48:13.253,Si73750BA6,12/29/2015 17:48:13,0,2,1357.0000,6.0000,1597.0000,6.0000
29-12-2015 17:48:13.254,Si73750BA6,12/29/2015 17:48:13,1,2,1.0000,75.0000,500000.0000,1.0000
29-12-2015 17:48:39.911,Si73750BA6,12/29/2015 17:48:39,0,2,1372.0000,6.0000,1612.0000,6.0000
29-12-2015 17:48:39.912,Si73750BA6,12/29/2015 17:48:39,1,2,1.0000,75.0000,500000.0000,1.0000
29-12-2015 17:50:25.467,Si73750BA6,12/29/2015 17:50:25,0,2,1393.0000,6.0000,1633.0000,6.0000
29-12-2015 17:50:25.467,Si73750BA6,12/29/2015 17:50:25,1,2,1.0000,75.0000,500000.0000,1.0000
29-12-2015 17:54:15.276,Si73750BA6,12/29/2015 17:54:15,0,2,1414.0000,6.0000,1654.0000,6.0000
29-12-2015 17:54:15.277,Si73750BA6,12/29/2015 17:54:15,1,2,1.0000,75.0000,500000.0000,1.0000
29-12-2015 17:55:02.350,Si73750BA6,12/29/2015 17:55:02,0,2,1398.0000,6.0000,1638.0000,6.0000
29-12-2015 17:55:02.350,Si73750BA6,12/29/2015 17:55:02,1,2,1.0000,75.0000,500000.0000,1.0000
29-12-2015 17:55:13.648,Si73750BA6,12/29/2015 17:55:13,0,2,1383.0000,6.0000,1623.0000,6.0000
29-12-2015 17:55:13.648,Si73750BA6,12/29/2015 17:55:13,1,2,1.0000,75.0000,500000.0000,1.0000
29-12-2015 17:55:22.526,Si73750BA6,12/29/2015 17:55:22,0,2,1367.0000,6.0000,1607.0000,6.0000
29-12-2015 17:55:22.526,Si73750BA6,12/29/2015 17:55:22,1,2,1.0000,75.0000,500000.0000,1.0000
29-12-2015 17:55:47.194,Si73750BA6,12/29/2015 17:55:47,0,2,1382.0000,6.0000,1622.0000,6.0000
29-12-2015 17:55:47.194,Si73750BA6,12/29/2015 17:55:47,1,2,1.0000,75.0000,500000.0000,1.0000
29-12-2015 17:55:52.480,Si73750BA6,12/29/2015 17:55:52,0,2,1397.0000,6.0000,1637.0000,6.0000
29-12-2015 17:55:52.481,Si73750BA6,12/29/2015 17:55:52,1,2,1.0000,75.0000,500000.0000,1.0000
29-12-2015 17:56:01.009,Si73750BA6,12/29/2015 17:56:01,0,2,1413.0000,6.0000,1653.0000,6.0000
29-12-2015 17:56:01.010,Si73750BA6,12/29/2015 17:56:01,1,2,1.0000,75.0000,500000.0000,1.0000
29-12-2015 17:56:33.259,Si73750BA6,12/29/2015 17:56:33,0,2,1395.0000,6.0000,1635.0000,6.0000
29-12-2015 17:56:33.260,Si73750BA6,12/29/2015 17:56:33,1,2,1.0000,75.0000,500000.0000,1.0000
29-12-2015 17:57:02.247,Si73750BA6,12/29/2015 17:57:02,0,2,1379.0000,6.0000,1619.0000,6.0000
29-12-2015 17:57:02.248,Si73750BA6,12/29/2015 17:57:02,1,2,1.0000,75.0000,500000.0000,1.0000
29-12-2015 17:59:10.325,Si73750BA6,12/29/2015 17:59:10,0,2,1402.0000,6.0000,1642.0000,6.0000
29-12-2015 17:59:10.325,Si73750BA6,12/29/2015 17:59:10,1,2,1.0000,75.0000,500000.0000,1.0000
29-12-2015 18:00:05.871,Si73750BA6,12/29/2015 18:00:05,0,2,1425.0000,6.0000,1665.0000,6.0000
29-12-2015 18:00:05.871,Si73750BA6,12/29/2015 18:00:05,1,2,1.0000,75.0000,500000.0000,1.0000
29-12-2015 18:00:11.759,Si73750BA6,12/29/2015 18:00:11,0,2,1410.0000,6.0000,1650.0000,6.0000
29-12-2015 18:00:11.760,Si73750BA6,12/29/2015 18:00:11,1,2,1.0000,75.0000,500000.0000,1.0000
29-12-2015 18:01:54.733,Si73750BA6,12/29/2015 18:01:54,0,2,1428.0000,6.0000,1668.0000,6.0000
29-12-2015 18:01:54.734,Si73750BA6,12/29/2015 18:01:54,1,2,1.0000,75.0000,500000.0000,1.0000
29-12-2015 18:03:23.135,Si73750BA6,12/29/2015 18:03:23,0,2,1445.0000,6.0000,1685.0000,6.0000
29-12-2015 18:03:23.135,Si73750BA6,12/29/2015 18:03:23,1,2,1.0000,75.0000,500000.0000,1.0000
29-12-2015 18:06:29.501,Si73750BA6,12/29/2015 18:06:29,0,2,1463.0000,6.0000,1703.0000,6.0000
29-12-2015 18:06:29.501,Si73750BA6,12/29/2015 18:06:29,1,2,1.0000,75.0000,500000.0000,1.0000
29-12-2015 18:07:03.290,Si73750BA6,12/29/2015 18:07:03,0,2,1440.0000,6.0000,1680.0000,6.0000
29-12-2015 18:07:03.290,Si73750BA6,12/29/2015 18:07:03,1,2,1.0000,75.0000,500000.0000,1.0000
29-12-2015 18:07:17.513,Si73750BA6,12/29/2015 18:07:17,0,2,1462.0000,6.0000,1702.0000,6.0000
29-12-2015 18:07:17.513,Si73750BA6,12/29/2015 18:07:17,1,2,1.0000,75.0000,500000.0000,1.0000
29-12-2015 18:14:28.197,Si73750BA6,12/29/2015 18:14:28,0,2,1481.0000,6.0000,1721.0000,6.0000
29-12-2015 18:14:28.198,Si73750BA6,12/29/2015 18:14:28,1,2,1.0000,75.0000,500000.0000,1.0000
29-12-2015 18:16:24.510,Si73750BA6,12/29/2015 18:16:24,0,2,1464.0000,6.0000,1704.0000,6.0000
29-12-2015 18:16:24.510,Si73750BA6,12/29/2015 18:16:24,1,2,1.0000,75.0000,500000.0000,1.0000
29-12-2015 18:16:28.994,Si73750BA6,12/29/2015 18:16:28,0,2,1448.0000,6.0000,1688.0000,6.0000
29-12-2015 18:16:28.994,Si73750BA6,12/29/2015 18:16:28,1,2,1.0000,75.0000,500000.0000,1.0000
29-12-2015 18:17:08.308,Si73750BA6,12/29/2015 18:17:08,0,2,1430.0000,6.0000,1670.0000,6.0000
29-12-2015 18:17:08.309,Si73750BA6,12/29/2015 18:17:08,1,2,1.0000,75.0000,500000.0000,1.0000
29-12-2015 18:19:04.716,Si73750BA6,12/29/2015 18:19:04,0,2,1445.0000,6.0000,1685.0000,6.0000
29-12-2015 18:19:04.716,Si73750BA6,12/29/2015 18:19:04,1,2,1.0000,75.0000,500000.0000,1.0000
29-12-2015 18:19:28.417,Si73750BA6,12/29/2015 18:19:28,0,2,1430.0000,6.0000,1670.0000,6.0000
29-12-2015 18:19:28.417,Si73750BA6,12/29/2015 18:19:28,1,2,1.0000,75.0000,500000.0000,1.0000
29-12-2015 18:20:46.989,Si73750BA6,12/29/2015 18:20:46,0,2,1415.0000,6.0000,1655.0000,6.0000
29-12-2015 18:20:46.989,Si73750BA6,12/29/2015 18:20:46,1,2,1.0000,75.0000,500000.0000,1.0000
29-12-2015 18:20:58.900,Si73750BA6,12/29/2015 18:20:58,0,2,1399.0000,6.0000,1639.0000,6.0000
29-12-2015 18:20:58.900,Si73750BA6,12/29/2015 18:20:58,1,2,1.0000,75.0000,500000.0000,1.0000
29-12-2015 18:21:20.888,Si73750BA6,12/29/2015 18:21:20,0,2,1384.0000,6.0000,1624.0000,6.0000
29-12-2015 18:21:20.889,Si73750BA6,12/29/2015 18:21:20,1,2,1.0000,75.0000,500000.0000,1.0000
29-12-2015 18:22:17.318,Si73750BA6,12/29/2015 18:22:17,0,2,1369.0000,6.0000,1609.0000,6.0000
29-12-2015 18:22:17.318,Si73750BA6,12/29/2015 18:22:17,1,2,1.0000,75.0000,500000.0000,1.0000
29-12-2015 18:24:20.591,Si73750BA6,12/29/2015 18:24:20,0,2,1353.0000,6.0000,1593.0000,6.0000
29-12-2015 18:24:20.593,Si73750BA6,12/29/2015 18:24:20,1,2,1.0000,75.0000,500000.0000,1.0000
29-12-2015 18:25:06.239,Si73750BA6,12/29/2015 18:25:06,0,2,1337.0000,6.0000,1577.0000,6.0000
29-12-2015 18:25:06.240,Si73750BA6,12/29/2015 18:25:06,1,2,1.0000,75.0000,500000.0000,1.0000
29-12-2015 18:25:33.295,Si73750BA6,12/29/2015 18:25:33,0,2,1354.0000,6.0000,1594.0000,6.0000
29-12-2015 18:25:33.295,Si73750BA6,12/29/2015 18:25:33,1,2,1.0000,75.0000,500000.0000,1.0000
29-12-2015 18:27:42.538,Si73750BA6,12/29/2015 18:27:42,0,2,1337.0000,6.0000,1577.0000,6.0000
29-12-2015 18:27:42.538,Si73750BA6,12/29/2015 18:27:42,1,2,1.0000,75.0000,500000.0000,1.0000
29-12-2015 18:28:50.440,Si73750BA6,12/29/2015 18:28:50,0,2,1317.0000,6.0000,1557.0000,6.0000
29-12-2015 18:28:50.441,Si73750BA6,12/29/2015 18:28:50,1,2,1.0000,75.0000,500000.0000,1.0000
29-12-2015 18:29:13.506,Si73750BA6,12/29/2015 18:29:13,0,2,1301.0000,6.0000,1541.0000,6.0000
29-12-2015 18:29:13.506,Si73750BA6,12/29/2015 18:29:13,1,2,1.0000,75.0000,500000.0000,1.0000
29-12-2015 18:30:56.733,Si73750BA6,12/29/2015 18:30:56,0,2,1286.0000,6.0000,1526.0000,6.0000
29-12-2015 18:30:56.734,Si73750BA6,12/29/2015 18:30:56,1,2,1.0000,75.0000,500000.0000,1.0000
29-12-2015 18:31:26.944,Si73750BA6,12/29/2015 18:31:26,0,2,1268.0000,6.0000,1508.0000,6.0000
29-12-2015 18:31:26.944,Si73750BA6,12/29/2015 18:31:26,1,2,1.0000,75.0000,500000.0000,1.0000
29-12-2015 18:32:06.079,Si73750BA6,12/29/2015 18:32:06,0,2,1287.0000,6.0000,1527.0000,6.0000
29-12-2015 18:32:06.079,Si73750BA6,12/29/2015 18:32:06,1,2,1.0000,75.0000,500000.0000,1.0000
29-12-2015 18:32:26.775,Si73750BA6,12/29/2015 18:32:26,0,2,1303.0000,6.0000,1543.0000,6.0000
29-12-2015 18:32:26.775,Si73750BA6,12/29/2015 18:32:26,1,2,1.0000,75.0000,500000.0000,1.0000
29-12-2015 18:32:59.805,Si73750BA6,12/29/2015 18:32:59,0,2,1325.0000,6.0000,1565.0000,6.0000
29-12-2015 18:32:59.805,Si73750BA6,12/29/2015 18:32:59,1,2,1.0000,75.0000,500000.0000,1.0000
29-12-2015 18:33:28.681,Si73750BA6,12/29/2015 18:33:28,0,2,1342.0000,6.0000,1582.0000,6.0000
29-12-2015 18:33:28.681,Si73750BA6,12/29/2015 18:33:28,1,2,1.0000,75.0000,500000.0000,1.0000
29-12-2015 18:34:06.116,Si73750BA6,12/29/2015 18:34:06,0,2,1327.0000,6.0000,1567.0000,6.0000
29-12-2015 18:34:06.117,Si73750BA6,12/29/2015 18:34:06,1,2,1.0000,75.0000,500000.0000,1.0000
29-12-2015 18:35:56.028,Si73750BA6,12/29/2015 18:35:56,0,2,1305.0000,6.0000,1545.0000,6.0000
29-12-2015 18:35:56.028,Si73750BA6,12/29/2015 18:35:56,1,2,1.0000,75.0000,500000.0000,1.0000
29-12-2015 18:37:50.802,Si73750BA6,12/29/2015 18:37:50,0,2,1289.0000,6.0000,1529.0000,6.0000
29-12-2015 18:37:50.802,Si73750BA6,12/29/2015 18:37:50,1,2,1.0000,75.0000,500000.0000,1.0000
29-12-2015 18:38:18.511,Si73750BA6,12/29/2015 18:38:18,0,2,1272.0000,6.0000,1512.0000,6.0000
29-12-2015 18:38:18.511,Si73750BA6,12/29/2015 18:38:18,1,2,1.0000,75.0000,500000.0000,1.0000
29-12-2015 18:38:46.206,Si73750BA6,12/29/2015 18:38:46,0,2,1288.0000,6.0000,1528.0000,6.0000
29-12-2015 18:38:46.207,Si73750BA6,12/29/2015 18:38:46,1,2,1.0000,75.0000,500000.0000,1.0000
29-12-2015 18:40:26.961,Si73750BA6,12/29/2015 18:40:26,0,2,1305.0000,6.0000,1545.0000,6.0000
29-12-2015 18:40:26.962,Si73750BA6,12/29/2015 18:40:26,1,2,1.0000,75.0000,500000.0000,1.0000
29-12-2015 18:40:34.547,Si73750BA6,12/29/2015 18:40:34,0,2,1322.0000,6.0000,1562.0000,6.0000
29-12-2015 18:40:34.547,Si73750BA6,12/29/2015 18:40:34,1,2,1.0000,75.0000,500000.0000,1.0000
29-12-2015 18:41:54.433,Si73750BA6,12/29/2015 18:41:54,0,2,1337.0000,6.0000,1577.0000,6.0000
29-12-2015 18:41:54.434,Si73750BA6,12/29/2015 18:41:54,1,2,1.0000,75.0000,500000.0000,1.0000
29-12-2015 18:42:35.630,Si73750BA6,12/29/2015 18:42:35,0,2,1357.0000,6.0000,1597.0000,6.0000
29-12-2015 18:42:35.630,Si73750BA6,12/29/2015 18:42:35,1,2,1.0000,75.0000,500000.0000,1.0000
29-12-2015 18:42:43.598,Si73750BA6,12/29/2015 18:42:43,0,2,1342.0000,6.0000,1582.0000,6.0000
29-12-2015 18:42:43.598,Si73750BA6,12/29/2015 18:42:43,1,2,1.0000,75.0000,500000.0000,1.0000
29-12-2015 18:43:14.710,Si73750BA6,12/29/2015 18:43:14,0,2,1324.0000,6.0000,1564.0000,6.0000
29-12-2015 18:43:14.711,Si73750BA6,12/29/2015 18:43:14,1,2,1.0000,75.0000,500000.0000,1.0000
29-12-2015 18:44:28.479,Si73750BA6,12/29/2015 18:44:28,0,2,1308.0000,6.0000,1548.0000,6.0000
29-12-2015 18:44:28.479,Si73750BA6,12/29/2015 18:44:28,1,2,1.0000,75.0000,500000.0000,1.0000
29-12-2015 18:44:37.962,Si73750BA6,12/29/2015 18:44:37,0,2,1.0000,75.0000,1548.0000,6.0000
29-12-2015 18:44:37.963,Si73750BA6,12/29/2015 18:44:37,1,2,0.0000,0.0000,500000.0000,1.0000
29-12-2015 18:44:38.007,Si73750BA6,12/29/2015 18:44:38,0,1,1.0000,75.0000,500000.0000,1.0000
29-12-2015 19:00:05.220,Si73750BA6,12/29/2015 19:00:05,0,1,1.0000,75.0000,0.0000,0.0000
