29-12-2015 10:12:30.946,Si75750BA6,12/29/2015 10:12:30,0,2,597.0000,6.0000,837.0000,6.0000
29-12-2015 10:12:30.946,Si75750BA6,12/29/2015 10:12:30,1,2,1.0000,75.0000,500000.0000,1.0000
29-12-2015 10:12:42.126,Si75750BA6,12/29/2015 10:12:42,0,2,613.0000,6.0000,853.0000,6.0000
29-12-2015 10:12:42.126,Si75750BA6,12/29/2015 10:12:42,1,2,1.0000,75.0000,500000.0000,1.0000
29-12-2015 10:13:19.312,Si75750BA6,12/29/2015 10:13:19,0,2,597.0000,6.0000,837.0000,6.0000
29-12-2015 10:13:19.312,Si75750BA6,12/29/2015 10:13:19,1,2,1.0000,75.0000,500000.0000,1.0000
29-12-2015 10:20:34.023,Si75750BA6,12/29/2015 10:20:34,0,2,614.0000,6.0000,854.0000,6.0000
29-12-2015 10:20:34.023,Si75750BA6,12/29/2015 10:20:34,1,2,1.0000,75.0000,500000.0000,1.0000
29-12-2015 10:26:02.827,Si75750BA6,12/29/2015 10:26:02,0,3,710.0000,1.0000,854.0000,6.0000
29-12-2015 10:26:02.827,Si75750BA6,12/29/2015 10:26:02,1,3,614.0000,6.0000,500000.0000,1.0000
29-12-2015 10:26:02.827,Si75750BA6,12/29/2015 10:26:02,2,3,1.0000,75.0000,0.0000,0.0000
29-12-2015 10:40:36.149,Si75750BA6,12/29/2015 10:40:36,0,3,710.0000,1.0000,839.0000,6.0000
29-12-2015 10:40:36.150,Si75750BA6,12/29/2015 10:40:36,1,3,599.0000,6.0000,500000.0000,1.0000
29-12-2015 10:40:36.150,Si75750BA6,12/29/2015 10:40:36,2,3,1.0000,75.0000,0.0000,0.0000
29-12-2015 10:42:32.593,Si75750BA6,12/29/2015 10:42:32,0,3,710.0000,1.0000,854.0000,6.0000
29-12-2015 10:42:32.594,Si75750BA6,12/29/2015 10:42:32,1,3,614.0000,6.0000,500000.0000,1.0000
29-12-2015 10:42:32.594,Si75750BA6,12/29/2015 10:42:32,2,3,1.0000,75.0000,0.0000,0.0000
29-12-2015 10:48:18.619,Si75750BA6,12/29/2015 10:48:18,0,3,710.0000,1.0000,869.0000,6.0000
29-12-2015 10:48:18.619,Si75750BA6,12/29/2015 10:48:18,1,3,629.0000,6.0000,500000.0000,1.0000
29-12-2015 10:48:18.619,Si75750BA6,12/29/2015 10:48:18,2,3,1.0000,75.0000,0.0000,0.0000
29-12-2015 10:48:38.449,Si75750BA6,12/29/2015 10:48:38,0,3,710.0000,1.0000,884.0000,6.0000
29-12-2015 10:48:38.449,Si75750BA6,12/29/2015 10:48:38,1,3,644.0000,6.0000,500000.0000,1.0000
29-12-2015 10:48:38.449,Si75750BA6,12/29/2015 10:48:38,2,3,1.0000,75.0000,0.0000,0.0000
29-12-2015 10:48:51.811,Si75750BA6,12/29/2015 10:48:51,0,2,710.0000,1.0000,500000.0000,1.0000
29-12-2015 10:48:51.812,Si75750BA6,12/29/2015 10:48:51,1,2,1.0000,75.0000,0.0000,0.0000
29-12-2015 10:48:51.866,Si75750BA6,12/29/2015 10:48:51,0,2,710.0000,1.0000,499999.0000,9.0000
29-12-2015 10:48:51.867,Si75750BA6,12/29/2015 10:48:51,1,2,1.0000,75.0000,500000.0000,1.0000
29-12-2015 11:00:06.127,Si75750BA6,12/29/2015 11:00:06,0,2,2.0000,10.0000,499999.0000,9.0000
29-12-2015 11:00:06.127,Si75750BA6,12/29/2015 11:00:06,1,2,1.0000,76.0000,500000.0000,1.0000
29-12-2015 11:00:14.621,Si75750BA6,12/29/2015 11:00:14,0,3,677.0000,6.0000,499999.0000,9.0000
29-12-2015 11:00:14.622,Si75750BA6,12/29/2015 11:00:14,1,3,2.0000,10.0000,500000.0000,1.0000
29-12-2015 11:00:14.622,Si75750BA6,12/29/2015 11:00:14,2,3,1.0000,76.0000,0.0000,0.0000
29-12-2015 11:00:14.714,Si75750BA6,12/29/2015 11:00:14,0,3,677.0000,6.0000,917.0000,6.0000
29-12-2015 11:00:14.714,Si75750BA6,12/29/2015 11:00:14,1,3,2.0000,10.0000,499999.0000,9.0000
29-12-2015 11:00:14.715,Si75750BA6,12/29/2015 11:00:14,2,3,1.0000,76.0000,500000.0000,1.0000
29-12-2015 11:00:14.816,Si75750BA6,12/29/2015 11:00:14,0,3,677.0000,6.0000,917.0000,6.0000
29-12-2015 11:00:14.816,Si75750BA6,12/29/2015 11:00:14,1,3,2.0000,10.0000,500000.0000,1.0000
29-12-2015 11:00:14.817,Si75750BA6,12/29/2015 11:00:14,2,3,1.0000,76.0000,0.0000,0.0000
29-12-2015 11:00:30.930,Si75750BA6,12/29/2015 11:00:30,0,3,692.0000,6.0000,932.0000,6.0000
29-12-2015 11:00:30.931,Si75750BA6,12/29/2015 11:00:30,1,3,2.0000,10.0000,500000.0000,1.0000
29-12-2015 11:00:30.931,Si75750BA6,12/29/2015 11:00:30,2,3,1.0000,76.0000,0.0000,0.0000
29-12-2015 11:02:03.174,Si75750BA6,12/29/2015 11:02:03,0,3,676.0000,6.0000,916.0000,6.0000
29-12-2015 11:02:03.175,Si75750BA6,12/29/2015 11:02:03,1,3,2.0000,10.0000,500000.0000,1.0000
29-12-2015 11:02:03.175,Si75750BA6,12/29/2015 11:02:03,2,3,1.0000,76.0000,0.0000,0.0000
29-12-2015 11:04:20.370,Si75750BA6,12/29/2015 11:04:20,0,3,661.0000,6.0000,901.0000,6.0000
29-12-2015 11:04:20.371,Si75750BA6,12/29/2015 11:04:20,1,3,2.0000,10.0000,500000.0000,1.0000
29-12-2015 11:04:20.371,Si75750BA6,12/29/2015 11:04:20,2,3,1.0000,76.0000,0.0000,0.0000
29-12-2015 11:09:08.644,Si75750BA6,12/29/2015 11:09:08,0,3,676.0000,6.0000,916.0000,6.0000
29-12-2015 11:09:08.645,Si75750BA6,12/29/2015 11:09:08,1,3,2.0000,10.0000,500000.0000,1.0000
29-12-2015 11:09:08.645,Si75750BA6,12/29/2015 11:09:08,2,3,1.0000,76.0000,0.0000,0.0000
29-12-2015 11:09:58.483,Si75750BA6,12/29/2015 11:09:58,0,2,676.0000,6.0000,916.0000,6.0000
29-12-2015 11:09:58.483,Si75750BA6,12/29/2015 11:09:58,1,2,1.0000,76.0000,500000.0000,1.0000
29-12-2015 11:15:03.148,Si75750BA6,12/29/2015 11:15:03,0,2,692.0000,6.0000,932.0000,6.0000
29-12-2015 11:15:03.149,Si75750BA6,12/29/2015 11:15:03,1,2,1.0000,76.0000,500000.0000,1.0000
29-12-2015 11:17:18.580,Si75750BA6,12/29/2015 11:17:18,0,2,709.0000,6.0000,949.0000,6.0000
29-12-2015 11:17:18.581,Si75750BA6,12/29/2015 11:17:18,1,2,1.0000,76.0000,500000.0000,1.0000
29-12-2015 11:18:27.731,Si75750BA6,12/29/2015 11:18:27,0,2,694.0000,6.0000,934.0000,6.0000
29-12-2015 11:18:27.731,Si75750BA6,12/29/2015 11:18:27,1,2,1.0000,76.0000,500000.0000,1.0000
29-12-2015 11:20:19.367,Si75750BA6,12/29/2015 11:20:19,0,2,678.0000,6.0000,918.0000,6.0000
29-12-2015 11:20:19.367,Si75750BA6,12/29/2015 11:20:19,1,2,1.0000,76.0000,500000.0000,1.0000
29-12-2015 11:20:45.348,Si75750BA6,12/29/2015 11:20:45,0,2,678.0000,7.0000,918.0000,6.0000
29-12-2015 11:20:45.348,Si75750BA6,12/29/2015 11:20:45,1,2,1.0000,76.0000,500000.0000,1.0000
29-12-2015 11:23:31.003,Si75750BA6,12/29/2015 11:23:31,0,3,678.0000,1.0000,903.0000,6.0000
29-12-2015 11:23:31.004,Si75750BA6,12/29/2015 11:23:31,1,3,663.0000,6.0000,500000.0000,1.0000
29-12-2015 11:23:31.004,Si75750BA6,12/29/2015 11:23:31,2,3,1.0000,76.0000,0.0000,0.0000
29-12-2015 11:24:29.617,Si75750BA6,12/29/2015 11:24:29,0,3,681.0000,6.0000,921.0000,6.0000
29-12-2015 11:24:29.618,Si75750BA6,12/29/2015 11:24:29,1,3,678.0000,1.0000,500000.0000,1.0000
29-12-2015 11:24:29.618,Si75750BA6,12/29/2015 11:24:29,2,3,1.0000,76.0000,0.0000,0.0000
29-12-2015 11:25:29.015,Si75750BA6,12/29/2015 11:25:29,0,3,699.0000,6.0000,939.0000,6.0000
29-12-2015 11:25:29.016,Si75750BA6,12/29/2015 11:25:29,1,3,678.0000,1.0000,500000.0000,1.0000
29-12-2015 11:25:29.016,Si75750BA6,12/29/2015 11:25:29,2,3,1.0000,76.0000,0.0000,0.0000
29-12-2015 11:26:10.340,Si75750BA6,12/29/2015 11:26:10,0,3,714.0000,6.0000,954.0000,6.0000
29-12-2015 11:26:10.341,Si75750BA6,12/29/2015 11:26:10,1,3,678.0000,1.0000,500000.0000,1.0000
29-12-2015 11:26:10.341,Si75750BA6,12/29/2015 11:26:10,2,3,1.0000,76.0000,0.0000,0.0000
29-12-2015 11:28:17.950,Si75750BA6,12/29/2015 11:28:17,0,3,729.0000,6.0000,969.0000,6.0000
29-12-2015 11:28:17.950,Si75750BA6,12/29/2015 11:28:17,1,3,678.0000,1.0000,500000.0000,1.0000
29-12-2015 11:28:17.950,Si75750BA6,12/29/2015 11:28:17,2,3,1.0000,76.0000,0.0000,0.0000
29-12-2015 11:29:38.808,Si75750BA6,12/29/2015 11:29:38,0,3,745.0000,6.0000,985.0000,6.0000
29-12-2015 11:29:38.808,Si75750BA6,12/29/2015 11:29:38,1,3,678.0000,1.0000,500000.0000,1.0000
29-12-2015 11:29:38.809,Si75750BA6,12/29/2015 11:29:38,2,3,1.0000,76.0000,0.0000,0.0000
29-12-2015 11:36:35.194,Si75750BA6,12/29/2015 11:36:35,0,3,729.0000,6.0000,969.0000,6.0000
29-12-2015 11:36:35.202,Si75750BA6,12/29/2015 11:36:35,1,3,678.0000,1.0000,500000.0000,1.0000
29-12-2015 11:36:35.202,Si75750BA6,12/29/2015 11:36:35,2,3,1.0000,76.0000,0.0000,0.0000
29-12-2015 11:37:45.602,Si75750BA6,12/29/2015 11:37:45,0,3,747.0000,6.0000,987.0000,6.0000
29-12-2015 11:37:45.602,Si75750BA6,12/29/2015 11:37:45,1,3,678.0000,1.0000,500000.0000,1.0000
29-12-2015 11:37:45.603,Si75750BA6,12/29/2015 11:37:45,2,3,1.0000,76.0000,0.0000,0.0000
29-12-2015 11:49:23.098,Si75750BA6,12/29/2015 11:49:23,0,3,731.0000,6.0000,971.0000,6.0000
29-12-2015 11:49:23.098,Si75750BA6,12/29/2015 11:49:23,1,3,678.0000,1.0000,500000.0000,1.0000
29-12-2015 11:49:23.099,Si75750BA6,12/29/2015 11:49:23,2,3,1.0000,76.0000,0.0000,0.0000
29-12-2015 11:51:17.710,Si75750BA6,12/29/2015 11:51:17,0,3,746.0000,6.0000,986.0000,6.0000
29-12-2015 11:51:17.711,Si75750BA6,12/29/2015 11:51:17,1,3,678.0000,1.0000,500000.0000,1.0000
29-12-2015 11:51:17.711,Si75750BA6,12/29/2015 11:51:17,2,3,1.0000,76.0000,0.0000,0.0000
29-12-2015 11:54:39.525,Si75750BA6,12/29/2015 11:54:39,0,3,767.0000,6.0000,1007.0000,6.0000
29-12-2015 11:54:39.525,Si75750BA6,12/29/2015 11:54:39,1,3,678.0000,1.0000,500000.0000,1.0000
29-12-2015 11:54:39.525,Si75750BA6,12/29/2015 11:54:39,2,3,1.0000,76.0000,0.0000,0.0000
29-12-2015 11:54:51.351,Si75750BA6,12/29/2015 11:54:51,0,3,787.0000,6.0000,1027.0000,6.0000
29-12-2015 11:54:51.352,Si75750BA6,12/29/2015 11:54:51,1,3,678.0000,1.0000,500000.0000,1.0000
29-12-2015 11:54:51.354,Si75750BA6,12/29/2015 11:54:51,2,3,1.0000,76.0000,0.0000,0.0000
29-12-2015 12:12:27.600,Si75750BA6,12/29/2015 12:12:27,0,3,771.0000,6.0000,1011.0000,6.0000
29-12-2015 12:12:27.600,Si75750BA6,12/29/2015 12:12:27,1,3,678.0000,1.0000,500000.0000,1.0000
29-12-2015 12:12:27.601,Si75750BA6,12/29/2015 12:12:27,2,3,1.0000,76.0000,0.0000,0.0000
29-12-2015 12:14:36.231,Si75750BA6,12/29/2015 12:14:36,0,3,786.0000,6.0000,1026.0000,6.0000
29-12-2015 12:14:36.231,Si75750BA6,12/29/2015 12:14:36,1,3,678.0000,1.0000,500000.0000,1.0000
29-12-2015 12:14:36.231,Si75750BA6,12/29/2015 12:14:36,2,3,1.0000,76.0000,0.0000,0.0000
29-12-2015 12:15:13.135,Si75750BA6,12/29/2015 12:15:13,0,3,770.0000,6.0000,1010.0000,6.0000
29-12-2015 12:15:13.136,Si75750BA6,12/29/2015 12:15:13,1,3,678.0000,1.0000,500000.0000,1.0000
29-12-2015 12:15:13.136,Si75750BA6,12/29/2015 12:15:13,2,3,1.0000,76.0000,0.0000,0.0000
29-12-2015 12:22:02.124,Si75750BA6,12/29/2015 12:22:02,0,3,785.0000,6.0000,1025.0000,6.0000
29-12-2015 12:22:02.125,Si75750BA6,12/29/2015 12:22:02,1,3,678.0000,1.0000,500000.0000,1.0000
29-12-2015 12:22:02.125,Si75750BA6,12/29/2015 12:22:02,2,3,1.0000,76.0000,0.0000,0.0000
29-12-2015 12:23:56.935,Si75750BA6,12/29/2015 12:23:56,0,3,769.0000,6.0000,1009.0000,6.0000
29-12-2015 12:23:56.935,Si75750BA6,12/29/2015 12:23:56,1,3,678.0000,1.0000,500000.0000,1.0000
29-12-2015 12:23:56.935,Si75750BA6,12/29/2015 12:23:56,2,3,1.0000,76.0000,0.0000,0.0000
29-12-2015 12:27:51.916,Si75750BA6,12/29/2015 12:27:51,0,3,753.0000,6.0000,993.0000,6.0000
29-12-2015 12:27:51.917,Si75750BA6,12/29/2015 12:27:51,1,3,678.0000,1.0000,500000.0000,1.0000
29-12-2015 12:27:51.917,Si75750BA6,12/29/2015 12:27:51,2,3,1.0000,76.0000,0.0000,0.0000
29-12-2015 12:38:03.624,Si75750BA6,12/29/2015 12:38:03,0,3,738.0000,6.0000,978.0000,6.0000
29-12-2015 12:38:03.625,Si75750BA6,12/29/2015 12:38:03,1,3,678.0000,1.0000,500000.0000,1.0000
29-12-2015 12:38:03.627,Si75750BA6,12/29/2015 12:38:03,2,3,1.0000,76.0000,0.0000,0.0000
29-12-2015 12:41:43.970,Si75750BA6,12/29/2015 12:41:43,0,3,754.0000,6.0000,994.0000,6.0000
29-12-2015 12:41:43.970,Si75750BA6,12/29/2015 12:41:43,1,3,678.0000,1.0000,500000.0000,1.0000
29-12-2015 12:41:43.971,Si75750BA6,12/29/2015 12:41:43,2,3,1.0000,76.0000,0.0000,0.0000
29-12-2015 12:54:49.493,Si75750BA6,12/29/2015 12:54:49,0,3,739.0000,6.0000,979.0000,6.0000
29-12-2015 12:54:49.493,Si75750BA6,12/29/2015 12:54:49,1,3,678.0000,1.0000,500000.0000,1.0000
29-12-2015 12:54:49.494,Si75750BA6,12/29/2015 12:54:49,2,3,1.0000,76.0000,0.0000,0.0000
29-12-2015 12:56:17.705,Si75750BA6,12/29/2015 12:56:17,0,3,723.0000,6.0000,963.0000,6.0000
29-12-2015 12:56:17.705,Si75750BA6,12/29/2015 12:56:17,1,3,678.0000,1.0000,500000.0000,1.0000
29-12-2015 12:56:17.706,Si75750BA6,12/29/2015 12:56:17,2,3,1.0000,76.0000,0.0000,0.0000
29-12-2015 12:56:54.874,Si75750BA6,12/29/2015 12:56:54,0,3,708.0000,6.0000,948.0000,6.0000
29-12-2015 12:56:54.874,Si75750BA6,12/29/2015 12:56:54,1,3,678.0000,1.0000,500000.0000,1.0000
29-12-2015 12:56:54.875,Si75750BA6,12/29/2015 12:56:54,2,3,1.0000,76.0000,0.0000,0.0000
29-12-2015 12:57:01.036,Si75750BA6,12/29/2015 12:57:01,0,3,726.0000,6.0000,966.0000,6.0000
29-12-2015 12:57:01.036,Si75750BA6,12/29/2015 12:57:01,1,3,678.0000,1.0000,500000.0000,1.0000
29-12-2015 12:57:01.036,Si75750BA6,12/29/2015 12:57:01,2,3,1.0000,76.0000,0.0000,0.0000
29-12-2015 12:58:30.861,Si75750BA6,12/29/2015 12:58:30,0,3,742.0000,6.0000,982.0000,6.0000
29-12-2015 12:58:30.862,Si75750BA6,12/29/2015 12:58:30,1,3,678.0000,1.0000,500000.0000,1.0000
29-12-2015 12:58:30.862,Si75750BA6,12/29/2015 12:58:30,2,3,1.0000,76.0000,0.0000,0.0000
29-12-2015 13:00:34.682,Si75750BA6,12/29/2015 13:00:34,0,3,727.0000,6.0000,967.0000,6.0000
29-12-2015 13:00:34.682,Si75750BA6,12/29/2015 13:00:34,1,3,678.0000,1.0000,500000.0000,1.0000
29-12-2015 13:00:34.682,Si75750BA6,12/29/2015 13:00:34,2,3,1.0000,76.0000,0.0000,0.0000
29-12-2015 13:06:15.212,Si75750BA6,12/29/2015 13:06:15,0,3,742.0000,6.0000,982.0000,6.0000
29-12-2015 13:06:15.213,Si75750BA6,12/29/2015 13:06:15,1,3,678.0000,1.0000,500000.0000,1.0000
29-12-2015 13:06:15.213,Si75750BA6,12/29/2015 13:06:15,2,3,1.0000,76.0000,0.0000,0.0000
29-12-2015 13:07:11.312,Si75750BA6,12/29/2015 13:07:11,0,4,800.0000,2.0000,982.0000,6.0000
29-12-2015 13:07:11.313,Si75750BA6,12/29/2015 13:07:11,1,4,742.0000,6.0000,500000.0000,1.0000
29-12-2015 13:07:11.313,Si75750BA6,12/29/2015 13:07:11,2,4,678.0000,1.0000,0.0000,0.0000
29-12-2015 13:07:34.084,Si75750BA6,12/29/2015 13:07:34,0,3,742.0000,6.0000,982.0000,6.0000
29-12-2015 13:07:34.085,Si75750BA6,12/29/2015 13:07:34,1,3,678.0000,1.0000,500000.0000,1.0000
29-12-2015 13:07:34.085,Si75750BA6,12/29/2015 13:07:34,2,3,1.0000,76.0000,0.0000,0.0000
29-12-2015 13:07:38.482,Si75750BA6,12/29/2015 13:07:38,0,4,800.0000,1.0000,982.0000,6.0000
29-12-2015 13:07:38.483,Si75750BA6,12/29/2015 13:07:38,1,4,742.0000,6.0000,500000.0000,1.0000
29-12-2015 13:07:38.484,Si75750BA6,12/29/2015 13:07:38,2,4,678.0000,1.0000,0.0000,0.0000
29-12-2015 13:07:47.264,Si75750BA6,12/29/2015 13:07:47,0,5,800.0000,1.0000,982.0000,6.0000
29-12-2015 13:07:47.264,Si75750BA6,12/29/2015 13:07:47,1,5,742.0000,6.0000,500000.0000,1.0000
29-12-2015 13:07:47.264,Si75750BA6,12/29/2015 13:07:47,2,5,700.0000,1.0000,0.0000,0.0000
29-12-2015 13:10:31.270,Si75750BA6,12/29/2015 13:10:31,0,5,800.0000,1.0000,998.0000,6.0000
29-12-2015 13:10:31.271,Si75750BA6,12/29/2015 13:10:31,1,5,758.0000,6.0000,500000.0000,1.0000
29-12-2015 13:10:31.271,Si75750BA6,12/29/2015 13:10:31,2,5,700.0000,1.0000,0.0000,0.0000
29-12-2015 13:30:34.867,Si75750BA6,12/29/2015 13:30:34,0,5,800.0000,1.0000,982.0000,6.0000
29-12-2015 13:30:34.867,Si75750BA6,12/29/2015 13:30:34,1,5,742.0000,6.0000,500000.0000,1.0000
29-12-2015 13:30:34.867,Si75750BA6,12/29/2015 13:30:34,2,5,700.0000,1.0000,0.0000,0.0000
29-12-2015 13:38:58.407,Si75750BA6,12/29/2015 13:38:58,0,5,800.0000,1.0000,966.0000,6.0000
29-12-2015 13:38:58.407,Si75750BA6,12/29/2015 13:38:58,1,5,726.0000,6.0000,500000.0000,1.0000
29-12-2015 13:38:58.407,Si75750BA6,12/29/2015 13:38:58,2,5,700.0000,1.0000,0.0000,0.0000
29-12-2015 13:43:03.991,Si75750BA6,12/29/2015 13:43:03,0,5,800.0000,1.0000,984.0000,6.0000
29-12-2015 13:43:03.991,Si75750BA6,12/29/2015 13:43:03,1,5,744.0000,6.0000,500000.0000,1.0000
29-12-2015 13:43:03.992,Si75750BA6,12/29/2015 13:43:03,2,5,700.0000,1.0000,0.0000,0.0000
29-12-2015 13:50:09.156,Si75750BA6,12/29/2015 13:50:09,0,5,800.0000,1.0000,999.0000,6.0000
29-12-2015 13:50:09.157,Si75750BA6,12/29/2015 13:50:09,1,5,759.0000,6.0000,500000.0000,1.0000
29-12-2015 13:50:09.157,Si75750BA6,12/29/2015 13:50:09,2,5,700.0000,1.0000,0.0000,0.0000
29-12-2015 13:58:52.741,Si75750BA6,12/29/2015 13:58:52,0,5,800.0000,1.0000,982.0000,6.0000
29-12-2015 13:58:52.741,Si75750BA6,12/29/2015 13:58:52,1,5,742.0000,6.0000,500000.0000,1.0000
29-12-2015 13:58:52.741,Si75750BA6,12/29/2015 13:58:52,2,5,700.0000,1.0000,0.0000,0.0000
29-12-2015 14:29:20.818,Si75750BA6,12/29/2015 14:29:20,0,4,800.0000,1.0000,982.0000,6.0000
29-12-2015 14:29:20.818,Si75750BA6,12/29/2015 14:29:20,1,4,700.0000,1.0000,500000.0000,1.0000
29-12-2015 14:29:20.819,Si75750BA6,12/29/2015 14:29:20,2,4,678.0000,1.0000,0.0000,0.0000
29-12-2015 14:29:20.975,Si75750BA6,12/29/2015 14:29:20,0,4,800.0000,1.0000,500000.0000,1.0000
29-12-2015 14:29:20.975,Si75750BA6,12/29/2015 14:29:20,1,4,700.0000,1.0000,0.0000,0.0000
29-12-2015 14:29:20.976,Si75750BA6,12/29/2015 14:29:20,2,4,678.0000,1.0000,0.0000,0.0000
29-12-2015 14:51:26.473,Si75750BA6,12/29/2015 14:51:26,0,5,800.0000,1.0000,500000.0000,1.0000
29-12-2015 14:51:26.473,Si75750BA6,12/29/2015 14:51:26,1,5,768.0000,6.0000,0.0000,0.0000
29-12-2015 14:51:26.473,Si75750BA6,12/29/2015 14:51:26,2,5,700.0000,1.0000,0.0000,0.0000
29-12-2015 14:51:26.500,Si75750BA6,12/29/2015 14:51:26,0,5,800.0000,1.0000,1008.0000,6.0000
29-12-2015 14:51:26.500,Si75750BA6,12/29/2015 14:51:26,1,5,768.0000,6.0000,500000.0000,1.0000
29-12-2015 14:51:26.500,Si75750BA6,12/29/2015 14:51:26,2,5,700.0000,1.0000,0.0000,0.0000
29-12-2015 15:10:31.881,Si75750BA6,12/29/2015 15:10:31,0,5,800.0000,1.0000,992.0000,6.0000
29-12-2015 15:10:31.882,Si75750BA6,12/29/2015 15:10:31,1,5,752.0000,6.0000,500000.0000,1.0000
29-12-2015 15:10:31.883,Si75750BA6,12/29/2015 15:10:31,2,5,700.0000,1.0000,0.0000,0.0000
29-12-2015 15:14:59.328,Si75750BA6,12/29/2015 15:14:59,0,5,800.0000,1.0000,977.0000,6.0000
29-12-2015 15:14:59.328,Si75750BA6,12/29/2015 15:14:59,1,5,737.0000,6.0000,500000.0000,1.0000
29-12-2015 15:14:59.328,Si75750BA6,12/29/2015 15:14:59,2,5,700.0000,1.0000,0.0000,0.0000
29-12-2015 15:19:41.336,Si75750BA6,12/29/2015 15:19:41,0,5,800.0000,1.0000,992.0000,6.0000
29-12-2015 15:19:41.337,Si75750BA6,12/29/2015 15:19:41,1,5,752.0000,6.0000,500000.0000,1.0000
29-12-2015 15:19:41.337,Si75750BA6,12/29/2015 15:19:41,2,5,700.0000,1.0000,0.0000,0.0000
29-12-2015 15:32:21.567,Si75750BA6,12/29/2015 15:32:21,0,4,800.0000,1.0000,992.0000,6.0000
29-12-2015 15:32:21.571,Si75750BA6,12/29/2015 15:32:21,1,4,700.0000,1.0000,500000.0000,1.0000
29-12-2015 15:32:21.571,Si75750BA6,12/29/2015 15:32:21,2,4,678.0000,1.0000,0.0000,0.0000
29-12-2015 15:32:21.622,Si75750BA6,12/29/2015 15:32:21,0,4,800.0000,1.0000,500000.0000,1.0000
29-12-2015 15:32:21.622,Si75750BA6,12/29/2015 15:32:21,1,4,700.0000,1.0000,0.0000,0.0000
29-12-2015 15:32:21.622,Si75750BA6,12/29/2015 15:32:21,2,4,678.0000,1.0000,0.0000,0.0000
29-12-2015 15:35:12.424,Si75750BA6,12/29/2015 15:35:12,0,5,800.0000,1.0000,500000.0000,1.0000
29-12-2015 15:35:12.425,Si75750BA6,12/29/2015 15:35:12,1,5,764.0000,6.0000,0.0000,0.0000
29-12-2015 15:35:12.425,Si75750BA6,12/29/2015 15:35:12,2,5,700.0000,1.0000,0.0000,0.0000
29-12-2015 15:35:12.448,Si75750BA6,12/29/2015 15:35:12,0,5,800.0000,1.0000,1004.0000,6.0000
29-12-2015 15:35:12.448,Si75750BA6,12/29/2015 15:35:12,1,5,764.0000,6.0000,500000.0000,1.0000
29-12-2015 15:35:12.449,Si75750BA6,12/29/2015 15:35:12,2,5,700.0000,1.0000,0.0000,0.0000
29-12-2015 15:35:42.008,Si75750BA6,12/29/2015 15:35:42,0,5,800.0000,1.0000,988.0000,6.0000
29-12-2015 15:35:42.008,Si75750BA6,12/29/2015 15:35:42,1,5,748.0000,6.0000,500000.0000,1.0000
29-12-2015 15:35:42.008,Si75750BA6,12/29/2015 15:35:42,2,5,700.0000,1.0000,0.0000,0.0000
29-12-2015 15:43:37.399,Si75750BA6,12/29/2015 15:43:37,0,5,800.0000,1.0000,970.0000,6.0000
29-12-2015 15:43:37.401,Si75750BA6,12/29/2015 15:43:37,1,5,730.0000,6.0000,500000.0000,1.0000
29-12-2015 15:43:37.401,Si75750BA6,12/29/2015 15:43:37,2,5,700.0000,1.0000,0.0000,0.0000
29-12-2015 15:48:23.160,Si75750BA6,12/29/2015 15:48:23,0,5,800.0000,1.0000,953.0000,6.0000
29-12-2015 15:48:23.160,Si75750BA6,12/29/2015 15:48:23,1,5,713.0000,6.0000,500000.0000,1.0000
29-12-2015 15:48:23.161,Si75750BA6,12/29/2015 15:48:23,2,5,700.0000,1.0000,0.0000,0.0000
29-12-2015 15:49:18.870,Si75750BA6,12/29/2015 15:49:18,0,5,800.0000,1.0000,968.0000,6.0000
29-12-2015 15:49:18.870,Si75750BA6,12/29/2015 15:49:18,1,5,728.0000,6.0000,500000.0000,1.0000
29-12-2015 15:49:18.871,Si75750BA6,12/29/2015 15:49:18,2,5,700.0000,1.0000,0.0000,0.0000
29-12-2015 15:50:38.977,Si75750BA6,12/29/2015 15:50:38,0,5,800.0000,1.0000,985.0000,6.0000
29-12-2015 15:50:38.978,Si75750BA6,12/29/2015 15:50:38,1,5,745.0000,6.0000,500000.0000,1.0000
29-12-2015 15:50:38.978,Si75750BA6,12/29/2015 15:50:38,2,5,700.0000,1.0000,0.0000,0.0000
29-12-2015 16:02:00.801,Si75750BA6,12/29/2015 16:02:00,0,5,800.0000,1.0000,970.0000,6.0000
29-12-2015 16:02:00.802,Si75750BA6,12/29/2015 16:02:00,1,5,730.0000,6.0000,500000.0000,1.0000
29-12-2015 16:02:00.803,Si75750BA6,12/29/2015 16:02:00,2,5,700.0000,1.0000,0.0000,0.0000
29-12-2015 16:03:13.103,Si75750BA6,12/29/2015 16:03:13,0,4,800.0000,1.0000,500000.0000,1.0000
29-12-2015 16:03:13.103,Si75750BA6,12/29/2015 16:03:13,1,4,700.0000,1.0000,0.0000,0.0000
29-12-2015 16:03:13.103,Si75750BA6,12/29/2015 16:03:13,2,4,678.0000,1.0000,0.0000,0.0000
29-12-2015 16:06:30.378,Si75750BA6,12/29/2015 16:06:30,0,5,800.0000,1.0000,500000.0000,1.0000
29-12-2015 16:06:30.378,Si75750BA6,12/29/2015 16:06:30,1,5,722.0000,6.0000,0.0000,0.0000
29-12-2015 16:06:30.379,Si75750BA6,12/29/2015 16:06:30,2,5,700.0000,1.0000,0.0000,0.0000
29-12-2015 16:06:30.434,Si75750BA6,12/29/2015 16:06:30,0,5,800.0000,1.0000,962.0000,6.0000
29-12-2015 16:06:30.435,Si75750BA6,12/29/2015 16:06:30,1,5,722.0000,6.0000,500000.0000,1.0000
29-12-2015 16:06:30.435,Si75750BA6,12/29/2015 16:06:30,2,5,700.0000,1.0000,0.0000,0.0000
29-12-2015 16:12:28.982,Si75750BA6,12/29/2015 16:12:28,0,5,800.0000,1.0000,942.0000,6.0000
29-12-2015 16:12:28.982,Si75750BA6,12/29/2015 16:12:28,1,5,702.0000,6.0000,500000.0000,1.0000
29-12-2015 16:12:28.982,Si75750BA6,12/29/2015 16:12:28,2,5,700.0000,1.0000,0.0000,0.0000
29-12-2015 16:13:30.362,Si75750BA6,12/29/2015 16:13:30,0,5,800.0000,1.0000,923.0000,6.0000
29-12-2015 16:13:30.363,Si75750BA6,12/29/2015 16:13:30,1,5,700.0000,1.0000,500000.0000,1.0000
29-12-2015 16:13:30.363,Si75750BA6,12/29/2015 16:13:30,2,5,683.0000,6.0000,0.0000,0.0000
29-12-2015 16:14:13.875,Si75750BA6,12/29/2015 16:14:13,0,5,800.0000,1.0000,907.0000,6.0000
29-12-2015 16:14:13.875,Si75750BA6,12/29/2015 16:14:13,1,5,700.0000,1.0000,500000.0000,1.0000
29-12-2015 16:14:13.876,Si75750BA6,12/29/2015 16:14:13,2,5,678.0000,1.0000,0.0000,0.0000
29-12-2015 16:17:52.665,Si75750BA6,12/29/2015 16:17:52,0,5,800.0000,1.0000,924.0000,6.0000
29-12-2015 16:17:52.668,Si75750BA6,12/29/2015 16:17:52,1,5,700.0000,1.0000,500000.0000,1.0000
29-12-2015 16:17:52.669,Si75750BA6,12/29/2015 16:17:52,2,5,684.0000,6.0000,0.0000,0.0000
29-12-2015 16:21:19.323,Si75750BA6,12/29/2015 16:21:19,0,5,800.0000,1.0000,908.0000,6.0000
29-12-2015 16:21:19.323,Si75750BA6,12/29/2015 16:21:19,1,5,700.0000,1.0000,500000.0000,1.0000
29-12-2015 16:21:19.323,Si75750BA6,12/29/2015 16:21:19,2,5,678.0000,1.0000,0.0000,0.0000
29-12-2015 16:21:37.732,Si75750BA6,12/29/2015 16:21:37,0,4,700.0000,1.0000,908.0000,6.0000
29-12-2015 16:21:37.732,Si75750BA6,12/29/2015 16:21:37,1,4,678.0000,1.0000,500000.0000,1.0000
29-12-2015 16:21:37.732,Si75750BA6,12/29/2015 16:21:37,2,4,668.0000,6.0000,0.0000,0.0000
29-12-2015 16:21:56.680,Si75750BA6,12/29/2015 16:21:56,0,4,700.0000,1.0000,892.0000,6.0000
29-12-2015 16:21:56.680,Si75750BA6,12/29/2015 16:21:56,1,4,678.0000,1.0000,500000.0000,1.0000
29-12-2015 16:21:56.681,Si75750BA6,12/29/2015 16:21:56,2,4,652.0000,6.0000,0.0000,0.0000
29-12-2015 16:21:57.004,Si75750BA6,12/29/2015 16:21:57,0,4,700.0000,1.0000,909.0000,6.0000
29-12-2015 16:21:57.004,Si75750BA6,12/29/2015 16:21:57,1,4,678.0000,1.0000,500000.0000,1.0000
29-12-2015 16:21:57.005,Si75750BA6,12/29/2015 16:21:57,2,4,669.0000,6.0000,0.0000,0.0000
29-12-2015 16:22:49.090,Si75750BA6,12/29/2015 16:22:49,0,4,700.0000,1.0000,894.0000,6.0000
29-12-2015 16:22:49.090,Si75750BA6,12/29/2015 16:22:49,1,4,678.0000,1.0000,500000.0000,1.0000
29-12-2015 16:22:49.090,Si75750BA6,12/29/2015 16:22:49,2,4,654.0000,6.0000,0.0000,0.0000
29-12-2015 16:23:14.696,Si75750BA6,12/29/2015 16:23:14,0,4,700.0000,1.0000,928.0000,6.0000
29-12-2015 16:23:14.697,Si75750BA6,12/29/2015 16:23:14,1,4,688.0000,6.0000,500000.0000,1.0000
29-12-2015 16:23:14.697,Si75750BA6,12/29/2015 16:23:14,2,4,678.0000,1.0000,0.0000,0.0000
29-12-2015 16:23:27.160,Si75750BA6,12/29/2015 16:23:27,0,4,700.0000,1.0000,913.0000,6.0000
29-12-2015 16:23:27.160,Si75750BA6,12/29/2015 16:23:27,1,4,678.0000,1.0000,500000.0000,1.0000
29-12-2015 16:23:27.176,Si75750BA6,12/29/2015 16:23:27,2,4,673.0000,6.0000,0.0000,0.0000
29-12-2015 16:24:06.090,Si75750BA6,12/29/2015 16:24:06,0,4,700.0000,1.0000,933.0000,6.0000
29-12-2015 16:24:06.090,Si75750BA6,12/29/2015 16:24:06,1,4,693.0000,6.0000,500000.0000,1.0000
29-12-2015 16:24:06.091,Si75750BA6,12/29/2015 16:24:06,2,4,678.0000,1.0000,0.0000,0.0000
29-12-2015 16:24:46.157,Si75750BA6,12/29/2015 16:24:46,0,4,708.0000,6.0000,948.0000,6.0000
29-12-2015 16:24:46.158,Si75750BA6,12/29/2015 16:24:46,1,4,700.0000,1.0000,500000.0000,1.0000
29-12-2015 16:24:46.158,Si75750BA6,12/29/2015 16:24:46,2,4,678.0000,1.0000,0.0000,0.0000
29-12-2015 16:27:47.590,Si75750BA6,12/29/2015 16:27:47,0,4,700.0000,1.0000,933.0000,6.0000
29-12-2015 16:27:47.591,Si75750BA6,12/29/2015 16:27:47,1,4,693.0000,6.0000,500000.0000,1.0000
29-12-2015 16:27:47.591,Si75750BA6,12/29/2015 16:27:47,2,4,678.0000,1.0000,0.0000,0.0000
29-12-2015 16:34:03.459,Si75750BA6,12/29/2015 16:34:03,0,3,700.0000,1.0000,918.0000,6.0000
29-12-2015 16:34:03.459,Si75750BA6,12/29/2015 16:34:03,1,3,678.0000,7.0000,500000.0000,1.0000
29-12-2015 16:34:03.462,Si75750BA6,12/29/2015 16:34:03,2,3,1.0000,76.0000,0.0000,0.0000
29-12-2015 16:36:19.634,Si75750BA6,12/29/2015 16:36:19,0,4,700.0000,1.0000,903.0000,6.0000
29-12-2015 16:36:19.635,Si75750BA6,12/29/2015 16:36:19,1,4,678.0000,1.0000,500000.0000,1.0000
29-12-2015 16:36:19.635,Si75750BA6,12/29/2015 16:36:19,2,4,663.0000,6.0000,0.0000,0.0000
29-12-2015 16:37:36.495,Si75750BA6,12/29/2015 16:37:36,0,3,700.0000,1.0000,918.0000,6.0000
29-12-2015 16:37:36.495,Si75750BA6,12/29/2015 16:37:36,1,3,678.0000,7.0000,500000.0000,1.0000
29-12-2015 16:37:36.496,Si75750BA6,12/29/2015 16:37:36,2,3,1.0000,76.0000,0.0000,0.0000
29-12-2015 16:43:08.295,Si75750BA6,12/29/2015 16:43:08,0,4,700.0000,1.0000,903.0000,6.0000
29-12-2015 16:43:08.296,Si75750BA6,12/29/2015 16:43:08,1,4,678.0000,1.0000,500000.0000,1.0000
29-12-2015 16:43:08.296,Si75750BA6,12/29/2015 16:43:08,2,4,663.0000,6.0000,0.0000,0.0000
29-12-2015 16:43:30.014,Si75750BA6,12/29/2015 16:43:30,0,4,700.0000,1.0000,887.0000,6.0000
29-12-2015 16:43:30.014,Si75750BA6,12/29/2015 16:43:30,1,4,678.0000,1.0000,500000.0000,1.0000
29-12-2015 16:43:30.015,Si75750BA6,12/29/2015 16:43:30,2,4,647.0000,6.0000,0.0000,0.0000
29-12-2015 16:49:19.354,Si75750BA6,12/29/2015 16:49:19,0,4,700.0000,1.0000,902.0000,6.0000
29-12-2015 16:49:19.354,Si75750BA6,12/29/2015 16:49:19,1,4,678.0000,1.0000,500000.0000,1.0000
29-12-2015 16:49:19.354,Si75750BA6,12/29/2015 16:49:19,2,4,662.0000,6.0000,0.0000,0.0000
29-12-2015 16:50:44.434,Si75750BA6,12/29/2015 16:50:44,0,4,700.0000,1.0000,917.0000,6.0000
29-12-2015 16:50:44.435,Si75750BA6,12/29/2015 16:50:44,1,4,678.0000,1.0000,500000.0000,1.0000
29-12-2015 16:50:44.435,Si75750BA6,12/29/2015 16:50:44,2,4,677.0000,6.0000,0.0000,0.0000
29-12-2015 16:59:14.164,Si75750BA6,12/29/2015 16:59:14,0,4,700.0000,1.0000,901.0000,6.0000
29-12-2015 16:59:14.164,Si75750BA6,12/29/2015 16:59:14,1,4,678.0000,1.0000,500000.0000,1.0000
29-12-2015 16:59:14.165,Si75750BA6,12/29/2015 16:59:14,2,4,661.0000,6.0000,0.0000,0.0000
29-12-2015 17:14:10.992,Si75750BA6,12/29/2015 17:14:10,0,4,700.0000,1.0000,882.0000,6.0000
29-12-2015 17:14:10.993,Si75750BA6,12/29/2015 17:14:10,1,4,678.0000,1.0000,500000.0000,1.0000
29-12-2015 17:14:10.993,Si75750BA6,12/29/2015 17:14:10,2,4,642.0000,6.0000,0.0000,0.0000
29-12-2015 17:16:01.522,Si75750BA6,12/29/2015 17:16:01,0,4,700.0000,1.0000,865.0000,6.0000
29-12-2015 17:16:01.522,Si75750BA6,12/29/2015 17:16:01,1,4,678.0000,1.0000,500000.0000,1.0000
29-12-2015 17:16:01.523,Si75750BA6,12/29/2015 17:16:01,2,4,625.0000,6.0000,0.0000,0.0000
29-12-2015 17:16:01.796,Si75750BA6,12/29/2015 17:16:01,0,4,700.0000,1.0000,850.0000,6.0000
29-12-2015 17:16:01.796,Si75750BA6,12/29/2015 17:16:01,1,4,678.0000,1.0000,500000.0000,1.0000
29-12-2015 17:16:01.796,Si75750BA6,12/29/2015 17:16:01,2,4,610.0000,6.0000,0.0000,0.0000
29-12-2015 17:19:32.337,Si75750BA6,12/29/2015 17:19:32,0,4,700.0000,1.0000,851.0000,6.0000
29-12-2015 17:19:32.338,Si75750BA6,12/29/2015 17:19:32,1,4,678.0000,1.0000,500000.0000,1.0000
29-12-2015 17:19:32.339,Si75750BA6,12/29/2015 17:19:32,2,4,611.0000,6.0000,0.0000,0.0000
29-12-2015 17:23:45.565,Si75750BA6,12/29/2015 17:23:45,0,4,700.0000,1.0000,836.0000,6.0000
29-12-2015 17:23:45.566,Si75750BA6,12/29/2015 17:23:45,1,4,678.0000,1.0000,500000.0000,1.0000
29-12-2015 17:23:45.566,Si75750BA6,12/29/2015 17:23:45,2,4,596.0000,6.0000,0.0000,0.0000
29-12-2015 17:27:22.354,Si75750BA6,12/29/2015 17:27:22,0,3,678.0000,1.0000,802.0000,6.0000
29-12-2015 17:27:22.354,Si75750BA6,12/29/2015 17:27:22,1,3,562.0000,6.0000,500000.0000,1.0000
29-12-2015 17:27:22.355,Si75750BA6,12/29/2015 17:27:22,2,3,1.0000,76.0000,0.0000,0.0000
29-12-2015 17:30:27.554,Si75750BA6,12/29/2015 17:30:27,0,3,678.0000,1.0000,818.0000,6.0000
29-12-2015 17:30:27.555,Si75750BA6,12/29/2015 17:30:27,1,3,578.0000,6.0000,500000.0000,1.0000
29-12-2015 17:30:27.555,Si75750BA6,12/29/2015 17:30:27,2,3,1.0000,76.0000,0.0000,0.0000
29-12-2015 17:32:08.468,Si75750BA6,12/29/2015 17:32:08,0,2,544.0000,6.0000,784.0000,6.0000
29-12-2015 17:32:08.469,Si75750BA6,12/29/2015 17:32:08,1,2,1.0000,76.0000,500000.0000,1.0000
29-12-2015 17:36:23.511,Si75750BA6,12/29/2015 17:36:23,0,2,529.0000,6.0000,769.0000,6.0000
29-12-2015 17:36:23.512,Si75750BA6,12/29/2015 17:36:23,1,2,1.0000,76.0000,500000.0000,1.0000
29-12-2015 17:37:21.008,Si75750BA6,12/29/2015 17:37:21,0,2,572.0000,6.0000,812.0000,6.0000
29-12-2015 17:37:21.008,Si75750BA6,12/29/2015 17:37:21,1,2,1.0000,76.0000,500000.0000,1.0000
29-12-2015 17:42:09.727,Si75750BA6,12/29/2015 17:42:09,0,2,622.0000,6.0000,862.0000,6.0000
29-12-2015 17:42:09.727,Si75750BA6,12/29/2015 17:42:09,1,2,1.0000,76.0000,500000.0000,1.0000
29-12-2015 17:44:39.021,Si75750BA6,12/29/2015 17:44:39,0,2,607.0000,6.0000,847.0000,6.0000
29-12-2015 17:44:39.021,Si75750BA6,12/29/2015 17:44:39,1,2,1.0000,76.0000,500000.0000,1.0000
29-12-2015 17:44:45.491,Si75750BA6,12/29/2015 17:44:45,0,2,628.0000,6.0000,868.0000,6.0000
29-12-2015 17:44:45.492,Si75750BA6,12/29/2015 17:44:45,1,2,1.0000,76.0000,500000.0000,1.0000
29-12-2015 17:44:51.504,Si75750BA6,12/29/2015 17:44:51,0,2,644.0000,6.0000,884.0000,6.0000
29-12-2015 17:44:51.504,Si75750BA6,12/29/2015 17:44:51,1,2,1.0000,76.0000,500000.0000,1.0000
29-12-2015 17:44:55.536,Si75750BA6,12/29/2015 17:44:55,0,2,628.0000,6.0000,868.0000,6.0000
29-12-2015 17:44:55.540,Si75750BA6,12/29/2015 17:44:55,1,2,1.0000,76.0000,500000.0000,1.0000
29-12-2015 17:44:57.065,Si75750BA6,12/29/2015 17:44:57,0,2,613.0000,6.0000,853.0000,6.0000
29-12-2015 17:44:57.065,Si75750BA6,12/29/2015 17:44:57,1,2,1.0000,76.0000,500000.0000,1.0000
29-12-2015 17:45:14.594,Si75750BA6,12/29/2015 17:45:14,0,2,628.0000,6.0000,868.0000,6.0000
29-12-2015 17:45:14.594,Si75750BA6,12/29/2015 17:45:14,1,2,1.0000,76.0000,500000.0000,1.0000
29-12-2015 17:46:07.843,Si75750BA6,12/29/2015 17:46:07,0,2,644.0000,6.0000,884.0000,6.0000
29-12-2015 17:46:07.843,Si75750BA6,12/29/2015 17:46:07,1,2,1.0000,76.0000,500000.0000,1.0000
29-12-2015 17:46:27.354,Si75750BA6,12/29/2015 17:46:27,0,2,629.0000,6.0000,869.0000,6.0000
29-12-2015 17:46:27.355,Si75750BA6,12/29/2015 17:46:27,1,2,1.0000,76.0000,500000.0000,1.0000
29-12-2015 17:48:34.408,Si75750BA6,12/29/2015 17:48:34,0,2,645.0000,6.0000,885.0000,6.0000
29-12-2015 17:48:34.408,Si75750BA6,12/29/2015 17:48:34,1,2,1.0000,76.0000,500000.0000,1.0000
29-12-2015 17:53:48.044,Si75750BA6,12/29/2015 17:53:48,0,2,661.0000,6.0000,901.0000,6.0000
29-12-2015 17:53:48.045,Si75750BA6,12/29/2015 17:53:48,1,2,1.0000,76.0000,500000.0000,1.0000
29-12-2015 17:55:19.211,Si75750BA6,12/29/2015 17:55:19,0,2,646.0000,6.0000,886.0000,6.0000
29-12-2015 17:55:19.211,Si75750BA6,12/29/2015 17:55:19,1,2,1.0000,76.0000,500000.0000,1.0000
29-12-2015 17:55:53.349,Si75750BA6,12/29/2015 17:55:53,0,2,661.0000,6.0000,901.0000,6.0000
29-12-2015 17:55:53.349,Si75750BA6,12/29/2015 17:55:53,1,2,1.0000,76.0000,500000.0000,1.0000
29-12-2015 18:01:54.734,Si75750BA6,12/29/2015 18:01:54,0,2,676.0000,6.0000,916.0000,6.0000
29-12-2015 18:01:54.735,Si75750BA6,12/29/2015 18:01:54,1,2,1.0000,76.0000,500000.0000,1.0000
29-12-2015 18:06:29.505,Si75750BA6,12/29/2015 18:06:29,0,2,694.0000,6.0000,934.0000,6.0000
29-12-2015 18:06:29.506,Si75750BA6,12/29/2015 18:06:29,1,2,1.0000,76.0000,500000.0000,1.0000
29-12-2015 18:07:06.953,Si75750BA6,12/29/2015 18:07:06,0,2,679.0000,6.0000,919.0000,6.0000
29-12-2015 18:07:06.954,Si75750BA6,12/29/2015 18:07:06,1,2,1.0000,76.0000,500000.0000,1.0000
29-12-2015 18:07:18.820,Si75750BA6,12/29/2015 18:07:18,0,2,695.0000,6.0000,935.0000,6.0000
29-12-2015 18:07:18.820,Si75750BA6,12/29/2015 18:07:18,1,2,1.0000,76.0000,500000.0000,1.0000
29-12-2015 18:14:55.230,Si75750BA6,12/29/2015 18:14:55,0,2,710.0000,6.0000,950.0000,6.0000
29-12-2015 18:14:55.230,Si75750BA6,12/29/2015 18:14:55,1,2,1.0000,76.0000,500000.0000,1.0000
29-12-2015 18:16:24.887,Si75750BA6,12/29/2015 18:16:24,0,2,693.0000,6.0000,933.0000,6.0000
29-12-2015 18:16:24.888,Si75750BA6,12/29/2015 18:16:24,1,2,1.0000,76.0000,500000.0000,1.0000
29-12-2015 18:17:08.310,Si75750BA6,12/29/2015 18:17:08,0,2,677.0000,6.0000,917.0000,6.0000
29-12-2015 18:17:08.311,Si75750BA6,12/29/2015 18:17:08,1,2,1.0000,76.0000,500000.0000,1.0000
29-12-2015 18:20:49.928,Si75750BA6,12/29/2015 18:20:49,0,2,662.0000,6.0000,902.0000,6.0000
29-12-2015 18:20:49.929,Si75750BA6,12/29/2015 18:20:49,1,2,1.0000,76.0000,500000.0000,1.0000
29-12-2015 18:21:25.779,Si75750BA6,12/29/2015 18:21:25,0,2,647.0000,6.0000,887.0000,6.0000
29-12-2015 18:21:25.780,Si75750BA6,12/29/2015 18:21:25,1,2,1.0000,76.0000,500000.0000,1.0000
29-12-2015 18:24:20.818,Si75750BA6,12/29/2015 18:24:20,0,2,631.0000,6.0000,871.0000,6.0000
29-12-2015 18:24:20.819,Si75750BA6,12/29/2015 18:24:20,1,2,1.0000,76.0000,500000.0000,1.0000
29-12-2015 18:28:50.157,Si75750BA6,12/29/2015 18:28:50,0,2,616.0000,6.0000,856.0000,6.0000
29-12-2015 18:28:50.157,Si75750BA6,12/29/2015 18:28:50,1,2,1.0000,76.0000,500000.0000,1.0000
29-12-2015 18:29:23.017,Si75750BA6,12/29/2015 18:29:23,0,2,601.0000,6.0000,841.0000,6.0000
29-12-2015 18:29:23.018,Si75750BA6,12/29/2015 18:29:23,1,2,1.0000,76.0000,500000.0000,1.0000
29-12-2015 18:31:26.945,Si75750BA6,12/29/2015 18:31:26,0,2,585.0000,6.0000,825.0000,6.0000
29-12-2015 18:31:26.945,Si75750BA6,12/29/2015 18:31:26,1,2,1.0000,76.0000,500000.0000,1.0000
29-12-2015 18:32:17.731,Si75750BA6,12/29/2015 18:32:17,0,2,601.0000,6.0000,841.0000,6.0000
29-12-2015 18:32:17.732,Si75750BA6,12/29/2015 18:32:17,1,2,1.0000,76.0000,500000.0000,1.0000
29-12-2015 18:32:59.805,Si75750BA6,12/29/2015 18:32:59,0,2,619.0000,6.0000,859.0000,6.0000
29-12-2015 18:32:59.806,Si75750BA6,12/29/2015 18:32:59,1,2,1.0000,76.0000,500000.0000,1.0000
29-12-2015 18:35:56.037,Si75750BA6,12/29/2015 18:35:56,0,2,604.0000,6.0000,844.0000,6.0000
29-12-2015 18:35:56.038,Si75750BA6,12/29/2015 18:35:56,1,2,1.0000,76.0000,500000.0000,1.0000
29-12-2015 18:38:06.405,Si75750BA6,12/29/2015 18:38:06,0,2,588.0000,6.0000,828.0000,6.0000
29-12-2015 18:38:06.406,Si75750BA6,12/29/2015 18:38:06,1,2,1.0000,76.0000,500000.0000,1.0000
29-12-2015 18:40:26.983,Si75750BA6,12/29/2015 18:40:26,0,2,604.0000,6.0000,844.0000,6.0000
29-12-2015 18:40:26.983,Si75750BA6,12/29/2015 18:40:26,1,2,1.0000,76.0000,500000.0000,1.0000
29-12-2015 18:41:20.675,Si75750BA6,12/29/2015 18:41:20,0,2,619.0000,6.0000,859.0000,6.0000
29-12-2015 18:41:20.675,Si75750BA6,12/29/2015 18:41:20,1,2,1.0000,76.0000,500000.0000,1.0000
29-12-2015 18:42:37.199,Si75750BA6,12/29/2015 18:42:37,0,2,634.0000,6.0000,874.0000,6.0000
29-12-2015 18:42:37.199,Si75750BA6,12/29/2015 18:42:37,1,2,1.0000,76.0000,500000.0000,1.0000
29-12-2015 18:43:05.160,Si75750BA6,12/29/2015 18:43:05,0,2,619.0000,6.0000,859.0000,6.0000
29-12-2015 18:43:05.161,Si75750BA6,12/29/2015 18:43:05,1,2,1.0000,76.0000,500000.0000,1.0000
29-12-2015 18:44:38.202,Si75750BA6,12/29/2015 18:44:38,0,2,1.0000,76.0000,859.0000,6.0000
29-12-2015 18:44:38.203,Si75750BA6,12/29/2015 18:44:38,1,2,0.0000,0.0000,500000.0000,1.0000
29-12-2015 18:44:38.236,Si75750BA6,12/29/2015 18:44:38,0,1,1.0000,76.0000,500000.0000,1.0000
29-12-2015 18:44:38.354,Si75750BA6,12/29/2015 18:44:38,0,2,2.0000,10.0000,500000.0000,1.0000
29-12-2015 18:44:38.354,Si75750BA6,12/29/2015 18:44:38,1,2,1.0000,76.0000,0.0000,0.0000
29-12-2015 19:00:05.281,Si75750BA6,12/29/2015 19:00:05,0,1,1.0000,75.0000,0.0000,0.0000
