29-12-2015 10:12:30.913,Si72000BA6,12/29/2015 10:12:30,0,8,2242.0000,1.0000,2573.0000,1.0000
29-12-2015 10:12:30.914,Si72000BA6,12/29/2015 10:12:30,1,8,810.0000,1.0000,2630.0000,86.0000
29-12-2015 10:12:30.914,Si72000BA6,12/29/2015 10:12:30,2,8,740.0000,1.0000,2660.0000,1.0000
29-12-2015 10:13:14.508,Si72000BA6,12/29/2015 10:13:14,0,9,2300.0000,1.0000,2573.0000,1.0000
29-12-2015 10:13:14.509,Si72000BA6,12/29/2015 10:13:14,1,9,2242.0000,1.0000,2630.0000,86.0000
29-12-2015 10:13:14.509,Si72000BA6,12/29/2015 10:13:14,2,9,810.0000,1.0000,2660.0000,1.0000
29-12-2015 10:13:32.815,Si72000BA6,12/29/2015 10:13:32,0,8,2242.0000,1.0000,2573.0000,1.0000
29-12-2015 10:13:32.818,Si72000BA6,12/29/2015 10:13:32,1,8,810.0000,1.0000,2630.0000,86.0000
29-12-2015 10:13:32.818,Si72000BA6,12/29/2015 10:13:32,2,8,740.0000,1.0000,2660.0000,1.0000
29-12-2015 10:13:43.042,Si72000BA6,12/29/2015 10:13:43,0,9,2310.0000,2.0000,2573.0000,1.0000
29-12-2015 10:13:43.042,Si72000BA6,12/29/2015 10:13:43,1,9,2242.0000,1.0000,2630.0000,86.0000
29-12-2015 10:13:43.043,Si72000BA6,12/29/2015 10:13:43,2,9,810.0000,1.0000,2660.0000,1.0000
29-12-2015 10:16:27.404,Si72000BA6,12/29/2015 10:16:27,0,8,2242.0000,1.0000,2573.0000,1.0000
29-12-2015 10:16:27.404,Si72000BA6,12/29/2015 10:16:27,1,8,810.0000,1.0000,2630.0000,86.0000
29-12-2015 10:16:27.404,Si72000BA6,12/29/2015 10:16:27,2,8,740.0000,1.0000,2660.0000,1.0000
29-12-2015 10:16:32.168,Si72000BA6,12/29/2015 10:16:32,0,9,2350.0000,2.0000,2573.0000,1.0000
29-12-2015 10:16:32.169,Si72000BA6,12/29/2015 10:16:32,1,9,2242.0000,1.0000,2630.0000,86.0000
29-12-2015 10:16:32.169,Si72000BA6,12/29/2015 10:16:32,2,9,810.0000,1.0000,2660.0000,1.0000
29-12-2015 10:24:42.229,Si72000BA6,12/29/2015 10:24:42,0,9,2350.0000,2.0000,2540.0000,15.0000
29-12-2015 10:24:42.229,Si72000BA6,12/29/2015 10:24:42,1,9,2242.0000,1.0000,2573.0000,1.0000
29-12-2015 10:24:42.229,Si72000BA6,12/29/2015 10:24:42,2,9,810.0000,1.0000,2630.0000,86.0000
29-12-2015 10:24:42.286,Si72000BA6,12/29/2015 10:24:42,0,9,2350.0000,2.0000,2573.0000,1.0000
29-12-2015 10:24:42.287,Si72000BA6,12/29/2015 10:24:42,1,9,2242.0000,1.0000,2630.0000,86.0000
29-12-2015 10:24:42.287,Si72000BA6,12/29/2015 10:24:42,2,9,810.0000,1.0000,2660.0000,1.0000
29-12-2015 10:24:45.647,Si72000BA6,12/29/2015 10:24:45,0,9,2350.0000,2.0000,2573.0000,1.0000
29-12-2015 10:24:45.648,Si72000BA6,12/29/2015 10:24:45,1,9,2242.0000,1.0000,2630.0000,86.0000
29-12-2015 10:24:45.648,Si72000BA6,12/29/2015 10:24:45,2,9,810.0000,1.0000,2660.0000,1.0000
29-12-2015 10:25:55.892,Si72000BA6,12/29/2015 10:25:55,0,9,2350.0000,2.0000,2630.0000,86.0000
29-12-2015 10:25:55.892,Si72000BA6,12/29/2015 10:25:55,1,9,2242.0000,1.0000,2660.0000,1.0000
29-12-2015 10:25:55.893,Si72000BA6,12/29/2015 10:25:55,2,9,810.0000,1.0000,2730.0000,100.0000
29-12-2015 10:28:14.833,Si72000BA6,12/29/2015 10:28:14,0,9,2350.0000,2.0000,2597.0000,1.0000
29-12-2015 10:28:14.833,Si72000BA6,12/29/2015 10:28:14,1,9,2242.0000,1.0000,2630.0000,86.0000
29-12-2015 10:28:14.834,Si72000BA6,12/29/2015 10:28:14,2,9,810.0000,1.0000,2660.0000,1.0000
29-12-2015 10:30:14.636,Si72000BA6,12/29/2015 10:30:14,0,9,2350.0000,2.0000,2630.0000,81.0000
29-12-2015 10:30:14.636,Si72000BA6,12/29/2015 10:30:14,1,9,2242.0000,1.0000,2660.0000,1.0000
29-12-2015 10:30:14.636,Si72000BA6,12/29/2015 10:30:14,2,9,810.0000,1.0000,2730.0000,100.0000
29-12-2015 10:32:30.808,Si72000BA6,12/29/2015 10:32:30,0,8,2242.0000,1.0000,2630.0000,81.0000
29-12-2015 10:32:30.808,Si72000BA6,12/29/2015 10:32:30,1,8,810.0000,1.0000,2660.0000,1.0000
29-12-2015 10:32:30.809,Si72000BA6,12/29/2015 10:32:30,2,8,740.0000,1.0000,2730.0000,100.0000
29-12-2015 10:32:33.883,Si72000BA6,12/29/2015 10:32:33,0,9,2350.0000,1.0000,2630.0000,81.0000
29-12-2015 10:32:33.883,Si72000BA6,12/29/2015 10:32:33,1,9,2242.0000,1.0000,2660.0000,1.0000
29-12-2015 10:32:33.884,Si72000BA6,12/29/2015 10:32:33,2,9,810.0000,1.0000,2730.0000,100.0000
29-12-2015 10:32:49.426,Si72000BA6,12/29/2015 10:32:49,0,8,2242.0000,1.0000,2630.0000,81.0000
29-12-2015 10:32:49.426,Si72000BA6,12/29/2015 10:32:49,1,8,810.0000,1.0000,2660.0000,1.0000
29-12-2015 10:32:49.427,Si72000BA6,12/29/2015 10:32:49,2,8,740.0000,1.0000,2730.0000,100.0000
29-12-2015 10:33:21.409,Si72000BA6,12/29/2015 10:33:21,0,8,2242.0000,1.0000,2630.0000,81.0000
29-12-2015 10:33:21.409,Si72000BA6,12/29/2015 10:33:21,1,8,810.0000,1.0000,2730.0000,100.0000
29-12-2015 10:33:21.410,Si72000BA6,12/29/2015 10:33:21,2,8,740.0000,1.0000,2830.0000,100.0000
29-12-2015 10:33:21.453,Si72000BA6,12/29/2015 10:33:21,0,8,2242.0000,1.0000,2630.0000,81.0000
29-12-2015 10:33:21.453,Si72000BA6,12/29/2015 10:33:21,1,8,810.0000,1.0000,2730.0000,100.0000
29-12-2015 10:33:21.454,Si72000BA6,12/29/2015 10:33:21,2,8,740.0000,1.0000,2761.0000,1.0000
29-12-2015 10:33:55.200,Si72000BA6,12/29/2015 10:33:55,0,9,2300.0000,1.0000,2630.0000,81.0000
29-12-2015 10:33:55.200,Si72000BA6,12/29/2015 10:33:55,1,9,2242.0000,1.0000,2730.0000,100.0000
29-12-2015 10:33:55.200,Si72000BA6,12/29/2015 10:33:55,2,9,810.0000,1.0000,2761.0000,1.0000
29-12-2015 10:37:41.989,Si72000BA6,12/29/2015 10:37:41,0,8,2242.0000,1.0000,2630.0000,81.0000
29-12-2015 10:37:41.991,Si72000BA6,12/29/2015 10:37:41,1,8,810.0000,1.0000,2730.0000,100.0000
29-12-2015 10:37:41.992,Si72000BA6,12/29/2015 10:37:41,2,8,740.0000,1.0000,2761.0000,1.0000
29-12-2015 10:43:03.248,Si72000BA6,12/29/2015 10:43:03,0,9,2500.0000,1.0000,2630.0000,81.0000
29-12-2015 10:43:03.248,Si72000BA6,12/29/2015 10:43:03,1,9,2242.0000,1.0000,2730.0000,100.0000
29-12-2015 10:43:03.248,Si72000BA6,12/29/2015 10:43:03,2,9,810.0000,1.0000,2761.0000,1.0000
29-12-2015 10:46:14.111,Si72000BA6,12/29/2015 10:46:14,0,9,2500.0000,1.0000,2630.0000,81.0000
29-12-2015 10:46:14.111,Si72000BA6,12/29/2015 10:46:14,1,9,2242.0000,2.0000,2730.0000,100.0000
29-12-2015 10:46:14.112,Si72000BA6,12/29/2015 10:46:14,2,9,810.0000,1.0000,2761.0000,1.0000
29-12-2015 10:46:44.737,Si72000BA6,12/29/2015 10:46:44,0,9,2500.0000,1.0000,2630.0000,81.0000
29-12-2015 10:46:44.737,Si72000BA6,12/29/2015 10:46:44,1,9,2242.0000,1.0000,2730.0000,100.0000
29-12-2015 10:46:44.737,Si72000BA6,12/29/2015 10:46:44,2,9,810.0000,1.0000,2761.0000,1.0000
29-12-2015 10:46:50.914,Si72000BA6,12/29/2015 10:46:50,0,9,2500.0000,1.0000,2630.0000,81.0000
29-12-2015 10:46:50.915,Si72000BA6,12/29/2015 10:46:50,1,9,2242.0000,2.0000,2730.0000,100.0000
29-12-2015 10:46:50.916,Si72000BA6,12/29/2015 10:46:50,2,9,810.0000,1.0000,2761.0000,1.0000
29-12-2015 10:48:19.461,Si72000BA6,12/29/2015 10:48:19,0,9,2500.0000,1.0000,2730.0000,100.0000
29-12-2015 10:48:19.462,Si72000BA6,12/29/2015 10:48:19,1,9,2242.0000,2.0000,2761.0000,1.0000
29-12-2015 10:48:19.462,Si72000BA6,12/29/2015 10:48:19,2,9,810.0000,1.0000,2830.0000,100.0000
29-12-2015 10:50:14.140,Si72000BA6,12/29/2015 10:50:14,0,9,2500.0000,1.0000,2730.0000,50.0000
29-12-2015 10:50:14.140,Si72000BA6,12/29/2015 10:50:14,1,9,2242.0000,2.0000,2761.0000,1.0000
29-12-2015 10:50:14.141,Si72000BA6,12/29/2015 10:50:14,2,9,810.0000,1.0000,2830.0000,100.0000
29-12-2015 10:50:14.197,Si72000BA6,12/29/2015 10:50:14,0,9,2500.0000,1.0000,2761.0000,1.0000
29-12-2015 10:50:14.198,Si72000BA6,12/29/2015 10:50:14,1,9,2242.0000,2.0000,2830.0000,100.0000
29-12-2015 10:50:14.198,Si72000BA6,12/29/2015 10:50:14,2,9,810.0000,1.0000,3000.0000,7.0000
29-12-2015 10:51:08.711,Si72000BA6,12/29/2015 10:51:08,0,9,2500.0000,1.0000,2830.0000,100.0000
29-12-2015 10:51:08.711,Si72000BA6,12/29/2015 10:51:08,1,9,2242.0000,2.0000,3000.0000,7.0000
29-12-2015 10:51:08.712,Si72000BA6,12/29/2015 10:51:08,2,9,810.0000,1.0000,3400.0000,5.0000
29-12-2015 10:54:58.301,Si72000BA6,12/29/2015 10:54:58,0,9,2500.0000,1.0000,2830.0000,100.0000
29-12-2015 10:54:58.301,Si72000BA6,12/29/2015 10:54:58,1,9,2242.0000,1.0000,3000.0000,7.0000
29-12-2015 10:54:58.302,Si72000BA6,12/29/2015 10:54:58,2,9,810.0000,1.0000,3400.0000,5.0000
29-12-2015 10:55:02.965,Si72000BA6,12/29/2015 10:55:02,0,10,2500.0000,1.0000,2830.0000,100.0000
29-12-2015 10:55:02.966,Si72000BA6,12/29/2015 10:55:02,1,10,2300.0000,1.0000,3000.0000,7.0000
29-12-2015 10:55:02.966,Si72000BA6,12/29/2015 10:55:02,2,10,2242.0000,1.0000,3400.0000,5.0000
29-12-2015 10:55:16.009,Si72000BA6,12/29/2015 10:55:16,0,10,2500.0000,1.0000,2780.0000,25.0000
29-12-2015 10:55:16.010,Si72000BA6,12/29/2015 10:55:16,1,10,2300.0000,1.0000,2830.0000,100.0000
29-12-2015 10:55:16.010,Si72000BA6,12/29/2015 10:55:16,2,10,2242.0000,1.0000,3000.0000,7.0000
29-12-2015 10:55:27.156,Si72000BA6,12/29/2015 10:55:27,0,10,2500.0000,1.0000,2830.0000,100.0000
29-12-2015 10:55:27.157,Si72000BA6,12/29/2015 10:55:27,1,10,2300.0000,1.0000,3000.0000,7.0000
29-12-2015 10:55:27.157,Si72000BA6,12/29/2015 10:55:27,2,10,2242.0000,1.0000,3400.0000,5.0000
29-12-2015 10:55:29.708,Si72000BA6,12/29/2015 10:55:29,0,10,2500.0000,1.0000,2760.0000,25.0000
29-12-2015 10:55:29.708,Si72000BA6,12/29/2015 10:55:29,1,10,2300.0000,1.0000,2830.0000,100.0000
29-12-2015 10:55:29.709,Si72000BA6,12/29/2015 10:55:29,2,10,2242.0000,1.0000,3000.0000,7.0000
29-12-2015 10:55:39.991,Si72000BA6,12/29/2015 10:55:39,0,10,2500.0000,1.0000,2830.0000,100.0000
29-12-2015 10:55:39.991,Si72000BA6,12/29/2015 10:55:39,1,10,2300.0000,1.0000,3000.0000,7.0000
29-12-2015 10:55:39.991,Si72000BA6,12/29/2015 10:55:39,2,10,2242.0000,1.0000,3400.0000,5.0000
29-12-2015 10:55:47.290,Si72000BA6,12/29/2015 10:55:47,0,10,2500.0000,1.0000,2730.0000,25.0000
29-12-2015 10:55:47.291,Si72000BA6,12/29/2015 10:55:47,1,10,2300.0000,1.0000,2830.0000,100.0000
29-12-2015 10:55:47.291,Si72000BA6,12/29/2015 10:55:47,2,10,2242.0000,1.0000,3000.0000,7.0000
29-12-2015 10:55:47.312,Si72000BA6,12/29/2015 10:55:47,0,10,2500.0000,1.0000,2830.0000,100.0000
29-12-2015 10:55:47.312,Si72000BA6,12/29/2015 10:55:47,1,10,2300.0000,1.0000,3000.0000,7.0000
29-12-2015 10:55:47.313,Si72000BA6,12/29/2015 10:55:47,2,10,2242.0000,1.0000,3400.0000,5.0000
29-12-2015 10:58:38.777,Si72000BA6,12/29/2015 10:58:38,0,10,2500.0000,1.0000,2830.0000,106.0000
29-12-2015 10:58:38.777,Si72000BA6,12/29/2015 10:58:38,1,10,2300.0000,1.0000,3000.0000,7.0000
29-12-2015 10:58:38.778,Si72000BA6,12/29/2015 10:58:38,2,10,2242.0000,1.0000,3400.0000,5.0000
29-12-2015 11:00:22.115,Si72000BA6,12/29/2015 11:00:22,0,10,2500.0000,1.0000,2830.0000,106.0000
29-12-2015 11:00:22.115,Si72000BA6,12/29/2015 11:00:22,1,10,2300.0000,1.0000,3000.0000,7.0000
29-12-2015 11:00:22.116,Si72000BA6,12/29/2015 11:00:22,2,10,2242.0000,1.0000,3400.0000,5.0000
29-12-2015 11:00:53.757,Si72000BA6,12/29/2015 11:00:53,0,10,2500.0000,1.0000,2830.0000,100.0000
29-12-2015 11:00:53.757,Si72000BA6,12/29/2015 11:00:53,1,10,2300.0000,1.0000,3000.0000,7.0000
29-12-2015 11:00:53.757,Si72000BA6,12/29/2015 11:00:53,2,10,2242.0000,1.0000,3400.0000,5.0000
29-12-2015 11:00:58.745,Si72000BA6,12/29/2015 11:00:58,0,10,2500.0000,1.0000,2800.0000,6.0000
29-12-2015 11:00:58.745,Si72000BA6,12/29/2015 11:00:58,1,10,2300.0000,1.0000,2830.0000,100.0000
29-12-2015 11:00:58.745,Si72000BA6,12/29/2015 11:00:58,2,10,2242.0000,1.0000,3000.0000,7.0000
29-12-2015 11:01:50.333,Si72000BA6,12/29/2015 11:01:50,0,10,2500.0000,1.0000,2830.0000,100.0000
29-12-2015 11:01:50.334,Si72000BA6,12/29/2015 11:01:50,1,10,2300.0000,1.0000,3000.0000,7.0000
29-12-2015 11:01:50.335,Si72000BA6,12/29/2015 11:01:50,2,10,2242.0000,1.0000,3400.0000,5.0000
29-12-2015 11:01:57.106,Si72000BA6,12/29/2015 11:01:57,0,10,2500.0000,1.0000,2780.0000,6.0000
29-12-2015 11:01:57.106,Si72000BA6,12/29/2015 11:01:57,1,10,2300.0000,1.0000,2830.0000,100.0000
29-12-2015 11:01:57.107,Si72000BA6,12/29/2015 11:01:57,2,10,2242.0000,1.0000,3000.0000,7.0000
29-12-2015 11:04:21.806,Si72000BA6,12/29/2015 11:04:21,0,10,2500.0000,1.0000,2830.0000,100.0000
29-12-2015 11:04:21.806,Si72000BA6,12/29/2015 11:04:21,1,10,2300.0000,1.0000,3000.0000,7.0000
29-12-2015 11:04:21.806,Si72000BA6,12/29/2015 11:04:21,2,10,2242.0000,1.0000,3400.0000,5.0000
29-12-2015 11:04:26.154,Si72000BA6,12/29/2015 11:04:26,0,10,2500.0000,1.0000,2830.0000,100.0000
29-12-2015 11:04:26.155,Si72000BA6,12/29/2015 11:04:26,1,10,2300.0000,1.0000,3000.0000,7.0000
29-12-2015 11:04:26.155,Si72000BA6,12/29/2015 11:04:26,2,10,2242.0000,1.0000,3400.0000,5.0000
29-12-2015 11:15:08.261,Si72000BA6,12/29/2015 11:15:08,0,10,2500.0000,1.0000,2777.0000,1.0000
29-12-2015 11:15:08.261,Si72000BA6,12/29/2015 11:15:08,1,10,2300.0000,1.0000,2830.0000,100.0000
29-12-2015 11:15:08.262,Si72000BA6,12/29/2015 11:15:08,2,10,2242.0000,1.0000,3000.0000,7.0000
29-12-2015 11:16:22.190,Si72000BA6,12/29/2015 11:16:22,0,10,2500.0000,1.0000,2830.0000,100.0000
29-12-2015 11:16:22.190,Si72000BA6,12/29/2015 11:16:22,1,10,2300.0000,1.0000,3000.0000,7.0000
29-12-2015 11:16:22.190,Si72000BA6,12/29/2015 11:16:22,2,10,2242.0000,1.0000,3400.0000,5.0000
29-12-2015 11:19:34.890,Si72000BA6,12/29/2015 11:19:34,0,10,2500.0000,1.0000,2700.0000,1.0000
29-12-2015 11:19:34.891,Si72000BA6,12/29/2015 11:19:34,1,10,2300.0000,1.0000,2830.0000,100.0000
29-12-2015 11:19:34.891,Si72000BA6,12/29/2015 11:19:34,2,10,2242.0000,1.0000,3000.0000,7.0000
29-12-2015 11:19:34.900,Si72000BA6,12/29/2015 11:19:34,0,10,2500.0000,1.0000,2830.0000,100.0000
29-12-2015 11:19:34.901,Si72000BA6,12/29/2015 11:19:34,1,10,2300.0000,1.0000,3000.0000,7.0000
29-12-2015 11:19:34.901,Si72000BA6,12/29/2015 11:19:34,2,10,2242.0000,1.0000,3400.0000,5.0000
29-12-2015 11:21:42.418,Si72000BA6,12/29/2015 11:21:42,0,10,2500.0000,1.0000,2830.0000,100.0000
29-12-2015 11:21:42.419,Si72000BA6,12/29/2015 11:21:42,1,10,2300.0000,1.0000,3000.0000,7.0000
29-12-2015 11:21:42.419,Si72000BA6,12/29/2015 11:21:42,2,10,2242.0000,1.0000,3400.0000,5.0000
29-12-2015 11:26:09.382,Si72000BA6,12/29/2015 11:26:09,0,11,2500.0000,1.0000,2830.0000,100.0000
29-12-2015 11:26:09.382,Si72000BA6,12/29/2015 11:26:09,1,11,2300.0000,1.0000,3000.0000,7.0000
29-12-2015 11:26:09.383,Si72000BA6,12/29/2015 11:26:09,2,11,2242.0000,1.0000,3400.0000,5.0000
29-12-2015 11:26:24.160,Si72000BA6,12/29/2015 11:26:24,0,12,2738.0000,4.0000,2830.0000,100.0000
29-12-2015 11:26:24.161,Si72000BA6,12/29/2015 11:26:24,1,12,2500.0000,1.0000,3000.0000,7.0000
29-12-2015 11:26:24.161,Si72000BA6,12/29/2015 11:26:24,2,12,2300.0000,1.0000,3400.0000,5.0000
29-12-2015 11:26:24.195,Si72000BA6,12/29/2015 11:26:24,0,13,2738.0000,4.0000,2830.0000,100.0000
29-12-2015 11:26:24.195,Si72000BA6,12/29/2015 11:26:24,1,13,2500.0000,1.0000,3000.0000,7.0000
29-12-2015 11:26:24.195,Si72000BA6,12/29/2015 11:26:24,2,13,2300.0000,1.0000,3400.0000,5.0000
29-12-2015 11:26:29.535,Si72000BA6,12/29/2015 11:26:29,0,12,2500.0000,1.0000,2830.0000,100.0000
29-12-2015 11:26:29.535,Si72000BA6,12/29/2015 11:26:29,1,12,2300.0000,1.0000,3000.0000,7.0000
29-12-2015 11:26:29.536,Si72000BA6,12/29/2015 11:26:29,2,12,2242.0000,1.0000,3400.0000,5.0000
29-12-2015 11:26:31.215,Si72000BA6,12/29/2015 11:26:31,0,13,2500.0000,1.0000,2830.0000,100.0000
29-12-2015 11:26:31.215,Si72000BA6,12/29/2015 11:26:31,1,13,2300.0000,1.0000,3000.0000,7.0000
29-12-2015 11:26:31.216,Si72000BA6,12/29/2015 11:26:31,2,13,2242.0000,1.0000,3400.0000,5.0000
29-12-2015 11:26:31.688,Si72000BA6,12/29/2015 11:26:31,0,14,2716.0000,4.0000,2830.0000,100.0000
29-12-2015 11:26:31.688,Si72000BA6,12/29/2015 11:26:31,1,14,2500.0000,1.0000,3000.0000,7.0000
29-12-2015 11:26:31.688,Si72000BA6,12/29/2015 11:26:31,2,14,2300.0000,1.0000,3400.0000,5.0000
29-12-2015 11:26:33.219,Si72000BA6,12/29/2015 11:26:33,0,13,2500.0000,1.0000,2830.0000,100.0000
29-12-2015 11:26:33.219,Si72000BA6,12/29/2015 11:26:33,1,13,2300.0000,1.0000,3000.0000,7.0000
29-12-2015 11:26:33.220,Si72000BA6,12/29/2015 11:26:33,2,13,2242.0000,1.0000,3400.0000,5.0000
29-12-2015 11:26:35.978,Si72000BA6,12/29/2015 11:26:35,0,14,2744.0000,4.0000,2830.0000,100.0000
29-12-2015 11:26:35.978,Si72000BA6,12/29/2015 11:26:35,1,14,2500.0000,1.0000,3000.0000,7.0000
29-12-2015 11:26:35.978,Si72000BA6,12/29/2015 11:26:35,2,14,2300.0000,1.0000,3400.0000,5.0000
29-12-2015 11:26:39.105,Si72000BA6,12/29/2015 11:26:39,0,13,2500.0000,1.0000,2830.0000,100.0000
29-12-2015 11:26:39.105,Si72000BA6,12/29/2015 11:26:39,1,13,2300.0000,1.0000,3000.0000,7.0000
29-12-2015 11:26:39.105,Si72000BA6,12/29/2015 11:26:39,2,13,2242.0000,1.0000,3400.0000,5.0000
29-12-2015 11:26:41.352,Si72000BA6,12/29/2015 11:26:41,0,14,2757.0000,4.0000,2830.0000,100.0000
29-12-2015 11:26:41.353,Si72000BA6,12/29/2015 11:26:41,1,14,2500.0000,1.0000,3000.0000,7.0000
29-12-2015 11:26:41.353,Si72000BA6,12/29/2015 11:26:41,2,14,2300.0000,1.0000,3400.0000,5.0000
29-12-2015 11:27:22.978,Si72000BA6,12/29/2015 11:27:22,0,13,2500.0000,1.0000,2830.0000,100.0000
29-12-2015 11:27:22.979,Si72000BA6,12/29/2015 11:27:22,1,13,2300.0000,1.0000,3000.0000,7.0000
29-12-2015 11:27:22.979,Si72000BA6,12/29/2015 11:27:22,2,13,2242.0000,1.0000,3400.0000,5.0000
29-12-2015 11:27:28.197,Si72000BA6,12/29/2015 11:27:28,0,14,2773.0000,4.0000,2830.0000,100.0000
29-12-2015 11:27:28.197,Si72000BA6,12/29/2015 11:27:28,1,14,2500.0000,1.0000,3000.0000,7.0000
29-12-2015 11:27:28.197,Si72000BA6,12/29/2015 11:27:28,2,14,2300.0000,1.0000,3400.0000,5.0000
29-12-2015 11:27:30.957,Si72000BA6,12/29/2015 11:27:30,0,13,2500.0000,1.0000,2830.0000,100.0000
29-12-2015 11:27:30.957,Si72000BA6,12/29/2015 11:27:30,1,13,2300.0000,1.0000,3000.0000,7.0000
29-12-2015 11:27:30.958,Si72000BA6,12/29/2015 11:27:30,2,13,2242.0000,1.0000,3400.0000,5.0000
29-12-2015 11:28:24.721,Si72000BA6,12/29/2015 11:28:24,0,14,2505.0000,1.0000,2830.0000,100.0000
29-12-2015 11:28:24.722,Si72000BA6,12/29/2015 11:28:24,1,14,2500.0000,1.0000,3000.0000,7.0000
29-12-2015 11:28:24.722,Si72000BA6,12/29/2015 11:28:24,2,14,2300.0000,1.0000,3400.0000,5.0000
29-12-2015 11:29:12.626,Si72000BA6,12/29/2015 11:29:12,0,14,2505.0000,1.0000,2830.0000,35.0000
29-12-2015 11:29:12.627,Si72000BA6,12/29/2015 11:29:12,1,14,2500.0000,1.0000,3000.0000,7.0000
29-12-2015 11:29:12.627,Si72000BA6,12/29/2015 11:29:12,2,14,2300.0000,1.0000,3400.0000,5.0000
29-12-2015 11:29:12.850,Si72000BA6,12/29/2015 11:29:12,0,14,2505.0000,1.0000,2830.0000,13.0000
29-12-2015 11:29:12.850,Si72000BA6,12/29/2015 11:29:12,1,14,2500.0000,1.0000,3000.0000,7.0000
29-12-2015 11:29:12.851,Si72000BA6,12/29/2015 11:29:12,2,14,2300.0000,1.0000,3400.0000,5.0000
29-12-2015 11:29:33.946,Si72000BA6,12/29/2015 11:29:33,0,14,2505.0000,1.0000,3000.0000,7.0000
29-12-2015 11:29:33.947,Si72000BA6,12/29/2015 11:29:33,1,14,2500.0000,1.0000,3400.0000,5.0000
29-12-2015 11:29:33.947,Si72000BA6,12/29/2015 11:29:33,2,14,2300.0000,1.0000,3500.0000,3.0000
29-12-2015 11:30:01.621,Si72000BA6,12/29/2015 11:30:01,0,13,2500.0000,1.0000,3000.0000,7.0000
29-12-2015 11:30:01.621,Si72000BA6,12/29/2015 11:30:01,1,13,2300.0000,1.0000,3400.0000,5.0000
29-12-2015 11:30:01.621,Si72000BA6,12/29/2015 11:30:01,2,13,2242.0000,1.0000,3500.0000,3.0000
29-12-2015 11:30:10.844,Si72000BA6,12/29/2015 11:30:10,0,14,2505.0000,1.0000,3000.0000,7.0000
29-12-2015 11:30:10.844,Si72000BA6,12/29/2015 11:30:10,1,14,2500.0000,1.0000,3400.0000,5.0000
29-12-2015 11:30:10.844,Si72000BA6,12/29/2015 11:30:10,2,14,2300.0000,1.0000,3500.0000,3.0000
29-12-2015 11:31:01.445,Si72000BA6,12/29/2015 11:31:01,0,14,2505.0000,1.0000,2891.0000,1.0000
29-12-2015 11:31:01.446,Si72000BA6,12/29/2015 11:31:01,1,14,2500.0000,1.0000,3000.0000,7.0000
29-12-2015 11:31:01.446,Si72000BA6,12/29/2015 11:31:01,2,14,2300.0000,1.0000,3400.0000,5.0000
29-12-2015 11:33:06.565,Si72000BA6,12/29/2015 11:33:06,0,14,2505.0000,1.0000,2839.0000,1.0000
29-12-2015 11:33:06.566,Si72000BA6,12/29/2015 11:33:06,1,14,2500.0000,1.0000,2891.0000,1.0000
29-12-2015 11:33:06.566,Si72000BA6,12/29/2015 11:33:06,2,14,2300.0000,1.0000,3000.0000,7.0000
29-12-2015 11:33:06.748,Si72000BA6,12/29/2015 11:33:06,0,14,2505.0000,1.0000,2891.0000,1.0000
29-12-2015 11:33:06.748,Si72000BA6,12/29/2015 11:33:06,1,14,2500.0000,1.0000,3000.0000,7.0000
29-12-2015 11:33:06.749,Si72000BA6,12/29/2015 11:33:06,2,14,2300.0000,1.0000,3400.0000,5.0000
29-12-2015 11:33:12.279,Si72000BA6,12/29/2015 11:33:12,0,14,2505.0000,1.0000,3000.0000,7.0000
29-12-2015 11:33:12.280,Si72000BA6,12/29/2015 11:33:12,1,14,2500.0000,1.0000,3400.0000,5.0000
29-12-2015 11:33:12.280,Si72000BA6,12/29/2015 11:33:12,2,14,2300.0000,1.0000,3500.0000,3.0000
29-12-2015 11:45:28.184,Si72000BA6,12/29/2015 11:45:28,0,14,2505.0000,1.0000,2850.0000,185.0000
29-12-2015 11:45:28.185,Si72000BA6,12/29/2015 11:45:28,1,14,2500.0000,1.0000,3000.0000,7.0000
29-12-2015 11:45:28.185,Si72000BA6,12/29/2015 11:45:28,2,14,2300.0000,1.0000,3400.0000,5.0000
29-12-2015 11:48:14.226,Si72000BA6,12/29/2015 11:48:14,0,14,2505.0000,1.0000,3000.0000,7.0000
29-12-2015 11:48:14.227,Si72000BA6,12/29/2015 11:48:14,1,14,2500.0000,1.0000,3400.0000,5.0000
29-12-2015 11:48:14.227,Si72000BA6,12/29/2015 11:48:14,2,14,2300.0000,1.0000,3500.0000,3.0000
29-12-2015 11:48:15.225,Si72000BA6,12/29/2015 11:48:15,0,14,2505.0000,1.0000,2840.0000,185.0000
29-12-2015 11:48:15.225,Si72000BA6,12/29/2015 11:48:15,1,14,2500.0000,1.0000,3000.0000,7.0000
29-12-2015 11:48:15.226,Si72000BA6,12/29/2015 11:48:15,2,14,2300.0000,1.0000,3400.0000,5.0000
29-12-2015 11:48:29.608,Si72000BA6,12/29/2015 11:48:29,0,14,2505.0000,1.0000,3000.0000,7.0000
29-12-2015 11:48:29.609,Si72000BA6,12/29/2015 11:48:29,1,14,2500.0000,1.0000,3400.0000,5.0000
29-12-2015 11:48:29.609,Si72000BA6,12/29/2015 11:48:29,2,14,2300.0000,1.0000,3500.0000,3.0000
29-12-2015 11:48:30.436,Si72000BA6,12/29/2015 11:48:30,0,14,2505.0000,1.0000,2825.0000,185.0000
29-12-2015 11:48:30.437,Si72000BA6,12/29/2015 11:48:30,1,14,2500.0000,1.0000,3000.0000,7.0000
29-12-2015 11:48:30.437,Si72000BA6,12/29/2015 11:48:30,2,14,2300.0000,1.0000,3400.0000,5.0000
29-12-2015 11:48:48.613,Si72000BA6,12/29/2015 11:48:48,0,14,2505.0000,1.0000,3000.0000,7.0000
29-12-2015 11:48:48.613,Si72000BA6,12/29/2015 11:48:48,1,14,2500.0000,1.0000,3400.0000,5.0000
29-12-2015 11:48:48.614,Si72000BA6,12/29/2015 11:48:48,2,14,2300.0000,1.0000,3500.0000,3.0000
29-12-2015 11:48:50.256,Si72000BA6,12/29/2015 11:48:50,0,14,2505.0000,1.0000,2820.0000,185.0000
29-12-2015 11:48:50.257,Si72000BA6,12/29/2015 11:48:50,1,14,2500.0000,1.0000,3000.0000,7.0000
29-12-2015 11:48:50.257,Si72000BA6,12/29/2015 11:48:50,2,14,2300.0000,1.0000,3400.0000,5.0000
29-12-2015 11:51:19.265,Si72000BA6,12/29/2015 11:51:19,0,14,2505.0000,1.0000,2820.0000,21.0000
29-12-2015 11:51:19.266,Si72000BA6,12/29/2015 11:51:19,1,14,2500.0000,1.0000,3000.0000,7.0000
29-12-2015 11:51:19.266,Si72000BA6,12/29/2015 11:51:19,2,14,2300.0000,1.0000,3400.0000,5.0000
29-12-2015 11:52:22.497,Si72000BA6,12/29/2015 11:52:22,0,14,2505.0000,1.0000,3000.0000,7.0000
29-12-2015 11:52:22.498,Si72000BA6,12/29/2015 11:52:22,1,14,2500.0000,1.0000,3400.0000,5.0000
29-12-2015 11:52:22.498,Si72000BA6,12/29/2015 11:52:22,2,14,2300.0000,1.0000,3500.0000,3.0000
29-12-2015 11:52:23.168,Si72000BA6,12/29/2015 11:52:23,0,14,2505.0000,1.0000,2810.0000,21.0000
29-12-2015 11:52:23.169,Si72000BA6,12/29/2015 11:52:23,1,14,2500.0000,1.0000,3000.0000,7.0000
29-12-2015 11:52:23.170,Si72000BA6,12/29/2015 11:52:23,2,14,2300.0000,1.0000,3400.0000,5.0000
29-12-2015 11:52:27.885,Si72000BA6,12/29/2015 11:52:27,0,14,2505.0000,1.0000,3000.0000,7.0000
29-12-2015 11:52:27.886,Si72000BA6,12/29/2015 11:52:27,1,14,2500.0000,1.0000,3400.0000,5.0000
29-12-2015 11:52:27.886,Si72000BA6,12/29/2015 11:52:27,2,14,2300.0000,1.0000,3500.0000,3.0000
29-12-2015 11:52:29.113,Si72000BA6,12/29/2015 11:52:29,0,14,2505.0000,1.0000,2800.0000,21.0000
29-12-2015 11:52:29.113,Si72000BA6,12/29/2015 11:52:29,1,14,2500.0000,1.0000,3000.0000,7.0000
29-12-2015 11:52:29.113,Si72000BA6,12/29/2015 11:52:29,2,14,2300.0000,1.0000,3400.0000,5.0000
29-12-2015 11:52:39.559,Si72000BA6,12/29/2015 11:52:39,0,14,2505.0000,1.0000,3000.0000,7.0000
29-12-2015 11:52:39.561,Si72000BA6,12/29/2015 11:52:39,1,14,2500.0000,1.0000,3400.0000,5.0000
29-12-2015 11:52:39.562,Si72000BA6,12/29/2015 11:52:39,2,14,2300.0000,1.0000,3500.0000,3.0000
29-12-2015 11:52:39.846,Si72000BA6,12/29/2015 11:52:39,0,14,2505.0000,1.0000,2790.0000,21.0000
29-12-2015 11:52:39.846,Si72000BA6,12/29/2015 11:52:39,1,14,2500.0000,1.0000,3000.0000,7.0000
29-12-2015 11:52:39.847,Si72000BA6,12/29/2015 11:52:39,2,14,2300.0000,1.0000,3400.0000,5.0000
29-12-2015 11:52:41.540,Si72000BA6,12/29/2015 11:52:41,0,14,2505.0000,1.0000,2790.0000,18.0000
29-12-2015 11:52:41.541,Si72000BA6,12/29/2015 11:52:41,1,14,2500.0000,1.0000,3000.0000,7.0000
29-12-2015 11:52:41.542,Si72000BA6,12/29/2015 11:52:41,2,14,2300.0000,1.0000,3400.0000,5.0000
29-12-2015 11:52:42.457,Si72000BA6,12/29/2015 11:52:42,0,14,2505.0000,1.0000,2790.0000,7.0000
29-12-2015 11:52:42.458,Si72000BA6,12/29/2015 11:52:42,1,14,2500.0000,1.0000,3000.0000,7.0000
29-12-2015 11:52:42.458,Si72000BA6,12/29/2015 11:52:42,2,14,2300.0000,1.0000,3400.0000,5.0000
29-12-2015 11:52:59.408,Si72000BA6,12/29/2015 11:52:59,0,14,2505.0000,1.0000,3000.0000,7.0000
29-12-2015 11:52:59.408,Si72000BA6,12/29/2015 11:52:59,1,14,2500.0000,1.0000,3400.0000,5.0000
29-12-2015 11:52:59.409,Si72000BA6,12/29/2015 11:52:59,2,14,2300.0000,1.0000,3500.0000,3.0000
29-12-2015 11:58:17.916,Si72000BA6,12/29/2015 11:58:17,0,14,2505.0000,1.0000,3400.0000,5.0000
29-12-2015 11:58:17.916,Si72000BA6,12/29/2015 11:58:17,1,14,2500.0000,1.0000,3500.0000,3.0000
29-12-2015 11:58:17.917,Si72000BA6,12/29/2015 11:58:17,2,14,2300.0000,1.0000,500000.0000,1.0000
29-12-2015 11:58:21.298,Si72000BA6,12/29/2015 11:58:21,0,14,2505.0000,1.0000,3200.0000,7.0000
29-12-2015 11:58:21.300,Si72000BA6,12/29/2015 11:58:21,1,14,2500.0000,1.0000,3400.0000,5.0000
29-12-2015 11:58:21.300,Si72000BA6,12/29/2015 11:58:21,2,14,2300.0000,1.0000,3500.0000,3.0000
29-12-2015 12:02:58.199,Si72000BA6,12/29/2015 12:02:58,0,14,2505.0000,1.0000,2940.0000,1.0000
29-12-2015 12:02:58.199,Si72000BA6,12/29/2015 12:02:58,1,14,2500.0000,1.0000,3200.0000,7.0000
29-12-2015 12:02:58.200,Si72000BA6,12/29/2015 12:02:58,2,14,2300.0000,1.0000,3400.0000,5.0000
29-12-2015 12:04:54.873,Si72000BA6,12/29/2015 12:04:54,0,14,2505.0000,1.0000,2940.0000,1.0000
29-12-2015 12:04:54.873,Si72000BA6,12/29/2015 12:04:54,1,14,2500.0000,1.0000,3100.0000,1.0000
29-12-2015 12:04:54.874,Si72000BA6,12/29/2015 12:04:54,2,14,2300.0000,1.0000,3200.0000,7.0000
29-12-2015 12:47:47.013,Si72000BA6,12/29/2015 12:47:47,0,15,2550.0000,20.0000,2940.0000,1.0000
29-12-2015 12:47:47.014,Si72000BA6,12/29/2015 12:47:47,1,15,2505.0000,1.0000,3100.0000,1.0000
29-12-2015 12:47:47.014,Si72000BA6,12/29/2015 12:47:47,2,15,2500.0000,1.0000,3200.0000,7.0000
29-12-2015 12:54:02.717,Si72000BA6,12/29/2015 12:54:02,0,15,2550.0000,20.0000,2940.0000,1.0000
29-12-2015 12:54:02.718,Si72000BA6,12/29/2015 12:54:02,1,15,2505.0000,1.0000,3035.0000,1.0000
29-12-2015 12:54:02.718,Si72000BA6,12/29/2015 12:54:02,2,15,2500.0000,1.0000,3100.0000,1.0000
29-12-2015 12:54:14.470,Si72000BA6,12/29/2015 12:54:14,0,15,2550.0000,20.0000,2940.0000,1.0000
29-12-2015 12:54:14.470,Si72000BA6,12/29/2015 12:54:14,1,15,2505.0000,1.0000,3035.0000,1.0000
29-12-2015 12:54:14.471,Si72000BA6,12/29/2015 12:54:14,2,15,2500.0000,1.0000,3055.0000,1.0000
29-12-2015 12:54:30.508,Si72000BA6,12/29/2015 12:54:30,0,15,2550.0000,20.0000,2940.0000,1.0000
29-12-2015 12:54:30.509,Si72000BA6,12/29/2015 12:54:30,1,15,2505.0000,1.0000,3035.0000,1.0000
29-12-2015 12:54:30.509,Si72000BA6,12/29/2015 12:54:30,2,15,2500.0000,1.0000,3055.0000,1.0000
29-12-2015 12:58:55.148,Si72000BA6,12/29/2015 12:58:55,0,15,2550.0000,20.0000,2770.0000,1.0000
29-12-2015 12:58:55.148,Si72000BA6,12/29/2015 12:58:55,1,15,2505.0000,1.0000,2940.0000,1.0000
29-12-2015 12:58:55.149,Si72000BA6,12/29/2015 12:58:55,2,15,2500.0000,1.0000,3035.0000,1.0000
29-12-2015 12:59:42.619,Si72000BA6,12/29/2015 12:59:42,0,15,2550.0000,20.0000,2940.0000,1.0000
29-12-2015 12:59:42.619,Si72000BA6,12/29/2015 12:59:42,1,15,2505.0000,1.0000,3035.0000,1.0000
29-12-2015 12:59:42.620,Si72000BA6,12/29/2015 12:59:42,2,15,2500.0000,1.0000,3055.0000,1.0000
29-12-2015 12:59:47.289,Si72000BA6,12/29/2015 12:59:47,0,15,2550.0000,20.0000,2755.0000,1.0000
29-12-2015 12:59:47.290,Si72000BA6,12/29/2015 12:59:47,1,15,2505.0000,1.0000,2940.0000,1.0000
29-12-2015 12:59:47.290,Si72000BA6,12/29/2015 12:59:47,2,15,2500.0000,1.0000,3035.0000,1.0000
29-12-2015 12:59:51.917,Si72000BA6,12/29/2015 12:59:51,0,15,2550.0000,20.0000,2940.0000,1.0000
29-12-2015 12:59:51.918,Si72000BA6,12/29/2015 12:59:51,1,15,2505.0000,1.0000,3035.0000,1.0000
29-12-2015 12:59:51.918,Si72000BA6,12/29/2015 12:59:51,2,15,2500.0000,1.0000,3055.0000,1.0000
29-12-2015 13:00:47.585,Si72000BA6,12/29/2015 13:00:47,0,15,2550.0000,20.0000,2820.0000,1.0000
29-12-2015 13:00:47.585,Si72000BA6,12/29/2015 13:00:47,1,15,2505.0000,1.0000,2940.0000,1.0000
29-12-2015 13:00:47.585,Si72000BA6,12/29/2015 13:00:47,2,15,2500.0000,1.0000,3035.0000,1.0000
29-12-2015 13:13:02.847,Si72000BA6,12/29/2015 13:13:02,0,15,2550.0000,20.0000,2940.0000,1.0000
29-12-2015 13:13:02.847,Si72000BA6,12/29/2015 13:13:02,1,15,2505.0000,1.0000,3035.0000,1.0000
29-12-2015 13:13:02.848,Si72000BA6,12/29/2015 13:13:02,2,15,2500.0000,1.0000,3055.0000,1.0000
29-12-2015 13:22:59.784,Si72000BA6,12/29/2015 13:22:59,0,14,2550.0000,20.0000,2940.0000,1.0000
29-12-2015 13:22:59.784,Si72000BA6,12/29/2015 13:22:59,1,14,2505.0000,1.0000,3035.0000,1.0000
29-12-2015 13:22:59.785,Si72000BA6,12/29/2015 13:22:59,2,14,2500.0000,1.0000,3055.0000,1.0000
29-12-2015 13:59:29.936,Si72000BA6,12/29/2015 13:59:29,0,14,2550.0000,20.0000,2778.0000,1.0000
29-12-2015 13:59:29.938,Si72000BA6,12/29/2015 13:59:29,1,14,2505.0000,1.0000,2940.0000,1.0000
29-12-2015 13:59:29.940,Si72000BA6,12/29/2015 13:59:29,2,14,2500.0000,1.0000,3035.0000,1.0000
29-12-2015 14:41:20.385,Si72000BA6,12/29/2015 14:41:20,0,13,2550.0000,20.0000,2778.0000,1.0000
29-12-2015 14:41:20.386,Si72000BA6,12/29/2015 14:41:20,1,13,2505.0000,1.0000,2940.0000,1.0000
29-12-2015 14:41:20.387,Si72000BA6,12/29/2015 14:41:20,2,13,2500.0000,1.0000,3035.0000,1.0000
29-12-2015 14:50:15.423,Si72000BA6,12/29/2015 14:50:15,0,13,2550.0000,20.0000,2940.0000,1.0000
29-12-2015 14:50:15.423,Si72000BA6,12/29/2015 14:50:15,1,13,2505.0000,1.0000,3035.0000,1.0000
29-12-2015 14:50:15.424,Si72000BA6,12/29/2015 14:50:15,2,13,2500.0000,1.0000,3055.0000,1.0000
29-12-2015 15:06:11.838,Si72000BA6,12/29/2015 15:06:11,0,14,2800.0000,1.0000,2940.0000,1.0000
29-12-2015 15:06:11.838,Si72000BA6,12/29/2015 15:06:11,1,14,2550.0000,20.0000,3035.0000,1.0000
29-12-2015 15:06:11.839,Si72000BA6,12/29/2015 15:06:11,2,14,2505.0000,1.0000,3055.0000,1.0000
29-12-2015 15:06:13.498,Si72000BA6,12/29/2015 15:06:13,0,13,2550.0000,20.0000,2940.0000,1.0000
29-12-2015 15:06:13.498,Si72000BA6,12/29/2015 15:06:13,1,13,2505.0000,1.0000,3035.0000,1.0000
29-12-2015 15:06:13.498,Si72000BA6,12/29/2015 15:06:13,2,13,2500.0000,1.0000,3055.0000,1.0000
29-12-2015 15:06:16.513,Si72000BA6,12/29/2015 15:06:16,0,14,2860.0000,1.0000,2940.0000,1.0000
29-12-2015 15:06:16.514,Si72000BA6,12/29/2015 15:06:16,1,14,2550.0000,20.0000,3035.0000,1.0000
29-12-2015 15:06:16.514,Si72000BA6,12/29/2015 15:06:16,2,14,2505.0000,1.0000,3055.0000,1.0000
29-12-2015 15:06:16.588,Si72000BA6,12/29/2015 15:06:16,0,13,2550.0000,20.0000,2940.0000,1.0000
29-12-2015 15:06:16.588,Si72000BA6,12/29/2015 15:06:16,1,13,2505.0000,1.0000,3035.0000,1.0000
29-12-2015 15:06:16.589,Si72000BA6,12/29/2015 15:06:16,2,13,2500.0000,1.0000,3055.0000,1.0000
29-12-2015 16:06:50.674,Si72000BA6,12/29/2015 16:06:50,0,14,2600.0000,3.0000,2940.0000,1.0000
29-12-2015 16:06:50.675,Si72000BA6,12/29/2015 16:06:50,1,14,2550.0000,20.0000,3035.0000,1.0000
29-12-2015 16:06:50.675,Si72000BA6,12/29/2015 16:06:50,2,14,2505.0000,1.0000,3055.0000,1.0000
29-12-2015 16:08:27.558,Si72000BA6,12/29/2015 16:08:27,0,14,2600.0000,6.0000,2940.0000,1.0000
29-12-2015 16:08:27.558,Si72000BA6,12/29/2015 16:08:27,1,14,2550.0000,20.0000,3035.0000,1.0000
29-12-2015 16:08:27.558,Si72000BA6,12/29/2015 16:08:27,2,14,2505.0000,1.0000,3055.0000,1.0000
29-12-2015 16:14:13.686,Si72000BA6,12/29/2015 16:14:13,0,13,2550.0000,20.0000,2940.0000,1.0000
29-12-2015 16:14:13.687,Si72000BA6,12/29/2015 16:14:13,1,13,2505.0000,1.0000,3035.0000,1.0000
29-12-2015 16:14:13.687,Si72000BA6,12/29/2015 16:14:13,2,13,2500.0000,1.0000,3055.0000,1.0000
29-12-2015 16:14:35.993,Si72000BA6,12/29/2015 16:14:35,0,13,2550.0000,20.0000,2939.0000,2.0000
29-12-2015 16:14:35.994,Si72000BA6,12/29/2015 16:14:35,1,13,2505.0000,1.0000,2940.0000,1.0000
29-12-2015 16:14:35.994,Si72000BA6,12/29/2015 16:14:35,2,13,2500.0000,1.0000,3035.0000,1.0000
29-12-2015 16:22:50.867,Si72000BA6,12/29/2015 16:22:50,0,13,2550.0000,20.0000,2939.0000,2.0000
29-12-2015 16:22:50.868,Si72000BA6,12/29/2015 16:22:50,1,13,2505.0000,1.0000,2940.0000,1.0000
29-12-2015 16:22:50.868,Si72000BA6,12/29/2015 16:22:50,2,13,2500.0000,1.0000,3035.0000,1.0000
29-12-2015 16:22:55.260,Si72000BA6,12/29/2015 16:22:55,0,13,2550.0000,13.0000,2939.0000,2.0000
29-12-2015 16:22:55.260,Si72000BA6,12/29/2015 16:22:55,1,13,2505.0000,1.0000,2940.0000,1.0000
29-12-2015 16:22:55.260,Si72000BA6,12/29/2015 16:22:55,2,13,2500.0000,1.0000,3035.0000,1.0000
29-12-2015 16:22:55.361,Si72000BA6,12/29/2015 16:22:55,0,12,2505.0000,1.0000,2939.0000,2.0000
29-12-2015 16:22:55.361,Si72000BA6,12/29/2015 16:22:55,1,12,2500.0000,1.0000,2940.0000,1.0000
29-12-2015 16:22:55.361,Si72000BA6,12/29/2015 16:22:55,2,12,949.0000,1.0000,3035.0000,1.0000
29-12-2015 16:23:14.660,Si72000BA6,12/29/2015 16:23:14,0,13,2550.0000,20.0000,2940.0000,1.0000
29-12-2015 16:23:14.660,Si72000BA6,12/29/2015 16:23:14,1,13,2505.0000,1.0000,3035.0000,1.0000
29-12-2015 16:23:14.661,Si72000BA6,12/29/2015 16:23:14,2,13,2500.0000,1.0000,3055.0000,1.0000
29-12-2015 16:23:14.783,Si72000BA6,12/29/2015 16:23:14,0,13,2600.0000,3.0000,2940.0000,1.0000
29-12-2015 16:23:14.783,Si72000BA6,12/29/2015 16:23:14,1,13,2505.0000,1.0000,3035.0000,1.0000
29-12-2015 16:23:14.784,Si72000BA6,12/29/2015 16:23:14,2,13,2500.0000,1.0000,3055.0000,1.0000
29-12-2015 16:23:27.082,Si72000BA6,12/29/2015 16:23:27,0,13,2510.0000,3.0000,2940.0000,1.0000
29-12-2015 16:23:27.082,Si72000BA6,12/29/2015 16:23:27,1,13,2505.0000,1.0000,3035.0000,1.0000
29-12-2015 16:23:27.083,Si72000BA6,12/29/2015 16:23:27,2,13,2500.0000,1.0000,3055.0000,1.0000
29-12-2015 16:23:27.436,Si72000BA6,12/29/2015 16:23:27,0,14,2600.0000,20.0000,2940.0000,1.0000
29-12-2015 16:23:27.436,Si72000BA6,12/29/2015 16:23:27,1,14,2510.0000,3.0000,3035.0000,1.0000
29-12-2015 16:23:27.437,Si72000BA6,12/29/2015 16:23:27,2,14,2505.0000,1.0000,3055.0000,1.0000
29-12-2015 16:24:42.996,Si72000BA6,12/29/2015 16:24:42,0,14,2600.0000,20.0000,2800.0000,20.0000
29-12-2015 16:24:42.997,Si72000BA6,12/29/2015 16:24:42,1,14,2510.0000,3.0000,2940.0000,1.0000
29-12-2015 16:24:42.998,Si72000BA6,12/29/2015 16:24:42,2,14,2505.0000,1.0000,3035.0000,1.0000
29-12-2015 16:25:50.875,Si72000BA6,12/29/2015 16:25:50,0,14,2600.0000,20.0000,2744.0000,10.0000
29-12-2015 16:25:50.876,Si72000BA6,12/29/2015 16:25:50,1,14,2510.0000,3.0000,2800.0000,20.0000
29-12-2015 16:25:50.877,Si72000BA6,12/29/2015 16:25:50,2,14,2505.0000,1.0000,2940.0000,1.0000
29-12-2015 16:26:13.559,Si72000BA6,12/29/2015 16:26:13,0,14,2600.0000,20.0000,2800.0000,20.0000
29-12-2015 16:26:13.559,Si72000BA6,12/29/2015 16:26:13,1,14,2510.0000,3.0000,2940.0000,1.0000
29-12-2015 16:26:13.559,Si72000BA6,12/29/2015 16:26:13,2,14,2505.0000,1.0000,3035.0000,1.0000
29-12-2015 16:26:15.431,Si72000BA6,12/29/2015 16:26:15,0,14,2600.0000,20.0000,2733.0000,10.0000
29-12-2015 16:26:15.431,Si72000BA6,12/29/2015 16:26:15,1,14,2510.0000,3.0000,2800.0000,20.0000
29-12-2015 16:26:15.432,Si72000BA6,12/29/2015 16:26:15,2,14,2505.0000,1.0000,2940.0000,1.0000
29-12-2015 16:26:24.745,Si72000BA6,12/29/2015 16:26:24,0,14,2600.0000,20.0000,2800.0000,20.0000
29-12-2015 16:26:24.745,Si72000BA6,12/29/2015 16:26:24,1,14,2510.0000,3.0000,2940.0000,1.0000
29-12-2015 16:26:24.748,Si72000BA6,12/29/2015 16:26:24,2,14,2505.0000,1.0000,3035.0000,1.0000
29-12-2015 16:26:29.684,Si72000BA6,12/29/2015 16:26:29,0,14,2600.0000,20.0000,2722.0000,10.0000
29-12-2015 16:26:29.684,Si72000BA6,12/29/2015 16:26:29,1,14,2510.0000,3.0000,2800.0000,20.0000
29-12-2015 16:26:29.685,Si72000BA6,12/29/2015 16:26:29,2,14,2505.0000,1.0000,2940.0000,1.0000
29-12-2015 16:36:19.820,Si72000BA6,12/29/2015 16:36:19,0,13,2510.0000,3.0000,2722.0000,10.0000
29-12-2015 16:36:19.821,Si72000BA6,12/29/2015 16:36:19,1,13,2505.0000,1.0000,2800.0000,20.0000
29-12-2015 16:36:19.821,Si72000BA6,12/29/2015 16:36:19,2,13,2500.0000,1.0000,2940.0000,1.0000
29-12-2015 16:39:35.281,Si72000BA6,12/29/2015 16:39:35,0,13,2510.0000,3.0000,2650.0000,10.0000
29-12-2015 16:39:35.282,Si72000BA6,12/29/2015 16:39:35,1,13,2505.0000,1.0000,2722.0000,10.0000
29-12-2015 16:39:35.309,Si72000BA6,12/29/2015 16:39:35,2,13,2500.0000,1.0000,2800.0000,20.0000
29-12-2015 17:15:40.197,Si72000BA6,12/29/2015 17:15:40,0,12,949.0000,1.0000,2650.0000,10.0000
29-12-2015 17:15:40.197,Si72000BA6,12/29/2015 17:15:40,1,12,866.0000,2.0000,2722.0000,10.0000
29-12-2015 17:15:40.198,Si72000BA6,12/29/2015 17:15:40,2,12,810.0000,2.0000,2800.0000,20.0000
29-12-2015 17:16:01.519,Si72000BA6,12/29/2015 17:16:01,0,12,950.0000,1.0000,2650.0000,10.0000
29-12-2015 17:16:01.519,Si72000BA6,12/29/2015 17:16:01,1,12,949.0000,1.0000,2722.0000,10.0000
29-12-2015 17:16:01.520,Si72000BA6,12/29/2015 17:16:01,2,12,866.0000,2.0000,2800.0000,20.0000
29-12-2015 17:19:32.205,Si72000BA6,12/29/2015 17:19:32,0,12,1200.0000,20.0000,2650.0000,10.0000
29-12-2015 17:19:32.206,Si72000BA6,12/29/2015 17:19:32,1,12,949.0000,1.0000,2722.0000,10.0000
29-12-2015 17:19:32.206,Si72000BA6,12/29/2015 17:19:32,2,12,866.0000,2.0000,2800.0000,20.0000
29-12-2015 17:23:45.521,Si72000BA6,12/29/2015 17:23:45,0,11,1200.0000,20.0000,2650.0000,10.0000
29-12-2015 17:23:45.521,Si72000BA6,12/29/2015 17:23:45,1,11,949.0000,1.0000,2800.0000,20.0000
29-12-2015 17:23:45.521,Si72000BA6,12/29/2015 17:23:45,2,11,866.0000,2.0000,2940.0000,1.0000
29-12-2015 17:27:22.252,Si72000BA6,12/29/2015 17:27:22,0,11,1200.0000,20.0000,2650.0000,10.0000
29-12-2015 17:27:22.252,Si72000BA6,12/29/2015 17:27:22,1,11,949.0000,1.0000,2800.0000,20.0000
29-12-2015 17:27:22.253,Si72000BA6,12/29/2015 17:27:22,2,11,866.0000,2.0000,2940.0000,1.0000
29-12-2015 17:31:20.987,Si72000BA6,12/29/2015 17:31:20,0,11,1200.0000,20.0000,2650.0000,10.0000
29-12-2015 17:31:20.987,Si72000BA6,12/29/2015 17:31:20,1,11,949.0000,1.0000,2773.0000,1.0000
29-12-2015 17:31:20.988,Si72000BA6,12/29/2015 17:31:20,2,11,866.0000,2.0000,2800.0000,20.0000
29-12-2015 17:32:08.219,Si72000BA6,12/29/2015 17:32:08,0,13,2251.0000,15.0000,2322.0000,15.0000
29-12-2015 17:32:08.219,Si72000BA6,12/29/2015 17:32:08,1,13,1400.0000,3.0000,2650.0000,10.0000
29-12-2015 17:32:08.220,Si72000BA6,12/29/2015 17:32:08,2,13,1200.0000,20.0000,2800.0000,20.0000
29-12-2015 17:32:55.060,Si72000BA6,12/29/2015 17:32:55,0,13,2240.0000,15.0000,2311.0000,15.0000
29-12-2015 17:32:55.060,Si72000BA6,12/29/2015 17:32:55,1,13,1400.0000,3.0000,2650.0000,10.0000
29-12-2015 17:32:55.061,Si72000BA6,12/29/2015 17:32:55,2,13,1200.0000,20.0000,2800.0000,20.0000
29-12-2015 17:33:26.122,Si72000BA6,12/29/2015 17:33:26,0,13,2240.0000,15.0000,2280.0000,7.0000
29-12-2015 17:33:26.122,Si72000BA6,12/29/2015 17:33:26,1,13,1400.0000,3.0000,2311.0000,15.0000
29-12-2015 17:33:26.123,Si72000BA6,12/29/2015 17:33:26,2,13,1200.0000,20.0000,2650.0000,10.0000
29-12-2015 17:34:51.711,Si72000BA6,12/29/2015 17:34:51,0,13,2240.0000,15.0000,2280.0000,7.0000
29-12-2015 17:34:51.711,Si72000BA6,12/29/2015 17:34:51,1,13,1400.0000,3.0000,2300.0000,15.0000
29-12-2015 17:34:51.712,Si72000BA6,12/29/2015 17:34:51,2,13,1200.0000,20.0000,2650.0000,10.0000
29-12-2015 17:34:52.050,Si72000BA6,12/29/2015 17:34:52,0,13,2230.0000,15.0000,2280.0000,7.0000
29-12-2015 17:34:52.051,Si72000BA6,12/29/2015 17:34:52,1,13,1400.0000,3.0000,2300.0000,15.0000
29-12-2015 17:34:52.051,Si72000BA6,12/29/2015 17:34:52,2,13,1200.0000,20.0000,2650.0000,10.0000
29-12-2015 17:36:23.170,Si72000BA6,12/29/2015 17:36:23,0,13,2230.0000,15.0000,2280.0000,7.0000
29-12-2015 17:36:23.171,Si72000BA6,12/29/2015 17:36:23,1,13,1400.0000,3.0000,2290.0000,15.0000
29-12-2015 17:36:23.171,Si72000BA6,12/29/2015 17:36:23,2,13,1200.0000,20.0000,2650.0000,10.0000
29-12-2015 17:36:23.312,Si72000BA6,12/29/2015 17:36:23,0,13,2219.0000,15.0000,2280.0000,7.0000
29-12-2015 17:36:23.312,Si72000BA6,12/29/2015 17:36:23,1,13,1400.0000,3.0000,2290.0000,15.0000
29-12-2015 17:36:23.313,Si72000BA6,12/29/2015 17:36:23,2,13,1200.0000,20.0000,2650.0000,10.0000
29-12-2015 17:36:55.017,Si72000BA6,12/29/2015 17:36:55,0,13,2219.0000,15.0000,2279.0000,15.0000
29-12-2015 17:36:55.017,Si72000BA6,12/29/2015 17:36:55,1,13,1400.0000,3.0000,2280.0000,7.0000
29-12-2015 17:36:55.018,Si72000BA6,12/29/2015 17:36:55,2,13,1200.0000,20.0000,2650.0000,10.0000
29-12-2015 17:36:55.194,Si72000BA6,12/29/2015 17:36:55,0,13,2209.0000,15.0000,2279.0000,15.0000
29-12-2015 17:36:55.195,Si72000BA6,12/29/2015 17:36:55,1,13,1400.0000,3.0000,2280.0000,7.0000
29-12-2015 17:36:55.196,Si72000BA6,12/29/2015 17:36:55,2,13,1200.0000,20.0000,2650.0000,10.0000
29-12-2015 17:37:20.967,Si72000BA6,12/29/2015 17:37:20,0,12,1400.0000,3.0000,2650.0000,10.0000
29-12-2015 17:37:20.967,Si72000BA6,12/29/2015 17:37:20,1,12,1200.0000,20.0000,2800.0000,20.0000
29-12-2015 17:37:20.968,Si72000BA6,12/29/2015 17:37:20,2,12,949.0000,1.0000,2940.0000,1.0000
29-12-2015 17:46:36.593,Si72000BA6,12/29/2015 17:46:36,0,12,1400.0000,3.0000,2475.0000,1.0000
29-12-2015 17:46:36.594,Si72000BA6,12/29/2015 17:46:36,1,12,1200.0000,20.0000,2650.0000,10.0000
29-12-2015 17:46:36.594,Si72000BA6,12/29/2015 17:46:36,2,12,949.0000,1.0000,2800.0000,20.0000
29-12-2015 17:47:13.691,Si72000BA6,12/29/2015 17:47:13,0,12,1400.0000,3.0000,2650.0000,10.0000
29-12-2015 17:47:13.692,Si72000BA6,12/29/2015 17:47:13,1,12,1200.0000,20.0000,2800.0000,20.0000
29-12-2015 17:47:13.692,Si72000BA6,12/29/2015 17:47:13,2,12,949.0000,1.0000,2940.0000,1.0000
29-12-2015 17:47:14.179,Si72000BA6,12/29/2015 17:47:14,0,13,1401.0000,1.0000,2650.0000,10.0000
29-12-2015 17:47:14.180,Si72000BA6,12/29/2015 17:47:14,1,13,1400.0000,3.0000,2800.0000,20.0000
29-12-2015 17:47:14.180,Si72000BA6,12/29/2015 17:47:14,2,13,1200.0000,20.0000,2940.0000,1.0000
29-12-2015 17:55:56.934,Si72000BA6,12/29/2015 17:55:56,0,14,1401.0000,1.0000,2650.0000,10.0000
29-12-2015 17:55:56.936,Si72000BA6,12/29/2015 17:55:56,1,14,1400.0000,3.0000,2800.0000,20.0000
29-12-2015 17:55:56.937,Si72000BA6,12/29/2015 17:55:56,2,14,1220.0000,1.0000,2940.0000,1.0000
29-12-2015 18:06:53.954,Si72000BA6,12/29/2015 18:06:53,0,14,1401.0000,1.0000,2800.0000,20.0000
29-12-2015 18:06:53.955,Si72000BA6,12/29/2015 18:06:53,1,14,1400.0000,3.0000,2940.0000,1.0000
29-12-2015 18:06:53.955,Si72000BA6,12/29/2015 18:06:53,2,14,1220.0000,1.0000,3035.0000,1.0000
29-12-2015 18:07:27.903,Si72000BA6,12/29/2015 18:07:27,0,14,1401.0000,1.0000,2700.0000,2.0000
29-12-2015 18:07:27.903,Si72000BA6,12/29/2015 18:07:27,1,14,1400.0000,3.0000,2800.0000,20.0000
29-12-2015 18:07:27.904,Si72000BA6,12/29/2015 18:07:27,2,14,1220.0000,1.0000,2940.0000,1.0000
29-12-2015 18:16:36.375,Si72000BA6,12/29/2015 18:16:36,0,15,2640.0000,15.0000,2700.0000,2.0000
29-12-2015 18:16:36.375,Si72000BA6,12/29/2015 18:16:36,1,15,1401.0000,1.0000,2800.0000,20.0000
29-12-2015 18:16:36.376,Si72000BA6,12/29/2015 18:16:36,2,15,1400.0000,3.0000,2940.0000,1.0000
29-12-2015 18:16:36.392,Si72000BA6,12/29/2015 18:16:36,0,14,1401.0000,1.0000,2700.0000,2.0000
29-12-2015 18:16:36.393,Si72000BA6,12/29/2015 18:16:36,1,14,1400.0000,3.0000,2800.0000,20.0000
29-12-2015 18:16:36.393,Si72000BA6,12/29/2015 18:16:36,2,14,1220.0000,1.0000,2940.0000,1.0000
29-12-2015 18:20:51.321,Si72000BA6,12/29/2015 18:20:51,0,15,2001.0000,1.0000,2700.0000,2.0000
29-12-2015 18:20:51.322,Si72000BA6,12/29/2015 18:20:51,1,15,1401.0000,1.0000,2800.0000,20.0000
29-12-2015 18:20:51.322,Si72000BA6,12/29/2015 18:20:51,2,15,1400.0000,3.0000,2940.0000,1.0000
29-12-2015 18:21:02.536,Si72000BA6,12/29/2015 18:21:02,0,14,2001.0000,1.0000,2700.0000,2.0000
29-12-2015 18:21:02.536,Si72000BA6,12/29/2015 18:21:02,1,14,1400.0000,3.0000,2800.0000,20.0000
29-12-2015 18:21:02.536,Si72000BA6,12/29/2015 18:21:02,2,14,1220.0000,1.0000,2940.0000,1.0000
29-12-2015 18:30:20.014,Si72000BA6,12/29/2015 18:30:20,0,14,2001.0000,1.0000,2433.0000,1.0000
29-12-2015 18:30:20.014,Si72000BA6,12/29/2015 18:30:20,1,14,1400.0000,3.0000,2700.0000,2.0000
29-12-2015 18:30:20.014,Si72000BA6,12/29/2015 18:30:20,2,14,1220.0000,1.0000,2800.0000,20.0000
29-12-2015 18:30:23.904,Si72000BA6,12/29/2015 18:30:23,0,14,2001.0000,1.0000,2700.0000,2.0000
29-12-2015 18:30:23.904,Si72000BA6,12/29/2015 18:30:23,1,14,1400.0000,3.0000,2800.0000,20.0000
29-12-2015 18:30:23.904,Si72000BA6,12/29/2015 18:30:23,2,14,1220.0000,1.0000,2940.0000,1.0000
29-12-2015 18:30:27.511,Si72000BA6,12/29/2015 18:30:27,0,14,2001.0000,1.0000,2700.0000,2.0000
29-12-2015 18:30:27.512,Si72000BA6,12/29/2015 18:30:27,1,14,1400.0000,3.0000,2800.0000,20.0000
29-12-2015 18:30:27.512,Si72000BA6,12/29/2015 18:30:27,2,14,1220.0000,1.0000,2940.0000,1.0000
29-12-2015 18:30:27.779,Si72000BA6,12/29/2015 18:30:27,0,14,2001.0000,1.0000,2699.0000,1.0000
29-12-2015 18:30:27.779,Si72000BA6,12/29/2015 18:30:27,1,14,1400.0000,3.0000,2700.0000,2.0000
29-12-2015 18:30:27.779,Si72000BA6,12/29/2015 18:30:27,2,14,1220.0000,1.0000,2800.0000,20.0000
29-12-2015 18:30:27.781,Si72000BA6,12/29/2015 18:30:27,0,15,2002.0000,1.0000,2699.0000,1.0000
29-12-2015 18:30:27.781,Si72000BA6,12/29/2015 18:30:27,1,15,2001.0000,1.0000,2700.0000,2.0000
29-12-2015 18:30:27.782,Si72000BA6,12/29/2015 18:30:27,2,15,1400.0000,3.0000,2800.0000,20.0000
29-12-2015 18:33:00.863,Si72000BA6,12/29/2015 18:33:00,0,15,2002.0000,1.0000,2700.0000,2.0000
29-12-2015 18:33:00.863,Si72000BA6,12/29/2015 18:33:00,1,15,2001.0000,1.0000,2800.0000,20.0000
29-12-2015 18:33:00.863,Si72000BA6,12/29/2015 18:33:00,2,15,1400.0000,3.0000,2940.0000,1.0000
29-12-2015 18:33:08.054,Si72000BA6,12/29/2015 18:33:08,0,15,2002.0000,1.0000,2650.0000,3.0000
29-12-2015 18:33:08.054,Si72000BA6,12/29/2015 18:33:08,1,15,2001.0000,1.0000,2700.0000,2.0000
29-12-2015 18:33:08.055,Si72000BA6,12/29/2015 18:33:08,2,15,1400.0000,3.0000,2800.0000,20.0000
29-12-2015 18:33:44.765,Si72000BA6,12/29/2015 18:33:44,0,15,2002.0000,1.0000,2700.0000,2.0000
29-12-2015 18:33:44.766,Si72000BA6,12/29/2015 18:33:44,1,15,2001.0000,1.0000,2800.0000,20.0000
29-12-2015 18:33:44.766,Si72000BA6,12/29/2015 18:33:44,2,15,1400.0000,3.0000,2940.0000,1.0000
29-12-2015 18:33:52.645,Si72000BA6,12/29/2015 18:33:52,0,15,2002.0000,1.0000,2550.0000,3.0000
29-12-2015 18:33:52.645,Si72000BA6,12/29/2015 18:33:52,1,15,2001.0000,1.0000,2700.0000,2.0000
29-12-2015 18:33:52.645,Si72000BA6,12/29/2015 18:33:52,2,15,1400.0000,3.0000,2800.0000,20.0000
29-12-2015 18:34:54.989,Si72000BA6,12/29/2015 18:34:54,0,15,2002.0000,1.0000,2700.0000,2.0000
29-12-2015 18:34:54.990,Si72000BA6,12/29/2015 18:34:54,1,15,2001.0000,1.0000,2800.0000,20.0000
29-12-2015 18:34:54.990,Si72000BA6,12/29/2015 18:34:54,2,15,1400.0000,3.0000,2940.0000,1.0000
29-12-2015 18:44:04.710,Si72000BA6,12/29/2015 18:44:04,0,15,2002.0000,1.0000,2700.0000,2.0000
29-12-2015 18:44:04.711,Si72000BA6,12/29/2015 18:44:04,1,15,2001.0000,1.0000,2800.0000,20.0000
29-12-2015 18:44:04.711,Si72000BA6,12/29/2015 18:44:04,2,15,1400.0000,3.0000,2940.0000,1.0000
29-12-2015 18:52:14.645,Si72000BA6,12/29/2015 18:52:14,0,5,1400.0000,3.0000,0.0000,0.0000
29-12-2015 18:52:14.645,Si72000BA6,12/29/2015 18:52:14,1,5,810.0000,1.0000,0.0000,0.0000
29-12-2015 18:52:14.645,Si72000BA6,12/29/2015 18:52:14,2,5,740.0000,1.0000,0.0000,0.0000
29-12-2015 18:55:58.444,Si72000BA6,12/29/2015 18:55:58,0,4,810.0000,1.0000,0.0000,0.0000
29-12-2015 18:55:58.444,Si72000BA6,12/29/2015 18:55:58,1,4,740.0000,1.0000,0.0000,0.0000
29-12-2015 18:55:58.445,Si72000BA6,12/29/2015 18:55:58,2,4,100.0000,3.0000,0.0000,0.0000
29-12-2015 19:00:05.171,Si72000BA6,12/29/2015 19:00:05,0,5,810.0000,1.0000,0.0000,0.0000
29-12-2015 19:00:05.172,Si72000BA6,12/29/2015 19:00:05,1,5,740.0000,1.0000,0.0000,0.0000
29-12-2015 19:00:05.172,Si72000BA6,12/29/2015 19:00:05,2,5,100.0000,3.0000,0.0000,0.0000
