29-12-2015 10:12:30.943,Si75250BA6,12/29/2015 10:12:30,0,2,749.0000,6.0000,989.0000,6.0000
29-12-2015 10:12:30.943,Si75250BA6,12/29/2015 10:12:30,1,2,1.0000,75.0000,500000.0000,1.0000
29-12-2015 10:12:50.007,Si75250BA6,12/29/2015 10:12:50,0,2,765.0000,6.0000,1005.0000,6.0000
29-12-2015 10:12:50.008,Si75250BA6,12/29/2015 10:12:50,1,2,1.0000,75.0000,500000.0000,1.0000
29-12-2015 10:13:01.259,Si75250BA6,12/29/2015 10:13:01,0,2,748.0000,6.0000,988.0000,6.0000
29-12-2015 10:13:01.260,Si75250BA6,12/29/2015 10:13:01,1,2,1.0000,75.0000,500000.0000,1.0000
29-12-2015 10:14:24.305,Si75250BA6,12/29/2015 10:14:24,0,2,733.0000,6.0000,973.0000,6.0000
29-12-2015 10:14:24.306,Si75250BA6,12/29/2015 10:14:24,1,2,1.0000,75.0000,500000.0000,1.0000
29-12-2015 10:15:57.582,Si75250BA6,12/29/2015 10:15:57,0,2,748.0000,6.0000,988.0000,6.0000
29-12-2015 10:15:57.582,Si75250BA6,12/29/2015 10:15:57,1,2,1.0000,75.0000,500000.0000,1.0000
29-12-2015 10:18:10.251,Si75250BA6,12/29/2015 10:18:10,0,3,748.0000,6.0000,988.0000,6.0000
29-12-2015 10:18:10.251,Si75250BA6,12/29/2015 10:18:10,1,3,1.0000,75.0000,1111.0000,1.0000
29-12-2015 10:18:10.252,Si75250BA6,12/29/2015 10:18:10,2,3,0.0000,0.0000,500000.0000,1.0000
29-12-2015 10:20:35.562,Si75250BA6,12/29/2015 10:20:35,0,3,763.0000,6.0000,1003.0000,6.0000
29-12-2015 10:20:35.562,Si75250BA6,12/29/2015 10:20:35,1,3,1.0000,75.0000,1111.0000,1.0000
29-12-2015 10:20:35.562,Si75250BA6,12/29/2015 10:20:35,2,3,0.0000,0.0000,500000.0000,1.0000
29-12-2015 10:22:01.472,Si75250BA6,12/29/2015 10:22:01,0,3,748.0000,6.0000,988.0000,6.0000
29-12-2015 10:22:01.472,Si75250BA6,12/29/2015 10:22:01,1,3,1.0000,75.0000,1111.0000,1.0000
29-12-2015 10:22:01.472,Si75250BA6,12/29/2015 10:22:01,2,3,0.0000,0.0000,500000.0000,1.0000
29-12-2015 10:23:14.824,Si75250BA6,12/29/2015 10:23:14,0,3,764.0000,6.0000,1004.0000,6.0000
29-12-2015 10:23:14.824,Si75250BA6,12/29/2015 10:23:14,1,3,1.0000,75.0000,1111.0000,1.0000
29-12-2015 10:23:14.825,Si75250BA6,12/29/2015 10:23:14,2,3,0.0000,0.0000,500000.0000,1.0000
29-12-2015 10:27:01.980,Si75250BA6,12/29/2015 10:27:01,0,3,749.0000,6.0000,989.0000,6.0000
29-12-2015 10:27:01.981,Si75250BA6,12/29/2015 10:27:01,1,3,1.0000,75.0000,1111.0000,1.0000
29-12-2015 10:27:01.981,Si75250BA6,12/29/2015 10:27:01,2,3,0.0000,0.0000,500000.0000,1.0000
29-12-2015 10:29:54.334,Si75250BA6,12/29/2015 10:29:54,0,3,766.0000,6.0000,1006.0000,6.0000
29-12-2015 10:29:54.334,Si75250BA6,12/29/2015 10:29:54,1,3,1.0000,75.0000,1111.0000,1.0000
29-12-2015 10:29:54.335,Si75250BA6,12/29/2015 10:29:54,2,3,0.0000,0.0000,500000.0000,1.0000
29-12-2015 10:36:21.849,Si75250BA6,12/29/2015 10:36:21,0,3,751.0000,6.0000,991.0000,6.0000
29-12-2015 10:36:21.850,Si75250BA6,12/29/2015 10:36:21,1,3,1.0000,75.0000,1111.0000,1.0000
29-12-2015 10:36:21.851,Si75250BA6,12/29/2015 10:36:21,2,3,0.0000,0.0000,500000.0000,1.0000
29-12-2015 10:36:50.880,Si75250BA6,12/29/2015 10:36:50,0,3,767.0000,6.0000,1007.0000,6.0000
29-12-2015 10:36:50.880,Si75250BA6,12/29/2015 10:36:50,1,3,1.0000,75.0000,1111.0000,1.0000
29-12-2015 10:36:50.880,Si75250BA6,12/29/2015 10:36:50,2,3,0.0000,0.0000,500000.0000,1.0000
29-12-2015 10:38:54.545,Si75250BA6,12/29/2015 10:38:54,0,3,752.0000,6.0000,992.0000,6.0000
29-12-2015 10:38:54.545,Si75250BA6,12/29/2015 10:38:54,1,3,1.0000,75.0000,1111.0000,1.0000
29-12-2015 10:38:54.546,Si75250BA6,12/29/2015 10:38:54,2,3,0.0000,0.0000,500000.0000,1.0000
29-12-2015 10:45:08.283,Si75250BA6,12/29/2015 10:45:08,0,3,767.0000,6.0000,1007.0000,6.0000
29-12-2015 10:45:08.285,Si75250BA6,12/29/2015 10:45:08,1,3,1.0000,75.0000,1111.0000,1.0000
29-12-2015 10:45:08.286,Si75250BA6,12/29/2015 10:45:08,2,3,0.0000,0.0000,500000.0000,1.0000
29-12-2015 10:48:18.617,Si75250BA6,12/29/2015 10:48:18,0,3,783.0000,6.0000,1023.0000,6.0000
29-12-2015 10:48:18.618,Si75250BA6,12/29/2015 10:48:18,1,3,1.0000,75.0000,1111.0000,1.0000
29-12-2015 10:48:18.618,Si75250BA6,12/29/2015 10:48:18,2,3,0.0000,0.0000,500000.0000,1.0000
29-12-2015 10:48:38.444,Si75250BA6,12/29/2015 10:48:38,0,3,800.0000,6.0000,1040.0000,6.0000
29-12-2015 10:48:38.445,Si75250BA6,12/29/2015 10:48:38,1,3,1.0000,75.0000,1111.0000,1.0000
29-12-2015 10:48:38.445,Si75250BA6,12/29/2015 10:48:38,2,3,0.0000,0.0000,500000.0000,1.0000
29-12-2015 10:48:51.808,Si75250BA6,12/29/2015 10:48:51,0,2,1.0000,75.0000,1111.0000,1.0000
29-12-2015 10:48:51.809,Si75250BA6,12/29/2015 10:48:51,1,2,0.0000,0.0000,500000.0000,1.0000
29-12-2015 10:48:51.865,Si75250BA6,12/29/2015 10:48:51,0,2,2.0000,10.0000,1111.0000,1.0000
29-12-2015 10:48:51.865,Si75250BA6,12/29/2015 10:48:51,1,2,1.0000,75.0000,500000.0000,1.0000
29-12-2015 11:00:14.620,Si75250BA6,12/29/2015 11:00:14,0,3,841.0000,6.0000,1081.0000,6.0000
29-12-2015 11:00:14.621,Si75250BA6,12/29/2015 11:00:14,1,3,1.0000,75.0000,1111.0000,1.0000
29-12-2015 11:00:14.621,Si75250BA6,12/29/2015 11:00:14,2,3,0.0000,0.0000,500000.0000,1.0000
29-12-2015 11:00:27.462,Si75250BA6,12/29/2015 11:00:27,0,3,858.0000,6.0000,1098.0000,6.0000
29-12-2015 11:00:27.462,Si75250BA6,12/29/2015 11:00:27,1,3,1.0000,75.0000,1111.0000,1.0000
29-12-2015 11:00:27.462,Si75250BA6,12/29/2015 11:00:27,2,3,0.0000,0.0000,500000.0000,1.0000
29-12-2015 11:00:43.205,Si75250BA6,12/29/2015 11:00:43,0,3,842.0000,6.0000,1082.0000,6.0000
29-12-2015 11:00:43.206,Si75250BA6,12/29/2015 11:00:43,1,3,1.0000,75.0000,1111.0000,1.0000
29-12-2015 11:00:43.206,Si75250BA6,12/29/2015 11:00:43,2,3,0.0000,0.0000,500000.0000,1.0000
29-12-2015 11:04:15.555,Si75250BA6,12/29/2015 11:04:15,0,3,826.0000,6.0000,1066.0000,6.0000
29-12-2015 11:04:15.555,Si75250BA6,12/29/2015 11:04:15,1,3,1.0000,75.0000,1111.0000,1.0000
29-12-2015 11:04:15.555,Si75250BA6,12/29/2015 11:04:15,2,3,0.0000,0.0000,500000.0000,1.0000
29-12-2015 11:04:54.557,Si75250BA6,12/29/2015 11:04:54,0,3,810.0000,6.0000,1050.0000,6.0000
29-12-2015 11:04:54.557,Si75250BA6,12/29/2015 11:04:54,1,3,1.0000,75.0000,1111.0000,1.0000
29-12-2015 11:04:54.558,Si75250BA6,12/29/2015 11:04:54,2,3,0.0000,0.0000,500000.0000,1.0000
29-12-2015 11:05:48.265,Si75250BA6,12/29/2015 11:05:48,0,3,827.0000,6.0000,1067.0000,6.0000
29-12-2015 11:05:48.266,Si75250BA6,12/29/2015 11:05:48,1,3,1.0000,75.0000,1111.0000,1.0000
29-12-2015 11:05:48.266,Si75250BA6,12/29/2015 11:05:48,2,3,0.0000,0.0000,500000.0000,1.0000
29-12-2015 11:07:23.074,Si75250BA6,12/29/2015 11:07:23,0,3,812.0000,6.0000,1052.0000,6.0000
29-12-2015 11:07:23.074,Si75250BA6,12/29/2015 11:07:23,1,3,1.0000,75.0000,1111.0000,1.0000
29-12-2015 11:07:23.074,Si75250BA6,12/29/2015 11:07:23,2,3,0.0000,0.0000,500000.0000,1.0000
29-12-2015 11:07:45.705,Si75250BA6,12/29/2015 11:07:45,0,3,830.0000,6.0000,1070.0000,6.0000
29-12-2015 11:07:45.706,Si75250BA6,12/29/2015 11:07:45,1,3,1.0000,75.0000,1111.0000,1.0000
29-12-2015 11:07:45.706,Si75250BA6,12/29/2015 11:07:45,2,3,0.0000,0.0000,500000.0000,1.0000
29-12-2015 11:08:15.197,Si75250BA6,12/29/2015 11:08:15,0,3,815.0000,6.0000,1055.0000,6.0000
29-12-2015 11:08:15.197,Si75250BA6,12/29/2015 11:08:15,1,3,1.0000,75.0000,1111.0000,1.0000
29-12-2015 11:08:15.197,Si75250BA6,12/29/2015 11:08:15,2,3,0.0000,0.0000,500000.0000,1.0000
29-12-2015 11:08:58.948,Si75250BA6,12/29/2015 11:08:58,0,3,831.0000,6.0000,1071.0000,6.0000
29-12-2015 11:08:58.948,Si75250BA6,12/29/2015 11:08:58,1,3,1.0000,75.0000,1111.0000,1.0000
29-12-2015 11:08:58.948,Si75250BA6,12/29/2015 11:08:58,2,3,0.0000,0.0000,500000.0000,1.0000
29-12-2015 11:09:43.536,Si75250BA6,12/29/2015 11:09:43,0,3,847.0000,6.0000,1087.0000,6.0000
29-12-2015 11:09:43.536,Si75250BA6,12/29/2015 11:09:43,1,3,1.0000,75.0000,1111.0000,1.0000
29-12-2015 11:09:43.536,Si75250BA6,12/29/2015 11:09:43,2,3,0.0000,0.0000,500000.0000,1.0000
29-12-2015 11:16:47.408,Si75250BA6,12/29/2015 11:16:47,0,3,862.0000,6.0000,1102.0000,6.0000
29-12-2015 11:16:47.408,Si75250BA6,12/29/2015 11:16:47,1,3,1.0000,75.0000,1111.0000,1.0000
29-12-2015 11:16:47.409,Si75250BA6,12/29/2015 11:16:47,2,3,0.0000,0.0000,500000.0000,1.0000
29-12-2015 11:17:18.686,Si75250BA6,12/29/2015 11:17:18,0,3,877.0000,6.0000,1111.0000,1.0000
29-12-2015 11:17:18.687,Si75250BA6,12/29/2015 11:17:18,1,3,1.0000,75.0000,1117.0000,6.0000
29-12-2015 11:17:18.689,Si75250BA6,12/29/2015 11:17:18,2,3,0.0000,0.0000,500000.0000,1.0000
29-12-2015 11:18:16.921,Si75250BA6,12/29/2015 11:18:16,0,3,862.0000,6.0000,1102.0000,6.0000
29-12-2015 11:18:16.921,Si75250BA6,12/29/2015 11:18:16,1,3,1.0000,75.0000,1111.0000,1.0000
29-12-2015 11:18:16.921,Si75250BA6,12/29/2015 11:18:16,2,3,0.0000,0.0000,500000.0000,1.0000
29-12-2015 11:20:06.921,Si75250BA6,12/29/2015 11:20:06,0,3,845.0000,6.0000,1085.0000,6.0000
29-12-2015 11:20:06.921,Si75250BA6,12/29/2015 11:20:06,1,3,1.0000,75.0000,1111.0000,1.0000
29-12-2015 11:20:06.921,Si75250BA6,12/29/2015 11:20:06,2,3,0.0000,0.0000,500000.0000,1.0000
29-12-2015 11:20:27.483,Si75250BA6,12/29/2015 11:20:27,0,3,845.0000,7.0000,1085.0000,6.0000
29-12-2015 11:20:27.483,Si75250BA6,12/29/2015 11:20:27,1,3,1.0000,75.0000,1111.0000,1.0000
29-12-2015 11:20:27.483,Si75250BA6,12/29/2015 11:20:27,2,3,0.0000,0.0000,500000.0000,1.0000
29-12-2015 11:23:20.290,Si75250BA6,12/29/2015 11:23:20,0,3,845.0000,1.0000,1068.0000,6.0000
29-12-2015 11:23:20.291,Si75250BA6,12/29/2015 11:23:20,1,3,828.0000,6.0000,1111.0000,1.0000
29-12-2015 11:23:20.291,Si75250BA6,12/29/2015 11:23:20,2,3,1.0000,75.0000,500000.0000,1.0000
29-12-2015 11:23:50.696,Si75250BA6,12/29/2015 11:23:50,0,3,845.0000,1.0000,1051.0000,6.0000
29-12-2015 11:23:50.696,Si75250BA6,12/29/2015 11:23:50,1,3,811.0000,6.0000,1111.0000,1.0000
29-12-2015 11:23:50.697,Si75250BA6,12/29/2015 11:23:50,2,3,1.0000,75.0000,500000.0000,1.0000
29-12-2015 11:23:58.762,Si75250BA6,12/29/2015 11:23:58,0,3,845.0000,1.0000,1068.0000,6.0000
29-12-2015 11:23:58.763,Si75250BA6,12/29/2015 11:23:58,1,3,828.0000,6.0000,1111.0000,1.0000
29-12-2015 11:23:58.763,Si75250BA6,12/29/2015 11:23:58,2,3,1.0000,75.0000,500000.0000,1.0000
29-12-2015 11:24:29.605,Si75250BA6,12/29/2015 11:24:29,0,3,845.0000,1.0000,1083.0000,6.0000
29-12-2015 11:24:29.606,Si75250BA6,12/29/2015 11:24:29,1,3,843.0000,6.0000,1111.0000,1.0000
29-12-2015 11:24:29.606,Si75250BA6,12/29/2015 11:24:29,2,3,1.0000,75.0000,500000.0000,1.0000
29-12-2015 11:25:29.014,Si75250BA6,12/29/2015 11:25:29,0,3,863.0000,6.0000,1103.0000,6.0000
29-12-2015 11:25:29.015,Si75250BA6,12/29/2015 11:25:29,1,3,845.0000,1.0000,1111.0000,1.0000
29-12-2015 11:25:29.015,Si75250BA6,12/29/2015 11:25:29,2,3,1.0000,75.0000,500000.0000,1.0000
29-12-2015 11:26:08.611,Si75250BA6,12/29/2015 11:26:08,0,3,878.0000,6.0000,1111.0000,1.0000
29-12-2015 11:26:08.611,Si75250BA6,12/29/2015 11:26:08,1,3,845.0000,1.0000,1118.0000,6.0000
29-12-2015 11:26:08.611,Si75250BA6,12/29/2015 11:26:08,2,3,1.0000,75.0000,500000.0000,1.0000
29-12-2015 11:27:27.470,Si75250BA6,12/29/2015 11:27:27,0,3,893.0000,6.0000,1111.0000,1.0000
29-12-2015 11:27:27.470,Si75250BA6,12/29/2015 11:27:27,1,3,845.0000,1.0000,1133.0000,6.0000
29-12-2015 11:27:27.470,Si75250BA6,12/29/2015 11:27:27,2,3,1.0000,75.0000,500000.0000,1.0000
29-12-2015 11:29:12.763,Si75250BA6,12/29/2015 11:29:12,0,3,911.0000,6.0000,1111.0000,1.0000
29-12-2015 11:29:12.764,Si75250BA6,12/29/2015 11:29:12,1,3,845.0000,1.0000,1151.0000,6.0000
29-12-2015 11:29:12.764,Si75250BA6,12/29/2015 11:29:12,2,3,1.0000,75.0000,500000.0000,1.0000
29-12-2015 11:36:35.181,Si75250BA6,12/29/2015 11:36:35,0,3,896.0000,6.0000,1111.0000,1.0000
29-12-2015 11:36:35.182,Si75250BA6,12/29/2015 11:36:35,1,3,845.0000,1.0000,1136.0000,6.0000
29-12-2015 11:36:35.183,Si75250BA6,12/29/2015 11:36:35,2,3,1.0000,75.0000,500000.0000,1.0000
29-12-2015 11:37:45.601,Si75250BA6,12/29/2015 11:37:45,0,3,914.0000,6.0000,1111.0000,1.0000
29-12-2015 11:37:45.601,Si75250BA6,12/29/2015 11:37:45,1,3,845.0000,1.0000,1154.0000,6.0000
29-12-2015 11:37:45.602,Si75250BA6,12/29/2015 11:37:45,2,3,1.0000,75.0000,500000.0000,1.0000
29-12-2015 11:49:22.061,Si75250BA6,12/29/2015 11:49:22,0,3,899.0000,6.0000,1111.0000,1.0000
29-12-2015 11:49:22.061,Si75250BA6,12/29/2015 11:49:22,1,3,845.0000,1.0000,1139.0000,6.0000
29-12-2015 11:49:22.061,Si75250BA6,12/29/2015 11:49:22,2,3,1.0000,75.0000,500000.0000,1.0000
29-12-2015 11:51:18.092,Si75250BA6,12/29/2015 11:51:18,0,3,915.0000,6.0000,1111.0000,1.0000
29-12-2015 11:51:18.092,Si75250BA6,12/29/2015 11:51:18,1,3,845.0000,1.0000,1155.0000,6.0000
29-12-2015 11:51:18.093,Si75250BA6,12/29/2015 11:51:18,2,3,1.0000,75.0000,500000.0000,1.0000
29-12-2015 11:52:34.073,Si75250BA6,12/29/2015 11:52:34,0,3,899.0000,6.0000,1111.0000,1.0000
29-12-2015 11:52:34.073,Si75250BA6,12/29/2015 11:52:34,1,3,845.0000,1.0000,1139.0000,6.0000
29-12-2015 11:52:34.074,Si75250BA6,12/29/2015 11:52:34,2,3,1.0000,75.0000,500000.0000,1.0000
29-12-2015 11:52:59.732,Si75250BA6,12/29/2015 11:52:59,0,3,916.0000,6.0000,1111.0000,1.0000
29-12-2015 11:52:59.732,Si75250BA6,12/29/2015 11:52:59,1,3,845.0000,1.0000,1156.0000,6.0000
29-12-2015 11:52:59.732,Si75250BA6,12/29/2015 11:52:59,2,3,1.0000,75.0000,500000.0000,1.0000
29-12-2015 11:54:39.520,Si75250BA6,12/29/2015 11:54:39,0,3,937.0000,6.0000,1111.0000,1.0000
29-12-2015 11:54:39.520,Si75250BA6,12/29/2015 11:54:39,1,3,845.0000,1.0000,1177.0000,6.0000
29-12-2015 11:54:39.521,Si75250BA6,12/29/2015 11:54:39,2,3,1.0000,75.0000,500000.0000,1.0000
29-12-2015 11:54:39.831,Si75250BA6,12/29/2015 11:54:39,0,3,952.0000,6.0000,1111.0000,1.0000
29-12-2015 11:54:39.831,Si75250BA6,12/29/2015 11:54:39,1,3,845.0000,1.0000,1192.0000,6.0000
29-12-2015 11:54:39.832,Si75250BA6,12/29/2015 11:54:39,2,3,1.0000,75.0000,500000.0000,1.0000
29-12-2015 11:56:26.161,Si75250BA6,12/29/2015 11:56:26,0,3,967.0000,6.0000,1111.0000,1.0000
29-12-2015 11:56:26.162,Si75250BA6,12/29/2015 11:56:26,1,3,845.0000,1.0000,1207.0000,6.0000
29-12-2015 11:56:26.162,Si75250BA6,12/29/2015 11:56:26,2,3,1.0000,75.0000,500000.0000,1.0000
29-12-2015 11:58:42.117,Si75250BA6,12/29/2015 11:58:42,0,3,952.0000,6.0000,1111.0000,1.0000
29-12-2015 11:58:42.117,Si75250BA6,12/29/2015 11:58:42,1,3,845.0000,1.0000,1192.0000,6.0000
29-12-2015 11:58:42.117,Si75250BA6,12/29/2015 11:58:42,2,3,1.0000,75.0000,500000.0000,1.0000
29-12-2015 12:01:45.624,Si75250BA6,12/29/2015 12:01:45,0,3,968.0000,6.0000,1111.0000,1.0000
29-12-2015 12:01:45.624,Si75250BA6,12/29/2015 12:01:45,1,3,845.0000,1.0000,1208.0000,6.0000
29-12-2015 12:01:45.625,Si75250BA6,12/29/2015 12:01:45,2,3,1.0000,75.0000,500000.0000,1.0000
29-12-2015 12:03:45.263,Si75250BA6,12/29/2015 12:03:45,0,3,951.0000,6.0000,1111.0000,1.0000
29-12-2015 12:03:45.264,Si75250BA6,12/29/2015 12:03:45,1,3,845.0000,1.0000,1191.0000,6.0000
29-12-2015 12:03:45.264,Si75250BA6,12/29/2015 12:03:45,2,3,1.0000,75.0000,500000.0000,1.0000
29-12-2015 12:06:42.777,Si75250BA6,12/29/2015 12:06:42,0,3,966.0000,6.0000,1111.0000,1.0000
29-12-2015 12:06:42.777,Si75250BA6,12/29/2015 12:06:42,1,3,845.0000,1.0000,1206.0000,6.0000
29-12-2015 12:06:42.778,Si75250BA6,12/29/2015 12:06:42,2,3,1.0000,75.0000,500000.0000,1.0000
29-12-2015 12:11:51.470,Si75250BA6,12/29/2015 12:11:51,0,3,951.0000,6.0000,1111.0000,1.0000
29-12-2015 12:11:51.470,Si75250BA6,12/29/2015 12:11:51,1,3,845.0000,1.0000,1191.0000,6.0000
29-12-2015 12:11:51.471,Si75250BA6,12/29/2015 12:11:51,2,3,1.0000,75.0000,500000.0000,1.0000
29-12-2015 12:12:28.614,Si75250BA6,12/29/2015 12:12:28,0,3,935.0000,6.0000,1111.0000,1.0000
29-12-2015 12:12:28.614,Si75250BA6,12/29/2015 12:12:28,1,3,845.0000,1.0000,1175.0000,6.0000
29-12-2015 12:12:28.614,Si75250BA6,12/29/2015 12:12:28,2,3,1.0000,75.0000,500000.0000,1.0000
29-12-2015 12:14:27.463,Si75250BA6,12/29/2015 12:14:27,0,3,950.0000,6.0000,1111.0000,1.0000
29-12-2015 12:14:27.464,Si75250BA6,12/29/2015 12:14:27,1,3,845.0000,1.0000,1190.0000,6.0000
29-12-2015 12:14:27.464,Si75250BA6,12/29/2015 12:14:27,2,3,1.0000,75.0000,500000.0000,1.0000
29-12-2015 12:23:57.054,Si75250BA6,12/29/2015 12:23:57,0,3,934.0000,6.0000,1111.0000,1.0000
29-12-2015 12:23:57.055,Si75250BA6,12/29/2015 12:23:57,1,3,845.0000,1.0000,1174.0000,6.0000
29-12-2015 12:23:57.056,Si75250BA6,12/29/2015 12:23:57,2,3,1.0000,75.0000,500000.0000,1.0000
29-12-2015 12:27:34.593,Si75250BA6,12/29/2015 12:27:34,0,3,919.0000,6.0000,1111.0000,1.0000
29-12-2015 12:27:34.595,Si75250BA6,12/29/2015 12:27:34,1,3,845.0000,1.0000,1159.0000,6.0000
29-12-2015 12:27:34.595,Si75250BA6,12/29/2015 12:27:34,2,3,1.0000,75.0000,500000.0000,1.0000
29-12-2015 12:37:06.826,Si75250BA6,12/29/2015 12:37:06,0,4,971.0000,3.0000,1111.0000,1.0000
29-12-2015 12:37:06.827,Si75250BA6,12/29/2015 12:37:06,1,4,919.0000,6.0000,1159.0000,6.0000
29-12-2015 12:37:06.827,Si75250BA6,12/29/2015 12:37:06,2,4,845.0000,1.0000,500000.0000,1.0000
29-12-2015 12:38:03.035,Si75250BA6,12/29/2015 12:38:03,0,4,971.0000,3.0000,1111.0000,1.0000
29-12-2015 12:38:03.035,Si75250BA6,12/29/2015 12:38:03,1,4,901.0000,6.0000,1141.0000,6.0000
29-12-2015 12:38:03.036,Si75250BA6,12/29/2015 12:38:03,2,4,845.0000,1.0000,500000.0000,1.0000
29-12-2015 12:41:44.920,Si75250BA6,12/29/2015 12:41:44,0,4,971.0000,3.0000,1111.0000,1.0000
29-12-2015 12:41:44.920,Si75250BA6,12/29/2015 12:41:44,1,4,916.0000,6.0000,1156.0000,6.0000
29-12-2015 12:41:44.920,Si75250BA6,12/29/2015 12:41:44,2,4,845.0000,1.0000,500000.0000,1.0000
29-12-2015 12:43:24.499,Si75250BA6,12/29/2015 12:43:24,0,4,971.0000,3.0000,1111.0000,1.0000
29-12-2015 12:43:24.499,Si75250BA6,12/29/2015 12:43:24,1,4,901.0000,6.0000,1141.0000,6.0000
29-12-2015 12:43:24.500,Si75250BA6,12/29/2015 12:43:24,2,4,845.0000,1.0000,500000.0000,1.0000
29-12-2015 12:43:24.983,Si75250BA6,12/29/2015 12:43:24,0,4,956.0000,3.0000,1111.0000,1.0000
29-12-2015 12:43:24.983,Si75250BA6,12/29/2015 12:43:24,1,4,901.0000,6.0000,1141.0000,6.0000
29-12-2015 12:43:24.984,Si75250BA6,12/29/2015 12:43:24,2,4,845.0000,1.0000,500000.0000,1.0000
29-12-2015 12:46:01.151,Si75250BA6,12/29/2015 12:46:01,0,4,972.0000,3.0000,1111.0000,1.0000
29-12-2015 12:46:01.151,Si75250BA6,12/29/2015 12:46:01,1,4,901.0000,6.0000,1141.0000,6.0000
29-12-2015 12:46:01.152,Si75250BA6,12/29/2015 12:46:01,2,4,845.0000,1.0000,500000.0000,1.0000
29-12-2015 12:55:21.866,Si75250BA6,12/29/2015 12:55:21,0,4,957.0000,3.0000,1111.0000,1.0000
29-12-2015 12:55:21.866,Si75250BA6,12/29/2015 12:55:21,1,4,901.0000,6.0000,1141.0000,6.0000
29-12-2015 12:55:21.866,Si75250BA6,12/29/2015 12:55:21,2,4,845.0000,1.0000,500000.0000,1.0000
29-12-2015 12:56:17.703,Si75250BA6,12/29/2015 12:56:17,0,4,957.0000,3.0000,1111.0000,1.0000
29-12-2015 12:56:17.704,Si75250BA6,12/29/2015 12:56:17,1,4,882.0000,6.0000,1122.0000,6.0000
29-12-2015 12:56:17.704,Si75250BA6,12/29/2015 12:56:17,2,4,845.0000,1.0000,500000.0000,1.0000
29-12-2015 12:56:29.226,Si75250BA6,12/29/2015 12:56:29,0,4,942.0000,3.0000,1111.0000,1.0000
29-12-2015 12:56:29.226,Si75250BA6,12/29/2015 12:56:29,1,4,882.0000,6.0000,1122.0000,6.0000
29-12-2015 12:56:29.227,Si75250BA6,12/29/2015 12:56:29,2,4,845.0000,1.0000,500000.0000,1.0000
29-12-2015 12:56:54.433,Si75250BA6,12/29/2015 12:56:54,0,4,942.0000,3.0000,1106.0000,6.0000
29-12-2015 12:56:54.433,Si75250BA6,12/29/2015 12:56:54,1,4,866.0000,6.0000,1111.0000,1.0000
29-12-2015 12:56:54.434,Si75250BA6,12/29/2015 12:56:54,2,4,845.0000,1.0000,500000.0000,1.0000
29-12-2015 12:56:54.719,Si75250BA6,12/29/2015 12:56:54,0,4,928.0000,3.0000,1106.0000,6.0000
29-12-2015 12:56:54.719,Si75250BA6,12/29/2015 12:56:54,1,4,866.0000,6.0000,1111.0000,1.0000
29-12-2015 12:56:54.719,Si75250BA6,12/29/2015 12:56:54,2,4,845.0000,1.0000,500000.0000,1.0000
29-12-2015 12:57:01.028,Si75250BA6,12/29/2015 12:57:01,0,4,928.0000,3.0000,1111.0000,1.0000
29-12-2015 12:57:01.028,Si75250BA6,12/29/2015 12:57:01,1,4,885.0000,6.0000,1125.0000,6.0000
29-12-2015 12:57:01.028,Si75250BA6,12/29/2015 12:57:01,2,4,845.0000,1.0000,500000.0000,1.0000
29-12-2015 12:57:01.035,Si75250BA6,12/29/2015 12:57:01,0,4,944.0000,3.0000,1111.0000,1.0000
29-12-2015 12:57:01.035,Si75250BA6,12/29/2015 12:57:01,1,4,885.0000,6.0000,1125.0000,6.0000
29-12-2015 12:57:01.036,Si75250BA6,12/29/2015 12:57:01,2,4,845.0000,1.0000,500000.0000,1.0000
29-12-2015 12:57:09.556,Si75250BA6,12/29/2015 12:57:09,0,4,944.0000,3.0000,1110.0000,6.0000
29-12-2015 12:57:09.556,Si75250BA6,12/29/2015 12:57:09,1,4,870.0000,6.0000,1111.0000,1.0000
29-12-2015 12:57:09.557,Si75250BA6,12/29/2015 12:57:09,2,4,845.0000,1.0000,500000.0000,1.0000
29-12-2015 12:58:20.259,Si75250BA6,12/29/2015 12:58:20,0,4,944.0000,3.0000,1111.0000,1.0000
29-12-2015 12:58:20.260,Si75250BA6,12/29/2015 12:58:20,1,4,889.0000,6.0000,1129.0000,6.0000
29-12-2015 12:58:20.260,Si75250BA6,12/29/2015 12:58:20,2,4,845.0000,1.0000,500000.0000,1.0000
29-12-2015 12:58:31.042,Si75250BA6,12/29/2015 12:58:31,0,4,966.0000,3.0000,1111.0000,1.0000
29-12-2015 12:58:31.042,Si75250BA6,12/29/2015 12:58:31,1,4,889.0000,6.0000,1129.0000,6.0000
29-12-2015 12:58:31.042,Si75250BA6,12/29/2015 12:58:31,2,4,845.0000,1.0000,500000.0000,1.0000
29-12-2015 12:58:31.169,Si75250BA6,12/29/2015 12:58:31,0,4,966.0000,3.0000,1111.0000,1.0000
29-12-2015 12:58:31.170,Si75250BA6,12/29/2015 12:58:31,1,4,905.0000,6.0000,1145.0000,6.0000
29-12-2015 12:58:31.170,Si75250BA6,12/29/2015 12:58:31,2,4,845.0000,1.0000,500000.0000,1.0000
29-12-2015 12:59:49.061,Si75250BA6,12/29/2015 12:59:49,0,4,966.0000,3.0000,1111.0000,1.0000
29-12-2015 12:59:49.062,Si75250BA6,12/29/2015 12:59:49,1,4,889.0000,6.0000,1129.0000,6.0000
29-12-2015 12:59:49.062,Si75250BA6,12/29/2015 12:59:49,2,4,845.0000,1.0000,500000.0000,1.0000
29-12-2015 12:59:51.494,Si75250BA6,12/29/2015 12:59:51,0,4,951.0000,3.0000,1111.0000,1.0000
29-12-2015 12:59:51.494,Si75250BA6,12/29/2015 12:59:51,1,4,889.0000,6.0000,1129.0000,6.0000
29-12-2015 12:59:51.495,Si75250BA6,12/29/2015 12:59:51,2,4,845.0000,1.0000,500000.0000,1.0000
29-12-2015 13:01:49.741,Si75250BA6,12/29/2015 13:01:49,0,4,966.0000,3.0000,1111.0000,1.0000
29-12-2015 13:01:49.741,Si75250BA6,12/29/2015 13:01:49,1,4,889.0000,6.0000,1129.0000,6.0000
29-12-2015 13:01:49.741,Si75250BA6,12/29/2015 13:01:49,2,4,845.0000,1.0000,500000.0000,1.0000
29-12-2015 13:02:51.187,Si75250BA6,12/29/2015 13:02:51,0,4,949.0000,3.0000,1111.0000,1.0000
29-12-2015 13:02:51.187,Si75250BA6,12/29/2015 13:02:51,1,4,889.0000,6.0000,1129.0000,6.0000
29-12-2015 13:02:51.187,Si75250BA6,12/29/2015 13:02:51,2,4,845.0000,1.0000,500000.0000,1.0000
29-12-2015 13:05:40.918,Si75250BA6,12/29/2015 13:05:40,0,4,964.0000,3.0000,1111.0000,1.0000
29-12-2015 13:05:40.918,Si75250BA6,12/29/2015 13:05:40,1,4,889.0000,6.0000,1129.0000,6.0000
29-12-2015 13:05:40.919,Si75250BA6,12/29/2015 13:05:40,2,4,845.0000,1.0000,500000.0000,1.0000
29-12-2015 13:06:15.211,Si75250BA6,12/29/2015 13:06:15,0,4,964.0000,3.0000,1111.0000,1.0000
29-12-2015 13:06:15.212,Si75250BA6,12/29/2015 13:06:15,1,4,904.0000,6.0000,1144.0000,6.0000
29-12-2015 13:06:15.212,Si75250BA6,12/29/2015 13:06:15,2,4,845.0000,1.0000,500000.0000,1.0000
29-12-2015 13:10:30.845,Si75250BA6,12/29/2015 13:10:30,0,4,964.0000,3.0000,1111.0000,1.0000
29-12-2015 13:10:30.845,Si75250BA6,12/29/2015 13:10:30,1,4,920.0000,6.0000,1160.0000,6.0000
29-12-2015 13:10:30.845,Si75250BA6,12/29/2015 13:10:30,2,4,845.0000,1.0000,500000.0000,1.0000
29-12-2015 13:10:32.936,Si75250BA6,12/29/2015 13:10:32,0,4,983.0000,3.0000,1111.0000,1.0000
29-12-2015 13:10:32.936,Si75250BA6,12/29/2015 13:10:32,1,4,920.0000,6.0000,1160.0000,6.0000
29-12-2015 13:10:32.936,Si75250BA6,12/29/2015 13:10:32,2,4,845.0000,1.0000,500000.0000,1.0000
29-12-2015 13:30:02.200,Si75250BA6,12/29/2015 13:30:02,0,4,969.0000,3.0000,1111.0000,1.0000
29-12-2015 13:30:02.200,Si75250BA6,12/29/2015 13:30:02,1,4,920.0000,6.0000,1160.0000,6.0000
29-12-2015 13:30:02.200,Si75250BA6,12/29/2015 13:30:02,2,4,845.0000,1.0000,500000.0000,1.0000
29-12-2015 13:30:34.859,Si75250BA6,12/29/2015 13:30:34,0,4,969.0000,3.0000,1111.0000,1.0000
29-12-2015 13:30:34.859,Si75250BA6,12/29/2015 13:30:34,1,4,904.0000,6.0000,1144.0000,6.0000
29-12-2015 13:30:34.860,Si75250BA6,12/29/2015 13:30:34,2,4,845.0000,1.0000,500000.0000,1.0000
29-12-2015 13:30:49.163,Si75250BA6,12/29/2015 13:30:49,0,4,954.0000,3.0000,1111.0000,1.0000
29-12-2015 13:30:49.164,Si75250BA6,12/29/2015 13:30:49,1,4,904.0000,6.0000,1144.0000,6.0000
29-12-2015 13:30:49.164,Si75250BA6,12/29/2015 13:30:49,2,4,845.0000,1.0000,500000.0000,1.0000
29-12-2015 13:31:01.355,Si75250BA6,12/29/2015 13:31:01,0,4,954.0000,3.0000,1111.0000,1.0000
29-12-2015 13:31:01.355,Si75250BA6,12/29/2015 13:31:01,1,4,888.0000,6.0000,1128.0000,6.0000
29-12-2015 13:31:01.356,Si75250BA6,12/29/2015 13:31:01,2,4,845.0000,1.0000,500000.0000,1.0000
29-12-2015 13:32:57.123,Si75250BA6,12/29/2015 13:32:57,0,3,888.0000,6.0000,1111.0000,1.0000
29-12-2015 13:32:57.124,Si75250BA6,12/29/2015 13:32:57,1,3,845.0000,1.0000,1128.0000,6.0000
29-12-2015 13:32:57.124,Si75250BA6,12/29/2015 13:32:57,2,3,1.0000,75.0000,500000.0000,1.0000
29-12-2015 13:33:10.848,Si75250BA6,12/29/2015 13:33:10,0,3,903.0000,6.0000,1111.0000,1.0000
29-12-2015 13:33:10.848,Si75250BA6,12/29/2015 13:33:10,1,3,845.0000,1.0000,1143.0000,6.0000
29-12-2015 13:33:10.848,Si75250BA6,12/29/2015 13:33:10,2,3,1.0000,75.0000,500000.0000,1.0000
29-12-2015 13:38:42.902,Si75250BA6,12/29/2015 13:38:42,0,3,887.0000,6.0000,1111.0000,1.0000
29-12-2015 13:38:42.903,Si75250BA6,12/29/2015 13:38:42,1,3,845.0000,1.0000,1127.0000,6.0000
29-12-2015 13:38:42.903,Si75250BA6,12/29/2015 13:38:42,2,3,1.0000,75.0000,500000.0000,1.0000
29-12-2015 13:40:07.749,Si75250BA6,12/29/2015 13:40:07,0,3,872.0000,6.0000,1111.0000,1.0000
29-12-2015 13:40:07.749,Si75250BA6,12/29/2015 13:40:07,1,3,845.0000,1.0000,1112.0000,6.0000
29-12-2015 13:40:07.749,Si75250BA6,12/29/2015 13:40:07,2,3,1.0000,75.0000,500000.0000,1.0000
29-12-2015 13:42:40.946,Si75250BA6,12/29/2015 13:42:40,0,3,890.0000,6.0000,1111.0000,1.0000
29-12-2015 13:42:40.946,Si75250BA6,12/29/2015 13:42:40,1,3,845.0000,1.0000,1130.0000,6.0000
29-12-2015 13:42:40.947,Si75250BA6,12/29/2015 13:42:40,2,3,1.0000,75.0000,500000.0000,1.0000
29-12-2015 13:43:03.990,Si75250BA6,12/29/2015 13:43:03,0,3,906.0000,6.0000,1111.0000,1.0000
29-12-2015 13:43:03.990,Si75250BA6,12/29/2015 13:43:03,1,3,845.0000,1.0000,1146.0000,6.0000
29-12-2015 13:43:03.990,Si75250BA6,12/29/2015 13:43:03,2,3,1.0000,75.0000,500000.0000,1.0000
29-12-2015 13:49:52.590,Si75250BA6,12/29/2015 13:49:52,0,3,922.0000,6.0000,1111.0000,1.0000
29-12-2015 13:49:52.590,Si75250BA6,12/29/2015 13:49:52,1,3,845.0000,1.0000,1162.0000,6.0000
29-12-2015 13:49:52.591,Si75250BA6,12/29/2015 13:49:52,2,3,1.0000,75.0000,500000.0000,1.0000
29-12-2015 13:58:40.140,Si75250BA6,12/29/2015 13:58:40,0,3,907.0000,6.0000,1111.0000,1.0000
29-12-2015 13:58:40.140,Si75250BA6,12/29/2015 13:58:40,1,3,845.0000,1.0000,1147.0000,6.0000
29-12-2015 13:58:40.141,Si75250BA6,12/29/2015 13:58:40,2,3,1.0000,75.0000,500000.0000,1.0000
29-12-2015 14:29:20.065,Si75250BA6,12/29/2015 14:29:20,0,3,845.0000,1.0000,1111.0000,1.0000
29-12-2015 14:29:20.066,Si75250BA6,12/29/2015 14:29:20,1,3,1.0000,75.0000,1147.0000,6.0000
29-12-2015 14:29:20.066,Si75250BA6,12/29/2015 14:29:20,2,3,0.0000,0.0000,500000.0000,1.0000
29-12-2015 14:29:20.174,Si75250BA6,12/29/2015 14:29:20,0,2,845.0000,1.0000,1111.0000,1.0000
29-12-2015 14:29:20.174,Si75250BA6,12/29/2015 14:29:20,1,2,1.0000,75.0000,500000.0000,1.0000
29-12-2015 14:51:26.410,Si75250BA6,12/29/2015 14:51:26,0,3,934.0000,6.0000,1111.0000,1.0000
29-12-2015 14:51:26.411,Si75250BA6,12/29/2015 14:51:26,1,3,845.0000,1.0000,500000.0000,1.0000
29-12-2015 14:51:26.411,Si75250BA6,12/29/2015 14:51:26,2,3,1.0000,75.0000,0.0000,0.0000
29-12-2015 14:51:26.456,Si75250BA6,12/29/2015 14:51:26,0,3,934.0000,6.0000,1111.0000,1.0000
29-12-2015 14:51:26.456,Si75250BA6,12/29/2015 14:51:26,1,3,845.0000,1.0000,1174.0000,6.0000
29-12-2015 14:51:26.456,Si75250BA6,12/29/2015 14:51:26,2,3,1.0000,75.0000,500000.0000,1.0000
29-12-2015 15:02:45.239,Si75250BA6,12/29/2015 15:02:45,0,3,950.0000,6.0000,1111.0000,1.0000
29-12-2015 15:02:45.240,Si75250BA6,12/29/2015 15:02:45,1,3,845.0000,1.0000,1190.0000,6.0000
29-12-2015 15:02:45.242,Si75250BA6,12/29/2015 15:02:45,2,3,1.0000,75.0000,500000.0000,1.0000
29-12-2015 15:03:24.174,Si75250BA6,12/29/2015 15:03:24,0,4,1050.0000,1.0000,1111.0000,1.0000
29-12-2015 15:03:24.175,Si75250BA6,12/29/2015 15:03:24,1,4,950.0000,6.0000,1190.0000,6.0000
29-12-2015 15:03:24.175,Si75250BA6,12/29/2015 15:03:24,2,4,845.0000,1.0000,500000.0000,1.0000
29-12-2015 15:08:08.010,Si75250BA6,12/29/2015 15:08:08,0,4,1050.0000,1.0000,1111.0000,1.0000
29-12-2015 15:08:08.011,Si75250BA6,12/29/2015 15:08:08,1,4,935.0000,6.0000,1175.0000,6.0000
29-12-2015 15:08:08.011,Si75250BA6,12/29/2015 15:08:08,2,4,845.0000,1.0000,500000.0000,1.0000
29-12-2015 15:09:41.895,Si75250BA6,12/29/2015 15:09:41,0,4,1050.0000,1.0000,1111.0000,1.0000
29-12-2015 15:09:41.896,Si75250BA6,12/29/2015 15:09:41,1,4,920.0000,6.0000,1160.0000,6.0000
29-12-2015 15:09:41.896,Si75250BA6,12/29/2015 15:09:41,2,4,845.0000,1.0000,500000.0000,1.0000
29-12-2015 15:12:00.348,Si75250BA6,12/29/2015 15:12:00,0,4,1050.0000,1.0000,1111.0000,1.0000
29-12-2015 15:12:00.348,Si75250BA6,12/29/2015 15:12:00,1,4,903.0000,6.0000,1143.0000,6.0000
29-12-2015 15:12:00.348,Si75250BA6,12/29/2015 15:12:00,2,4,845.0000,1.0000,500000.0000,1.0000
29-12-2015 15:20:03.783,Si75250BA6,12/29/2015 15:20:03,0,4,1050.0000,1.0000,1111.0000,1.0000
29-12-2015 15:20:03.783,Si75250BA6,12/29/2015 15:20:03,1,4,918.0000,6.0000,1158.0000,6.0000
29-12-2015 15:20:03.784,Si75250BA6,12/29/2015 15:20:03,2,4,845.0000,1.0000,500000.0000,1.0000
29-12-2015 15:20:57.042,Si75250BA6,12/29/2015 15:20:57,0,4,1050.0000,1.0000,1111.0000,1.0000
29-12-2015 15:20:57.042,Si75250BA6,12/29/2015 15:20:57,1,4,903.0000,6.0000,1143.0000,6.0000
29-12-2015 15:20:57.043,Si75250BA6,12/29/2015 15:20:57,2,4,845.0000,1.0000,500000.0000,1.0000
29-12-2015 15:25:50.811,Si75250BA6,12/29/2015 15:25:50,0,4,1050.0000,1.0000,1111.0000,1.0000
29-12-2015 15:25:50.811,Si75250BA6,12/29/2015 15:25:50,1,4,920.0000,6.0000,1160.0000,6.0000
29-12-2015 15:25:50.811,Si75250BA6,12/29/2015 15:25:50,2,4,845.0000,1.0000,500000.0000,1.0000
29-12-2015 15:32:21.521,Si75250BA6,12/29/2015 15:32:21,0,3,1050.0000,1.0000,1111.0000,1.0000
29-12-2015 15:32:21.522,Si75250BA6,12/29/2015 15:32:21,1,3,845.0000,1.0000,1160.0000,6.0000
29-12-2015 15:32:21.522,Si75250BA6,12/29/2015 15:32:21,2,3,1.0000,75.0000,500000.0000,1.0000
29-12-2015 15:32:21.541,Si75250BA6,12/29/2015 15:32:21,0,3,1050.0000,1.0000,1111.0000,1.0000
29-12-2015 15:32:21.541,Si75250BA6,12/29/2015 15:32:21,1,3,845.0000,1.0000,500000.0000,1.0000
29-12-2015 15:32:21.542,Si75250BA6,12/29/2015 15:32:21,2,3,1.0000,75.0000,0.0000,0.0000
29-12-2015 15:35:12.415,Si75250BA6,12/29/2015 15:35:12,0,4,1050.0000,1.0000,1111.0000,1.0000
29-12-2015 15:35:12.415,Si75250BA6,12/29/2015 15:35:12,1,4,928.0000,6.0000,500000.0000,1.0000
29-12-2015 15:35:12.416,Si75250BA6,12/29/2015 15:35:12,2,4,845.0000,1.0000,0.0000,0.0000
29-12-2015 15:35:12.423,Si75250BA6,12/29/2015 15:35:12,0,4,1050.0000,1.0000,1111.0000,1.0000
29-12-2015 15:35:12.424,Si75250BA6,12/29/2015 15:35:12,1,4,928.0000,6.0000,1168.0000,6.0000
29-12-2015 15:35:12.424,Si75250BA6,12/29/2015 15:35:12,2,4,845.0000,1.0000,500000.0000,1.0000
29-12-2015 15:35:41.835,Si75250BA6,12/29/2015 15:35:41,0,4,1050.0000,1.0000,1111.0000,1.0000
29-12-2015 15:35:41.836,Si75250BA6,12/29/2015 15:35:41,1,4,912.0000,6.0000,1152.0000,6.0000
29-12-2015 15:35:41.836,Si75250BA6,12/29/2015 15:35:41,2,4,845.0000,1.0000,500000.0000,1.0000
29-12-2015 15:43:01.027,Si75250BA6,12/29/2015 15:43:01,0,4,1050.0000,1.0000,1111.0000,1.0000
29-12-2015 15:43:01.027,Si75250BA6,12/29/2015 15:43:01,1,4,897.0000,6.0000,1137.0000,6.0000
29-12-2015 15:43:01.027,Si75250BA6,12/29/2015 15:43:01,2,4,845.0000,1.0000,500000.0000,1.0000
29-12-2015 15:44:17.452,Si75250BA6,12/29/2015 15:44:17,0,3,897.0000,6.0000,1111.0000,1.0000
29-12-2015 15:44:17.452,Si75250BA6,12/29/2015 15:44:17,1,3,845.0000,1.0000,1137.0000,6.0000
29-12-2015 15:44:17.452,Si75250BA6,12/29/2015 15:44:17,2,3,1.0000,75.0000,500000.0000,1.0000
29-12-2015 15:47:19.352,Si75250BA6,12/29/2015 15:47:19,0,3,882.0000,6.0000,1111.0000,1.0000
29-12-2015 15:47:19.352,Si75250BA6,12/29/2015 15:47:19,1,3,845.0000,1.0000,1122.0000,6.0000
29-12-2015 15:47:19.353,Si75250BA6,12/29/2015 15:47:19,2,3,1.0000,75.0000,500000.0000,1.0000
29-12-2015 15:50:38.976,Si75250BA6,12/29/2015 15:50:38,0,3,905.0000,6.0000,1111.0000,1.0000
29-12-2015 15:50:38.977,Si75250BA6,12/29/2015 15:50:38,1,3,845.0000,1.0000,1145.0000,6.0000
29-12-2015 15:50:38.977,Si75250BA6,12/29/2015 15:50:38,2,3,1.0000,75.0000,500000.0000,1.0000
29-12-2015 15:52:40.623,Si75250BA6,12/29/2015 15:52:40,0,3,890.0000,6.0000,1111.0000,1.0000
29-12-2015 15:52:40.623,Si75250BA6,12/29/2015 15:52:40,1,3,845.0000,1.0000,1130.0000,6.0000
29-12-2015 15:52:40.624,Si75250BA6,12/29/2015 15:52:40,2,3,1.0000,75.0000,500000.0000,1.0000
29-12-2015 15:54:39.935,Si75250BA6,12/29/2015 15:54:39,0,3,905.0000,6.0000,1111.0000,1.0000
29-12-2015 15:54:39.936,Si75250BA6,12/29/2015 15:54:39,1,3,845.0000,1.0000,1145.0000,6.0000
29-12-2015 15:54:39.936,Si75250BA6,12/29/2015 15:54:39,2,3,1.0000,75.0000,500000.0000,1.0000
29-12-2015 16:01:59.945,Si75250BA6,12/29/2015 16:01:59,0,3,890.0000,6.0000,1111.0000,1.0000
29-12-2015 16:01:59.946,Si75250BA6,12/29/2015 16:01:59,1,3,845.0000,1.0000,1130.0000,6.0000
29-12-2015 16:01:59.946,Si75250BA6,12/29/2015 16:01:59,2,3,1.0000,75.0000,500000.0000,1.0000
29-12-2015 16:03:13.059,Si75250BA6,12/29/2015 16:03:13,0,2,845.0000,1.0000,1111.0000,1.0000
29-12-2015 16:03:13.060,Si75250BA6,12/29/2015 16:03:13,1,2,1.0000,75.0000,500000.0000,1.0000
29-12-2015 16:06:30.361,Si75250BA6,12/29/2015 16:06:30,0,3,879.0000,6.0000,1111.0000,1.0000
29-12-2015 16:06:30.362,Si75250BA6,12/29/2015 16:06:30,1,3,845.0000,1.0000,500000.0000,1.0000
29-12-2015 16:06:30.363,Si75250BA6,12/29/2015 16:06:30,2,3,1.0000,75.0000,0.0000,0.0000
29-12-2015 16:06:30.372,Si75250BA6,12/29/2015 16:06:30,0,3,879.0000,6.0000,1111.0000,1.0000
29-12-2015 16:06:30.373,Si75250BA6,12/29/2015 16:06:30,1,3,845.0000,1.0000,1119.0000,6.0000
29-12-2015 16:06:30.373,Si75250BA6,12/29/2015 16:06:30,2,3,1.0000,75.0000,500000.0000,1.0000
29-12-2015 16:08:25.782,Si75250BA6,12/29/2015 16:08:25,0,3,864.0000,6.0000,1104.0000,6.0000
29-12-2015 16:08:25.783,Si75250BA6,12/29/2015 16:08:25,1,3,845.0000,1.0000,1111.0000,1.0000
29-12-2015 16:08:25.783,Si75250BA6,12/29/2015 16:08:25,2,3,1.0000,75.0000,500000.0000,1.0000
29-12-2015 16:08:56.788,Si75250BA6,12/29/2015 16:08:56,0,3,880.0000,6.0000,1111.0000,1.0000
29-12-2015 16:08:56.788,Si75250BA6,12/29/2015 16:08:56,1,3,845.0000,1.0000,1120.0000,6.0000
29-12-2015 16:08:56.788,Si75250BA6,12/29/2015 16:08:56,2,3,1.0000,75.0000,500000.0000,1.0000
29-12-2015 16:10:20.429,Si75250BA6,12/29/2015 16:10:20,0,3,865.0000,6.0000,1105.0000,6.0000
29-12-2015 16:10:20.430,Si75250BA6,12/29/2015 16:10:20,1,3,845.0000,1.0000,1111.0000,1.0000
29-12-2015 16:10:20.430,Si75250BA6,12/29/2015 16:10:20,2,3,1.0000,75.0000,500000.0000,1.0000
29-12-2015 16:12:49.415,Si75250BA6,12/29/2015 16:12:49,0,3,845.0000,1.0000,1083.0000,6.0000
29-12-2015 16:12:49.415,Si75250BA6,12/29/2015 16:12:49,1,3,843.0000,6.0000,1111.0000,1.0000
29-12-2015 16:12:49.416,Si75250BA6,12/29/2015 16:12:49,2,3,1.0000,75.0000,500000.0000,1.0000
29-12-2015 16:13:52.209,Si75250BA6,12/29/2015 16:13:52,0,3,845.0000,1.0000,1066.0000,6.0000
29-12-2015 16:13:52.209,Si75250BA6,12/29/2015 16:13:52,1,3,826.0000,6.0000,1111.0000,1.0000
29-12-2015 16:13:52.210,Si75250BA6,12/29/2015 16:13:52,2,3,1.0000,75.0000,500000.0000,1.0000
29-12-2015 16:21:56.676,Si75250BA6,12/29/2015 16:21:56,0,3,845.0000,1.0000,1039.0000,6.0000
29-12-2015 16:21:56.677,Si75250BA6,12/29/2015 16:21:56,1,3,799.0000,6.0000,1111.0000,1.0000
29-12-2015 16:21:56.677,Si75250BA6,12/29/2015 16:21:56,2,3,1.0000,75.0000,500000.0000,1.0000
29-12-2015 16:21:57.000,Si75250BA6,12/29/2015 16:21:56,0,3,845.0000,1.0000,1058.0000,6.0000
29-12-2015 16:21:57.000,Si75250BA6,12/29/2015 16:21:57,1,3,818.0000,6.0000,1111.0000,1.0000
29-12-2015 16:21:57.001,Si75250BA6,12/29/2015 16:21:57,2,3,1.0000,75.0000,500000.0000,1.0000
29-12-2015 16:22:35.037,Si75250BA6,12/29/2015 16:22:35,0,3,845.0000,1.0000,1043.0000,6.0000
29-12-2015 16:22:35.038,Si75250BA6,12/29/2015 16:22:35,1,3,803.0000,6.0000,1111.0000,1.0000
29-12-2015 16:22:35.041,Si75250BA6,12/29/2015 16:22:35,2,3,1.0000,75.0000,500000.0000,1.0000
29-12-2015 16:23:14.693,Si75250BA6,12/29/2015 16:23:14,0,3,845.0000,1.0000,1081.0000,6.0000
29-12-2015 16:23:14.693,Si75250BA6,12/29/2015 16:23:14,1,3,841.0000,6.0000,1111.0000,1.0000
29-12-2015 16:23:14.693,Si75250BA6,12/29/2015 16:23:14,2,3,1.0000,75.0000,500000.0000,1.0000
29-12-2015 16:23:27.148,Si75250BA6,12/29/2015 16:23:27,0,3,845.0000,1.0000,1078.0000,6.0000
29-12-2015 16:23:27.149,Si75250BA6,12/29/2015 16:23:27,1,3,838.0000,6.0000,1111.0000,1.0000
29-12-2015 16:23:27.150,Si75250BA6,12/29/2015 16:23:27,2,3,1.0000,75.0000,500000.0000,1.0000
29-12-2015 16:24:06.373,Si75250BA6,12/29/2015 16:24:06,0,3,854.0000,6.0000,1094.0000,6.0000
29-12-2015 16:24:06.373,Si75250BA6,12/29/2015 16:24:06,1,3,845.0000,1.0000,1111.0000,1.0000
29-12-2015 16:24:06.374,Si75250BA6,12/29/2015 16:24:06,2,3,1.0000,75.0000,500000.0000,1.0000
29-12-2015 16:24:55.136,Si75250BA6,12/29/2015 16:24:55,0,3,869.0000,6.0000,1109.0000,6.0000
29-12-2015 16:24:55.136,Si75250BA6,12/29/2015 16:24:55,1,3,845.0000,1.0000,1111.0000,1.0000
29-12-2015 16:24:55.137,Si75250BA6,12/29/2015 16:24:55,2,3,1.0000,75.0000,500000.0000,1.0000
29-12-2015 16:27:46.473,Si75250BA6,12/29/2015 16:27:46,0,3,853.0000,6.0000,1093.0000,6.0000
29-12-2015 16:27:46.474,Si75250BA6,12/29/2015 16:27:46,1,3,845.0000,1.0000,1111.0000,1.0000
29-12-2015 16:27:46.474,Si75250BA6,12/29/2015 16:27:46,2,3,1.0000,75.0000,500000.0000,1.0000
29-12-2015 16:30:57.714,Si75250BA6,12/29/2015 16:30:57,0,3,845.0000,1.0000,1078.0000,6.0000
29-12-2015 16:30:57.714,Si75250BA6,12/29/2015 16:30:57,1,3,838.0000,6.0000,1111.0000,1.0000
29-12-2015 16:30:57.715,Si75250BA6,12/29/2015 16:30:57,2,3,1.0000,75.0000,500000.0000,1.0000
29-12-2015 16:34:36.248,Si75250BA6,12/29/2015 16:34:36,0,3,845.0000,1.0000,1057.0000,6.0000
29-12-2015 16:34:36.248,Si75250BA6,12/29/2015 16:34:36,1,3,817.0000,6.0000,1111.0000,1.0000
29-12-2015 16:34:36.249,Si75250BA6,12/29/2015 16:34:36,2,3,1.0000,75.0000,500000.0000,1.0000
29-12-2015 16:35:02.325,Si75250BA6,12/29/2015 16:35:02,0,3,845.0000,1.0000,1077.0000,6.0000
29-12-2015 16:35:02.326,Si75250BA6,12/29/2015 16:35:02,1,3,837.0000,6.0000,1111.0000,1.0000
29-12-2015 16:35:02.326,Si75250BA6,12/29/2015 16:35:02,2,3,1.0000,75.0000,500000.0000,1.0000
29-12-2015 16:35:10.036,Si75250BA6,12/29/2015 16:35:10,0,3,845.0000,1.0000,1061.0000,6.0000
29-12-2015 16:35:10.037,Si75250BA6,12/29/2015 16:35:10,1,3,821.0000,6.0000,1111.0000,1.0000
29-12-2015 16:35:10.037,Si75250BA6,12/29/2015 16:35:10,2,3,1.0000,75.0000,500000.0000,1.0000
29-12-2015 16:36:44.582,Si75250BA6,12/29/2015 16:36:44,0,3,845.0000,1.0000,1046.0000,6.0000
29-12-2015 16:36:44.582,Si75250BA6,12/29/2015 16:36:44,1,3,806.0000,6.0000,1111.0000,1.0000
29-12-2015 16:36:44.582,Si75250BA6,12/29/2015 16:36:44,2,3,1.0000,75.0000,500000.0000,1.0000
29-12-2015 16:37:17.954,Si75250BA6,12/29/2015 16:37:17,0,3,845.0000,1.0000,1063.0000,6.0000
29-12-2015 16:37:17.954,Si75250BA6,12/29/2015 16:37:17,1,3,823.0000,6.0000,1111.0000,1.0000
29-12-2015 16:37:17.955,Si75250BA6,12/29/2015 16:37:17,2,3,1.0000,75.0000,500000.0000,1.0000
29-12-2015 16:43:28.928,Si75250BA6,12/29/2015 16:43:28,0,3,845.0000,1.0000,1044.0000,6.0000
29-12-2015 16:43:28.928,Si75250BA6,12/29/2015 16:43:28,1,3,804.0000,6.0000,1111.0000,1.0000
29-12-2015 16:43:28.928,Si75250BA6,12/29/2015 16:43:28,2,3,1.0000,75.0000,500000.0000,1.0000
29-12-2015 16:45:04.032,Si75250BA6,12/29/2015 16:45:04,0,3,845.0000,1.0000,1029.0000,6.0000
29-12-2015 16:45:04.032,Si75250BA6,12/29/2015 16:45:04,1,3,789.0000,6.0000,1111.0000,1.0000
29-12-2015 16:45:04.032,Si75250BA6,12/29/2015 16:45:04,2,3,1.0000,75.0000,500000.0000,1.0000
29-12-2015 16:45:54.668,Si75250BA6,12/29/2015 16:45:54,0,3,845.0000,1.0000,1044.0000,6.0000
29-12-2015 16:45:54.668,Si75250BA6,12/29/2015 16:45:54,1,3,804.0000,6.0000,1111.0000,1.0000
29-12-2015 16:45:54.669,Si75250BA6,12/29/2015 16:45:54,2,3,1.0000,75.0000,500000.0000,1.0000
29-12-2015 16:46:29.683,Si75250BA6,12/29/2015 16:46:29,0,3,845.0000,1.0000,1027.0000,6.0000
29-12-2015 16:46:29.683,Si75250BA6,12/29/2015 16:46:29,1,3,787.0000,6.0000,1111.0000,1.0000
29-12-2015 16:46:29.684,Si75250BA6,12/29/2015 16:46:29,2,3,1.0000,75.0000,500000.0000,1.0000
29-12-2015 16:48:34.304,Si75250BA6,12/29/2015 16:48:34,0,3,845.0000,1.0000,1043.0000,6.0000
29-12-2015 16:48:34.305,Si75250BA6,12/29/2015 16:48:34,1,3,803.0000,6.0000,1111.0000,1.0000
29-12-2015 16:48:34.306,Si75250BA6,12/29/2015 16:48:34,2,3,1.0000,75.0000,500000.0000,1.0000
29-12-2015 16:50:43.877,Si75250BA6,12/29/2015 16:50:43,0,3,845.0000,1.0000,1064.0000,6.0000
29-12-2015 16:50:43.878,Si75250BA6,12/29/2015 16:50:43,1,3,824.0000,6.0000,1111.0000,1.0000
29-12-2015 16:50:43.878,Si75250BA6,12/29/2015 16:50:43,2,3,1.0000,75.0000,500000.0000,1.0000
29-12-2015 16:59:14.162,Si75250BA6,12/29/2015 16:59:14,0,3,845.0000,1.0000,1048.0000,6.0000
29-12-2015 16:59:14.163,Si75250BA6,12/29/2015 16:59:14,1,3,808.0000,6.0000,1111.0000,1.0000
29-12-2015 16:59:14.163,Si75250BA6,12/29/2015 16:59:14,2,3,1.0000,75.0000,500000.0000,1.0000
29-12-2015 17:14:10.986,Si75250BA6,12/29/2015 17:14:10,0,3,845.0000,1.0000,1026.0000,6.0000
29-12-2015 17:14:10.987,Si75250BA6,12/29/2015 17:14:10,1,3,786.0000,6.0000,1111.0000,1.0000
29-12-2015 17:14:10.987,Si75250BA6,12/29/2015 17:14:10,2,3,1.0000,75.0000,500000.0000,1.0000
29-12-2015 17:15:40.343,Si75250BA6,12/29/2015 17:15:40,0,3,845.0000,1.0000,1009.0000,6.0000
29-12-2015 17:15:40.343,Si75250BA6,12/29/2015 17:15:40,1,3,769.0000,6.0000,1111.0000,1.0000
29-12-2015 17:15:40.344,Si75250BA6,12/29/2015 17:15:40,2,3,1.0000,75.0000,500000.0000,1.0000
29-12-2015 17:16:01.790,Si75250BA6,12/29/2015 17:16:01,0,3,845.0000,1.0000,976.0000,6.0000
29-12-2015 17:16:01.791,Si75250BA6,12/29/2015 17:16:01,1,3,736.0000,6.0000,1111.0000,1.0000
29-12-2015 17:16:01.791,Si75250BA6,12/29/2015 17:16:01,2,3,1.0000,75.0000,500000.0000,1.0000
29-12-2015 17:19:32.256,Si75250BA6,12/29/2015 17:19:32,0,3,845.0000,1.0000,988.0000,6.0000
29-12-2015 17:19:32.256,Si75250BA6,12/29/2015 17:19:32,1,3,748.0000,6.0000,1111.0000,1.0000
29-12-2015 17:19:32.256,Si75250BA6,12/29/2015 17:19:32,2,3,1.0000,75.0000,500000.0000,1.0000
29-12-2015 17:20:54.969,Si75250BA6,12/29/2015 17:20:54,0,3,845.0000,1.0000,1004.0000,6.0000
29-12-2015 17:20:54.969,Si75250BA6,12/29/2015 17:20:54,1,3,764.0000,6.0000,1111.0000,1.0000
29-12-2015 17:20:54.970,Si75250BA6,12/29/2015 17:20:54,2,3,1.0000,75.0000,500000.0000,1.0000
29-12-2015 17:22:28.786,Si75250BA6,12/29/2015 17:22:28,0,3,845.0000,1.0000,987.0000,6.0000
29-12-2015 17:22:28.786,Si75250BA6,12/29/2015 17:22:28,1,3,747.0000,6.0000,1111.0000,1.0000
29-12-2015 17:22:28.786,Si75250BA6,12/29/2015 17:22:28,2,3,1.0000,75.0000,500000.0000,1.0000
29-12-2015 17:23:45.562,Si75250BA6,12/29/2015 17:23:45,0,3,845.0000,1.0000,970.0000,6.0000
29-12-2015 17:23:45.562,Si75250BA6,12/29/2015 17:23:45,1,3,730.0000,6.0000,1111.0000,1.0000
29-12-2015 17:23:45.562,Si75250BA6,12/29/2015 17:23:45,2,3,1.0000,75.0000,500000.0000,1.0000
29-12-2015 17:27:22.335,Si75250BA6,12/29/2015 17:27:22,0,3,695.0000,6.0000,935.0000,6.0000
29-12-2015 17:27:22.335,Si75250BA6,12/29/2015 17:27:22,1,3,1.0000,75.0000,1111.0000,1.0000
29-12-2015 17:27:22.335,Si75250BA6,12/29/2015 17:27:22,2,3,0.0000,0.0000,500000.0000,1.0000
29-12-2015 17:31:21.537,Si75250BA6,12/29/2015 17:31:21,0,3,710.0000,6.0000,950.0000,6.0000
29-12-2015 17:31:21.537,Si75250BA6,12/29/2015 17:31:21,1,3,1.0000,75.0000,1111.0000,1.0000
29-12-2015 17:31:21.538,Si75250BA6,12/29/2015 17:31:21,2,3,0.0000,0.0000,500000.0000,1.0000
29-12-2015 17:32:08.463,Si75250BA6,12/29/2015 17:32:08,0,3,664.0000,6.0000,904.0000,6.0000
29-12-2015 17:32:08.463,Si75250BA6,12/29/2015 17:32:08,1,3,1.0000,75.0000,1111.0000,1.0000
29-12-2015 17:32:08.465,Si75250BA6,12/29/2015 17:32:08,2,3,0.0000,0.0000,500000.0000,1.0000
29-12-2015 17:37:20.720,Si75250BA6,12/29/2015 17:37:20,0,3,649.0000,6.0000,889.0000,6.0000
29-12-2015 17:37:20.720,Si75250BA6,12/29/2015 17:37:20,1,3,1.0000,75.0000,1111.0000,1.0000
29-12-2015 17:37:20.720,Si75250BA6,12/29/2015 17:37:20,2,3,0.0000,0.0000,500000.0000,1.0000
29-12-2015 17:37:21.002,Si75250BA6,12/29/2015 17:37:21,0,3,699.0000,6.0000,939.0000,6.0000
29-12-2015 17:37:21.003,Si75250BA6,12/29/2015 17:37:21,1,3,1.0000,75.0000,1111.0000,1.0000
29-12-2015 17:37:21.003,Si75250BA6,12/29/2015 17:37:21,2,3,0.0000,0.0000,500000.0000,1.0000
29-12-2015 17:40:29.762,Si75250BA6,12/29/2015 17:40:29,0,3,714.0000,6.0000,954.0000,6.0000
29-12-2015 17:40:29.763,Si75250BA6,12/29/2015 17:40:29,1,3,1.0000,75.0000,1111.0000,1.0000
29-12-2015 17:40:29.763,Si75250BA6,12/29/2015 17:40:29,2,3,0.0000,0.0000,500000.0000,1.0000
29-12-2015 17:42:09.700,Si75250BA6,12/29/2015 17:42:09,0,3,759.0000,6.0000,999.0000,6.0000
29-12-2015 17:42:09.701,Si75250BA6,12/29/2015 17:42:09,1,3,1.0000,75.0000,1111.0000,1.0000
29-12-2015 17:42:09.716,Si75250BA6,12/29/2015 17:42:09,2,3,0.0000,0.0000,500000.0000,1.0000
29-12-2015 17:44:39.017,Si75250BA6,12/29/2015 17:44:39,0,3,744.0000,6.0000,984.0000,6.0000
29-12-2015 17:44:39.017,Si75250BA6,12/29/2015 17:44:39,1,3,1.0000,75.0000,1111.0000,1.0000
29-12-2015 17:44:39.018,Si75250BA6,12/29/2015 17:44:39,2,3,0.0000,0.0000,500000.0000,1.0000
29-12-2015 17:44:45.487,Si75250BA6,12/29/2015 17:44:45,0,3,767.0000,6.0000,1007.0000,6.0000
29-12-2015 17:44:45.488,Si75250BA6,12/29/2015 17:44:45,1,3,1.0000,75.0000,1111.0000,1.0000
29-12-2015 17:44:45.488,Si75250BA6,12/29/2015 17:44:45,2,3,0.0000,0.0000,500000.0000,1.0000
29-12-2015 17:44:51.501,Si75250BA6,12/29/2015 17:44:51,0,3,783.0000,6.0000,1023.0000,6.0000
29-12-2015 17:44:51.503,Si75250BA6,12/29/2015 17:44:51,1,3,1.0000,75.0000,1111.0000,1.0000
29-12-2015 17:44:51.503,Si75250BA6,12/29/2015 17:44:51,2,3,0.0000,0.0000,500000.0000,1.0000
29-12-2015 17:44:55.339,Si75250BA6,12/29/2015 17:44:55,0,3,768.0000,6.0000,1008.0000,6.0000
29-12-2015 17:44:55.339,Si75250BA6,12/29/2015 17:44:55,1,3,1.0000,75.0000,1111.0000,1.0000
29-12-2015 17:44:55.340,Si75250BA6,12/29/2015 17:44:55,2,3,0.0000,0.0000,500000.0000,1.0000
29-12-2015 17:44:57.061,Si75250BA6,12/29/2015 17:44:57,0,3,752.0000,6.0000,992.0000,6.0000
29-12-2015 17:44:57.062,Si75250BA6,12/29/2015 17:44:57,1,3,1.0000,75.0000,1111.0000,1.0000
29-12-2015 17:44:57.062,Si75250BA6,12/29/2015 17:44:57,2,3,0.0000,0.0000,500000.0000,1.0000
29-12-2015 17:45:14.576,Si75250BA6,12/29/2015 17:45:14,0,3,767.0000,6.0000,1007.0000,6.0000
29-12-2015 17:45:14.578,Si75250BA6,12/29/2015 17:45:14,1,3,1.0000,75.0000,1111.0000,1.0000
29-12-2015 17:45:14.578,Si75250BA6,12/29/2015 17:45:14,2,3,0.0000,0.0000,500000.0000,1.0000
29-12-2015 17:45:25.290,Si75250BA6,12/29/2015 17:45:25,0,3,782.0000,6.0000,1022.0000,6.0000
29-12-2015 17:45:25.290,Si75250BA6,12/29/2015 17:45:25,1,3,1.0000,75.0000,1111.0000,1.0000
29-12-2015 17:45:25.290,Si75250BA6,12/29/2015 17:45:25,2,3,0.0000,0.0000,500000.0000,1.0000
29-12-2015 17:46:27.629,Si75250BA6,12/29/2015 17:46:27,0,3,766.0000,6.0000,1006.0000,6.0000
29-12-2015 17:46:27.630,Si75250BA6,12/29/2015 17:46:27,1,3,1.0000,75.0000,1111.0000,1.0000
29-12-2015 17:46:27.630,Si75250BA6,12/29/2015 17:46:27,2,3,0.0000,0.0000,500000.0000,1.0000
29-12-2015 17:48:17.196,Si75250BA6,12/29/2015 17:48:17,0,3,782.0000,6.0000,1022.0000,6.0000
29-12-2015 17:48:17.196,Si75250BA6,12/29/2015 17:48:17,1,3,1.0000,75.0000,1111.0000,1.0000
29-12-2015 17:48:17.196,Si75250BA6,12/29/2015 17:48:17,2,3,0.0000,0.0000,500000.0000,1.0000
29-12-2015 17:49:49.659,Si75250BA6,12/29/2015 17:49:49,0,3,798.0000,6.0000,1038.0000,6.0000
29-12-2015 17:49:49.660,Si75250BA6,12/29/2015 17:49:49,1,3,1.0000,75.0000,1111.0000,1.0000
29-12-2015 17:49:49.661,Si75250BA6,12/29/2015 17:49:49,2,3,0.0000,0.0000,500000.0000,1.0000
29-12-2015 17:54:15.349,Si75250BA6,12/29/2015 17:54:15,0,3,817.0000,6.0000,1057.0000,6.0000
29-12-2015 17:54:15.350,Si75250BA6,12/29/2015 17:54:15,1,3,1.0000,75.0000,1111.0000,1.0000
29-12-2015 17:54:15.351,Si75250BA6,12/29/2015 17:54:15,2,3,0.0000,0.0000,500000.0000,1.0000
29-12-2015 17:55:13.301,Si75250BA6,12/29/2015 17:55:13,0,3,801.0000,6.0000,1041.0000,6.0000
29-12-2015 17:55:13.302,Si75250BA6,12/29/2015 17:55:13,1,3,1.0000,75.0000,1111.0000,1.0000
29-12-2015 17:55:13.302,Si75250BA6,12/29/2015 17:55:13,2,3,0.0000,0.0000,500000.0000,1.0000
29-12-2015 17:55:22.808,Si75250BA6,12/29/2015 17:55:22,0,3,784.0000,6.0000,1024.0000,6.0000
29-12-2015 17:55:22.809,Si75250BA6,12/29/2015 17:55:22,1,3,1.0000,75.0000,1111.0000,1.0000
29-12-2015 17:55:22.809,Si75250BA6,12/29/2015 17:55:22,2,3,0.0000,0.0000,500000.0000,1.0000
29-12-2015 17:55:49.955,Si75250BA6,12/29/2015 17:55:49,0,3,800.0000,6.0000,1040.0000,6.0000
29-12-2015 17:55:49.955,Si75250BA6,12/29/2015 17:55:49,1,3,1.0000,75.0000,1111.0000,1.0000
29-12-2015 17:55:49.955,Si75250BA6,12/29/2015 17:55:49,2,3,0.0000,0.0000,500000.0000,1.0000
29-12-2015 17:56:01.010,Si75250BA6,12/29/2015 17:56:01,0,3,815.0000,6.0000,1055.0000,6.0000
29-12-2015 17:56:01.011,Si75250BA6,12/29/2015 17:56:01,1,3,1.0000,75.0000,1111.0000,1.0000
29-12-2015 17:56:01.011,Si75250BA6,12/29/2015 17:56:01,2,3,0.0000,0.0000,500000.0000,1.0000
29-12-2015 17:56:39.070,Si75250BA6,12/29/2015 17:56:39,0,3,800.0000,6.0000,1040.0000,6.0000
29-12-2015 17:56:39.070,Si75250BA6,12/29/2015 17:56:39,1,3,1.0000,75.0000,1111.0000,1.0000
29-12-2015 17:56:39.071,Si75250BA6,12/29/2015 17:56:39,2,3,0.0000,0.0000,500000.0000,1.0000
29-12-2015 17:59:11.618,Si75250BA6,12/29/2015 17:59:11,0,3,816.0000,6.0000,1056.0000,6.0000
29-12-2015 17:59:11.618,Si75250BA6,12/29/2015 17:59:11,1,3,1.0000,75.0000,1111.0000,1.0000
29-12-2015 17:59:11.618,Si75250BA6,12/29/2015 17:59:11,2,3,0.0000,0.0000,500000.0000,1.0000
29-12-2015 18:03:23.152,Si75250BA6,12/29/2015 18:03:23,0,3,834.0000,6.0000,1074.0000,6.0000
29-12-2015 18:03:23.153,Si75250BA6,12/29/2015 18:03:23,1,3,1.0000,75.0000,1111.0000,1.0000
29-12-2015 18:03:23.153,Si75250BA6,12/29/2015 18:03:23,2,3,0.0000,0.0000,500000.0000,1.0000
29-12-2015 18:06:56.190,Si75250BA6,12/29/2015 18:06:56,0,3,850.0000,6.0000,1090.0000,6.0000
29-12-2015 18:06:56.191,Si75250BA6,12/29/2015 18:06:56,1,3,1.0000,75.0000,1111.0000,1.0000
29-12-2015 18:06:56.191,Si75250BA6,12/29/2015 18:06:56,2,3,0.0000,0.0000,500000.0000,1.0000
29-12-2015 18:07:03.370,Si75250BA6,12/29/2015 18:07:03,0,3,832.0000,6.0000,1072.0000,6.0000
29-12-2015 18:07:03.371,Si75250BA6,12/29/2015 18:07:03,1,3,1.0000,75.0000,1111.0000,1.0000
29-12-2015 18:07:03.371,Si75250BA6,12/29/2015 18:07:03,2,3,0.0000,0.0000,500000.0000,1.0000
29-12-2015 18:07:18.791,Si75250BA6,12/29/2015 18:07:18,0,3,848.0000,6.0000,1088.0000,6.0000
29-12-2015 18:07:18.792,Si75250BA6,12/29/2015 18:07:18,1,3,1.0000,75.0000,1111.0000,1.0000
29-12-2015 18:07:18.792,Si75250BA6,12/29/2015 18:07:18,2,3,0.0000,0.0000,500000.0000,1.0000
29-12-2015 18:14:54.554,Si75250BA6,12/29/2015 18:14:54,0,3,864.0000,6.0000,1104.0000,6.0000
29-12-2015 18:14:54.554,Si75250BA6,12/29/2015 18:14:54,1,3,1.0000,75.0000,1111.0000,1.0000
29-12-2015 18:14:54.554,Si75250BA6,12/29/2015 18:14:54,2,3,0.0000,0.0000,500000.0000,1.0000
29-12-2015 18:16:24.526,Si75250BA6,12/29/2015 18:16:24,0,3,849.0000,6.0000,1089.0000,6.0000
29-12-2015 18:16:24.526,Si75250BA6,12/29/2015 18:16:24,1,3,1.0000,75.0000,1111.0000,1.0000
29-12-2015 18:16:24.527,Si75250BA6,12/29/2015 18:16:24,2,3,0.0000,0.0000,500000.0000,1.0000
29-12-2015 18:16:37.630,Si75250BA6,12/29/2015 18:16:37,0,3,834.0000,6.0000,1074.0000,6.0000
29-12-2015 18:16:37.630,Si75250BA6,12/29/2015 18:16:37,1,3,1.0000,75.0000,1111.0000,1.0000
29-12-2015 18:16:37.630,Si75250BA6,12/29/2015 18:16:37,2,3,0.0000,0.0000,500000.0000,1.0000
29-12-2015 18:19:53.891,Si75250BA6,12/29/2015 18:19:53,0,3,818.0000,6.0000,1058.0000,6.0000
29-12-2015 18:19:53.891,Si75250BA6,12/29/2015 18:19:53,1,3,1.0000,75.0000,1111.0000,1.0000
29-12-2015 18:19:53.892,Si75250BA6,12/29/2015 18:19:53,2,3,0.0000,0.0000,500000.0000,1.0000
29-12-2015 18:21:05.774,Si75250BA6,12/29/2015 18:21:05,0,3,802.0000,6.0000,1042.0000,6.0000
29-12-2015 18:21:05.775,Si75250BA6,12/29/2015 18:21:05,1,3,1.0000,75.0000,1111.0000,1.0000
29-12-2015 18:21:05.775,Si75250BA6,12/29/2015 18:21:05,2,3,0.0000,0.0000,500000.0000,1.0000
29-12-2015 18:21:42.915,Si75250BA6,12/29/2015 18:21:42,0,3,786.0000,6.0000,1026.0000,6.0000
29-12-2015 18:21:42.915,Si75250BA6,12/29/2015 18:21:42,1,3,1.0000,75.0000,1111.0000,1.0000
29-12-2015 18:21:42.916,Si75250BA6,12/29/2015 18:21:42,2,3,0.0000,0.0000,500000.0000,1.0000
29-12-2015 18:24:26.829,Si75250BA6,12/29/2015 18:24:26,0,3,769.0000,6.0000,1009.0000,6.0000
29-12-2015 18:24:26.829,Si75250BA6,12/29/2015 18:24:26,1,3,1.0000,75.0000,1111.0000,1.0000
29-12-2015 18:24:26.829,Si75250BA6,12/29/2015 18:24:26,2,3,0.0000,0.0000,500000.0000,1.0000
29-12-2015 18:28:50.506,Si75250BA6,12/29/2015 18:28:50,0,3,750.0000,6.0000,990.0000,6.0000
29-12-2015 18:28:50.506,Si75250BA6,12/29/2015 18:28:50,1,3,1.0000,75.0000,1111.0000,1.0000
29-12-2015 18:28:50.506,Si75250BA6,12/29/2015 18:28:50,2,3,0.0000,0.0000,500000.0000,1.0000
29-12-2015 18:29:33.263,Si75250BA6,12/29/2015 18:29:33,0,3,734.0000,6.0000,974.0000,6.0000
29-12-2015 18:29:33.263,Si75250BA6,12/29/2015 18:29:33,1,3,1.0000,75.0000,1111.0000,1.0000
29-12-2015 18:29:33.263,Si75250BA6,12/29/2015 18:29:33,2,3,0.0000,0.0000,500000.0000,1.0000
29-12-2015 18:32:28.838,Si75250BA6,12/29/2015 18:32:28,0,3,752.0000,6.0000,992.0000,6.0000
29-12-2015 18:32:28.838,Si75250BA6,12/29/2015 18:32:28,1,3,1.0000,75.0000,1111.0000,1.0000
29-12-2015 18:32:28.838,Si75250BA6,12/29/2015 18:32:28,2,3,0.0000,0.0000,500000.0000,1.0000
29-12-2015 18:33:28.681,Si75250BA6,12/29/2015 18:33:28,0,3,769.0000,6.0000,1009.0000,6.0000
29-12-2015 18:33:28.682,Si75250BA6,12/29/2015 18:33:28,1,3,1.0000,75.0000,1111.0000,1.0000
29-12-2015 18:33:28.682,Si75250BA6,12/29/2015 18:33:28,2,3,0.0000,0.0000,500000.0000,1.0000
29-12-2015 18:34:49.715,Si75250BA6,12/29/2015 18:34:49,0,3,754.0000,6.0000,994.0000,6.0000
29-12-2015 18:34:49.715,Si75250BA6,12/29/2015 18:34:49,1,3,1.0000,75.0000,1111.0000,1.0000
29-12-2015 18:34:49.715,Si75250BA6,12/29/2015 18:34:49,2,3,0.0000,0.0000,500000.0000,1.0000
29-12-2015 18:35:57.308,Si75250BA6,12/29/2015 18:35:57,0,3,739.0000,6.0000,979.0000,6.0000
29-12-2015 18:35:57.308,Si75250BA6,12/29/2015 18:35:57,1,3,1.0000,75.0000,1111.0000,1.0000
29-12-2015 18:35:57.309,Si75250BA6,12/29/2015 18:35:57,2,3,0.0000,0.0000,500000.0000,1.0000
29-12-2015 18:38:06.388,Si75250BA6,12/29/2015 18:38:06,0,3,723.0000,6.0000,963.0000,6.0000
29-12-2015 18:38:06.389,Si75250BA6,12/29/2015 18:38:06,1,3,1.0000,75.0000,1111.0000,1.0000
29-12-2015 18:38:06.389,Si75250BA6,12/29/2015 18:38:06,2,3,0.0000,0.0000,500000.0000,1.0000
29-12-2015 18:40:26.980,Si75250BA6,12/29/2015 18:40:26,0,3,742.0000,6.0000,982.0000,6.0000
29-12-2015 18:40:26.980,Si75250BA6,12/29/2015 18:40:26,1,3,1.0000,75.0000,1111.0000,1.0000
29-12-2015 18:40:26.982,Si75250BA6,12/29/2015 18:40:26,2,3,0.0000,0.0000,500000.0000,1.0000
29-12-2015 18:41:18.225,Si75250BA6,12/29/2015 18:41:18,0,3,758.0000,6.0000,998.0000,6.0000
29-12-2015 18:41:18.226,Si75250BA6,12/29/2015 18:41:18,1,3,1.0000,75.0000,1111.0000,1.0000
29-12-2015 18:41:18.226,Si75250BA6,12/29/2015 18:41:18,2,3,0.0000,0.0000,500000.0000,1.0000
29-12-2015 18:42:35.630,Si75250BA6,12/29/2015 18:42:35,0,3,776.0000,6.0000,1016.0000,6.0000
29-12-2015 18:42:35.632,Si75250BA6,12/29/2015 18:42:35,1,3,1.0000,75.0000,1111.0000,1.0000
29-12-2015 18:42:35.632,Si75250BA6,12/29/2015 18:42:35,2,3,0.0000,0.0000,500000.0000,1.0000
29-12-2015 18:43:01.520,Si75250BA6,12/29/2015 18:43:01,0,3,761.0000,6.0000,1001.0000,6.0000
29-12-2015 18:43:01.520,Si75250BA6,12/29/2015 18:43:01,1,3,1.0000,75.0000,1111.0000,1.0000
29-12-2015 18:43:01.520,Si75250BA6,12/29/2015 18:43:01,2,3,0.0000,0.0000,500000.0000,1.0000
29-12-2015 18:44:19.394,Si75250BA6,12/29/2015 18:44:19,0,3,745.0000,6.0000,985.0000,6.0000
29-12-2015 18:44:19.394,Si75250BA6,12/29/2015 18:44:19,1,3,1.0000,75.0000,1111.0000,1.0000
29-12-2015 18:44:19.394,Si75250BA6,12/29/2015 18:44:19,2,3,0.0000,0.0000,500000.0000,1.0000
29-12-2015 18:44:38.149,Si75250BA6,12/29/2015 18:44:38,0,3,1.0000,75.0000,985.0000,6.0000
29-12-2015 18:44:38.150,Si75250BA6,12/29/2015 18:44:38,1,3,0.0000,0.0000,1111.0000,1.0000
29-12-2015 18:44:38.150,Si75250BA6,12/29/2015 18:44:38,2,3,0.0000,0.0000,500000.0000,1.0000
29-12-2015 18:44:38.174,Si75250BA6,12/29/2015 18:44:38,0,2,1.0000,75.0000,1111.0000,1.0000
29-12-2015 18:44:38.174,Si75250BA6,12/29/2015 18:44:38,1,2,0.0000,0.0000,500000.0000,1.0000
29-12-2015 18:44:38.263,Si75250BA6,12/29/2015 18:44:38,0,2,2.0000,10.0000,1111.0000,1.0000
29-12-2015 18:44:38.264,Si75250BA6,12/29/2015 18:44:38,1,2,1.0000,75.0000,500000.0000,1.0000
29-12-2015 19:00:05.271,Si75250BA6,12/29/2015 19:00:05,0,1,1.0000,75.0000,0.0000,0.0000
